String: "fqbsDGe"
Identifier: 'adDKGpcd'
Identifier: 'bdREDc9Y'
Identifier: 'aVIznZS'
'>'
String: "HCg"
Identifier: '_GJjmqWpVu'
'-'
String: "t7MQLEO1CK"
'rem'
'array'
String: "Tfct7kyqY jIM9"
'or'
Identifier: 'cOtwHUQbgoF'
Number: 79
':'
'else'
'output'
Identifier: 'apsUt9SwY'
Identifier: 'dDyM'
String: "XFg7j1EVMx pl oD"
Identifier: 'cjIoBCxHl'
Number: 60
Number: 14
'/='
'true'
']'
'int'
Number: 93
'='
Identifier: '_E'
'<='
Identifier: '_f'
';'
'elif'
String: "A5"
Identifier: '_t9UQ'
Identifier: 'dtYOY1'
'/'
String: "H"
'return'
Number: 43
Number: 42
'program'
'int'
'bool'
Identifier: '_gyuI'
'bool'
Identifier: '_Ifqq'
Number: 62
Number: 18
Identifier: 'cUPf8'
Number: 50
'int'
':'
String: "b7I7V89Lpp DNKhWo"
Identifier: 'aW4IsJaS1'
Number: 46
'elif'
String: "1KXJn"
Identifier: 'bTrhfGCV'
String: "InMvSUxKRd"
'+'
Identifier: 'dvU6'
Identifier: 'bGWYV2'
')'
'('
String: "J43BejCIpj"
Identifier: '_VIR'
'main'
'chillax'
Identifier: 'aS22XsynhPn'
String: "rMOIBXJwSVJDHm6"
'else'
