String: "7CiI  C"
String: "sviKmWoiA64L"
String: "YcLu"
'if'
String: " 0BBNsT9TEF9J"
String: "aZ7 fx1Ll"
'not'
Number: 30
'or'
Identifier: 'dnn1gEGJ9'
Number: 1
Identifier: '_c'
'..'
Number: 93
'int'
String: "MZZ6MLDWug3we9y 9JVW"
Identifier: 'aKY9TjtVDC'
'array'
'int'
'..'
Number: 84
String: "XaIy"
':'
';'
Number: 41
Identifier: '_wYDMam6HsW'
Identifier: '_45B6'
'-'
'program'
Number: 8
Identifier: 'bMFq'
'main'
Identifier: 'bC9H'
'true'
'and'
String: "qdlmi  kH97 NUbyU8r"
'('
'>'
Identifier: 'cR6qoNrqGJk'
String: "OLXUe8T584FZfZpFZo"
Number: 98
'let'
','
'['
'-'
Number: 25
Number: 49
Number: 90
')'
'elif'
String: "1vbX ZBL"
'<='
String: "Oy4m7HGHgPvLt7YTkAm"
'elif'
String: "7K129bftwrF1izM1PAI"
Number: 97
'<='
'('
Number: 82
Number: 50
String: "Jble8elzyzHzm"
Identifier: 'auEeqx'
Identifier: 'bD'
'false'
'<'
String: "NAVrV1s"
'>'
String: "ma4D9 h1nNKcXNI"
Identifier: '_J9b'
String: "pvT"
Identifier: 'aIMQOl1T'
Identifier: 'cPBu3cb3Q'
Number: 89
