'<='
'return'
Number: 23
String: "jez6hHqChJx6hcZWH"
'+'
Number: 90
Identifier: 'bu4F7p'
String: "s"
Number: 66
String: "teBY8Sk4oFwCjdpOWw"
Identifier: '_PAxQfaA'
Number: 41
Number: 93
'-'
'array'
'rem'
Number: 34
'while'
'+'
Identifier: 'bz'
'false'
'..'
Number: 27
Identifier: 'dJ'
'chillax'
Number: 57
Number: 60
String: "VlnkvYqwEjrVTEg1R8"
'output'
String: "NXDjpH"
Identifier: 'bjZWrZNuT'
Identifier: 'axXuI8UOH'
'main'
String: "10jKWrlCmUQ39"
String: "ul345"
'while'
Identifier: 'b1uY'
'let'
Identifier: '_dsXh'
'main'
Number: 29
'('
Number: 16
Identifier: 'd7bLThQsy'
Identifier: 'bxL'
Number: 22
'false'
Number: 98
']'
Identifier: 'cOI4DYCdvxb'
Number: 85
Identifier: '_H'
String: "taLWu9o1uPo"
Identifier: '_0OK2mjbH'
String: " coInLg9J"
Identifier: 'aYYsFxq4L'
'and'
'/'
','
'chillax'
