Number: 7
'/'
String: "z7bDlpxl"
Number: 95
'array'
'>='
Identifier: 'b0p'
String: "9A5 7qh"
'program'
Identifier: '_y9626gd'
'or'
String: "75xpHQjdEeLF9nR"
Identifier: 'dO68AhGFFs'
Identifier: 'dj9Vg5vI'
'while'
Identifier: 'bS3'
'program'
Identifier: 'bZicbr0'
String: "HNq88IAHP5tblzdxNB"
'and'
String: "oyAAtsht"
String: "KI7PjSUU"
String: "sD8ZALAnSj8"
Identifier: 'aVk1e'
String: "BNv21b6Q0HY"
String: "z1MXpyVRwwyZBzA6b"
Identifier: '_TW14pHEX4'
Number: 96
'chillax'
']'
'input'
'>'
String: "F7YkH7NWXM4l5"
String: "pTBGfV"
String: "nsD6 "
Number: 61
')'
Identifier: '_1LB6ioio'
String: "O4xTqQ443tFYM3ild"
'>='
Number: 11
'and'
Identifier: 'aKHz740CK'
String: "EnVaQIf7k iVBLShfR"
'let'
Number: 41
Number: 29
'elif'
String: "mri"
Number: 9
'..'
String: "UfdQSpWVitMGamQK"
Identifier: 'cPiZTSSQ'
Number: 65
Number: 15
String: "U6r9YL"
'chillax'
String: "0Uda 1RrRG8iI"
'not'
String: "BRjBF1lkil8o4k"
String: "HYqsC8aSdDOKml0eT"
'-'
Number: 35
String: "PiYw1tpGJV0UV02L"
String: "kfhKxucbXeQFnu"
String: "FwdJ rwTsIYSDwQvrLFG"
'if'
Identifier: '_mI'
String: "u"
Identifier: 'bg'
'if'
'/'
'main'
'['
Identifier: 'bZNXgpNk'
'or'
'array'
';'
Number: 80
'program'
String: "tjF"
'='
Identifier: 'cowLIMT'
Number: 44
'..'
