'program'
Identifier: 'EmployeeManagementSystem'
':'
Identifier: 'EmployeeDatabase'
'('
Identifier: 'db'
','
Identifier: 'employeeCount'
')'
'->'
'int'
':'
'array'
Identifier: 'employeeNames'
';'
'array'
Identifier: 'employeeSalaries'
';'
'let'
Identifier: 'totalSalary'
'='
Number: 0
';'
Identifier: 'for'
Identifier: 'i'
Identifier: 'in'
'['
Number: 0
'..'
Identifier: 'employeeCount'
'-'
Number: 1
']'
':'
'output'
String: "Enter name for employee "
','
Identifier: 'i'
'+'
Number: 1
','
String: ": "
';'
'input'
Identifier: 'employeeNames'
'['
Identifier: 'i'
']'
';'
'output'
String: "Enter salary for "
','
Identifier: 'employeeNames'
'['
Identifier: 'i'
']'
','
String: ": "
';'
'input'
Identifier: 'employeeSalaries'
'['
Identifier: 'i'
']'
';'
'let'
Identifier: 'totalSalary'
'='
Identifier: 'totalSalary'
'+'
Identifier: 'employeeSalaries'
'['
Identifier: 'i'
']'
';'
'end'
';'
'output'
String: "Total salary for all employees: "
','
Identifier: 'totalSalary'
';'
'return'
Identifier: 'totalSalary'
';'
'main'
':'
'array'
Identifier: 'departments'
';'
'int'
Identifier: 'numDepartments'
';'
'let'
Identifier: 'totalDepartmentSalary'
'='
Number: 0
';'
'output'
String: "Enter the number of departments: "
';'
'input'
Identifier: 'numDepartments'
';'
Identifier: 'for'
Identifier: 'i'
Identifier: 'in'
'['
Number: 0
'..'
Identifier: 'numDepartments'
'-'
Number: 1
']'
':'
'output'
String: "Enter name for department "
','
Identifier: 'i'
'+'
Number: 1
','
String: ": "
';'
'input'
Identifier: 'departments'
'['
Identifier: 'i'
']'
';'
'output'
String: "Managing department: "
','
Identifier: 'departments'
'['
Identifier: 'i'
']'
';'
'let'
Identifier: 'departmentSalary'
'='
Identifier: 'EmployeeDatabase'
'('
Identifier: 'departments'
'['
Identifier: 'i'
']'
','
Number: 3
')'
';'
'let'
Identifier: 'totalDepartmentSalary'
'='
Identifier: 'totalDepartmentSalary'
'+'
Identifier: 'departmentSalary'
';'
'end'
';'
'output'
String: "Total salary for all departments: "
','
Identifier: 'totalDepartmentSalary'
';'
