Number: 34
Identifier: 'afBVfq'
'chillax'
Number: 48
'rem'
String: "Mm"
String: "EJz5jnpP"
String: "tgylc4NGfpXyrV8NeOCi"
'return'
String: "Od3CJY"
Identifier: 'aTPRxovuZ'
'if'
'else'
Identifier: 'dNpUHJU'
'or'
Number: 65
'='
String: "Z1"
'array'
'not'
Identifier: '_cjeK'
Identifier: 'aO'
String: "iw1OJ1PeAxJCj9ANt9 9"
Identifier: 'dKV'
Number: 92
Identifier: 'aGeBVEt70M'
String: "lCsUG2ppG0LRGr"
'rem'
String: "rNre9D5epeLKAx"
'true'
String: "NOTZAhaWNEkN9ocRU9"
'<'
Number: 1
'..'
String: "T5Sxr3QFhQQ DYJm"
Identifier: '_36SG'
