Number: 25
'not'
String: "qvYkSR"
','
String: "8zf4G1q"
Number: 62
String: "GOwCUAShxN7c"
Identifier: 'difCB4FcrUJ'
'chillax'
String: "L7qX8FI"
String: "7MiBCOXSE0"
Number: 88
'false'
Identifier: 'cS2Ft6uk3K'
String: "70q9VOxCCp"
Number: 51
String: "vd"
'int'
Number: 37
Number: 16
'chillax'
'+'
'elif'
'return'
Identifier: 'as'
'int'
'program'
'input'
Identifier: 'd87aLgNliAw'
'='
']'
','
'/='
Identifier: 'bbN8wIg0RBZ'
Identifier: 'ahq'
'and'
Identifier: '_EgTQV21UY6'
'bool'
Identifier: '_iOERj9'
Identifier: 'dy2ZlkBLOZ'
'='
Identifier: 'bGN6'
Number: 96
'('
Identifier: 'cRUr'
Identifier: 'cXSC'
Number: 7
Number: 51
'true'
'not'
Identifier: 'aNUHKOA'
Identifier: 'dh'
Identifier: 'a1CVu'
String: "I"
Identifier: 'cP'
'and'
Number: 31
Identifier: '_s'
'and'
'and'
'let'
'<'
String: "apO6WlzHtp"
Number: 53
String: "mxLWgfktP9C"
'return'
Number: 27
String: "LSfp8wfI 2 fv6D"
'return'
String: "RQH4L6jUwYIS2r5CP"
Identifier: 'boPormwwXvC'
';'
Identifier: 'dWndH'
']'
'='
String: "PtCPCE1N"
Identifier: 'aZUzbWf'
'let'
Number: 46
'output'
String: "u5pA2JRtYHolkDFUpHV"
Number: 63
'bool'
Identifier: 'bDDyOjCY'
Identifier: 'aMDqdwPLo'
'else'
Identifier: 'cVP'
';'
Number: 2
'else'
Number: 7
'+'
Number: 7
Identifier: 'cJaAYZMYNls'
Identifier: 'bvK4QKT'
Identifier: '_zRGDvyE'
Identifier: 'dufn'
'chillax'
String: "I80grfv8JuqBYrn"
String: "y04PBJpO"
String: "0VgD7Zk"
'return'
'input'
Identifier: 'ah1lF'
':'
Number: 58
