Identifier: '_EljBJ'
Identifier: 'bEg'
'return'
'end'
Number: 95
'chillax'
'/'
Identifier: 'aU2TzOXMZJ'
Identifier: 'bzCKe'
Identifier: 'd0Xcn'
String: "UY2l6nEu1H81"
Number: 83
'/'
String: "FLF23 zGpSoWYd"
String: "SzHuP"
Number: 28
String: " ep"
Number: 66
':'
String: "T"
Number: 44
':'
'end'
'while'
Identifier: 'aKpcOtW7t'
Number: 26
'false'
Number: 35
'/'
String: "av"
Identifier: '_TOeFr'
Identifier: 'dyxTIgGJ'
String: "Vg3SnG6UHMOL"
Identifier: 'dggQuYnY'
'/'
'while'
Identifier: 'bOuZzl'
Identifier: '_b9prwDJdlp'
Identifier: 'dgrvgacQA'
'<='
Identifier: '_jTdjlneW'
String: "ipt80"
String: "ien1W fU1cM1qoC"
Identifier: 'apI6g1c'
Identifier: 'dlnI'
'['
Number: 70
String: "5G"
'if'
String: "mBXX52iMCJAkHffGwgv"
Identifier: '_p9M20T'
String: "uOD0"
String: "BgNuuiuUumugn6Rg"
'*'
Number: 83
Identifier: 'cXqQ'
'('
Number: 26
String: "GgEDhhv"
Number: 83
String: "FeH9X6B2VaMbJs69MYIF"
Identifier: 'cZD'
Identifier: '_u19Dfv'
String: "659dSmio"
Number: 25
Identifier: '_TSxrbP'
'elif'
Number: 8
Identifier: '_1'
'/='
'/'
Number: 14
Identifier: '_K3B'
Identifier: 'aFsqeadwy'
Identifier: 'bQAu9eb5g'
String: "ejpH2p nATrCB9"
Identifier: '_yK'
String: "6"
String: "3Xiqyj"
'='
String: "1iO9QPGnDVNpN0G"
Identifier: '_saeie2'
Identifier: 'drSxGgFO'
Number: 76
String: "hdLepxVzGf24"
String: "Wi"
Number: 11
'if'
