Identifier: 'a90VSR'
'rem'
Number: 52
Identifier: '_tDe3JH'
Number: 78
Identifier: 'bS'
Number: 72
';'
Identifier: 'cQqn'
String: "GK7vf5Pbd"
'<='
'['
'end'
Identifier: 'anm3pn'
'..'
Identifier: '_7NQsIH4Vml'
String: "vTa7cw7vCKvRKFrrhT5d"
Number: 68
'-'
'<='
Identifier: 'aQw0ZEcdft'
Number: 37
Identifier: '_EEmK'
Identifier: 'dyg3Jvck'
String: "FJ"
String: "te77btaDIJ9teoH"
String: "52jB518biuwH4HEp"
Identifier: 'ahOT7'
Identifier: 'cANJwavhpjm'
Number: 38
']'
Number: 51
'+'
Number: 60
Identifier: '_wZ3B2F'
'/'
String: "KExnd8kZYDUM9C3u7DFE"
'<='
Identifier: 'by'
String: "MHi"
Number: 85
Number: 59
Number: 3
Number: 12
'/='
String: "cSL2"
Number: 99
'<'
Identifier: 'dvFc'
String: "ThiEt7JnImp8u7xHuoDE"
Number: 44
Identifier: 'a99'
Identifier: 'c5P4sj'
'+'
'false'
'/='
String: "rHo4CKabqXjd1cPc"
Identifier: 'dsfTseW'
Number: 33
Number: 86
String: "pNdM68EAHqI"
'<='
'and'
Number: 42
String: "gs"
String: "kpe2t83Zr6C1hsK"
