'program'
Identifier: 'FibonacciCalculator'
':'
Identifier: 'Fibonacci'
'('
Identifier: 'n'
')'
'->'
'int'
':'
'if'
Identifier: 'n'
'<='
Number: 1
':'
'return'
Identifier: 'n'
';'
'else'
':'
'return'
Identifier: 'Fibonacci'
'('
Identifier: 'n'
'-'
Number: 1
')'
'+'
Identifier: 'Fibonacci'
'('
Identifier: 'n'
'-'
Number: 2
')'
';'
'main'
':'
'let'
Identifier: 'termCount'
'='
Number: 10
';'
Identifier: 'for'
Identifier: 'i'
Identifier: 'in'
'['
Number: 0
'..'
Identifier: 'termCount'
'-'
Number: 1
']'
':'
'let'
Identifier: 'fibonacciNumber'
'='
Identifier: 'Fibonacci'
'('
Identifier: 'i'
')'
';'
'output'
String: "Fibonacci("
','
Identifier: 'i'
','
String: ") = "
','
Identifier: 'fibonacciNumber'
';'
