String: "okHOQ"
Number: 12
Number: 28
'true'
Identifier: 'bw'
'..'
Identifier: 'a6Hsmk'
Identifier: 'c6'
'+'
'/='
'rem'
Number: 37
'not'
'elif'
Number: 81
Number: 96
Identifier: 'aSsHul'
'program'
Number: 59
'<'
String: "mLZktf17OrwQW"
String: "kAohSX"
String: "I"
Identifier: '_uEcz8KqD'
'<='
String: "BYnCy081S3M"
Number: 22
'int'
')'
Identifier: 'aNyYQdu3B'
String: "kUtugndp30sRmy9p"
Number: 8
'['
Identifier: 'cJQw'
'return'
'chillax'
String: "aKgPXpNJrCsBe Wgc"
Identifier: '_58MIjZLQLD'
'not'
'not'
