'program'
Identifier: 'MaxNumberFinder'
':'
'main'
':'
'array'
Identifier: 'numbers'
'['
Number: 100
']'
';'
'int'
Identifier: 'index'
'='
Number: 0
';'
'let'
Identifier: 'inputLine'
'='
'input'
'('
')'
';'
'while'
Identifier: 'inputLine'
'/='
String: ""
':'
'let'
Identifier: 'numbers'
'['
Identifier: 'index'
']'
'='
'int'
'('
Identifier: 'inputLine'
')'
';'
'let'
Identifier: 'index'
'='
Identifier: 'index'
'+'
Number: 1
';'
'let'
Identifier: 'inputLine'
'='
'input'
'('
')'
';'
'end'
';'
'let'
Identifier: 'maxNumber'
'='
Identifier: 'numbers'
'['
Number: 0
']'
';'
Identifier: 'for'
Identifier: 'i'
Identifier: 'in'
'['
Number: 1
'..'
Identifier: 'index'
'-'
Number: 1
']'
':'
'if'
Identifier: 'numbers'
'['
Identifier: 'i'
']'
'>'
Identifier: 'maxNumber'
':'
'let'
Identifier: 'maxNumber'
'='
Identifier: 'numbers'
'['
Identifier: 'i'
']'
';'
'end'
';'
'end'
';'
'output'
String: "The maximum number is: "
','
Identifier: 'maxNumber'
';'
