'elif'
String: "N2x"
Identifier: 'dPOYC'
Identifier: '_fQ'
String: "v6Vok"
String: "erOYtw29MWv9lV"
'*'
Identifier: '_eGHOH1'
'return'
'if'
'int'
'not'
Identifier: 'claU'
String: "BEY9hn5A"
Number: 64
'or'
'let'
'array'
String: "OZtoZmCk1eiooMVJ"
Identifier: 'ahE'
'>='
Identifier: 'aLUIMxyrS'
Number: 11
'-'
'program'
Identifier: 'dq7qx2fc6rq'
Identifier: 'anDn6'
'+'
String: "STLh85bn yPWDc"
Identifier: 'bqQEHi1TDF'
Number: 84
'not'
'not'
Number: 33
Number: 17
'chillax'
String: "Nnfb8W"
Identifier: 'd59K3rAkc'
Number: 35
Number: 43
'('
String: "0veZZI6lzgqAPts"
Number: 99
':'
Number: 62
'while'
'and'
String: "hZqktlRH7V6Y8RZvhEX"
Identifier: 'dYBo'
String: "ZQkSdLEhcoRwN"
Number: 26
'+'
Number: 72
String: "x 7"
Identifier: '_PR2B'
'return'
String: "8YQeal"
Number: 71
'int'
'rem'
'>='
Identifier: 'cLVJ'
'>'
'else'
Number: 49
