'program'
Identifier: 'InsertionSort'
':'
Identifier: 'insertionSort'
'('
Identifier: 'arr'
')'
'->'
'array'
':'
'let'
Identifier: 'n'
'='
Identifier: 'length'
'('
Identifier: 'arr'
')'
';'
Identifier: 'for'
Identifier: 'i'
Identifier: 'in'
'['
Number: 1
'..'
Identifier: 'n'
'-'
Number: 1
']'
':'
'let'
Identifier: 'key'
'='
Identifier: 'arr'
'['
Identifier: 'i'
']'
';'
'let'
Identifier: 'j'
'='
Identifier: 'i'
'-'
Number: 1
';'
'while'
Identifier: 'j'
'>='
Number: 0
'and'
Identifier: 'arr'
'['
Identifier: 'j'
']'
'>'
Identifier: 'key'
':'
'let'
Identifier: 'arr'
'['
Identifier: 'j'
'+'
Number: 1
']'
'='
Identifier: 'arr'
'['
Identifier: 'j'
']'
';'
'let'
Identifier: 'j'
'='
Identifier: 'j'
'-'
Number: 1
';'
'end'
';'
'let'
Identifier: 'arr'
'['
Identifier: 'j'
'+'
Number: 1
']'
'='
Identifier: 'key'
';'
'end'
';'
'return'
Identifier: 'arr'
';'
'main'
':'
'array'
Identifier: 'numbers'
'['
Number: 15
']'
';'
Identifier: 'for'
Identifier: 'i'
Identifier: 'in'
'['
Number: 0
'..'
Number: 14
']'
':'
'let'
Identifier: 'numbers'
'['
Identifier: 'i'
']'
'='
Identifier: 'random'
'('
Number: 1
','
Number: 100
')'
';'
'output'
String: "Original array:"
','
Identifier: 'numbers'
';'
'let'
Identifier: 'sortedArray'
'='
Identifier: 'insertionSort'
'('
Identifier: 'numbers'
')'
';'
'output'
String: "Sorted array:"
','
Identifier: 'sortedArray'
';'
