Identifier: 'dWdlK'
';'
'<='
String: "qF4QgTwzBgsQB7"
Identifier: 'bmz'
'rem'
Identifier: 'dqeds0o'
Number: 3
'/='
String: "qfpu"
'else'
')'
Identifier: '_BiY1T'
Identifier: '_OBNfsxgX8'
Identifier: 'aNVil2X'
Identifier: 'aenLG'
Number: 46
String: "IV"
Number: 69
'rem'
Identifier: 'cOIh0BJ'
Number: 74
String: "Mm3VC2pPgpZMl FD"
Identifier: '_G6D8vVVxu'
Identifier: 'cWjHeN'
Number: 46
String: "IVDsDYtXyzVmJhpwSlMQ"
'chillax'
')'
Identifier: 'aPePk'
Identifier: 'bzMSSa'
Identifier: 'bZFN62p4sqK'
Identifier: 'ao'
'+'
String: "Ffu "
Identifier: 'bPYoA'
Number: 91
