String: "cD"
Identifier: '_ecTTg'
String: "FCADpki1w"
Identifier: 'bufyAgvThP'
Number: 2
'<='
String: "nTxJ4NgW"
'('
String: "DZ"
String: "HodeZ0cFK24IMa"
'*'
Identifier: 'd3ntJXa'
Identifier: 'dC11'
Number: 35
String: "fDev4OobfL369IvG11"
'('
'if'
'-'
'int'
Identifier: 'dn'
String: "wme"
String: "oQiWBWJQ14vCunl"
Number: 62
Number: 50
')'
Number: 96
Identifier: '_PCHPUPJZ7'
'<='
'..'
Number: 98
']'
String: "qwULriOaQ3ligf5OL9zc"
'or'
Identifier: '_i'
Identifier: 'dP'
Number: 18
')'
'program'
'>'
';'
'output'
