Identifier: '_wuldklhk'
'return'
String: "YSOqTLSrzLhcPKar3YL"
Number: 85
Number: 34
Identifier: '_XUnzYNV2Ck'
String: "KSwDust"
String: " I3oUY"
Number: 98
'>='
Number: 36
String: "ahZNzuKZMzGtb0IotO7"
'bool'
'main'
'..'
'<='
']'
'='
'if'
')'
':'
Identifier: 'aW2NW52'
Identifier: '_bnRw'
Number: 20
Identifier: 'b6xMFO7'
Number: 66
Number: 52
Number: 78
String: "Gp"
String: "sRoujBHh"
String: "tvuvWJMfsEkCnbDetM8"
Identifier: 'dJKmmEGW'
String: "nqV7qdFs0"
Number: 19
'*'
'-'
'-'
Identifier: '_6EEAQSHv8'
'-'
Identifier: 'aF7I'
'input'
'='
