Number: 56
String: "D"
')'
Identifier: '_M8M1P'
'or'
String: "Ocm8U0nJzqVAOaa"
'chillax'
Identifier: '_jBkZLZI1i'
Identifier: 'dqffEI6'
Number: 22
Number: 39
Identifier: '_OVQbHaC'
Number: 44
Number: 45
'elif'
String: "vMGjiJ239p1NAi t3vbk"
Number: 20
String: "FI498MNX5v1QnxWqaBHL"
Number: 33
Identifier: 'd7ydcsYu'
Number: 29
Identifier: 'dJ'
String: "NntpHnRws"
Number: 6
'true'
String: "9Kc8BK8moP5"
String: "vE YkwE8pQdPW"
Number: 36
Identifier: 'dt2EWCJBjDJ'
Identifier: '_nM92kZuem3'
':'
'rem'
Number: 8
'if'
'elif'
String: "lDnQ"
'if'
Identifier: '_SQl8H7MA'
Number: 9
Number: 89
Identifier: 'bb'
String: "mxs"
Identifier: 'blp'
'and'
Identifier: 'c2WLIQ'
Identifier: 'brJ9dPG'
Number: 24
Identifier: 'bYIMJDd'
'or'
'rem'
'program'
'='
