'program'
Identifier: 'BinarySearchAndSort'
':'
Identifier: 'insertionSort'
'('
Identifier: 'arr'
')'
'->'
'array'
':'
'let'
Identifier: 'n'
'='
Identifier: 'length'
'('
Identifier: 'arr'
')'
';'
Identifier: 'for'
Identifier: 'i'
Identifier: 'in'
'['
Number: 1
'..'
Identifier: 'n'
'-'
Number: 1
']'
':'
'let'
Identifier: 'key'
'='
Identifier: 'arr'
'['
Identifier: 'i'
']'
';'
'let'
Identifier: 'j'
'='
Identifier: 'i'
'-'
Number: 1
';'
'while'
Identifier: 'j'
'>='
Number: 0
'and'
Identifier: 'arr'
'['
Identifier: 'j'
']'
'>'
Identifier: 'key'
':'
'let'
Identifier: 'arr'
'['
Identifier: 'j'
'+'
Number: 1
']'
'='
Identifier: 'arr'
'['
Identifier: 'j'
']'
';'
'let'
Identifier: 'j'
'='
Identifier: 'j'
'-'
Number: 1
';'
'end'
';'
'let'
Identifier: 'arr'
'['
Identifier: 'j'
'+'
Number: 1
']'
'='
Identifier: 'key'
';'
'end'
';'
'return'
Identifier: 'arr'
';'
Identifier: 'binarySearch'
'('
Identifier: 'arr'
','
Identifier: 'target'
')'
'->'
'bool'
':'
'let'
Identifier: 'low'
'='
Number: 0
';'
'let'
Identifier: 'high'
'='
Identifier: 'length'
'('
Identifier: 'arr'
')'
'-'
Number: 1
';'
'while'
Identifier: 'low'
'<='
Identifier: 'high'
':'
'let'
Identifier: 'mid'
'='
'('
Identifier: 'low'
'+'
Identifier: 'high'
')'
'/'
Number: 2
';'
'if'
Identifier: 'arr'
'['
Identifier: 'mid'
']'
'='
'='
Identifier: 'target'
':'
'return'
'true'
';'
'elif'
Identifier: 'arr'
'['
Identifier: 'mid'
']'
'<'
Identifier: 'target'
':'
'let'
Identifier: 'low'
'='
Identifier: 'mid'
'+'
Number: 1
';'
'else'
':'
'let'
Identifier: 'high'
'='
Identifier: 'mid'
'-'
Number: 1
';'
'end'
';'
'end'
';'
'return'
'false'
';'
'main'
':'
'array'
Identifier: 'numbers'
'['
Number: 15
']'
';'
Identifier: 'for'
Identifier: 'i'
Identifier: 'in'
'['
Number: 0
'..'
Number: 14
']'
':'
'let'
Identifier: 'numbers'
'['
Identifier: 'i'
']'
'='
Identifier: 'random'
'('
Number: 1
','
Number: 100
')'
';'
'output'
String: "Original array:"
','
Identifier: 'numbers'
';'
'let'
Identifier: 'sortedArray'
'='
Identifier: 'insertionSort'
'('
Identifier: 'numbers'
')'
';'
'output'
String: "Sorted array:"
','
Identifier: 'sortedArray'
';'
'let'
Identifier: 'target'
'='
Identifier: 'random'
'('
Number: 1
','
Number: 100
')'
';'
'let'
Identifier: 'found'
'='
Identifier: 'binarySearch'
'('
Identifier: 'sortedArray'
','
Identifier: 'target'
')'
';'
'if'
Identifier: 'found'
':'
'output'
String: "Target"
','
Identifier: 'target'
','
String: "was found in the sorted array."
';'
'else'
':'
'output'
String: "Target"
','
Identifier: 'target'
','
String: "was not found in the sorted array."
';'
