'-'
Identifier: 'diZhBdLU'
Identifier: 'cz'
'<'
'<'
String: "XwNFVnoEe 3F Mpp1mj"
String: "TJM9i"
Number: 58
'>'
String: "8m7I4Q265H8SWT"
Number: 75
Identifier: 'adIjuqRBp'
')'
String: "SUUQZ"
'output'
'not'
Identifier: 'bYoSZbXbunC'
Number: 78
Number: 55
Number: 54
Identifier: 'bL0qtE'
Number: 49
Number: 76
String: "WQEmbdi"
'program'
'<='
Number: 68
Number: 86
'/'
Number: 1
Number: 5
Number: 82
'false'
Identifier: '_CzngW'
'output'
String: "TgRkoYRw"
'['
String: "P500Z 6zEa84n2v2h"
':'
Number: 30
'<'
'return'
'not'
String: "24UoQ6nLSNWLaOMRE"
