String: " 6E9tOxb2uqpR6"
Identifier: '_MfiXp'
Identifier: 'aqQtzNuh'
String: " Qq"
String: "ASG5miXlqQ0a"
Identifier: '_Tiste33JJ'
Number: 76
String: "CC8a"
'else'
'end'
String: "Uq"
')'
Number: 67
String: "0unLfUK Eu3SYzu7"
'program'
Number: 19
String: "L"
Number: 51
Number: 86
'true'
String: "UZ0R VZNDZ1 HGh"
Number: 91
'input'
Number: 10
'>='
String: "Om7TsrxPs7"
Identifier: '_YzV'
Identifier: '_Pp1Fw1xPFS'
'while'
Number: 64
')'
'int'
Number: 36
Identifier: 'cH'
'else'
'return'
'output'
Identifier: '_QqXMXUHx'
String: "rpZt3gV2IvhAgk8O7Sz "
Number: 91
String: "Mqrw91SbN52FGpXbUi"
Identifier: '_ZhcI'
'..'
'else'
String: "EKadu0G"
'if'
Identifier: 'cmRkybpWf'
'/'
String: "IPyBLdXswax6ZitA"
Number: 34
Identifier: 'bEf6M0SU'
'elif'
Number: 81
String: "BwkBD8qy"
Identifier: 'cblO1sRF'
Identifier: 'bcl7n'
String: "mRTQ9HPhf2"
';'
':'
'>'
String: "RFnNBA1EbQB8fWqP"
Number: 88
':'
Identifier: 'cjScGv'
String: "iCJdGJW6w5iEULfUm3D1"
Identifier: 'buqQdy'
Number: 15
Identifier: '_TzZLvqvp4'
'rem'
'not'
'..'
'/='
Number: 9
Identifier: 'aLYrxPOff'
Identifier: 'aIc72Xstc'
Identifier: '_2'
String: "bSzYd"
String: "i5Qm "
Number: 3
'and'
String: " 9jpC9PpZA4rAdC"
Identifier: '_Pbaz6pFMQI'
','
'let'
','
Number: 71
Identifier: 'd6'
'true'
Identifier: 'corTxAy'
Number: 19
'main'
'else'
'end'
'if'
Identifier: 'djb614JC'
'('
Identifier: '_Sl'
'main'
'/'
Number: 25
Number: 4
