'['
String: "V VD8uoYbx6"
String: "mkBEKO 6Nufn5cf6HmRG"
'false'
Identifier: 'bBc6XStM'
':'
'..'
Identifier: 'axiSu'
Identifier: '_yAI'
Number: 63
Number: 28
'>='
String: "HGfi9f5ELIK"
Number: 40
Number: 95
Identifier: 'bLwnqrNJg'
'let'
'/='
String: "0K"
'input'
'let'
'not'
','
String: "ortfD8"
'<='
'or'
Identifier: 'auN'
Identifier: '_2'
Identifier: '_khYr7F'
Number: 85
'or'
Identifier: '_zq1LkvSE'
')'
Number: 73
Identifier: 'dEGInlpsD'
'<='
String: "4b"
Number: 2
'false'
'let'
'..'
Number: 18
Number: 22
'('
','
String: "l"
String: "agFxyPKWDnm"
String: "0BpIbHTHYRARWybLx"
'('
'false'
Identifier: 'd1'
Number: 51
String: "s"
String: "m6"
'>='
String: "9BP4iOyHxTlipch"
Number: 12
Number: 33
String: "ok2hV"
