'program'
Identifier: 'PostOrderCalculator'
':'
'main'
':'
'array'
Identifier: 'stack'
'['
Number: 100
']'
';'
'int'
Identifier: 'top'
'='
'-'
Number: 1
';'
'while'
'true'
':'
'let'
Identifier: 'inputLine'
'='
'input'
'('
')'
';'
'let'
Identifier: 'top_type'
'='
Identifier: 'gettop'
'('
Identifier: 'inputLine'
')'
';'
'if'
Identifier: 'top_type'
'='
'='
Identifier: 'END'
':'
Identifier: 'break'
';'
'elif'
Identifier: 'top_type'
'='
'='
Identifier: 'SYMBOL'
':'
'let'
Identifier: 'top'
'='
Identifier: 'top'
'+'
Number: 1
';'
'let'
Identifier: 'stack'
'['
Identifier: 'top'
']'
'='
Identifier: 'float'
'('
Identifier: 'inputLine'
')'
';'
'elif'
Identifier: 'top_type'
'='
'='
Identifier: 'OPERATOR'
':'
'let'
Identifier: 'vals'
'['
Number: 2
']'
';'
'let'
Identifier: 'vals'
'['
Number: 0
']'
'='
Identifier: 'stack'
'['
Identifier: 'top'
']'
';'
'let'
Identifier: 'top'
'='
Identifier: 'top'
'-'
Number: 1
';'
'let'
Identifier: 'vals'
'['
Number: 1
']'
'='
Identifier: 'stack'
'['
Identifier: 'top'
']'
';'
'let'
Identifier: 'top'
'='
Identifier: 'top'
'-'
Number: 1
';'
'if'
Identifier: 'inputLine'
'='
'='
String: "+"
':'
'let'
Identifier: 'result'
'='
Identifier: 'vals'
'['
Number: 1
']'
'+'
Identifier: 'vals'
'['
Number: 0
']'
';'
'elif'
Identifier: 'inputLine'
'='
'='
String: "-"
':'
'let'
Identifier: 'result'
'='
Identifier: 'vals'
'['
Number: 1
']'
'-'
Identifier: 'vals'
'['
Number: 0
']'
';'
'elif'
Identifier: 'inputLine'
'='
'='
String: "/"
':'
'let'
Identifier: 'result'
'='
Identifier: 'vals'
'['
Number: 1
']'
'/'
Identifier: 'vals'
'['
Number: 0
']'
';'
'elif'
Identifier: 'inputLine'
'='
'='
String: "*"
':'
'let'
Identifier: 'result'
'='
Identifier: 'vals'
'['
Number: 1
']'
'*'
Identifier: 'vals'
'['
Number: 0
']'
';'
'end'
';'
'let'
Identifier: 'top'
'='
Identifier: 'top'
'+'
Number: 1
';'
'let'
Identifier: 'stack'
'['
Identifier: 'top'
']'
'='
Identifier: 'result'
';'
'elif'
Identifier: 'top_type'
'='
'='
Identifier: 'NEWLINE'
':'
'output'
Identifier: 'stack'
'['
Identifier: 'top'
']'
';'
'let'
Identifier: 'top'
'='
Identifier: 'top'
'-'
Number: 1
';'
'else'
':'
'output'
String: "Unexpected Error"
';'
'end'
';'
'end'
';'
