Number: 84
Number: 39
'end'
Identifier: 'dh10a'
'rem'
Number: 21
Number: 28
String: "LMhcdDBaT"
Number: 69
String: "IGTklgPEPBFtCd61xdb"
'bool'
Identifier: 'cQxW8c2JeE3'
Number: 37
String: "d9Dy"
Number: 17
'if'
')'
'if'
Identifier: '_Y0Q296n'
String: "ZmBpr  px e"
'return'
')'
'*'
String: "2Fwj 7"
String: "2Xeacch7MElIAbg6Hu"
String: "Qn2uupBjwy0bXtBob6v"
Number: 29
'return'
String: "Mwh"
Number: 50
String: "MNK6SnD6"
'or'
Number: 31
Identifier: 'cwiu'
','
Identifier: 'azAy'
Number: 9
Identifier: 'cvGFI59d'
Number: 89
