Identifier: '_Y2Q'
'program'
Number: 26
String: "Am6MvYu2rObVdWbE"
Identifier: 'bu06M4Mw4lC'
Number: 33
'true'
'let'
Number: 51
String: "Lor6dfxL1cHQg 0fXjs"
String: "yGnlNoSZ"
Number: 95
String: "ZAdF6rhi3SC HR"
'='
')'
String: " NtVvUn5suB8TH"
'chillax'
String: "KERu8wl0Hs 2piFNZ4w"
Number: 100
'if'
'..'
Identifier: 'cpTdXEJ0DzY'
Identifier: '_jI'
Number: 99
Identifier: 'aYpmjJCIM'
Number: 97
'return'
'+'
'array'
String: "M2mQBY60HH0"
'while'
String: "0tQqBeizzEjzc"
'*'
Identifier: 'ctdHzs'
Identifier: 'azNexJ'
