'program'
Identifier: 'Joh'
':'
Identifier: 'Sa7'
'('
'int'
Identifier: 'A7l'
')'
'->'
'array'
':'
Identifier: 'arrayKri'
','
Identifier: 'Jus'
','
Identifier: 'Jor'
';'
'bool'
Identifier: 'E9l'
','
Identifier: 'Be5'
','
Identifier: 'Mea'
','
Identifier: 'Ine'
','
Identifier: 'Bev'
','
Identifier: 'A6m'
';'
Identifier: 'arrayMa7'
','
Identifier: 'Aur'
','
Identifier: 'Ja0'
','
Identifier: 'A6m'
','
Identifier: 'Mig'
','
Identifier: 'Il4'
';'
'chillax'
';'
Identifier: 'Dal'
'('
'-'
Identifier: 'B1o'
Number: 638452
'or'
Identifier: 'Ky6'
Number: 81456
'*'
Identifier: 'Mad'
'true'
'='
Identifier: 'Be5'
'('
'-'
Identifier: 'Enr'
'false'
'>'
Identifier: 'Ber'
'('
'-'
Identifier: 'Bar'
'true'
')'
')'
','
Identifier: 'Pa4'
'false'
')'
';'
'output'
'('
'-'
Identifier: 'Gr4'
'false'
'and'
Identifier: 'Kar'
Number: 3946
'-'
Identifier: 'D3a'
'('
Identifier: 'Ste'
'not'
Identifier: 'Ri9'
'('
Identifier: 'Sha'
'true'
'/='
'-'
Identifier: 'Don'
'false'
')'
')'
'='
'-'
Identifier: 'Nan'
'('
'-'
Identifier: 'Cor'
'('
'-'
Identifier: 'F7e'
'false'
')'
','
'-'
Identifier: 'Sha'
'('
'-'
Identifier: 'Bev'
'('
'-'
Identifier: 'Arl'
'['
Identifier: 'R2o'
'true'
']'
'='
'-'
Identifier: 'D3a'
'false'
')'
','
'-'
Identifier: 'B1o'
'('
Identifier: 'Ber'
Number: 1438
'>'
'-'
Identifier: 'Vo4'
'false'
')'
'/='
Identifier: 'Fra'
'('
'-'
Identifier: 'Il4'
Number: 948696
'<'
'-'
Identifier: 'Mig'
'true'
','
'-'
Identifier: 'Mig'
Number: 44
','
'-'
Identifier: 'Ame'
'false'
','
Identifier: 'Des'
'false'
')'
','
'-'
Identifier: 'Rev'
'false'
'/='
'-'
Identifier: 'C5a'
Number: 236
')'
'>'
Identifier: 'Ame'
'['
'-'
Identifier: 'H8e'
'true'
']'
','
'-'
Identifier: 'Dor'
'true'
'='
Identifier: 'Don'
'('
'-'
Identifier: 'Bar'
Number: 69
')'
','
Identifier: 'Don'
'true'
')'
'..'
Identifier: 'Joh'
'['
'-'
Identifier: 'Jus'
'('
'-'
Identifier: 'Bev'
'('
Identifier: 'Pa4'
'true'
'/='
'-'
Identifier: 'Be5'
'true'
')'
','
'-'
Identifier: 'Cri'
'true'
','
'-'
Identifier: 'Ros'
'true'
','
'-'
Identifier: 'Des'
'true'
'>'
Identifier: 'Ros'
'('
'-'
Identifier: 'Il4'
Number: 14
'>='
Identifier: 'Des'
'false'
','
'-'
Identifier: 'Ter'
'('
Identifier: 'Ma7'
'true'
')'
'/='
Identifier: 'B1o'
'['
'-'
Identifier: 'Lil'
'('
'-'
Identifier: 'R2o'
'('
'-'
Identifier: 'Elo'
Number: 16845
'>'
Identifier: 'Ann'
'true'
')'
')'
']'
')'
')'
']'
'..'
String: "FZxg"
'..'
String: "sZFWU"
')'
Identifier: 'H8e'
'('
'bool'
Identifier: 'A7l'
')'
'->'
'bool'
':'
Identifier: 'arrayMel'
';'
Identifier: 'arrayMel'
','
Identifier: 'Rev'
','
Identifier: 'Olw'
','
Identifier: 'Ore'
';'
Identifier: 'arrayEln'
','
Identifier: 'R2o'
','
Identifier: 'Fra'
','
Identifier: 'Ros'
','
Identifier: 'Aur'
','
Identifier: 'Re2'
';'
Identifier: 'D3a'
'('
Identifier: 'Mad'
Number: 188
'='
Identifier: 'Lyn'
'not'
Identifier: 'Il4'
'not'
Identifier: 'Ph1'
'true'
'/'
Identifier: 'Aly'
'false'
')'
';'
Identifier: 'Sto'
'('
Identifier: 'R4o'
'not'
Identifier: 'Loi'
'('
Identifier: 'Ky6'
'['
Identifier: 'Enr'
'false'
'rem'
Identifier: 'Ine'
'false'
']'
'>'
Identifier: 'A7l'
'true'
')'
','
Identifier: 'Cas'
'('
Identifier: 'Mi4'
'true'
'<'
'-'
Identifier: 'Mi4'
'['
Identifier: 'Ine'
'('
Identifier: 'Cri'
'['
Identifier: 'Don'
'('
'-'
Identifier: 'Eln'
'('
Identifier: 'Ine'
'('
'-'
Identifier: 'He5'
'('
Identifier: 'Be9'
Number: 43086
','
'-'
Identifier: 'Col'
'['
Identifier: 'Arl'
'('
Identifier: 'Lin'
Number: 7920
'<'
'-'
Identifier: 'Ore'
'true'
')'
']'
'<'
Identifier: 'Olw'
'true'
','
Identifier: 'Ma7'
'true'
')'
')'
')'
')'
']'
')'
']'
')'
'<='
'-'
Identifier: 'Ann'
'('
Identifier: 'Olw'
Number: 8816
')'
','
Identifier: 'Ber'
'['
'-'
Identifier: 'Liu'
'['
Identifier: 'Ama'
'('
'-'
Identifier: 'Eln'
Number: 998
'/='
Identifier: 'Be5'
Number: 941589
')'
']'
']'
'='
Identifier: 'A7l'
'false'
','
'-'
Identifier: 'Re2'
'true'
')'
';'
'input'
'('
Identifier: 'Ame'
'['
'-'
Identifier: 'Il4'
'true'
'-'
Identifier: 'Jus'
'('
'-'
Identifier: 'E9l'
'('
'-'
Identifier: 'R2o'
'true'
'-'
Identifier: 'Cas'
'('
'-'
Identifier: 'Enr'
Number: 828
')'
')'
'>'
'-'
Identifier: 'Kri'
'['
'-'
Identifier: 'Mi1'
'true'
']'
')'
']'
')'
Identifier: 'Olw'
'('
'bool'
Identifier: 'Lin'
','
'bool'
Identifier: 'Cri'
')'
'->'
'array'
':'
'chillax'
';'
'input'
'('
Identifier: 'Ama'
')'
Identifier: 'Aur'
'('
'array'
Identifier: 'Iss'
')'
':'
'bool'
Identifier: 'Cri'
','
Identifier: 'Ph1'
','
Identifier: 'Ter'
','
Identifier: 'Iss'
','
Identifier: 'Il4'
';'
'bool'
Identifier: 'Ber'
','
Identifier: 'Mar'
','
Identifier: 'Olw'
','
Identifier: 'Olw'
','
Identifier: 'Lin'
';'
Identifier: 'arrayLiu'
','
Identifier: 'F7e'
','
Identifier: 'A6m'
','
Identifier: 'Joh'
','
Identifier: 'Be5'
';'
'chillax'
';'
'output'
'('
'-'
Identifier: 'Aur'
Number: 863
'-'
Identifier: 'Dan'
'('
Identifier: 'Dor'
'not'
Identifier: 'Iss'
Number: 937
'and'
Identifier: 'Mel'
'false'
','
Identifier: 'T8a'
'['
'-'
Identifier: 'F7e'
'true'
']'
'<='
'-'
Identifier: 'Ger'
'('
Identifier: 'Gr4'
'false'
'='
Identifier: 'Joh'
'('
Identifier: 'Cac'
'true'
')'
')'
','
Identifier: 'Bar'
'false'
','
'-'
Identifier: 'Ore'
'false'
')'
'='
Identifier: 'Cla'
'['
'-'
Identifier: 'R2o'
'['
'-'
Identifier: 'Jor'
'true'
']'
']'
'..'
'-'
Identifier: 'H8e'
Number: 255
'>='
'-'
Identifier: 'R4o'
Number: 2
')'
';'
'let'
Identifier: 'T8a'
'='
'array'
Identifier: 'Fra'
'false'
'/'
Identifier: 'Bev'
'false'
'main'
':'
Identifier: 'arrayBer'
','
Identifier: 'A6m'
','
Identifier: 'Ann'
','
Identifier: 'Re2'
','
Identifier: 'Ann'
';'
'if'
Identifier: 'Liu'
'('
Identifier: 'Ci0'
'('
Identifier: 'Mis'
Number: 63
'or'
Identifier: 'Be9'
'('
Identifier: 'Aly'
Number: 28363
')'
')'
'<='
Identifier: 'Mad'
'true'
','
'-'
Identifier: 'Aur'
'true'
')'
'<='
'-'
Identifier: 'Arl'
'('
Identifier: 'Loi'
Number: 9205
')'
':'
'chillax'
';'
'return'
';'
'output'
'('
Identifier: 'Mea'
'('
'-'
Identifier: 'Sa7'
'not'
Identifier: 'Ja0'
'['
'-'
Identifier: 'E9l'
'false'
'rem'
Identifier: 'Le7'
'('
Identifier: 'Don'
Number: 344
')'
']'
'>='
Identifier: 'Jus'
'('
Identifier: 'Ger'
'true'
'<'
'-'
Identifier: 'Olw'
'['
Identifier: 'Cla'
'false'
']'
')'
','
'-'
Identifier: 'Kri'
'true'
'<='
'-'
Identifier: 'Du3'
'('
Identifier: 'Ri9'
Number: 2156
'<'
'-'
Identifier: 'Ri9'
'['
'-'
Identifier: 'Lil'
Number: 7
']'
')'
','
Identifier: 'R2o'
Number: 71
','
'-'
Identifier: 'Cri'
Number: 60
')'
'>'
Identifier: 'Dan'
'('
'-'
Identifier: 'Don'
'false'
')'
'..'
'-'
Identifier: 'Cac'
'true'
')'
'elif'
'-'
Identifier: 'Ann'
'false'
'or'
Identifier: 'E9l'
Number: 986101
'*'
Identifier: 'Loi'
'false'
'>='
Identifier: 'Ore'
'false'
'or'
Identifier: 'Vel'
'true'
':'
Identifier: 'Kri'
'('
Identifier: 'Enr'
'false'
','
'-'
Identifier: 'Mi4'
Number: 855
'<='
Identifier: 'Ann'
Number: 78261
','
Identifier: 'Ky6'
'true'
','
'-'
Identifier: 'Fra'
'('
'-'
Identifier: 'Fra'
'('
Identifier: 'Lil'
'('
Identifier: 'Ame'
'true'
','
'-'
Identifier: 'R5o'
Number: 3
'>='
Identifier: 'Rev'
'('
Identifier: 'Re2'
'true'
'='
'-'
Identifier: 'C5a'
'('
Identifier: 'O5t'
'['
Identifier: 'Ma7'
'false'
']'
','
Identifier: 'Joh'
'true'
'/='
Identifier: 'Ph1'
Number: 81
','
Identifier: 'Dan'
'('
'-'
Identifier: 'Br3'
'('
'-'
Identifier: 'Lil'
'['
'-'
Identifier: 'Vel'
'false'
']'
')'
')'
','
'-'
Identifier: 'Mis'
'('
Identifier: 'Iss'
'('
Identifier: 'Lin'
'true'
','
Identifier: 'Rev'
'false'
','
Identifier: 'Kel'
'('
Identifier: 'Lyn'
Number: 4187
')'
'>'
Identifier: 'Sa7'
'true'
','
Identifier: 'Don'
'('
Identifier: 'Liu'
Number: 67912
')'
')'
')'
')'
')'
')'
'>='
'-'
Identifier: 'R2o'
'('
Identifier: 'Cri'
'('
'-'
Identifier: 'Jus'
Number: 7
'>='
Identifier: 'Kar'
'['
'-'
Identifier: 'Dan'
'('
'-'
Identifier: 'Don'
'true'
'<'
'-'
Identifier: 'Cri'
'true'
')'
']'
')'
')'
')'
')'
')'
';'
'if'
'-'
Identifier: 'Eln'
'('
Identifier: 'Vir'
'not'
Identifier: 'Rev'
Number: 5632
'or'
Identifier: 'Jor'
'('
Identifier: 'Kat'
Number: 30152
')'
'<'
Identifier: 'Pa4'
Number: 615
','
'-'
Identifier: 'O5t'
'('
'-'
Identifier: 'Kri'
'false'
')'
','
Identifier: 'Mel'
'false'
'='
'-'
Identifier: 'Bev'
Number: 11
','
'-'
Identifier: 'Kar'
'false'
'/='
Identifier: 'Phi'
'['
Identifier: 'Bar'
Number: 365259
']'
')'
'>='
'-'
Identifier: 'Be9'
'false'
':'
'return'
';'
'if'
Identifier: 'Ber'
'false'
'or'
Identifier: 'Ine'
'not'
Identifier: 'Kar'
Number: 91
'>'
Identifier: 'Ros'
'('
'-'
Identifier: 'R2o'
'true'
'='
Identifier: 'Du3'
'false'
')'
':'
'input'
'('
Identifier: 'Arl'
'['
'-'
Identifier: 'Liu'
'['
Identifier: 'Kar'
'true'
']'
'and'
Identifier: 'Ja0'
'['
'-'
Identifier: 'Ame'
'('
'-'
Identifier: 'Mar'
'('
'-'
Identifier: 'Ph1'
'true'
')'
')'
']'
']'
')'
';'
'input'
'('
Identifier: 'Col'
'['
'-'
Identifier: 'Kri'
'not'
Identifier: 'R2o'
'false'
'and'
Identifier: 'A7l'
'not'
Identifier: 'R5o'
'('
'-'
Identifier: 'Liu'
'true'
'/='
'-'
Identifier: 'H8e'
'('
Identifier: 'Liu'
'['
'-'
Identifier: 'Ri9'
Number: 10
']'
','
'-'
Identifier: 'Bev'
'true'
')'
')'
']'
')'
'elif'
'-'
Identifier: 'Cri'
'('
Identifier: 'B1o'
'('
Identifier: 'Ine'
Number: 76945
'-'
Identifier: 'Ph1'
'true'
'*'
Identifier: 'Dor'
'['
Identifier: 'Ja0'
'('
Identifier: 'Kri'
Number: 905
')'
']'
')'
')'
'/='
Identifier: 'Fra'
'false'
':'
'return'
';'
'if'
'-'
Identifier: 'Sha'
'('
'-'
Identifier: 'Ste'
'false'
'*'
Identifier: 'Aur'
'('
'-'
Identifier: 'Rev'
'('
Identifier: 'Joh'
'false'
'<='
Identifier: 'Ma7'
'('
Identifier: 'Lyn'
'false'
')'
','
Identifier: 'Vo4'
Number: 1
','
'-'
Identifier: 'Mea'
'('
Identifier: 'Kat'
'false'
'<'
'-'
Identifier: 'Ine'
'('
Identifier: 'Kar'
Number: 46448
')'
','
Identifier: 'Mi4'
'('
'-'
Identifier: 'Elo'
Number: 5372
'>'
Identifier: 'Vel'
'false'
')'
'='
'-'
Identifier: 'Ci0'
Number: 4835
','
Identifier: 'Joh'
'('
'-'
Identifier: 'Des'
'false'
','
'-'
Identifier: 'Le7'
'true'
'>'
'-'
Identifier: 'Bev'
'('
Identifier: 'Mar'
Number: 88763
'>'
'-'
Identifier: 'Lyn'
'('
'-'
Identifier: 'Aur'
'('
Identifier: 'Liu'
'false'
','
Identifier: 'Loi'
Number: 30988
')'
')'
')'
','
Identifier: 'Jor'
Number: 8
'>'
'-'
Identifier: 'Ma7'
'('
Identifier: 'C5a'
'('
'-'
Identifier: 'Pa4'
'false'
'>'
Identifier: 'Eln'
'('
'-'
Identifier: 'Ame'
'['
Identifier: 'Ri9'
'('
'-'
Identifier: 'Ste'
'true'
','
Identifier: 'R2o'
'('
'-'
Identifier: 'Ma7'
'['
Identifier: 'Ste'
'true'
']'
')'
','
'-'
Identifier: 'Ja0'
'('
'-'
Identifier: 'Kri'
'true'
'/='
Identifier: 'Du3'
Number: 384
')'
','
'-'
Identifier: 'Nan'
Number: 78
'/='
'-'
Identifier: 'Don'
'('
Identifier: 'Ja0'
'true'
'<='
Identifier: 'E9l'
'('
Identifier: 'Mad'
'true'
')'
')'
')'
']'
')'
')'
'>='
'-'
Identifier: 'Sto'
Number: 9
')'
')'
','
'-'
Identifier: 'Jol'
'true'
')'
')'
'>'
'-'
Identifier: 'Kar'
'true'
')'
','
Identifier: 'Eln'
Number: 159
','
'-'
Identifier: 'O5t'
Number: 4
'>='
Identifier: 'Ber'
Number: 540
','
Identifier: 'Liu'
Number: 702332
'>='
Identifier: 'T9a'
Number: 222
')'
':'
'chillax'
';'
'if'
'-'
Identifier: 'Mad'
Number: 8731
'rem'
Identifier: 'Ger'
'false'
'or'
Identifier: 'Sto'
Number: 843
':'
'chillax'
'elif'
'-'
Identifier: 'Mea'
'('
'-'
Identifier: 'Ky6'
'not'
Identifier: 'Pa4'
'('
Identifier: 'Kar'
'not'
Identifier: 'Ann'
'true'
'>='
Identifier: 'Bev'
Number: 4
')'
')'
'>='
Identifier: 'Re2'
Number: 317
':'
'return'
';'
'input'
'('
Identifier: 'Ore'
'['
'-'
Identifier: 'Al4'
Number: 0
'*'
Identifier: 'Cac'
'true'
'+'
Identifier: 'Ph1'
'false'
']'
')'
'end'
';'
'let'
Identifier: 'Cas'
'['
'-'
Identifier: 'Ros'
'true'
']'
'='
Identifier: 'Mar'
'true'
'or'
Identifier: 'Enr'
'not'
Identifier: 'Joh'
'false'
'else'
':'
'chillax'
'end'
';'
'let'
Identifier: 'Be9'
'='
'-'
Identifier: 'Kar'
'('
'-'
Identifier: 'Phi'
'not'
Identifier: 'Dor'
'false'
'+'
Identifier: 'Be9'
'('
Identifier: 'Don'
'('
'-'
Identifier: 'Cas'
Number: 7228
'>='
'-'
Identifier: 'Be5'
Number: 3035
','
'-'
Identifier: 'Don'
'false'
')'
')'
'<='
'-'
Identifier: 'Ci0'
Number: 781
')'
'elif'
Identifier: 'Mis'
'not'
Identifier: 'Olw'
'false'
'-'
Identifier: 'Mea'
'true'
'>'
Identifier: 'O5t'
'['
Identifier: 'Dor'
'('
Identifier: 'Ja0'
'true'
')'
']'
':'
'let'
Identifier: 'Il4'
'['
'-'
Identifier: 'Kel'
'false'
']'
'='
'-'
Identifier: 'Arl'
'['
Identifier: 'Col'
'true'
']'
';'
'let'
Identifier: 'Kel'
'['
'-'
Identifier: 'Rev'
'false'
'-'
Identifier: 'Be9'
'('
'-'
Identifier: 'Ma7'
'false'
'/'
Identifier: 'Nan'
Number: 3478
'or'
Identifier: 'Cla'
'false'
')'
']'
'='
'-'
Identifier: 'Kar'
Number: 89
';'
'if'
Identifier: 'Olw'
'false'
'and'
Identifier: 'Re2'
'false'
':'
Identifier: 'Ann'
'('
'-'
Identifier: 'Kri'
Number: 867892
'and'
Identifier: 'Dal'
'not'
Identifier: 'Ber'
'not'
Identifier: 'Sa7'
'true'
','
Identifier: 'Mar'
'false'
'/='
'-'
Identifier: 'Mel'
Number: 891
','
Identifier: 'Ri9'
'false'
','
'-'
Identifier: 'Mea'
'('
'-'
Identifier: 'Mig'
'true'
')'
')'
';'
Identifier: 'Mi4'
'('
Identifier: 'Br3'
'not'
Identifier: 'A7l'
'('
'-'
Identifier: 'Iss'
Number: 9
'rem'
Identifier: 'Mig'
'false'
'+'
Identifier: 'D3a'
'['
'-'
Identifier: 'Be9'
'('
'-'
Identifier: 'Col'
'('
Identifier: 'Ine'
'['
'-'
Identifier: 'Arl'
'('
Identifier: 'Ph1'
'false'
'>'
'-'
Identifier: 'Mi1'
'('
'-'
Identifier: 'Mad'
'('
'-'
Identifier: 'Cas'
'['
Identifier: 'Sha'
Number: 5487
']'
'>='
'-'
Identifier: 'Mig'
'true'
')'
'>='
'-'
Identifier: 'Ter'
'('
'-'
Identifier: 'D3a'
'false'
')'
')'
','
'-'
Identifier: 'Aur'
'true'
','
'-'
Identifier: 'Mar'
'false'
')'
']'
'<'
'-'
Identifier: 'Sto'
'('
'-'
Identifier: 'Cac'
Number: 5975
')'
')'
')'
']'
')'
','
'-'
Identifier: 'Ger'
'true'
','
Identifier: 'Col'
'false'
'='
Identifier: 'Le7'
'('
'-'
Identifier: 'Joh'
'true'
'='
Identifier: 'Ste'
Number: 88
')'
')'
';'
Identifier: 'Don'
'('
'-'
Identifier: 'Sto'
'('
'-'
Identifier: 'Cri'
'not'
Identifier: 'Vel'
'['
'-'
Identifier: 'Pa4'
'('
'-'
Identifier: 'A7l'
'('
'-'
Identifier: 'H8e'
'true'
','
Identifier: 'Ci0'
'('
'-'
Identifier: 'Ky6'
Number: 19672
','
'-'
Identifier: 'Gr4'
'('
Identifier: 'Aly'
'true'
')'
'='
Identifier: 'Re2'
'('
'-'
Identifier: 'Don'
'('
Identifier: 'Ame'
'('
'-'
Identifier: 'Mea'
'false'
')'
'<'
'-'
Identifier: 'O5t'
'true'
','
Identifier: 'Ja0'
Number: 45462
')'
')'
','
'-'
Identifier: 'Col'
'['
'-'
Identifier: 'Fra'
'('
'-'
Identifier: 'Arl'
'false'
'/='
'-'
Identifier: 'Mig'
'('
'-'
Identifier: 'Mig'
'true'
'>'
'-'
Identifier: 'Lea'
'('
'-'
Identifier: 'Phi'
'false'
','
Identifier: 'Ri9'
'false'
')'
')'
')'
']'
')'
'<='
Identifier: 'Il4'
'true'
','
'-'
Identifier: 'Cas'
Number: 88839
'/='
Identifier: 'Liu'
'true'
','
Identifier: 'Gr4'
'true'
'/='
Identifier: 'Kel'
'true'
')'
'<'
Identifier: 'F7e'
'('
'-'
Identifier: 'Ph1'
'('
Identifier: 'Mar'
Number: 58
'<'
Identifier: 'Mel'
'false'
')'
'/='
Identifier: 'Kar'
'('
'-'
Identifier: 'Don'
'false'
'<'
'-'
Identifier: 'Mi4'
'false'
','
Identifier: 'Mea'
'('
Identifier: 'Kel'
'true'
')'
')'
')'
')'
']'
'='
Identifier: 'Ama'
'['
Identifier: 'Fra'
'true'
']'
','
'-'
Identifier: 'Mis'
'true'
','
'-'
Identifier: 'Cor'
'true'
'>='
'-'
Identifier: 'Don'
'('
'-'
Identifier: 'Kar'
Number: 266663
')'
','
Identifier: 'Mis'
'false'
')'
','
'-'
Identifier: 'Ci0'
'('
'-'
Identifier: 'Kar'
'('
Identifier: 'Eln'
'['
'-'
Identifier: 'Kel'
'true'
']'
'>='
'-'
Identifier: 'Olw'
Number: 7
')'
'/='
Identifier: 'Don'
'false'
','
Identifier: 'Kar'
'('
'-'
Identifier: 'Lin'
Number: 970352
'/='
Identifier: 'Le7'
'false'
','
Identifier: 'Aly'
'false'
','
Identifier: 'Cri'
'true'
'>'
Identifier: 'Jus'
'false'
')'
'>'
'-'
Identifier: 'Jol'
'false'
','
'-'
Identifier: 'T9a'
'('
'-'
Identifier: 'Kel'
Number: 9289
')'
','
Identifier: 'Le7'
'true'
')'
'<='
'-'
Identifier: 'Lin'
'('
Identifier: 'Pa4'
'('
'-'
Identifier: 'Fra'
'true'
','
'-'
Identifier: 'Jor'
'false'
'>='
'-'
Identifier: 'H8e'
'('
Identifier: 'Cla'
Number: 66
','
Identifier: 'Ma7'
'['
'-'
Identifier: 'Cas'
'('
'-'
Identifier: 'Don'
'('
'-'
Identifier: 'Jor'
'false'
'>='
'-'
Identifier: 'Don'
'true'
')'
')'
']'
','
'-'
Identifier: 'Mad'
'true'
'='
'-'
Identifier: 'Ja0'
'false'
','
'-'
Identifier: 'Jor'
'true'
')'
','
Identifier: 'Le7'
Number: 754532
')'
')'
','
Identifier: 'Cri'
'false'
','
Identifier: 'Arl'
Number: 52495
'<='
'-'
Identifier: 'Cas'
'['
'-'
Identifier: 'Lin'
'('
Identifier: 'Ste'
'['
'-'
Identifier: 'Be9'
'('
Identifier: 'Cla'
'false'
'/='
'-'
Identifier: 'Dan'
'true'
')'
']'
','
'-'
Identifier: 'Bev'
'true'
'>'
Identifier: 'Be5'
'false'
')'
']'
')'
'elif'
'-'
Identifier: 'Mis'
'false'
'or'
Identifier: 'Bev'
Number: 2
'and'
Identifier: 'Mar'
'false'
'<='
Identifier: 'Phi'
'['
Identifier: 'Eln'
'('
'-'
Identifier: 'T9a'
'true'
')'
']'
':'
'input'
'('
Identifier: 'Jus'
')'
';'
'output'
'('
String: "AxoGY"
')'
'else'
':'
'chillax'
'end'
'elif'
Identifier: 'Sa7'
'true'
'and'
Identifier: 'Cri'
'not'
Identifier: 'Cor'
'['
Identifier: 'Kat'
'false'
'-'
Identifier: 'H8e'
Number: 603
']'
':'
Identifier: 'Ber'
'('
'-'
Identifier: 'Lyn'
'false'
'>'
Identifier: 'Vir'
'('
Identifier: 'Bar'
Number: 8226
'>='
'-'
Identifier: 'Ros'
'['
'-'
Identifier: 'R5o'
'false'
']'
')'
')'
';'
'input'
'('
Identifier: 'Kar'
')'
';'
'input'
'('
Identifier: 'Nan'
'['
'-'
Identifier: 'Gr4'
'not'
Identifier: 'Kat'
'not'
Identifier: 'O5t'
'true'
'*'
Identifier: 'Lyn'
Number: 6409
'-'
Identifier: 'F7e'
'('
'-'
Identifier: 'Be9'
'('
'-'
Identifier: 'Ros'
'false'
')'
')'
']'
')'
'end'
'else'
':'
'chillax'
';'
Identifier: 'A6m'
'('
'-'
Identifier: 'Mi1'
'('
Identifier: 'Ber'
'false'
'or'
Identifier: 'F7e'
'false'
'>='
Identifier: 'Br3'
'true'
'or'
Identifier: 'Kel'
'false'
','
Identifier: 'Nan'
'false'
')'
'>='
'-'
Identifier: 'Mad'
'false'
','
Identifier: 'T9a'
'('
Identifier: 'A7l'
'('
Identifier: 'D3a'
'false'
'>'
Identifier: 'Nan'
'false'
','
Identifier: 'Lyn'
'['
Identifier: 'Ore'
'('
'-'
Identifier: 'Olw'
'true'
')'
']'
','
'-'
Identifier: 'Col'
'('
Identifier: 'H8e'
'true'
'<'
Identifier: 'Vel'
Number: 3
')'
'='
'-'
Identifier: 'Mea'
'('
Identifier: 'Loi'
'('
'-'
Identifier: 'Enr'
'true'
')'
'<='
Identifier: 'Jol'
'['
Identifier: 'Be9'
'('
'-'
Identifier: 'T9a'
'('
Identifier: 'Kar'
'false'
','
'-'
Identifier: 'Cri'
Number: 9340
')'
')'
']'
')'
')'
'>'
'-'
Identifier: 'Fra'
'('
'-'
Identifier: 'A6m'
Number: 398
'/='
'-'
Identifier: 'Mar'
'('
Identifier: 'Be5'
'('
'-'
Identifier: 'Cor'
'('
Identifier: 'Du3'
'('
'-'
Identifier: 'Ine'
'true'
'<='
'-'
Identifier: 'Re2'
'false'
')'
')'
'<='
'-'
Identifier: 'Lea'
'true'
','
Identifier: 'Phi'
'true'
'>='
'-'
Identifier: 'Il4'
'('
Identifier: 'Col'
'('
Identifier: 'Ri9'
'('
Identifier: 'Lil'
'('
Identifier: 'Ann'
'true'
')'
'='
Identifier: 'Ter'
'false'
')'
'='
'-'
Identifier: 'Kri'
'true'
')'
'>'
Identifier: 'Ph1'
Number: 556
')'
','
'-'
Identifier: 'Vir'
'('
'-'
Identifier: 'Be9'
'true'
'>='
'-'
Identifier: 'Sha'
'false'
')'
'='
'-'
Identifier: 'Don'
Number: 63756
','
Identifier: 'Ma7'
'('
'-'
Identifier: 'F7e'
'true'
')'
'<'
'-'
Identifier: 'Rev'
Number: 9300
')'
')'
','
Identifier: 'Ann'
'('
'-'
Identifier: 'A6m'
'true'
','
'-'
Identifier: 'Al4'
'['
Identifier: 'Lil'
'('
Identifier: 'Jor'
'('
'-'
Identifier: 'Cla'
'false'
'='
'-'
Identifier: 'Mi4'
'('
'-'
Identifier: 'Bev'
Number: 5
'='
'-'
Identifier: 'Br3'
'false'
')'
','
Identifier: 'Olw'
Number: 8251
'='
'-'
Identifier: 'Dal'
'('
'-'
Identifier: 'Mig'
'['
'-'
Identifier: 'Pa4'
'false'
']'
'='
'-'
Identifier: 'Cri'
'('
Identifier: 'Lyn'
'('
'-'
Identifier: 'Enr'
'true'
'='
'-'
Identifier: 'Mar'
'false'
')'
')'
')'
','
Identifier: 'Jus'
Number: 677
')'
','
Identifier: 'B1o'
Number: 631872
','
Identifier: 'Eln'
'('
Identifier: 'Cla'
Number: 396669
')'
','
Identifier: 'Al4'
'true'
')'
']'
','
'-'
Identifier: 'C5a'
'false'
'>'
Identifier: 'R2o'
'('
'-'
Identifier: 'Ore'
'['
'-'
Identifier: 'A7l'
'('
'-'
Identifier: 'Ame'
Number: 802718
','
'-'
Identifier: 'Mar'
Number: 816067
')'
']'
','
Identifier: 'Mis'
'('
'-'
Identifier: 'Joh'
'('
Identifier: 'Fra'
Number: 713
')'
'='
'-'
Identifier: 'Dan'
'['
'-'
Identifier: 'Don'
'('
'-'
Identifier: 'Re2'
'true'
','
Identifier: 'Iss'
'false'
','
Identifier: 'Mar'
'('
'-'
Identifier: 'Dal'
'false'
'<='
Identifier: 'T8a'
'['
'-'
Identifier: 'Ber'
'['
'-'
Identifier: 'Ros'
'('
'-'
Identifier: 'Mi1'
'('
Identifier: 'A6m'
'true'
'/='
Identifier: 'C5a'
'true'
')'
')'
']'
']'
')'
','
'-'
Identifier: 'Ama'
'['
Identifier: 'Ine'
Number: 950
']'
'='
Identifier: 'Elo'
Number: 87406
')'
']'
','
Identifier: 'He5'
'('
'-'
Identifier: 'Ci0'
'('
'-'
Identifier: 'Ine'
'('
'-'
Identifier: 'Rev'
'('
'-'
Identifier: 'Bar'
'false'
'/='
'-'
Identifier: 'Cri'
'true'
')'
','
'-'
Identifier: 'Ter'
'true'
'/='
'-'
Identifier: 'Olw'
'false'
','
Identifier: 'Aur'
'true'
'>='
Identifier: 'Lin'
'('
Identifier: 'F7e'
'false'
')'
','
Identifier: 'A6m'
Number: 967339
'/='
Identifier: 'E9l'
'('
Identifier: 'T8a'
'true'
'>'
Identifier: 'Lyn'
'('
Identifier: 'Arl'
Number: 36
')'
','
'-'
Identifier: 'Don'
'['
Identifier: 'Enr'
'('
'-'
Identifier: 'Ine'
'['
Identifier: 'Mea'
'false'
']'
'>='
Identifier: 'Jor'
'('
Identifier: 'D3a'
'false'
'<='
'-'
Identifier: 'Al4'
'true'
')'
')'
']'
'/='
Identifier: 'Cla'
'false'
','
Identifier: 'Be9'
'true'
'>'
'-'
Identifier: 'Joh'
Number: 628536
')'
')'
')'
'<='
'-'
Identifier: 'Ann'
'false'
','
Identifier: 'Dal'
'true'
'<'
'-'
Identifier: 'Ri9'
'('
'-'
Identifier: 'Vir'
Number: 17172
')'
','
'-'
Identifier: 'A6m'
'false'
','
Identifier: 'Lil'
'true'
')'
'>='
Identifier: 'Ger'
'true'
','
'-'
Identifier: 'Sto'
'false'
'/='
Identifier: 'Aur'
Number: 83
')'
')'
','
Identifier: 'Mel'
'true'
')'
')'
')'
'='
Identifier: 'O5t'
Number: 7
')'
';'
Identifier: 'Br3'
'('
Identifier: 'Ger'
'['
'-'
Identifier: 'Ph1'
'false'
']'
'/='
'-'
Identifier: 'Ine'
'not'
Identifier: 'Re2'
'('
'-'
Identifier: 'Ine'
'true'
')'
')'
'end'
';'
'while'
'-'
Identifier: 'Ph1'
'('
Identifier: 'E9l'
'false'
'+'
Identifier: 'Olw'
'('
Identifier: 'Bar'
'['
'-'
Identifier: 'Mis'
'('
'-'
Identifier: 'Liu'
'true'
')'
']'
')'
')'
':'
'while'
'-'
Identifier: 'Bar'
'true'
':'
'chillax'
'end'
';'
'input'
'('
Identifier: 'Lea'
'['
'-'
Identifier: 'Br3'
'not'
Identifier: 'Cri'
'('
Identifier: 'O5t'
'not'
Identifier: 'Lea'
'true'
'or'
Identifier: 'Loi'
'('
'-'
Identifier: 'Bev'
'('
'-'
Identifier: 'Kat'
Number: 58
'='
Identifier: 'B1o'
Number: 3943
')'
'>'
Identifier: 'Ky6'
'['
Identifier: 'Du3'
Number: 4097
']'
')'
'>'
Identifier: 'Vir'
Number: 953036
','
Identifier: 'Ky6'
'false'
'='
'-'
Identifier: 'Cac'
'('
'-'
Identifier: 'R5o'
'false'
')'
','
Identifier: 'He5'
Number: 57435
'<'
'-'
Identifier: 'R5o'
Number: 2
','
'-'
Identifier: 'Ann'
Number: 77
'='
Identifier: 'R4o'
Number: 5
')'
']'
')'
';'
'while'
'-'
Identifier: 'Vir'
'not'
Identifier: 'Il4'
'not'
Identifier: 'Kar'
'false'
':'
'chillax'
'end'
'end'
'elif'
'-'
Identifier: 'Ma7'
Number: 252
'/'
Identifier: 'Rev'
'false'
'>='
'-'
Identifier: 'Lin'
'not'
Identifier: 'Cas'
'true'
'/'
Identifier: 'Bar'
'true'
':'
'if'
'-'
Identifier: 'Cri'
'false'
':'
'input'
'('
Identifier: 'Ter'
'['
'-'
Identifier: 'Sto'
'['
'-'
Identifier: 'Ama'
'true'
'rem'
Identifier: 'Mad'
'not'
Identifier: 'Elo'
Number: 47895
'+'
Identifier: 'Dan'
'('
Identifier: 'R5o'
Number: 757082
','
'-'
Identifier: 'Col'
'false'
','
'-'
Identifier: 'T8a'
'('
'-'
Identifier: 'Kar'
'false'
'<='
Identifier: 'Lea'
'('
Identifier: 'R5o'
'['
Identifier: 'Be9'
'false'
']'
')'
')'
'/='
Identifier: 'Phi'
Number: 62084
')'
']'
']'
')'
';'
'return'
Identifier: 'C5a'
'('
'-'
Identifier: 'Il4'
'false'
'or'
Identifier: 'Le7'
'false'
','
Identifier: 'Elo'
'('
'-'
Identifier: 'Ama'
'true'
'>'
'-'
Identifier: 'Dan'
'('
'-'
Identifier: 'O5t'
'true'
'>='
Identifier: 'Dal'
'false'
')'
','
Identifier: 'Mad'
'true'
'='
'-'
Identifier: 'Vel'
'true'
','
'-'
Identifier: 'Be5'
'true'
'/='
Identifier: 'F7e'
Number: 567372
')'
')'
'elif'
Identifier: 'Il4'
'not'
Identifier: 'Loi'
'not'
Identifier: 'H8e'
Number: 952562
'+'
Identifier: 'Joh'
'false'
'rem'
Identifier: 'Du3'
'('
'-'
Identifier: 'Enr'
Number: 53051
'>='
Identifier: 'Col'
'true'
')'
':'
Identifier: 'Cri'
'('
'-'
Identifier: 'Phi'
'true'
','
Identifier: 'Vo4'
'true'
'>'
Identifier: 'Lin'
'false'
','
Identifier: 'Mel'
'false'
'<='
'-'
Identifier: 'T8a'
Number: 50
')'
';'
'while'
Identifier: 'B1o'
'false'
'/'
Identifier: 'O5t'
'false'
'+'
Identifier: 'C5a'
Number: 3975
':'
'chillax'
';'
'output'
'('
Identifier: 'Al4'
Number: 10518
'or'
Identifier: 'Kat'
'('
'-'
Identifier: 'Loi'
'false'
')'
'rem'
Identifier: 'Col'
'('
'-'
Identifier: 'Ann'
'false'
'/='
'-'
Identifier: 'Ame'
Number: 43
','
Identifier: 'Dan'
'true'
','
'-'
Identifier: 'Ter'
Number: 940171
')'
'<='
'-'
Identifier: 'Kri'
'false'
'..'
String: "W"
'..'
String: "Ug"
'..'
Identifier: 'Ber'
'('
Identifier: 'B1o'
'true'
')'
'>'
Identifier: 'Ri9'
Number: 6615
')'
'end'
';'
'if'
'-'
Identifier: 'D3a'
'not'
Identifier: 'Br3'
'('
'-'
Identifier: 'Kel'
'not'
Identifier: 'Fra'
Number: 1594
'*'
Identifier: 'Vir'
Number: 66
'='
Identifier: 'Du3'
'('
Identifier: 'Ore'
'false'
','
Identifier: 'Ama'
'('
Identifier: 'Ste'
'('
Identifier: 'Bar'
'('
Identifier: 'O5t'
'false'
')'
'<='
Identifier: 'Ci0'
'('
Identifier: 'R4o'
Number: 4158
')'
')'
'>'
'-'
Identifier: 'Arl'
'('
Identifier: 'T8a'
'false'
','
'-'
Identifier: 'Cri'
'true'
'<'
'-'
Identifier: 'Al4'
Number: 91265
')'
')'
')'
')'
'='
'-'
Identifier: 'Cas'
'true'
':'
'output'
'('
String: "HVJPh"
'..'
'-'
Identifier: 'Ber'
Number: 3270
'rem'
Identifier: 'Rev'
'('
Identifier: 'Ros'
'false'
'<='
Identifier: 'Vir'
'('
'-'
Identifier: 'Sa7'
'false'
'>'
'-'
Identifier: 'Ama'
'true'
')'
')'
')'
';'
'input'
'('
Identifier: 'Ber'
')'
'elif'
'-'
Identifier: 'Mad'
'true'
'or'
Identifier: 'Fra'
'not'
Identifier: 'H8e'
'false'
'and'
Identifier: 'T8a'
'true'
':'
'chillax'
'elif'
'-'
Identifier: 'R5o'
'('
Identifier: 'H8e'
'('
Identifier: 'Al4'
'('
'-'
Identifier: 'Mea'
'('
Identifier: 'Nan'
Number: 1346
')'
')'
'<'
Identifier: 'Ma7'
'('
Identifier: 'Mad'
'('
'-'
Identifier: 'A6m'
'('
Identifier: 'Jol'
'('
'-'
Identifier: 'Cas'
'('
Identifier: 'Aur'
'('
'-'
Identifier: 'A6m'
'true'
'/='
Identifier: 'Phi'
'true'
')'
','
Identifier: 'Mis'
'('
Identifier: 'Don'
Number: 343
'<'
'-'
Identifier: 'T8a'
'true'
','
Identifier: 'Jor'
'('
Identifier: 'Dor'
'true'
','
'-'
Identifier: 'Pa4'
'false'
')'
')'
','
'-'
Identifier: 'Ine'
'['
'-'
Identifier: 'Mig'
Number: 910782
']'
')'
')'
')'
','
'-'
Identifier: 'Sto'
'('
Identifier: 'R2o'
'false'
','
Identifier: 'Mad'
'('
'-'
Identifier: 'Ros'
'('
Identifier: 'Mi1'
'false'
')'
')'
'/='
Identifier: 'Kel'
Number: 7
')'
','
'-'
Identifier: 'Ame'
'true'
','
Identifier: 'Ore'
'['
'-'
Identifier: 'Kri'
'('
Identifier: 'Ky6'
'false'
')'
']'
'/='
'-'
Identifier: 'Phi'
'['
Identifier: 'Ma7'
Number: 78
']'
')'
'>'
Identifier: 'Dal'
'('
Identifier: 'Enr'
'false'
','
Identifier: 'Ger'
'['
'-'
Identifier: 'Al4'
'true'
']'
'>'
'-'
Identifier: 'Lil'
'false'
')'
')'
')'
'/='
Identifier: 'Jus'
'['
Identifier: 'T9a'
Number: 9
']'
')'
'='
'-'
Identifier: 'Br3'
'('
'-'
Identifier: 'Le7'
Number: 19301
'='
'-'
Identifier: 'Nan'
'false'
','
'-'
Identifier: 'B1o'
'false'
'/='
'-'
Identifier: 'Mis'
Number: 15
','
'-'
Identifier: 'O5t'
'['
Identifier: 'Nan'
'true'
']'
'='
'-'
Identifier: 'Elo'
'false'
','
'-'
Identifier: 'Kar'
'true'
'='
Identifier: 'Cas'
Number: 31
')'
':'
'chillax'
'else'
':'
'while'
Identifier: 'Kar'
'('
Identifier: 'Vel'
'('
'-'
Identifier: 'Mi1'
'false'
'='
'-'
Identifier: 'Kel'
'false'
')'
'/='
'-'
Identifier: 'Lil'
'true'
')'
':'
'chillax'
'end'
';'
'while'
Identifier: 'Don'
'('
Identifier: 'R4o'
Number: 3
'rem'
Identifier: 'Ja0'
Number: 4
'/='
'-'
Identifier: 'Des'
'false'
')'
'and'
Identifier: 'Lyn'
'true'
'/='
Identifier: 'Mar'
'false'
':'
'let'
Identifier: 'Mig'
'='
'array'
'-'
Identifier: 'Sa7'
'('
Identifier: 'He5'
'not'
Identifier: 'Re2'
'true'
')'
'or'
Identifier: 'Kar'
'not'
Identifier: 'Mel'
'false'
'end'
'end'
'elif'
Identifier: 'R5o'
'('
Identifier: 'D3a'
'('
Identifier: 'A6m'
'not'
Identifier: 'T8a'
'not'
Identifier: 'T9a'
Number: 8027
')'
')'
'<='
Identifier: 'Ros'
'false'
':'
'if'
Identifier: 'T9a'
'true'
':'
'output'
'('
String: "AGC"
')'
';'
'input'
'('
Identifier: 'Kri'
')'
';'
Identifier: 'Kri'
'('
Identifier: 'Cas'
'true'
'/='
'-'
Identifier: 'R4o'
'true'
'*'
Identifier: 'Ger'
'true'
'-'
Identifier: 'Olw'
'false'
'and'
Identifier: 'Cas'
'false'
')'
'elif'
'-'
Identifier: 'O5t'
Number: 60009
'rem'
Identifier: 'Ja0'
'true'
':'
Identifier: 'R4o'
'('
'-'
Identifier: 'Ine'
'false'
','
'-'
Identifier: 'Mad'
'false'
'/'
Identifier: 'B1o'
'('
'-'
Identifier: 'Pa4'
'('
'-'
Identifier: 'Ber'
'false'
'/='
'-'
Identifier: 'Dal'
'true'
')'
'<'
'-'
Identifier: 'Fra'
Number: 577
')'
','
'-'
Identifier: 'Ama'
'['
Identifier: 'O5t'
'false'
']'
')'
';'
'input'
'('
Identifier: 'Aly'
')'
'elif'
Identifier: 'A6m'
Number: 27
'/'
Identifier: 'Mis'
'['
Identifier: 'Kel'
'false'
'-'
Identifier: 'E9l'
'true'
']'
'='
Identifier: 'R5o'
Number: 14
':'
'chillax'
'else'
':'
'chillax'
';'
'return'
'end'
'elif'
'-'
Identifier: 'Lyn'
'true'
'+'
Identifier: 'Cla'
'('
Identifier: 'Ros'
Number: 72
'<'
Identifier: 'Joh'
'('
'-'
Identifier: 'Lyn'
Number: 9
'<'
'-'
Identifier: 'R4o'
'['
Identifier: 'E9l'
'('
Identifier: 'Kri'
'true'
')'
']'
')'
')'
':'
Identifier: 'Kar'
'('
'-'
Identifier: 'Ama'
'('
'-'
Identifier: 'Kel'
'true'
'<='
'-'
Identifier: 'Ros'
Number: 7
')'
')'
'end'
';'
'let'
Identifier: 'Al4'
'='
Identifier: 'Jor'
'true'
'rem'
Identifier: 'Ja0'
'true'
'-'
Identifier: 'Cac'
'('
'-'
Identifier: 'Ja0'
'false'
'and'
Identifier: 'R4o'
'true'
')'
'<='
'-'
Identifier: 'Sha'
'true'
';'
'while'
Identifier: 'Cla'
Number: 78
'rem'
Identifier: 'Fra'
'['
Identifier: 'Ky6'
'('
Identifier: 'F7e'
'true'
')'
'or'
Identifier: 'Ber'
'false'
']'
'<'
'-'
Identifier: 'Ja0'
'false'
':'
'chillax'
';'
'return'
Identifier: 'R5o'
'true'
'and'
Identifier: 'Kri'
'false'
'end'
'end'
