Number: 97
Identifier: '_UTcfNS7mU'
Number: 70
Number: 26
Number: 94
','
String: "y"
String: "0ELgw6U2awPRuGi"
'elif'
'end'
Identifier: 'boMTkfC'
'output'
Identifier: 'aIq'
String: "9uH"
')'
'end'
Identifier: 'be2BS'
Identifier: 'aURwTA632AP'
String: "z9VPoUzZuR"
','
'end'
String: "Nrj"
String: "6ChaELF3gJ5X21YCm5C"
'and'
Number: 30
String: "TX28144PxJAQ"
String: "G"
'>'
Identifier: 'd40UHA'
'and'
':'
Number: 69
Identifier: '_g6'
']'
String: "RHAbaIhdo9ei1y"
Identifier: 'a9jC'
'array'
Identifier: 'a87Mi'
'..'
'>='
'('
String: "K0Pg"
'/'
String: "J89J7kF5 U"
Number: 65
Identifier: 'cL4'
Identifier: '_zeuBMknZ'
Identifier: 'co6Gf36nY'
Identifier: 'dJKnnU8yqnD'
Identifier: 'aCtb'
'/'
String: "Ox9"
')'
'bool'
Number: 20
String: "JfE CyMPe3M"
Number: 85
Identifier: '_Bn'
'bool'
Number: 46
'main'
'+'
'return'
'array'
'if'
Number: 24
String: "Dgv kplakCtNdh9RI4"
'bool'
String: "6cJ9L"
String: "wvYDkBhJ9X5f"
Number: 64
Identifier: 'cLmVJhOKz'
'['
'not'
'and'
Identifier: 'dE'
'main'
'array'
String: "HnFHY3y t93E6SR5d"
'if'
'true'
'let'
'<='
Identifier: 'aNh8aj'
'and'
Number: 87
Number: 2
'/='
'end'
'else'
Number: 10
Identifier: 'akwP'
'and'
