'return'
String: "5 X6NobjsBT"
Number: 26
'+'
String: "m6oSrHv35v08hN"
'and'
'and'
'or'
String: "JI8SvkrE2 u5NAYiiQai"
Number: 28
'..'
Number: 1
String: "9myLdE"
'['
'='
Identifier: 'cBlQrZK'
Identifier: '_DN'
'/'
Number: 75
Identifier: 'bRY'
'<='
Number: 89
String: "Gr3uLwpN6t5ApgXHf"
')'
'/='
Number: 16
')'
Number: 26
'/='
Identifier: '_j9FT'
Number: 36
'<'
'/='
String: "g9iw"
Number: 76
'+'
']'
'return'
Number: 48
String: "LbYt8nxAV2vE7t2DVxg"
')'
Number: 33
Number: 60
Number: 68
Number: 27
Number: 60
'['
Identifier: 'aYq'
'['
Number: 18
'not'
String: "bb4tl6OC50V"
'while'
'..'
']'
Identifier: 'aAHS8'
Number: 39
Identifier: 'd62a'
Identifier: 'ddMNY1sRP'
Identifier: '_yM'
';'
