'not'
'not'
Identifier: '_Ntaona6YJ6'
Number: 46
Number: 73
'['
Number: 74
'int'
Number: 9
Identifier: 'dL'
Number: 95
Identifier: '_wSzc3VVE'
Identifier: 'cp2I6oqdSS'
Identifier: 'c2b0oxg7TB'
Number: 62
'elif'
Identifier: 'd91F'
'or'
Number: 5
String: "BryhGuIQZl0"
Number: 28
'='
Number: 1
Number: 15
String: "ICCp72IffVHbUD2"
'let'
Identifier: 'd8H4bAma3wX'
String: "ly"
String: "ciZSZsh2yygoVy8P5f"
'return'
'chillax'
'output'
'('
Number: 97
Number: 24
Identifier: 'bqb9'
Identifier: 'apX6noTZLSF'
String: "t6oigylkKF2lOUk"
Number: 43
Identifier: 'bFpg1hH9dH'
Identifier: '_N'
Identifier: '_OxLNzz'
'while'
'program'
'and'
Identifier: '_vN6tXYdV'
Number: 61
Identifier: 'biA'
Number: 33
Number: 86
'/'
Identifier: 'aQiOyG3fFA'
'*'
Number: 78
Identifier: 'aXFhXO6Z'
Number: 40
Identifier: '_bpRkNEtk3b'
Number: 89
String: "l"
Identifier: 'bpd69'
'false'
Identifier: 'dcfb'
Identifier: 'cP9Mlk'
Identifier: '_Ed8hplZyOk'
Identifier: 'd7I'
'let'
'('
'<='
'>='
'end'
Number: 59
