'program'
Identifier: 'Col'
':'
Identifier: 'Dor'
'('
'int'
Identifier: 'Aur'
','
'array'
Identifier: 'Mi1'
')'
'->'
'array'
':'
'int'
Identifier: 'Jol'
','
Identifier: 'Col'
','
Identifier: 'Ma7'
','
Identifier: 'Kri'
';'
'bool'
Identifier: 'Cla'
','
Identifier: 'Loi'
','
Identifier: 'Olw'
','
Identifier: 'Vir'
','
Identifier: 'Jol'
','
Identifier: 'F7e'
';'
Identifier: 'arrayOre'
','
Identifier: 'Mar'
','
Identifier: 'Ma7'
';'
Identifier: 'Mar'
'('
Identifier: 'Kat'
'true'
'+'
Identifier: 'Mis'
'('
'-'
Identifier: 'Sha'
'not'
Identifier: 'Il4'
'not'
Identifier: 'E9l'
'('
Identifier: 'Aly'
Number: 9
','
'-'
Identifier: 'E9l'
'('
Identifier: 'Des'
'false'
'<='
'-'
Identifier: 'Re2'
'false'
')'
'>='
'-'
Identifier: 'Ter'
'['
Identifier: 'Du3'
'['
'-'
Identifier: 'Kar'
'true'
']'
']'
','
'-'
Identifier: 'Il4'
'false'
','
Identifier: 'Mi1'
'true'
'>='
'-'
Identifier: 'Il4'
Number: 755129
')'
'='
Identifier: 'Enr'
Number: 487
')'
'<='
'-'
Identifier: 'Bev'
'('
'-'
Identifier: 'Bev'
Number: 187018
')'
','
'-'
Identifier: 'Ste'
'('
'-'
Identifier: 'C5a'
'true'
')'
'<'
'-'
Identifier: 'Kar'
'false'
','
'-'
Identifier: 'Al4'
'false'
'<='
'-'
Identifier: 'Kar'
'false'
','
Identifier: 'Al4'
'('
'-'
Identifier: 'Ma7'
'false'
'/='
'-'
Identifier: 'Ama'
'('
Identifier: 'Mis'
'true'
')'
','
Identifier: 'Elo'
'false'
'>'
Identifier: 'Nan'
'true'
')'
'/='
Identifier: 'Joh'
'true'
')'
'main'
':'
'chillax'
';'
'input'
'('
Identifier: 'T9a'
')'
';'
'if'
Identifier: 'H8e'
'('
'-'
Identifier: 'Vo4'
'('
Identifier: 'Kat'
'not'
Identifier: 'Kar'
'('
Identifier: 'Cri'
'('
Identifier: 'Ph1'
'['
Identifier: 'Cri'
Number: 324
']'
')'
')'
')'
')'
':'
'chillax'
';'
'let'
Identifier: 'Mig'
'['
Identifier: 'Mel'
'not'
Identifier: 'Dan'
'true'
'or'
Identifier: 'Mel'
'['
'-'
Identifier: 'D3a'
'('
'-'
Identifier: 'Don'
'false'
')'
']'
']'
'='
Identifier: 'Lea'
'false'
'>='
'-'
Identifier: 'Sto'
Number: 804
'elif'
Identifier: 'Il4'
'false'
'='
Identifier: 'Arl'
Number: 34823
'+'
Identifier: 'Cor'
'false'
'and'
Identifier: 'Kri'
'not'
Identifier: 'Ma7'
'('
Identifier: 'Sha'
'false'
')'
':'
'input'
'('
Identifier: 'Be9'
'['
Identifier: 'Bar'
'('
Identifier: 'B1o'
'true'
')'
']'
')'
'elif'
Identifier: 'Ame'
'true'
'or'
Identifier: 'Lil'
'false'
'*'
Identifier: 'O5t'
Number: 57592
':'
'while'
Identifier: 'Cor'
'true'
'+'
Identifier: 'Loi'
'true'
':'
Identifier: 'Cri'
'('
'-'
Identifier: 'Dor'
'not'
Identifier: 'Kel'
'('
Identifier: 'Kel'
'true'
'or'
Identifier: 'Ann'
Number: 7749
'/'
Identifier: 'Des'
Number: 62
'/='
'-'
Identifier: 'Enr'
'('
'-'
Identifier: 'Dal'
'true'
','
Identifier: 'Ore'
'('
Identifier: 'Al4'
'('
Identifier: 'F7e'
Number: 0
')'
'='
Identifier: 'Ros'
'true'
','
Identifier: 'Dal'
'true'
','
'-'
Identifier: 'Kar'
'('
'-'
Identifier: 'Phi'
'true'
'/='
'-'
Identifier: 'C5a'
'('
Identifier: 'Ama'
'true'
'/='
'-'
Identifier: 'Ros'
Number: 14184
','
Identifier: 'Sha'
'('
Identifier: 'Sa7'
'('
Identifier: 'Le7'
'['
Identifier: 'Mi4'
'('
'-'
Identifier: 'Mel'
Number: 37615
'>'
'-'
Identifier: 'Mar'
'false'
')'
']'
'<'
'-'
Identifier: 'Cac'
Number: 93696
','
Identifier: 'Cas'
'('
'-'
Identifier: 'Don'
'('
Identifier: 'Aly'
'true'
'>'
Identifier: 'Kri'
'true'
')'
'='
Identifier: 'E9l'
'false'
')'
','
'-'
Identifier: 'Don'
'['
'-'
Identifier: 'Vir'
'('
Identifier: 'Ter'
'false'
'/='
'-'
Identifier: 'Ja0'
'true'
')'
']'
')'
'>'
'-'
Identifier: 'Loi'
'true'
','
Identifier: 'A6m'
'false'
'='
Identifier: 'Vel'
'('
'-'
Identifier: 'Le7'
'false'
'/='
'-'
Identifier: 'Ann'
'('
Identifier: 'Kel'
'['
'-'
Identifier: 'B1o'
Number: 2
']'
'<='
'-'
Identifier: 'Mi4'
'true'
','
'-'
Identifier: 'R4o'
'false'
'='
Identifier: 'Bev'
'false'
')'
')'
','
Identifier: 'Dor'
'('
'-'
Identifier: 'Vir'
'true'
')'
'>'
Identifier: 'Be9'
'('
'-'
Identifier: 'Joh'
'true'
'>='
Identifier: 'Eln'
Number: 4
')'
','
'-'
Identifier: 'T9a'
'true'
')'
'>'
Identifier: 'Kar'
Number: 282172
','
'-'
Identifier: 'Kar'
'('
Identifier: 'H8e'
'true'
'<='
Identifier: 'Re2'
'false'
')'
'>='
Identifier: 'F7e'
'true'
')'
')'
','
'-'
Identifier: 'Ci0'
'('
'-'
Identifier: 'Des'
'('
'-'
Identifier: 'Kel'
'true'
','
'-'
Identifier: 'Vir'
'('
'-'
Identifier: 'Mi1'
'false'
'/='
'-'
Identifier: 'Sha'
Number: 7462
')'
'<'
'-'
Identifier: 'Dal'
Number: 30
')'
')'
'>='
Identifier: 'Ber'
'true'
')'
')'
')'
','
'-'
Identifier: 'O5t'
'true'
','
Identifier: 'Lin'
Number: 789
'/='
'-'
Identifier: 'Kel'
'true'
','
'-'
Identifier: 'Loi'
'['
Identifier: 'C5a'
'false'
']'
'<'
'-'
Identifier: 'Don'
'true'
')'
';'
'let'
Identifier: 'Ja0'
'['
'-'
Identifier: 'Kar'
'false'
'rem'
Identifier: 'Vo4'
'not'
Identifier: 'Eln'
'['
'-'
Identifier: 'Sto'
'false'
']'
']'
'='
Identifier: 'Sha'
'false'
'='
'-'
Identifier: 'O5t'
'('
'-'
Identifier: 'Al4'
'false'
'>='
Identifier: 'Ore'
'('
'-'
Identifier: 'Dor'
'('
'-'
Identifier: 'O5t'
'false'
','
'-'
Identifier: 'R4o'
'false'
'/='
Identifier: 'Cla'
'('
'-'
Identifier: 'Re2'
Number: 673
')'
')'
'<='
Identifier: 'Ph1'
'('
Identifier: 'Rev'
'['
Identifier: 'Des'
'false'
']'
'='
'-'
Identifier: 'Ja0'
'('
'-'
Identifier: 'Dan'
Number: 17868
'<'
Identifier: 'Bev'
'true'
','
Identifier: 'Ky6'
'('
'-'
Identifier: 'Cac'
Number: 2211
')'
','
Identifier: 'R4o'
'['
'-'
Identifier: 'Vir'
'['
'-'
Identifier: 'Sha'
'('
'-'
Identifier: 'Ros'
'false'
'>='
Identifier: 'Jor'
'true'
')'
']'
']'
'='
'-'
Identifier: 'Dor'
'('
Identifier: 'Cor'
'true'
'>'
'-'
Identifier: 'Eln'
'('
'-'
Identifier: 'Il4'
'['
'-'
Identifier: 'Dan'
'true'
']'
'<='
Identifier: 'Du3'
'false'
')'
')'
')'
','
Identifier: 'A7l'
'false'
')'
')'
')'
';'
'input'
'('
Identifier: 'Gr4'
'['
'-'
Identifier: 'Lea'
Number: 8
']'
')'
'end'
';'
'while'
Identifier: 'R4o'
'true'
':'
'return'
'end'
';'
'let'
Identifier: 'He5'
'['
'-'
Identifier: 'Kel'
'('
'-'
Identifier: 'Elo'
'true'
'<'
'-'
Identifier: 'Al4'
'not'
Identifier: 'Mi4'
'('
'-'
Identifier: 'Kri'
'('
Identifier: 'Fra'
'['
'-'
Identifier: 'Dan'
'true'
']'
')'
'>='
'-'
Identifier: 'Kar'
'false'
')'
')'
']'
'='
Identifier: 'Kar'
'('
Identifier: 'R4o'
'true'
'<'
'-'
Identifier: 'Sa7'
'false'
')'
'<'
'-'
Identifier: 'Kri'
'true'
'else'
':'
'let'
Identifier: 'Bev'
'['
Identifier: 'Jol'
'not'
Identifier: 'R5o'
'['
Identifier: 'Vel'
'false'
'rem'
Identifier: 'R5o'
'not'
Identifier: 'Jol'
Number: 24
']'
']'
'='
'array'
Identifier: 'Aur'
'false'
';'
'while'
Identifier: 'Mis'
'not'
Identifier: 'Ger'
'('
Identifier: 'Ci0'
'false'
'+'
Identifier: 'Nan'
'('
'-'
Identifier: 'Don'
'true'
')'
')'
':'
'while'
'-'
Identifier: 'Ber'
'true'
'/'
Identifier: 'Vel'
'false'
'-'
Identifier: 'C5a'
'true'
':'
'while'
Identifier: 'Don'
'false'
'-'
Identifier: 'Kat'
'('
Identifier: 'Ame'
'not'
Identifier: 'F7e'
'false'
'+'
Identifier: 'Mi4'
'('
'-'
Identifier: 'Col'
'false'
')'
'>='
'-'
Identifier: 'Ste'
Number: 83
')'
'='
'-'
Identifier: 'H8e'
'('
Identifier: 'Fra'
'('
'-'
Identifier: 'Rev'
'('
Identifier: 'Vir'
'false'
'<'
Identifier: 'Liu'
Number: 64625
')'
'/='
'-'
Identifier: 'Cla'
'('
'-'
Identifier: 'Le7'
'false'
','
'-'
Identifier: 'Bev'
'('
'-'
Identifier: 'F7e'
'('
Identifier: 'Pa4'
'['
Identifier: 'H8e'
'('
Identifier: 'Mar'
'['
Identifier: 'Al4'
'true'
']'
'<'
'-'
Identifier: 'Mel'
'false'
')'
']'
')'
'/='
'-'
Identifier: 'Vel'
'false'
')'
')'
')'
')'
':'
'chillax'
';'
'output'
'('
'-'
Identifier: 'Mi1'
'not'
Identifier: 'F7e'
'not'
Identifier: 'Des'
Number: 42
'>'
'-'
Identifier: 'Mar'
Number: 4651
'..'
String: "uIZ"
'..'
String: "jIbk"
'..'
Identifier: 'Ine'
Number: 1091
'<'
Identifier: 'Don'
'true'
')'
';'
'return'
'-'
Identifier: 'Kar'
'['
Identifier: 'Ros'
'not'
Identifier: 'Cas'
'('
'-'
Identifier: 'Phi'
'('
'-'
Identifier: 'Ama'
'true'
'>='
'-'
Identifier: 'D3a'
'['
'-'
Identifier: 'Mad'
'false'
']'
')'
'/='
'-'
Identifier: 'Sa7'
'('
Identifier: 'Lea'
'('
'-'
Identifier: 'Ame'
Number: 732408
'/='
Identifier: 'Olw'
'['
Identifier: 'Vir'
'('
Identifier: 'R4o'
Number: 74015
')'
']'
')'
')'
','
'-'
Identifier: 'Le7'
'false'
','
Identifier: 'Pa4'
'false'
'>'
Identifier: 'A6m'
Number: 5
','
Identifier: 'D3a'
'['
Identifier: 'O5t'
'('
'-'
Identifier: 'Ber'
'false'
')'
']'
')'
']'
'end'
';'
'input'
'('
Identifier: 'Kar'
')'
';'
'input'
'('
Identifier: 'T9a'
'['
'-'
Identifier: 'Il4'
'('
Identifier: 'Sto'
'['
Identifier: 'D3a'
Number: 903208
'*'
Identifier: 'Cla'
Number: 66773
'+'
Identifier: 'Ber'
'('
'-'
Identifier: 'Eln'
'['
Identifier: 'Ky6'
Number: 7
']'
','
Identifier: 'O5t'
'false'
')'
']'
'<'
'-'
Identifier: 'Mig'
'false'
','
'-'
Identifier: 'Ger'
Number: 77
','
'-'
Identifier: 'Aur'
'false'
'='
'-'
Identifier: 'Mea'
'true'
')'
']'
')'
'end'
';'
'if'
Identifier: 'Mar'
'true'
'*'
Identifier: 'R4o'
'not'
Identifier: 'Mi4'
'['
'-'
Identifier: 'Enr'
Number: 831
'/'
Identifier: 'A7l'
Number: 58
']'
':'
'if'
'-'
Identifier: 'Liu'
Number: 1580
':'
'let'
Identifier: 'Cri'
'='
'array'
'-'
Identifier: 'Enr'
'not'
Identifier: 'Mi4'
'false'
';'
'if'
'-'
Identifier: 'Liu'
'('
'-'
Identifier: 'Sto'
'false'
'/'
Identifier: 'H8e'
Number: 3909
'-'
Identifier: 'Aur'
'true'
')'
'>'
Identifier: 'Mea'
'['
Identifier: 'Cor'
'true'
']'
':'
'input'
'('
Identifier: 'Il4'
'['
Identifier: 'E9l'
'('
Identifier: 'Mi4'
'true'
'and'
Identifier: 'Du3'
'('
Identifier: 'Be9'
'false'
'*'
Identifier: 'Mi4'
'('
'-'
Identifier: 'C5a'
'false'
')'
','
'-'
Identifier: 'R4o'
Number: 934724
','
Identifier: 'D3a'
'('
'-'
Identifier: 'Jus'
'['
'-'
Identifier: 'Cas'
'false'
']'
'='
'-'
Identifier: 'Cac'
Number: 8560
')'
'>'
Identifier: 'Mar'
'('
'-'
Identifier: 'Nan'
'false'
'/='
Identifier: 'Mig'
'false'
')'
','
'-'
Identifier: 'Aly'
'('
'-'
Identifier: 'Eln'
'('
'-'
Identifier: 'Ma7'
'true'
'/='
'-'
Identifier: 'Re2'
'['
'-'
Identifier: 'Kel'
'('
Identifier: 'Ky6'
'true'
'='
Identifier: 'Ky6'
'false'
','
Identifier: 'Al4'
Number: 2
'>'
Identifier: 'C5a'
'('
'-'
Identifier: 'Eln'
'false'
'='
'-'
Identifier: 'Kar'
'true'
')'
','
Identifier: 'Ja0'
'('
'-'
Identifier: 'Bev'
'true'
'>='
'-'
Identifier: 'Il4'
'true'
')'
'='
'-'
Identifier: 'Bev'
'true'
','
Identifier: 'Iss'
'true'
'<='
Identifier: 'Ph1'
'('
Identifier: 'Sha'
'true'
')'
')'
']'
')'
'<'
'-'
Identifier: 'T8a'
'['
Identifier: 'Ann'
'true'
']'
','
'-'
Identifier: 'Mar'
'('
Identifier: 'Mi1'
'('
Identifier: 'Sa7'
Number: 284
','
'-'
Identifier: 'Be5'
'true'
'<'
'-'
Identifier: 'Mar'
'('
'-'
Identifier: 'Gr4'
'true'
'/='
Identifier: 'Ber'
'true'
')'
','
'-'
Identifier: 'Elo'
'('
Identifier: 'Jus'
'('
'-'
Identifier: 'Lin'
'false'
'<='
Identifier: 'Re2'
'('
'-'
Identifier: 'Mar'
'('
'-'
Identifier: 'Dan'
Number: 88
'='
Identifier: 'Cac'
'['
Identifier: 'Dan'
'true'
']'
')'
')'
')'
'<='
'-'
Identifier: 'A7l'
'('
Identifier: 'Ger'
'false'
')'
','
Identifier: 'Mig'
'false'
')'
')'
'>'
Identifier: 'Kel'
'false'
','
'-'
Identifier: 'Mi1'
'true'
'<'
Identifier: 'Iss'
Number: 65
','
Identifier: 'Aur'
'['
Identifier: 'Ph1'
'true'
']'
'>='
Identifier: 'Iss'
'('
'-'
Identifier: 'Mi4'
'['
'-'
Identifier: 'H8e'
'false'
']'
'>='
Identifier: 'Arl'
'('
'-'
Identifier: 'Olw'
'true'
','
Identifier: 'Ma7'
'('
Identifier: 'Enr'
Number: 48
')'
'='
'-'
Identifier: 'Kar'
Number: 776815
','
Identifier: 'Pa4'
Number: 84974
','
'-'
Identifier: 'Don'
'true'
')'
')'
','
Identifier: 'Arl'
'('
Identifier: 'Lil'
'true'
')'
'>'
Identifier: 'Eln'
'true'
')'
'<='
Identifier: 'Sa7'
'false'
','
'-'
Identifier: 'Lea'
'false'
'='
'-'
Identifier: 'Vel'
'('
'-'
Identifier: 'Be9'
'true'
'='
Identifier: 'He5'
'true'
')'
')'
')'
','
Identifier: 'Kat'
'('
Identifier: 'Ky6'
'('
'-'
Identifier: 'Mea'
'true'
','
Identifier: 'Ja0'
'['
Identifier: 'A7l'
'('
Identifier: 'Ber'
'false'
')'
']'
')'
')'
')'
']'
')'
'elif'
Identifier: 'Arl'
Number: 71566
':'
'return'
';'
'while'
Identifier: 'Lea'
Number: 400808
'rem'
Identifier: 'Ste'
'not'
Identifier: 'Mel'
'('
Identifier: 'Loi'
'['
'-'
Identifier: 'Jor'
'true'
']'
','
Identifier: 'R5o'
'('
'-'
Identifier: 'Mar'
'true'
'>='
'-'
Identifier: 'Ann'
'('
Identifier: 'Enr'
Number: 451768
')'
')'
')'
':'
'chillax'
';'
'while'
'-'
Identifier: 'Ine'
'('
'-'
Identifier: 'E9l'
Number: 171
')'
'rem'
Identifier: 'Ann'
'('
Identifier: 'Jor'
'true'
'/'
Identifier: 'Joh'
'['
Identifier: 'Ber'
'false'
']'
','
Identifier: 'Cri'
Number: 66
')'
'/='
Identifier: 'T8a'
'false'
':'
'chillax'
'end'
'end'
'elif'
'-'
Identifier: 'Ky6'
'['
'-'
Identifier: 'T9a'
Number: 76591
'*'
Identifier: 'Lyn'
'false'
'-'
Identifier: 'Jus'
'false'
'/'
Identifier: 'He5'
'('
'-'
Identifier: 'Mar'
'['
'-'
Identifier: 'A6m'
'('
Identifier: 'Don'
'true'
')'
']'
')'
']'
'<='
'-'
Identifier: 'Joh'
'['
Identifier: 'Cor'
'('
Identifier: 'Mad'
'true'
')'
']'
':'
'output'
'('
Identifier: 'Ros'
'true'
'..'
String: "xx"
'..'
String: "e"
'..'
String: "jpIp"
')'
'end'
';'
Identifier: 'Ama'
'('
Identifier: 'Sa7'
'not'
Identifier: 'Eln'
'('
Identifier: 'Cri'
'true'
'rem'
Identifier: 'Sa7'
'false'
'/='
'-'
Identifier: 'Il4'
Number: 362550
')'
'='
Identifier: 'Don'
'false'
','
Identifier: 'Kar'
'false'
'<='
Identifier: 'Be5'
'false'
','
Identifier: 'Rev'
'true'
'<='
Identifier: 'Mar'
'('
Identifier: 'Cla'
'true'
'>='
'-'
Identifier: 'C5a'
'('
'-'
Identifier: 'Pa4'
'true'
'<='
'-'
Identifier: 'Ber'
Number: 56050
')'
','
'-'
Identifier: 'Don'
'false'
','
Identifier: 'Ber'
'('
'-'
Identifier: 'Lea'
'true'
'<='
Identifier: 'Bar'
Number: 2
')'
'/='
'-'
Identifier: 'Ann'
'false'
','
Identifier: 'Enr'
'false'
')'
')'
'else'
':'
'chillax'
';'
'output'
'('
'-'
Identifier: 'Ame'
'true'
'<='
'-'
Identifier: 'Ber'
'true'
'or'
Identifier: 'Elo'
'['
'-'
Identifier: 'Phi'
'('
Identifier: 'Cor'
'false'
'>='
Identifier: 'Il4'
'false'
')'
']'
')'
'end'
';'
'let'
Identifier: 'Ama'
'['
'-'
Identifier: 'Le7'
'('
Identifier: 'Dan'
Number: 3812
')'
'*'
Identifier: 'Cri'
'('
Identifier: 'Jus'
'true'
'*'
Identifier: 'Vel'
'('
'-'
Identifier: 'Ama'
'('
'-'
Identifier: 'D3a'
'('
'-'
Identifier: 'Aly'
'['
Identifier: 'A6m'
'('
Identifier: 'Mar'
'true'
')'
']'
'<'
'-'
Identifier: 'Eln'
'('
'-'
Identifier: 'B1o'
'false'
')'
')'
','
Identifier: 'Ber'
'('
Identifier: 'Aur'
'true'
')'
'/='
'-'
Identifier: 'Cac'
'false'
')'
'>'
Identifier: 'Ger'
'false'
')'
','
Identifier: 'H8e'
'('
'-'
Identifier: 'Lyn'
'false'
')'
','
'-'
Identifier: 'Don'
'false'
','
Identifier: 'Bev'
'('
'-'
Identifier: 'Lyn'
'('
Identifier: 'T8a'
'('
'-'
Identifier: 'Ber'
'false'
')'
'>'
Identifier: 'Cor'
'false'
')'
')'
'>='
'-'
Identifier: 'Cac'
'('
Identifier: 'Bev'
'true'
')'
')'
']'
'='
Identifier: 'Ste'
Number: 90932
';'
'let'
Identifier: 'Ph1'
'['
'-'
Identifier: 'Lea'
'not'
Identifier: 'Re2'
Number: 95118
'/'
Identifier: 'Ine'
'['
'-'
Identifier: 'Ky6'
'('
Identifier: 'Mar'
'('
Identifier: 'C5a'
'false'
')'
'/='
'-'
Identifier: 'R2o'
'false'
')'
']'
']'
'='
Identifier: 'Ros'
'false'
'<='
Identifier: 'D3a'
'('
'-'
Identifier: 'Phi'
'true'
')'
'else'
':'
'chillax'
';'
'input'
'('
Identifier: 'Sa7'
'['
Identifier: 'B1o'
Number: 26612
'+'
Identifier: 'Mar'
'('
Identifier: 'Olw'
'['
'-'
Identifier: 'Ros'
'true'
']'
'+'
Identifier: 'Cri'
'false'
'>'
'-'
Identifier: 'Vel'
'false'
')'
']'
')'
'end'
'end'
'end'
