Identifier: 'bvZRb14lT'
Identifier: 'bUAa7t2X4o'
String: "Twdt"
'>'
Identifier: '_Nt80SiFQ0G'
'<='
'rem'
String: "0AMW5"
Identifier: '_pXcFhgcv'
String: "Im4kCsT7"
Number: 17
Number: 84
String: "uwaXH3A13e9rOUd6fCMq"
String: "YEsa"
Number: 72
Number: 94
Identifier: 'bvMpYIYoeLZ'
Number: 76
String: "FEDL"
';'
Identifier: 'aCP9'
Identifier: 'bQ'
Identifier: '_AAg0DcMm'
'rem'
Identifier: 'aXUhtx'
'/'
'else'
Identifier: 'cuNzA'
Number: 64
';'
'['
'input'
String: "YuC"
'..'
'let'
'*'
Number: 6
String: "4KBWrB6FEUNAG"
String: "F"
Number: 13
'and'
String: "FkHCvSVNlqu1p0"
String: "X3M8oT6RBbjK"
String: "M3XLlEbq"
Identifier: 'd7PGljMddd'
Number: 64
