'program'
Identifier: 'Le7'
':'
Identifier: 'Rev'
'('
'int'
Identifier: 'Ber'
','
'array'
Identifier: 'Phi'
','
'array'
Identifier: 'Al4'
')'
':'
'output'
'('
String: "HW"
'..'
String: "HEHX"
'..'
String: "xf"
')'
';'
'return'
Identifier: 'Lea'
Number: 265
'rem'
Identifier: 'Lyn'
'('
Identifier: 'Ky6'
'['
Identifier: 'Ri9'
'false'
'*'
Identifier: 'Mad'
'false'
']'
'='
'-'
Identifier: 'Aur'
Number: 404373
')'
'<'
Identifier: 'Be5'
'['
Identifier: 'Lea'
'false'
']'
';'
'input'
'('
Identifier: 'Ama'
')'
Identifier: 'Ann'
'('
'array'
Identifier: 'Ore'
','
'int'
Identifier: 'Le7'
')'
':'
'int'
Identifier: 'Ci0'
';'
'bool'
Identifier: 'Arl'
','
Identifier: 'Don'
','
Identifier: 'D3a'
','
Identifier: 'Eln'
','
Identifier: 'Ky6'
';'
'bool'
Identifier: 'Mar'
','
Identifier: 'Cla'
','
Identifier: 'Le7'
','
Identifier: 'Vel'
','
Identifier: 'A7l'
','
Identifier: 'Ma7'
';'
'input'
'('
Identifier: 'Phi'
')'
'main'
':'
Identifier: 'arrayPhi'
','
Identifier: 'Dor'
','
Identifier: 'Arl'
','
Identifier: 'Rev'
','
Identifier: 'Kat'
','
Identifier: 'Ame'
';'
Identifier: 'arrayAl4'
','
Identifier: 'Br3'
','
Identifier: 'Al4'
';'
'int'
Identifier: 'Liu'
';'
'output'
'('
Identifier: 'Iss'
'false'
'<='
Identifier: 'Mel'
'not'
Identifier: 'Gr4'
'not'
Identifier: 'Dor'
'false'
'..'
Identifier: 'Al4'
'('
Identifier: 'Vir'
'false'
')'
'..'
Identifier: 'D3a'
'true'
')'
';'
'output'
'('
'-'
Identifier: 'Elo'
'true'
'*'
Identifier: 'Kar'
Number: 2900
'..'
String: "g"
'..'
String: "cXq"
')'
';'
'return'
