String: "AYJZu"
String: "KMQh"
String: "02P"
Number: 43
Number: 10
':'
Identifier: 'dNLfj'
'-'
':'
String: "6k6yWS49g54fRbyL4Ka"
Identifier: 'an'
String: "saRhKjcpXN87"
String: "S1DdnKLw3DdbnH"
String: "mdLT6iQrWMXBUh43NMp"
Number: 18
Number: 37
String: "qnN 8HKD q2iLR2jsztS"
'end'
Number: 68
Number: 97
Number: 72
String: "8rtFs rie"
Identifier: '_p'
Number: 39
Identifier: 'cA0'
Identifier: 'a4sn9DaSWB'
'/'
'or'
','
Number: 39
'while'
String: "s6yIc6JQgSG0njUKyR"
'>'
Number: 38
Number: 77
String: "OVt8n07U8y"
'>='
String: "g58O8h"
Number: 10
Number: 57
Number: 52
'<='
Identifier: 'aC'
'['
String: "2vai"
'='
String: "r902fVxQ "
':'
Identifier: '_qPrACUX'
Number: 72
'['
Number: 11
Number: 15
'('
Number: 86
Number: 92
']'
Identifier: 'aD'
'<='
'return'
Number: 9
'='
Identifier: '_cvJml'
Number: 9
String: "j4Gt9ZMbZZJLJ3XfTEe"
'array'
Number: 30
Identifier: 'aqIT7jL3'
'chillax'
String: "V2WXIfkyVk"
Number: 70
Identifier: 'dP'
','
'-'
String: "tH"
Identifier: 'c4oZYb'
Identifier: '_JQfYPR'
String: "sL1nczEKNl6C0DgM r"
Number: 32
Number: 95
Identifier: 'aCLCRjOn'
Number: 22
Number: 98
Identifier: 'ayalTo'
