';'
Identifier: 'dMo1wHYk'
Identifier: '_AT'
String: "BjhC9hveclUENfjrj02"
String: "sAfX8kis7OF7pe5"
'main'
'if'
String: "n"
'chillax'
Number: 19
','
'['
Number: 69
Number: 76
Number: 100
String: "oVH9K13OFUj0JCd2P3"
String: "ZfY4hn"
String: "L7174EaKh j7M2X"
'='
'<'
'['
Number: 19
'<='
Identifier: '_su0S'
','
')'
Number: 57
Identifier: 'bFTdae5DKnm'
String: "vjU1SNB6"
':'
String: "thLfjT3 2jqEM"
'['
','
String: "6eBmK af4ZTDj Fp"
Identifier: 'dEA9gj2EwY5'
'let'
'output'
String: "tQ"
Identifier: 'cDHS'
'or'
'='
'*'
Number: 23
Identifier: '_woVygg'
Number: 5
'/='
Identifier: '_p'
String: "i"
','
Number: 11
Number: 50
Identifier: '_vN2zQ3S'
Identifier: 'aJBHEJRC'
'end'
Identifier: 'a280gakxKG'
String: "OgrImCd0EvW6"
Number: 64
