'program'
Identifier: 'Aly'
':'
Identifier: 'H8e'
'('
'int'
Identifier: 'Jus'
')'
'->'
'array'
':'
Identifier: 'arrayD3a'
','
Identifier: 'Be9'
';'
Identifier: 'arrayKy6'
','
Identifier: 'Ste'
','
Identifier: 'Elo'
','
Identifier: 'Cas'
','
Identifier: 'Mea'
';'
Identifier: 'arrayJa0'
','
Identifier: 'Mis'
';'
'chillax'
';'
'input'
'('
Identifier: 'Dor'
')'
Identifier: 'Nan'
'('
'bool'
Identifier: 'Lil'
','
'bool'
Identifier: 'Du3'
','
'int'
Identifier: 'Ore'
')'
':'
'int'
Identifier: 'Kri'
','
Identifier: 'Bar'
','
Identifier: 'Enr'
';'
'chillax'
';'
Identifier: 'Ger'
'('
'-'
Identifier: 'Pa4'
Number: 1442
')'
';'
'let'
Identifier: 'Ger'
'='
'array'
'-'
Identifier: 'Cri'
'['
'-'
Identifier: 'Al4'
'['
Identifier: 'A6m'
'('
'-'
Identifier: 'Fra'
'false'
'-'
Identifier: 'Mar'
'false'
')'
']'
']'
Identifier: 'Rev'
'('
'array'
Identifier: 'Kar'
','
'int'
Identifier: 'Kat'
')'
':'
'int'
Identifier: 'Kel'
','
Identifier: 'Lin'
','
Identifier: 'Dan'
','
Identifier: 'Mi1'
','
Identifier: 'Ger'
','
Identifier: 'Cas'
';'
'input'
'('
Identifier: 'Des'
')'
';'
'input'
'('
Identifier: 'Ma7'
'['
Identifier: 'Joh'
'not'
Identifier: 'Jol'
'false'
'rem'
Identifier: 'Re2'
Number: 476
']'
')'
';'
'return'
Identifier: 'Liu'
'('
'array'
Identifier: 'Lea'
','
'int'
Identifier: 'Fra'
')'
':'
'chillax'
'main'
':'
'bool'
Identifier: 'Loi'
','
Identifier: 'Lin'
','
Identifier: 'Ine'
','
Identifier: 'Nan'
','
Identifier: 'Olw'
','
Identifier: 'Mel'
';'
Identifier: 'Mi4'
'('
'-'
Identifier: 'Ky6'
'false'
'or'
Identifier: 'Cor'
'true'
'*'
Identifier: 'Le7'
Number: 1
')'
';'
'let'
Identifier: 'E9l'
'['
Identifier: 'Cac'
'true'
'*'
Identifier: 'Cas'
'not'
Identifier: 'Lyn'
'not'
Identifier: 'Be5'
'not'
Identifier: 'C5a'
Number: 49236
']'
'='
'array'
'-'
Identifier: 'Aur'
'false'
