Identifier: '_a65tO0'
'let'
String: "i WdjK6FS"
'int'
String: "8zZWU6J2"
':'
Number: 45
Number: 32
'while'
Identifier: 'd22Bwlbt'
Identifier: 'b1R7ob'
String: "y"
Number: 59
String: "sCBZ"
Identifier: 'cg8u'
Identifier: 'd28C'
'+'
';'
'-'
String: "80HXHTgnAEDqrziiJX"
Identifier: 'b6oc'
Identifier: 'bBX7D3xFE'
'chillax'
String: "OntvS8JuxwneQTPI8"
String: "fkfBrFrLVFilp"
Identifier: 'cgJilQ'
')'
Number: 11
'or'
'<='
'='
'/='
String: "FomuSBxLo"
'else'
'main'
'-'
Identifier: 'cflE'
Number: 61
'true'
String: "XpgV"
Identifier: 'a6P'
']'
'*'
Number: 30
'/='
Number: 93
'chillax'
'bool'
Identifier: '_dSNhxY'
Number: 42
Identifier: 'dbwvelvr'
String: "kLGZUYAUMH0AvncB4kbp"
Identifier: 'aUv0ndt'
':'
'array'
String: "UvRTQZ"
'main'
'else'
'else'
Number: 51
String: "s0TVIOSf4TlvryfxCT"
Number: 10
';'
'/'
Identifier: 'aX2tc5s3Qt0'
'if'
String: "f"
String: "I"
Identifier: 'afNY'
'array'
'<'
'rem'
'>'
String: "IvQdkEePKw"
String: "YMwJYO32gvPMypZs 4k"
Identifier: '_CpnbjHBbUa'
String: "6VIzoH miLjBnG"
