'+'
';'
'('
'array'
':'
Identifier: 'dARv8OEoHp0'
String: "jTqfNBbBI"
Identifier: 'doCj'
String: "BjwvjaYEv3gjS"
Identifier: 'cXl3'
Number: 90
Identifier: 'chCL'
Identifier: 'bLLp'
'program'
Number: 79
Number: 94
String: "5inBFZoHbFU"
'output'
Identifier: 'cNzQAK'
'input'
String: " 55euK66J3ROMIdV"
'int'
String: "zS3VhERYKHV yqYEd"
'input'
Number: 36
Identifier: '_2y'
Identifier: '_a'
String: "3TTO7"
String: "UD4bdUI4R2Tw0y"
']'
'/='
'/'
':'
String: "MPcbWL9g"
Identifier: 'cpRhEHJUnh'
']'
Number: 2
':'
Number: 53
'chillax'
Identifier: 'dz78u'
'>'
