'rem'
'or'
':'
Identifier: '_BFkXfbMU'
'elif'
Identifier: '_Hd'
Number: 98
'false'
String: "eUT16o"
Number: 87
'-'
Identifier: 'dONW0XDo'
Identifier: '_dYwkQA6'
String: "9NGZyMx"
'return'
'..'
'*'
String: "ytvwoTVzuuN4zZWnoL6"
'chillax'
Identifier: 'dXsopy'
')'
Identifier: 'bGets95tkom'
'..'
String: "mQ D2l5UdNmJm uM7Iku"
String: "fW6EtcP2fJnP9DHErN51"
'input'
String: "eCTj"
Identifier: 'd88objc'
'rem'
Identifier: 'cn3qv56vUJ'
Number: 7
Identifier: '_ibuR1'
String: "YYQWUgI"
Identifier: 'dm6LhwOJF3t'
String: "0Ze0n3L03YHLF99fHw6"
','
'-'
Number: 42
Number: 9
'bool'
'array'
String: "cELofIgH7C"
String: "RZppq9A"
String: "0hM"
'input'
'<'
Number: 18
Identifier: 'abSycWyhcHa'
'else'
Identifier: 'bJSfqdYZl'
'bool'
Identifier: 'ctKiZTe7l'
Identifier: 'bGGw'
Number: 48
'if'
'or'
'chillax'
'/='
String: "sg Y8PEFhAGrwqB"
'/'
Identifier: 'bYzX4UjZORA'
':'
'bool'
Identifier: 'aOmwQ'
Identifier: 'aco'
String: "mQZZfMOHlsPjjMvTXn"
Number: 42
'<'
'elif'
Identifier: 'dAXO3JDb'
'elif'
