String: "xbo BdZMHufl"
'/'
Identifier: 'c2Sr1kD'
'program'
Identifier: 'bLoFNMOTS8H'
Identifier: 'cwK'
Number: 2
']'
'<='
String: "BIHIVpqARTa4"
'-'
Number: 83
':'
Identifier: 'bL0wg'
Identifier: 'aTEJo'
Identifier: 'di2'
Number: 32
'program'
String: "uaH7WgM8MQ0f"
String: "j"
'('
Identifier: 'aa'
'end'
String: "1"
Identifier: 'as9'
';'
Number: 96
Identifier: '_1B2'
Number: 97
'and'
'>'
'+'
Number: 36
Identifier: '_e30'
Identifier: 'chY3FLT08K5'
String: "BS"
String: "uya3mLReSVJLbA8"
')'
'array'
Identifier: '_8r'
Number: 4
';'
'and'
'if'
'while'
','
'<'
Identifier: '_qpi0z68nH'
String: "74vjTZMc"
Identifier: '_mSAjDqL'
'array'
Number: 51
String: "ly0 AJ79TSm"
'true'
'end'
'and'
Identifier: 'bKCdS6vT4uJ'
Identifier: 'dhz6cA6t'
