Identifier: 'a99jh'
'..'
Identifier: '_X6p5s'
Number: 60
Identifier: 'cRosHi'
Identifier: 'bBz22'
String: "bk"
'bool'
'bool'
String: "cTb5er"
Number: 21
Number: 18
'int'
String: "ftu3"
'false'
Identifier: 'bkGM2'
Number: 87
Identifier: 'cMGCJfL0Dtq'
Number: 29
String: "YykRpGpy2r0zaUWOVfTp"
Identifier: '_9JWDH'
String: "TovHN39FUuhe8r"
String: "2rtxgRylb25"
'/'
String: "EDcUTKPlqM5raIu"
Number: 2
String: "1vwUiNX"
'+'
Identifier: 'cMANVKrk5'
Identifier: 'b71K05Z0D'
Identifier: 'dTq6uxz'
Identifier: 'bicCouupC61'
Number: 85
'let'
