String: "2uxiXGSr"
'input'
Number: 61
Identifier: 'bEx'
'end'
Identifier: '_PYcLU4'
String: "UzAH6bCA7F"
'chillax'
'int'
String: "06kanBee3fQLJ5vT"
Number: 60
'chillax'
String: "xP6XQyk"
Identifier: 'aWPxQAIP'
'true'
'<'
Number: 14
Number: 33
String: "T79 kso"
String: "F"
String: "ujmVSoIxo"
';'
'['
String: "q2NmoG3lNJyoO0h0GJt"
Identifier: 'ahllYcF'
Identifier: 'adqQU0p5z2k'
Number: 94
'<'
Identifier: 'bBVW8LhCWyA'
'['
Number: 97
String: "sq7PceWykACPVRum"
Number: 94
String: "FFZSZgqbE88"
Identifier: 'bokh13rLgmR'
Number: 93
'-'
String: "KIPiXFP"
'='
Number: 89
'and'
Number: 8
Identifier: 'bWcvJsF7'
Number: 6
')'
String: "xr6IOv"
'['
String: "dF3QO7cz1ZBA"
'+'
Number: 5
'program'
'<'
Number: 9
'+'
Number: 73
'+'
'<'
'/'
Identifier: 'aH'
'/='
