String: "ZqQx"
Number: 8
Number: 8
'not'
Identifier: '_p'
Number: 75
Identifier: 'dIN7'
Identifier: 'ceR4Gl'
String: "PDku"
String: "4CJUwN"
'/'
Identifier: 'cr4D'
String: "lZUERkFe"
String: "oCSOGIvbMjX"
Identifier: 'aBTWvljt1dL'
Identifier: '_PzlT'
Number: 59
'false'
Identifier: 'cpa'
Number: 29
'('
Number: 24
'>'
Number: 34
String: "GOyqA399aL1XkT"
String: "KT75EA1tqy0BJsVp"
'return'
Identifier: '_AuppyxTOj'
String: "91cDEfdaTU3TfOR8"
Identifier: '_F1jmZKn'
';'
String: "x8O6vPlU0O"
Number: 79
String: "QmvyYoNMI"
String: "jT13gWNN"
'false'
Number: 34
String: "k WsbkCAT7"
'main'
'output'
String: "bjgffc5 rXBQH98Nra5"
'<'
String: "5YgK9EtMpA UYk05C P"
Identifier: 'diP6'
Identifier: 'b16'
'if'
