Number: 74
Number: 39
Number: 42
Number: 53
Number: 88
'int'
Identifier: 'cAop9Yy'
Identifier: 'dFm'
Identifier: '_cK2R9'
Identifier: 'ci3urmCYp3R'
'chillax'
String: "8Q9Cg"
'<='
String: "EzOc9W"
'elif'
Number: 49
';'
Number: 100
Number: 1
'while'
String: "gj"
Identifier: 'dNeX9Yk'
Number: 7
Identifier: 'c92'
Identifier: '_a7nz6W'
String: "PKhUmmj7A isNeHdA0"
String: "OvuHVt3rbvaV3"
Identifier: 'dDI0CWxeWWC'
'return'
String: "PzwD9a5auLEgkXig7qU"
Number: 19
'elif'
Number: 91
String: "5Ykjbrc"
Identifier: 'aMOmY'
'if'
String: "6uA9mPMOlDRQWb23GVB"
']'
Identifier: 'bsMWO9S'
String: "B8AzM0neq"
String: "QBKDR9etckQJhudqHe"
Number: 80
'/='
Number: 8
String: "61"
'/'
