'let'
Identifier: 'bGkVgnZk'
Number: 15
']'
Number: 72
'array'
Identifier: 'dQ11'
String: "1aKz4X"
String: "lrV58X"
Number: 86
String: "sVauYKsTBw"
','
Number: 31
Identifier: 'cohryYuA'
'-'
String: "bnZmVNL"
String: "zZc2yfdFeYXkoh3"
String: "nvm7UmjtWfrS6yg"
String: "5dN fJLVdL"
'*'
String: "CRJjUgNkoH"
Identifier: 'av0'
Identifier: '_X'
Identifier: 'd9gmC5T'
String: "qOrby3xn527B"
'true'
Identifier: '_Dm'
Number: 49
'input'
String: "TRY9UrjcRwjK"
Number: 20
Identifier: 'dj7'
'<='
Identifier: 'bRZlkO0R'
Identifier: '_v4pK'
Number: 12
'>'
Identifier: 'aiXt9CorAk'
String: "ljRjNijdEFS"
'chillax'
'/='
