Number: 77
'array'
String: "orZDefPp2nzB2K"
'rem'
'>='
Number: 20
Identifier: 'bRhi6q'
Identifier: 'ca2EDKr'
'true'
Identifier: 'bKRBQDnEQ7h'
','
Identifier: 'bIIdOnj'
']'
Identifier: 'aiGklAB'
Identifier: 'bhe2UuhSwS4'
Identifier: 'aIo'
Number: 46
String: "tHfWKPwCgpEUx "
'or'
Identifier: '_cK6'
Identifier: '_1NaqegKz'
'else'
Identifier: 'a44qnz04g'
Identifier: 'bX5fOwI'
'input'
'not'
':'
')'
Number: 79
':'
'if'
'rem'
Identifier: 'cnmdh5Uu'
String: " CKZ6conIVkZRa"
String: "gwbaOKNPE7X8qQXYYg1V"
Number: 8
Identifier: 'cBDw6'
Identifier: '_Xsf'
Identifier: 'd9rG'
Number: 26
Identifier: 'bITg'
Number: 63
Number: 40
String: "97lBvVgww6pyreTlIK"
'-'
Identifier: '_os4YHPEX'
'end'
'main'
Identifier: 'bC6ug'
String: "VsbUwB"
'<='
Identifier: '_kzCRCRUD'
'bool'
','
'>'
