Number: 44
Number: 36
'rem'
'else'
'>='
'let'
Identifier: 'cQZq5F2'
Identifier: 'cwwrNHBnbw'
Number: 41
String: "RC"
'while'
String: "geBCj"
String: "zd5ZicJ6RZTt W"
','
'end'
Identifier: '_cAPMt'
String: "CBB"
Number: 20
String: "2UcMPSDpU"
String: "21"
'<'
String: "faNoxY"
String: "WG3WGgDnzTKZ"
Number: 91
String: "sfEkID"
Identifier: 'awD4GYLSv'
']'
'input'
'..'
Number: 43
Number: 91
Number: 91
','
String: "OlpWQp9"
Number: 73
'chillax'
'while'
'true'
String: "kzp2Cx5Jw"
Identifier: 'cL'
String: "lF1B8AM l4iY9Sl53IF"
Number: 49
String: "Z"
'and'
Identifier: 'az7hvjuTEIe'
String: "CS0mjT"
Identifier: 'apUGv'
Identifier: '_3F28wmBVF'
Number: 68
