Identifier: 'dYf'
Identifier: 'bq'
Number: 71
String: "u7EBp"
String: "YL61JMlsxKbCNHJHPOh"
Identifier: '_N'
'array'
'elif'
String: "cyZDgZrc"
Identifier: '_kOn9G8rgsZ'
String: "L21pxYbEdyNZBhyoAlf"
Number: 6
String: "JTmzqhfg"
Number: 12
Identifier: 'cFwzJxMKLqQ'
String: "Slv"
'main'
Identifier: 'cpLgeuuVRD'
String: "kYtZkw92zByVIFe"
Identifier: '_2uLO0K'
']'
'output'
Identifier: 'aO0BLTz9rRu'
Number: 18
'rem'
'and'
String: "tJ"
String: "pKRyBGuYnKYbyvF "
String: "UH0RgE9vku5I2YIe61"
String: "pVN1pAnX"
Identifier: 'c8Q'
'return'
Identifier: 'c6'
String: "DViwyrpsgv"
Identifier: 'bQSTROsP'
Number: 65
'>'
String: "IoJGCo9Ny4grbWwN9xo"
String: "uVeqatchWR"
'('
String: " n"
'+'
Identifier: 'd0pCi'
'bool'
String: "WZQ"
']'
String: "t5IMi"
Identifier: 'a8QFMVh'
Number: 35
Number: 2
Number: 74
Number: 6
Identifier: 'c2jDG'
']'
Number: 17
Identifier: 'bKyn2'
'true'
Number: 19
'['
String: "ZacgGnSwP"
Identifier: 'bwtt'
'output'
'elif'
String: "8NzO6YdYFX H06qZzCb1"
'return'
Number: 22
String: "CKYLHpdeihb44N"
String: "Br"
Identifier: 'ccAAt6ZSy9'
'rem'
String: "6uOv pr8zw"
'/'
Identifier: 'bPdP'
'..'
Number: 40
Identifier: 'dGg'
'return'
'rem'
'if'
Identifier: '_6IUNA'
'while'
'input'
'>'
Number: 99
'array'
String: "C"
'bool'
'if'
'rem'
'int'
Identifier: 'dR3F3BupZWc'
'>='
String: "Z"
String: "j8eZ2e4h9ygxRmLZGb"
Number: 41
Identifier: 'ab6D67J'
Number: 49
Identifier: 'dfD'
'if'
String: "cSXKbKb2zS0"
')'
Identifier: 'a9B'
'output'
'/='
'main'
'main'
String: "Ofn7YE20A6"
'input'
Identifier: '_mDx'
Identifier: 'c4bTC'
Number: 100
Number: 58
'['
'/='
'bool'
'program'
String: "QvhS"
String: "YsBhyR8TGbMr4cF4tnH"
Identifier: '_IFd'
String: "exz"
Number: 59
Identifier: '_ePSf51ob'
','
'-'
Identifier: 'd05Ys'
Number: 72
'let'
Identifier: '_iGrRq5YkF'
String: "5QO2D0FB70"
String: "pbcdCg"
Number: 8
String: "qgQlfe"
'else'
'>'
String: "3hTLFbsozKhA0G"
Number: 7
Identifier: 'c71sLabO'
'elif'
'array'
String: "TWHd5PsqVmB"
String: "Gg wm5UWB2T"
Identifier: 'cB'
'<='
'>'
String: "HYC33jFPo"
Number: 96
String: "EGM8hkSKIaqkH"
Identifier: 'cgdcqUFqKE'
Identifier: 'aWrhkICCQW'
String: "WPR u1vkFESqhhVfjgn8"
'else'
String: "L9fGd8VJSnQE9R9doi"
Identifier: 'cduCXS'
