'/='
Number: 14
Number: 93
String: "TN2BnQ"
'array'
Identifier: 'cPgbOpYx'
String: "8o"
String: "zbM"
String: "ABq7iG"
Number: 10
'-'
Number: 50
'bool'
'or'
String: "M9GLsEdLSWOv"
')'
'main'
Number: 84
String: "LIClBuCHGJN"
'false'
'rem'
Number: 62
Identifier: '_LHM4'
String: "YJP"
Identifier: 'dO'
'['
Identifier: 'cPn'
'rem'
'rem'
Identifier: 'd2JtDlEV'
String: "gmOIhMgdcEX "
Number: 35
'output'
Number: 10
'+'
'program'
String: "Ivq10 vKtiZfxYf"
String: "pgOTadLLbIoiNKc2Z0J"
String: "7dLLpRYIaFI"
'or'
Identifier: 'dxhhH'
Identifier: 'bYdNnElx8dR'
String: "XYTz3QeO8RjOYW77"
Number: 58
'('
Identifier: 'bIGeU9WwJt'
Identifier: 'aDIA50wgm'
'output'
String: "43eajN12JY"
'='
Identifier: 'cZucyNV'
'array'
'input'
String: "kkoeMV"
'/='
'<='
'='
'>'
String: "YDe"
String: "QebeD1j s"
Identifier: 'd1owOH'
String: "lfErhTBv231pGbay"
Identifier: 'bZC'
String: "mRPOLEqueZcBIL"
Number: 47
String: "W TSydM1rRt0x y"
'('
Number: 81
Number: 75
Identifier: 'aIPks0fKz7R'
String: "Wo"
'or'
Identifier: 'b9xO3rjqV'
'if'
Identifier: 'd3kum3'
Number: 33
String: "FFDHeRwCjYSAz8qvm"
String: "awuy"
Identifier: '_OhH'
';'
String: "UJwXrJkX5"
','
String: "5joa8L"
String: "JqXIPdMDAZlieigb"
Number: 70
Number: 57
'('
')'
Number: 34
Identifier: 'aVI2hglw'
