'true'
Identifier: 'dm4PI6hpjN'
Identifier: '_sTUs4'
Identifier: 'cvTs7'
Identifier: 'dx9vL'
Number: 51
Identifier: 'b4'
String: "FI 1qX0Z6 0O6"
Identifier: 'dqMVQCH'
'or'
String: "E5t5KYN0m"
String: "vs6GMQtifcQiauCV4Yd"
Identifier: 'cnZg8YkI4O'
String: "Ek6c9Vdk8ixK"
String: "SgOiEE2VSNOY2iEyq"
'chillax'
Number: 2
Number: 99
String: "qyKc"
Number: 7
String: "AJmSHMAr"
'or'
Number: 73
Number: 33
Identifier: '_uGh'
Number: 40
Identifier: 'aMSg78lY'
String: "c6"
String: "gzWcIhtXK0Zuq9F"
String: "54zDqy SJQpvMShdX "
'return'
':'
String: "SFwxVlxJ"
String: "SjfT2A3yIsMlL5aC"
