Identifier: 'dhFD'
'*'
'and'
Identifier: 'aE'
Number: 95
'chillax'
Number: 23
'false'
'let'
Number: 65
String: "juEqs "
'while'
String: "9xw953Bh1M vq7"
Number: 93
Number: 79
'input'
'elif'
']'
String: "1MqNuVcLne1vnEy2"
Identifier: '_QAYtPSdl'
Number: 25
Number: 5
'*'
'='
Number: 29
'>='
Identifier: 'cAFDjD2b'
';'
'/='
Identifier: '_E0PFbg5LdU'
'int'
Identifier: 'ao4Cj'
Identifier: '_L4fxKVj0'
String: "7vcUiuM0YqnnVqdB"
'while'
Number: 44
'>'
Identifier: 'ckY'
'..'
'+'
Identifier: 'bTmkcm'
Number: 37
Identifier: 'db2'
'/'
'/='
'<'
'/='
'bool'
String: "SH"
'-'
Identifier: 'aGEzTp'
'*'
')'
Identifier: '_MExj'
Identifier: 'dq9w'
'chillax'
Identifier: 'b9WuvPeldp'
'return'
'else'
'['
Number: 43
'/'
Identifier: '_Yl'
'if'
String: "bA3J2X4NVVvbO5SSC6ew"
'chillax'
Number: 91
Identifier: 'bXkT'
Identifier: 'az192bxs2Zw'
String: "3Ozo3JIuOG"
Number: 13
'*'
Identifier: '_kG2E2ubqx'
':'
'false'
'false'
Identifier: 'a77e'
String: "ci8QQ0WUHj9Vk"
String: "hKSi8qS"
String: "OKlwkM7YVr0iL9V5qbIz"
Identifier: 'c7pcq'
Number: 85
','
Number: 35
'or'
Number: 78
','
Identifier: 'bb1arX'
String: "P4K"
'<='
'-'
Identifier: '_O'
'/'
'='
'main'
Number: 25
'..'
String: "DdIxGdhKN"
String: "VmQ"
String: "gpSniiR1utM77UPOG"
'int'
Identifier: '_b4HGQ'
'while'
','
Identifier: 'bczi'
'input'
'/'
Number: 88
String: "oxSw87fK3iRHkesDB"
'program'
Number: 77
'and'
'*'
'else'
')'
'-'
Identifier: 'd9LDCU6'
