Number: 35
':'
String: "N0geK8F771B1qWg"
Identifier: '_tcN'
'>='
']'
Number: 91
Identifier: '_U6'
Identifier: 'cqmPYFPxwNk'
Number: 49
Identifier: 'aLp'
'chillax'
Number: 34
'('
String: "hewkd5f8FtS5yH2w5zw"
Identifier: 'cMbU'
String: "N1NNPE"
'['
'>='
String: "3O8tEnNMsx1A09c0B"
'chillax'
Identifier: 'bCBU2xTdnLq'
String: "FE0nkrvBc"
Identifier: 'ctA5aMiDIr'
'/'
'else'
Identifier: 'cV'
String: "RDoTZotj"
'('
'>='
Identifier: 'chFCvkZM'
Identifier: 'cIgtqNY23'
Number: 26
Number: 31
';'
Identifier: 'al841s4l1'
Identifier: 'dOCsj7H9a6'
Identifier: '_VlnA6'
'+'
String: "O"
String: "vUuZ97fLZwuyaAeW"
'or'
'output'
'+'
'('
String: "KesHOtAsoE9Ux1"
Identifier: 'bZO0zTBG'
'>'
'='
'not'
Identifier: '_IE6Ovt'
Identifier: 'dLk1x'
String: "w5ZaVmQk9wy"
String: "NfEiwbT ElVSMCmqG"
Number: 39
'not'
','
Number: 6
'chillax'
String: "w"
String: "o2bE7"
String: "GaRlDB"
Number: 50
Identifier: '_4dHL'
'input'
'/'
Identifier: '_0gW9Hkq'
Identifier: '_y'
Identifier: '_d0roxy0gTe'
Number: 64
String: "7uf4"
Identifier: 'cAZd86gvc'
Identifier: 'cPCzxa'
','
Identifier: '_gr'
'='
Number: 41
Number: 74
Identifier: 'ahyX38N'
Identifier: '_PRaC6Qiq'
':'
Number: 15
'>'
'true'
'*'
'let'
'not'
Identifier: 'auf5'
