String: "gK5"
'if'
Number: 66
Identifier: 'bp'
String: "tVOlXS0DZ1PG"
Identifier: '_GT91BPEJ'
Identifier: 'aKoNjlAELL'
'..'
'*'
String: "Lz0"
String: " skntBaWXYDiTb2o"
Identifier: 'cxR0tfv0Ir'
Identifier: 'coR'
Identifier: 'd4h'
'or'
Identifier: 'dCSYSoob'
'or'
'true'
Identifier: 'cgprbqoj9cl'
'end'
Number: 22
String: "HSe"
Identifier: 'aTayE9yEe'
':'
Identifier: 'dkCm6Vr2L3'
Identifier: 'bkL'
Identifier: 'b6tS'
'('
String: "f4VOkwUaEcp"
String: "Pixx5ls9cP6vY1AyoG"
Number: 27
'and'
Number: 16
'or'
'>='
'and'
'not'
String: "2nf2"
Identifier: 'bnMM'
'-'
Number: 70
Identifier: 'cGghSED'
Identifier: '_Wbd'
String: "3dmq0tqfqYz9"
String: "uxx6Z"
String: "AkBqU5lVlI"
Number: 81
Identifier: 'aSf3g0a16W'
Identifier: 'aQin5S1'
Identifier: 'c3Xl2'
'/'
String: "Jzz"
Identifier: '_MwEo'
Number: 98
String: "Rpk6i0XOR"
Number: 74
Identifier: 'cX4Wks0d'
Identifier: 'dsPhsjJ'
'not'
Identifier: 'cfHDrp7Kt'
Identifier: 'dY'
Number: 95
'end'
'>'
