'rem'
String: "cz8M xKiENCsnbumEy"
'+'
'rem'
'*'
String: "w3ugpaaG"
Identifier: 'aDBTgeT'
'rem'
String: "KQF5XkW34eO"
'array'
String: "HkOogJgqJRsfar"
String: "FQrP"
Number: 75
'false'
Identifier: 'a3NEqWToM'
String: "mzuV"
Number: 55
'='
Number: 9
']'
';'
String: "HQJ85JTJ"
Number: 65
Number: 46
String: "tHS8AoX37FLoVpSq"
']'
'..'
'>='
'array'
'elif'
Number: 61
Number: 35
'/'
Number: 79
'true'
String: "XMaRPHBRpotQ"
'<'
String: "BDTLWvSH4ZLicrTQG9"
Identifier: 'csbGXdHu'
Identifier: 'aYugV'
Number: 37
'false'
Identifier: 'bSTUNUHfk'
Number: 31
Number: 75
Identifier: 'dOD2OEb'
Number: 32
Identifier: 'cBOE5yd'
String: "v02Yf llg0lNf4fYXJk"
'chillax'
Number: 91
'not'
'<='
Identifier: 'bTuxwMki'
String: "UC77Z5M"
Identifier: 'bp7o59x'
Identifier: 'aorGc'
