'else'
';'
Number: 16
Identifier: 'dTBv'
'='
String: "1SZd4Pj"
Number: 47
Number: 57
String: "4h"
'>='
Number: 18
String: "YR"
Number: 58
Identifier: 'bCyx4bG'
String: "ElFRYRq"
'='
']'
Identifier: '_TUo5E'
String: "4"
Number: 60
'return'
'('
Identifier: 'bbJTEuCam'
'-'
Number: 95
Identifier: 'cp4ELMrnE'
Identifier: '_Uc7CFi9v5'
String: "52MkH0Zr2R1TnG46L"
String: "99SQb1H2now9Ldbt"
String: "CzF8VLxtUg"
'..'
Identifier: 'aEe1jtm'
Number: 21
Number: 52
':'
Identifier: 'duEk6sT'
'and'
'..'
Number: 49
')'
'='
String: "MICpTborh5egM"
'+'
'-'
Number: 38
'+'
