Identifier: '_r5G2ebSbGE'
String: "AheOj2BZzgKm"
String: "j4hMaiH1NQNCr0"
'input'
Identifier: 'cz5gP'
'program'
Number: 64
'+'
Identifier: '_r'
'elif'
Number: 90
Number: 54
String: "S6EXMRaXukQ6HD3Hfj4e"
'<='
Number: 91
':'
'end'
'and'
'-'
Identifier: 'b2CcFpdUb'
']'
']'
'or'
Number: 86
'return'
String: "Ny"
Number: 82
'while'
'-'
Identifier: '_Az7HyqNx'
Identifier: 'cln'
Number: 60
Identifier: 'ddFQI8Gt'
'/='
String: "lGJ6Pl4zIcUJQNbaAqS2"
'output'
String: "YEvH9h brdZjJ"
'output'
String: "y5TLJ8YSPVr6p"
'if'
'end'
Number: 88
String: "Hd1h4uCpO7PUifw0"
Identifier: '_2DBmrJO'
'>'
String: "78YfUfsWbi287"
'program'
'>'
String: "gnCw"
String: "2A84z7mRvzEJ"
String: "kMWe8yRAzzWcsFLTvz8"
String: "7xJ"
'let'
String: "Yo9HWetMTC3ruRN"
'array'
';'
'true'
'rem'
'int'
'while'
'output'
Identifier: '_p'
','
Identifier: '_0tJ'
String: "Rfj1Ah6Q l eMvum83"
Identifier: 'd3S'
Number: 84
Number: 88
Identifier: '_MRg587fH'
']'
Number: 18
'/'
Identifier: 'cVW'
':'
String: "wPlvsqNqiRUklbe5DOsQ"
Identifier: '_LOMnVUB'
'while'
Number: 80
Identifier: 'bYOzSirxsnl'
'*'
Identifier: 'bBJ0QwE4psU'
'('
Number: 20
String: "JBS"
String: "8JGJHCrvGX"
Number: 52
Identifier: 'bHLdyC6'
'['
'>'
String: "PyBkYT"
Number: 12
'false'
';'
'..'
Identifier: '_67Lva'
'false'
'rem'
'input'
Identifier: '_B9zy9Ayy2'
String: "lrl"
Number: 23
Number: 69
'bool'
Number: 73
Number: 6
':'
'/='
'bool'
'end'
'-'
Number: 8
']'
'..'
'+'
Identifier: 'bsumXsLZUG'
'chillax'
String: "IA"
'..'
String: "AW0FW8Xv nIy"
Identifier: 'bV'
Identifier: 'cLfZPKoT'
String: "WkeFwPLagX"
Identifier: 'dCNg7o'
Number: 44
'-'
Number: 63
Identifier: 'cEbYV1kU2'
')'
String: "oZXuH1Z"
'int'
Identifier: 'cnYSzkLuq8J'
Number: 38
'<'
Identifier: 'c45pA'
Number: 32
Identifier: 'bIf'
'('
String: "yMKOGhXRVvXS4AC"
Number: 68
'elif'
Number: 64
'if'
'*'
Identifier: 'bxvG'
'+'
String: "7lsKBHnJ"
':'
'bool'
Number: 71
Identifier: '_Noc1m'
Identifier: 'a6cqjxR8'
Number: 13
String: "1oRi4V9w3"
'while'
String: "ikF O49fwibg"
Number: 68
String: "fNBs7NfevCTUS4VBq"
'output'
'main'
String: "uKP2mz"
String: "VJqEeKD"
