Identifier: 'cB79pz'
')'
','
Identifier: 'dLw'
Identifier: '_sRNS'
'or'
Identifier: 'cbQz4ary8'
'main'
Identifier: 'cW'
'*'
'array'
Identifier: 'cLiai'
'return'
'if'
Number: 86
Identifier: '_Oaymxq'
'output'
Number: 80
Number: 30
'('
Number: 95
Identifier: 'dEB9a'
'false'
Number: 3
String: "KTculjuj6jh"
String: "Cept7450"
Identifier: 'b6n'
String: "D9uux11WXvC"
Number: 94
Number: 67
Identifier: 'a7x89Y'
String: "dXb6iTQ"
'if'
Number: 76
String: "8u85eoI3sWDA3xdNam"
'-'
String: "wghORNukrg"
Identifier: 'b5JLqH'
'*'
'>='
Number: 53
Identifier: 'bv'
'..'
Number: 9
Identifier: '_Ry4'
'and'
Identifier: 'a9od99'
Number: 25
String: "0"
Identifier: '_5t7HBuybf'
'/'
'else'
'and'
'return'
String: "qYw0EkJY66JF"
String: "lqdyu2e1vk11"
String: "m38pNGkm xzl04rs4Z1A"
String: "S"
'<='
Identifier: 'dl5X6ci'
Number: 34
'bool'
Identifier: 'bUPy8T'
Identifier: 'a6PbIuT'
'main'
Identifier: 'aUIA7ra2W'
'input'
String: "hB"
String: "sLcwgRO3kn"
String: "cc9"
'let'
Identifier: 'aM6hyimUa'
String: "2RsRzLoKTUjr6d"
'*'
'main'
'('
Number: 86
String: "MNujkYnJN2y72eFK7t O"
Identifier: 'dLX5kQbX'
Identifier: 'ci90i7sHI'
','
'-'
String: "PNwqd8qfVonoOInlYKAy"
Identifier: 'd9Sev0t'
Identifier: 'cgj'
':'
