String: "f3PYmdWh3Cb1idKSH"
String: "0k9hHl3KXwJ12vNtcZt"
String: "IK"
Identifier: '_QzxbQTq'
Identifier: 'd3tH'
String: "fgVWp JnC4WPVX3AXp"
Identifier: '_E'
Number: 60
String: "srSYyBXQ5VHJekkxM"
'('
String: "4tN B5q3OH5lYy"
String: "rAjv"
Number: 6
'('
Identifier: 'bPpYs'
'>'
Identifier: 'bJiPALgekdS'
Number: 59
String: "2uOgJXsgE4ZopAt9M"
String: "HvsvNgM"
'/='
Identifier: '_UBpwaKY'
','
String: "OgRPqNA4MN5PiIvXxz4"
Identifier: 'aIQ'
'elif'
Identifier: '_rsANGdM'
'let'
'<'
String: "I0RDH"
Number: 7
']'
'+'
Number: 74
Identifier: 'clXx5Bpl'
Identifier: 'dEa'
Number: 63
Identifier: 'dSLueU'
Identifier: '_Ey'
