Number: 90
String: "VKir"
'+'
'else'
String: "1M672ln"
Number: 62
'chillax'
'..'
Identifier: 'dK'
Identifier: 'ceYOEUd'
String: "MjmDnL"
'if'
Identifier: '_BaJRI2C'
Identifier: 'aWCY1MCONww'
String: "uZTslUA1"
';'
String: "qHlafygSCjAvjzKCTBI8"
Identifier: '_r4'
Identifier: '_dVDo'
Number: 28
'while'
String: "l9bnuqIWlxgiqy"
'not'
'..'
String: "h8woV8e5J9D"
Identifier: 'bpvnU2t2A'
'='
'program'
'input'
Identifier: '_lfB16pU'
String: "SDG"
Number: 69
Identifier: 'aHuIPz'
Identifier: 'cOnf'
'not'
String: "qQ1d5wyH"
Number: 72
';'
Number: 13
'elif'
Number: 35
String: "FxS589vrh7PhVC22BOa"
'rem'
Identifier: 'cs'
'program'
Number: 76
'elif'
String: "JpfXTjQtV5OygXQ ya"
Number: 79
Number: 44
'return'
String: "RjvQOAi0G"
String: "DRz"
'>'
Number: 67
'end'
'let'
