String: "fxzGZj2MayVU5Tp q4"
'..'
'if'
String: "kyQj5St"
Number: 72
':'
String: "ARgYv"
String: "2ZRjv0KgK"
';'
Identifier: 'ctW5'
String: "1W8oCVGZ"
String: "pH4LxeMuV43"
'let'
Identifier: 'ajS'
Identifier: 'aD4RP'
String: "jmJ"
']'
Number: 4
Number: 72
Identifier: '_q'
'elif'
';'
String: "Gse8Ni3Vz"
String: "sMlCV2u"
']'
String: "O"
Identifier: 'bzcHk9L'
Identifier: 'aML8Fcs'
'false'
Number: 62
Identifier: '_PuwHy5c6ys'
String: "eK d4I"
String: "r8R8xkQ01"
Number: 2
Identifier: 'cOinrc2cXm'
String: "TsgoJCAzMvWOlYJmW"
'('
Number: 15
Number: 27
Number: 11
String: "gzc4V2LFK7e"
'rem'
'output'
Number: 92
'main'
'if'
')'
Identifier: 'cZ2'
Number: 4
'program'
String: "RaJZ"
'>'
'int'
'('
String: "2a0yv"
Identifier: 'bZRMtYKK'
String: "zeIvOf"
'if'
'/'
Identifier: '_aX'
Number: 67
Number: 42
'true'
')'
Number: 41
Identifier: 'aG'
String: "JDlJis"
'or'
Number: 37
Number: 10
'false'
']'
Number: 3
Number: 50
Identifier: 'aF'
