Number: 42
'return'
'end'
String: "mc8mQ"
Identifier: 'cvqPr3Ev'
Identifier: 'd1ZlM'
Number: 3
Identifier: 'c8VHhgT'
'while'
String: "eSneqo"
'let'
'rem'
'['
Number: 82
String: "icSW6Dly "
'false'
Identifier: '_U'
String: "G59jDxiTE4Sy"
String: "KNZB0FdqxjDA6"
String: "yxR17qh844teev"
String: "W2"
'..'
String: "zO"
']'
'rem'
String: "rkYn"
Number: 1
Number: 74
'..'
Number: 80
';'
'end'
Number: 97
Identifier: 'ajc45OyjCK'
Number: 9
String: "Idw9rnDv"
'array'
String: "PvsgVJisM"
Number: 70
Number: 80
String: "E8abFdrWe"
Identifier: '_4BHjBOm'
Identifier: 'c0'
