'('
'..'
'and'
Number: 18
Identifier: 'bsm'
'..'
Identifier: 'al3J'
Number: 71
Number: 9
'+'
String: "4 6t"
','
Number: 92
Identifier: 'c6eNSpv'
Number: 72
'/'
'int'
'chillax'
String: "zZnkZi P"
Identifier: 'dMnfw'
'input'
String: "raz"
String: "UqpO"
Identifier: '_4p19sIR'
String: "S3Goq914YPiyF9Qp3wP"
Identifier: 'b19olT'
Identifier: 'ch9pN5I'
Number: 45
'>'
Number: 15
String: "m3P8LaRmV"
String: "hF8PGgr6W3CidNhxaorZ"
'chillax'
Identifier: 'd8w'
Identifier: 'aWuaxIsgy'
String: "3T1zbY0rZCGn93"
String: "ietqC4gg"
Number: 74
Number: 62
'program'
Number: 66
Number: 47
Identifier: '_KOG'
String: "PBEMybGgxDiuIOiNM"
Identifier: 'bZmPV'
Identifier: 'bdHNRK'
'array'
'chillax'
'['
'main'
String: "gjhuK9p"
String: "u3ly"
String: "0UKniQ7UcyQOZzPZFGo"
Identifier: 'bUM'
'-'
','
'return'
Identifier: 'bhdVdijiMBz'
')'
Number: 67
')'
String: "9aAo"
Identifier: 'baRdwE6SG'
Identifier: 'amTIEw'
String: "aNXDESn"
String: "uRh2u3nEw0wyz X"
'>='
Identifier: 'cUilaAr5m'
Identifier: 'c8NAU'
'elif'
String: "N7Ltv9qc2m66GZXb"
String: "kBa u4TjvmpL1wg Itm"
'end'
Number: 94
Number: 9
'main'
'end'
String: "SFBwQr2f"
