'end'
Number: 13
','
String: "j03kd4yG"
'true'
Identifier: 'aovzMH'
String: "H"
Number: 19
Number: 42
Identifier: 'dGnC'
Identifier: 'dI570mrUf'
String: "gQjYx"
String: "qfF2V0JlbEIU"
';'
'return'
'='
'not'
'while'
Identifier: '_w2'
Identifier: 'bdvHCkqOWK'
Identifier: 'bUmG9fc'
Number: 4
Identifier: '_oKNYOPrJl'
'while'
String: "oyQt"
Identifier: 'dk'
'elif'
Identifier: 'cCDrREOm65'
Identifier: 'be9Xx'
'true'
')'
Identifier: 'b46g2jhr'
']'
'int'
String: "g7t"
'<'
'*'
String: "aE3MksS Ik"
'<='
String: "GHuUaHzrfCMkc3d0"
String: "9jadq6"
'output'
Number: 59
Number: 54
':'
Identifier: 'a9ZXEmxU5E'
Identifier: 'd0YOat3qSH'
':'
String: " 7lhIhpH6"
'chillax'
