Number: 99
'int'
'while'
':'
Number: 27
Identifier: '_Uhv'
'and'
','
String: "Cps1"
Number: 98
'input'
Number: 59
Number: 61
Identifier: 'dAFchKX2B8c'
'int'
'while'
Identifier: 'cS'
')'
'='
Identifier: '_r'
'program'
Number: 83
'-'
'else'
String: "12SuIicEMk"
Identifier: 'ajYKNtT'
String: "qZJwU"
'else'
'else'
Number: 91
Number: 76
Identifier: '_8oJ'
':'
Identifier: '_eqV'
Identifier: '_NEgReYJz'
'while'
Number: 14
String: "pRGS"
','
Number: 80
Identifier: 'cW'
'array'
Identifier: 'aJAJKh6Z'
Number: 91
'*'
'elif'
'['
