String: " fcwxQm7rOCx"
Identifier: 'dvK2MiK631m'
String: "hOzYhjvShQG"
Identifier: 'bNh'
String: "PkPRo76K"
String: "YYMg"
Number: 20
'/'
')'
Number: 27
Identifier: 'doHHG'
'not'
'let'
Number: 8
'if'
';'
Identifier: 'do0e'
'if'
'false'
String: "v"
'output'
Identifier: 'caJeG33AAvi'
'and'
'/'
Identifier: 'doTe6W3'
';'
'+'
String: "eU20co88XitElKJL6BW0"
'chillax'
String: "5pc3WPaD"
String: "mNOs dYZ20wLutILG"
Number: 35
Identifier: 'cusl'
String: "CSCjUSdXUwpdO9r"
Number: 100
'end'
'return'
']'
Identifier: '_1YYE'
Number: 92
String: "rwpb8PNLCfUvA"
'('
String: "YwAonAf9DXj QRb"
