'>'
']'
'rem'
Identifier: 'b39Bku'
String: "BBA2woF2XONkYn3dbP"
';'
String: "0s"
'-'
Number: 13
String: "MGHArd"
'true'
'/'
Number: 88
String: "Wh8w3b"
'*'
'('
'<='
'true'
'rem'
Number: 86
String: "3os"
Identifier: 'ay1Qy22V'
Number: 54
String: "6ibPpOx"
Number: 38
String: "sbr mA2eHt"
String: "4ZJKVQJnG1yWQWuw"
Number: 77
'if'
String: "NhZec3vz"
')'
Identifier: '_V7'
'<='
Number: 27
Identifier: '_0FskpwsuHn'
String: "x1b"
Number: 5
')'
'/='
Identifier: 'dQ'
'array'
':'
'array'
Number: 43
String: "E4rlW1tOZRGHFwEEAHmW"
Identifier: 'dv0fw'
'return'
Identifier: 'bAjxXA8HaP'
'return'
Identifier: 'd9vDeK9RiYA'
'let'
String: "v9NmCry52ZRQA3"
Number: 98
