Identifier: 'cwnmmkQb'
'while'
String: "dA"
'let'
Number: 58
Identifier: 'aOlD'
String: "mu"
Number: 45
String: "X"
'chillax'
Identifier: 'bMDPjdtDfZ'
Identifier: 'dY7pmT38t'
'['
Number: 75
Identifier: 'cqs'
Number: 90
Number: 1
'>'
';'
Identifier: 'baf'
Identifier: 'cjd4tdf'
'not'
Number: 18
'+'
'elif'
Identifier: '_UcQDQ'
Identifier: 'b3J4oOBDzM7'
'>='
','
Identifier: 'aeP2'
'bool'
Number: 78
Number: 55
Number: 37
Number: 24
'input'
Number: 92
Number: 82
Identifier: 'cIk9j6'
'rem'
'rem'
Number: 48
'chillax'
String: "UQzKlpjv"
String: "V1Mhff"
Number: 50
':'
String: "bv5"
String: "8F3"
Identifier: 'd5Dv3l3DVbI'
'while'
'input'
Number: 6
'-'
'and'
String: "uzg4OCWtzCSzc u"
'end'
Identifier: 'bIa3KP2S'
