'..'
String: "cgW"
String: "aGFBho7ydsJUFsXRmPuO"
String: "pMli7dKcWyh7N"
Number: 85
Identifier: 'boPSr1'
String: "j2Qs"
'true'
String: "QXqLpA0AbW"
String: "kceix04S4m grB6cF"
Identifier: '_9'
'let'
'program'
String: "7zZoMWzG8j2jRinug"
','
Identifier: 'dlGabSx4qK'
Identifier: 'agLB'
':'
String: "lLjO3K8d0R5VbBfoL"
Identifier: 'cyuB5mGgR'
Identifier: '_CA3O'
'input'
Number: 93
','
Identifier: '_5fFlIRrCF'
'-'
String: "9nsZE0mWn2cdSXy567N"
Number: 6
','
'input'
String: "lOkX0xD1S"
'*'
'bool'
String: "cSG9Gg"
Number: 68
Number: 10
'>'
'not'
String: "hP1SvUlNOr"
Number: 49
Number: 46
'array'
String: "XXo30iJCoHxjjY5"
Number: 85
String: "VVhbgw0u1 rJW"
String: "vATwU"
Number: 17
Number: 30
'*'
'end'
Identifier: 'bpKfgHLP9'
'output'
'return'
Identifier: 'bsHY2AaGJ'
String: "kC4aGUz5 3"
String: "h68rnwHhvHMMIcEhh"
String: "Tlh"
'chillax'
String: "D7PGhucFwHd"
','
Number: 59
Identifier: 'aJ'
'int'
String: "KCmHiGXpFWX"
Number: 79
String: "IYQcj9G5Aci4Q BrSfqe"
Identifier: 'abNJPoZCs'
String: "GBNRnUBNOomJTNkEP"
'/'
String: "EQGzLAZT"
Identifier: 'bRCJ8QD'
'and'
Identifier: '_0H'
Number: 3
Number: 48
'>='
Number: 84
Number: 56
Identifier: '_JaTtFXf4'
String: "fHwXWI8"
Identifier: 'dUHMe'
String: "m9 8TMVb"
Number: 39
String: "XNvtlwYw0P0"
'<'
String: "rH"
String: "7 K9OE67Nl4T"
'input'
Identifier: '_QUS'
'array'
Identifier: '_H4YBKi'
'='
'='
