Number: 18
Number: 4
String: "y9rKTbTj9h1"
Number: 44
Identifier: 'bIwluU3Wo76'
'chillax'
'false'
Identifier: 'bm7Rfe'
Number: 15
'rem'
Number: 37
Number: 58
Identifier: 'bHMWFbb'
'else'
Identifier: '_XPgs7KOf'
String: "bqMKGEOMEZATsix"
Number: 47
'='
'('
String: "b"
'>'
Number: 86
Identifier: 'ccRvqkGhyt'
'chillax'
'int'
'-'
String: "3myr6GcjjMZAP"
String: "lBJIFLChiSpyEDr5f5"
'else'
String: "73axqHsYSqcU3c04d lk"
Identifier: 'a9'
String: "tOf"
Number: 97
'false'
Identifier: 'aJ3UdiZbbnv'
'let'
'array'
Number: 81
Number: 83
Number: 98
Identifier: 'aPWGaS3'
Number: 43
String: "F5wwImC034KqGV"
'['
'/='
'elif'
Number: 67
Number: 55
Identifier: 'aC'
Identifier: 'asrb'
String: "K6uwTPuC1HA6X"
Identifier: 'dpKzWCqC'
Number: 7
String: "xySoSMbCmBxu32NuOcJt"
'/='
String: "UOnoEo2Hu"
String: "GL8FFIpqWe"
Number: 100
Identifier: 'ab21HCEj1O'
String: "uqTVHyJ"
Number: 89
Number: 19
'int'
Identifier: 'cJrd'
')'
'else'
Identifier: 'bZz'
'false'
Identifier: 'afW03'
String: "CrMA5vnOCtp1"
Identifier: 'ab'
Identifier: '_J'
'false'
Number: 58
String: "vw"
Number: 62
String: "XzsLy0PX3wYlC"
Identifier: 'az2I'
String: "0iFUr4"
Identifier: 'bVCK76WByA'
String: "cgI7qGXP fzVgvAJf"
'-'
String: "hJWNeWmZoNGS1O"
String: "ztDtmu03xp5ch1YZIr"
'['
Number: 20
Number: 64
'array'
'='
Number: 23
Number: 5
'['
Identifier: '_AEGY9y7'
'/'
';'
