'if'
'not'
'while'
Number: 100
'>='
Identifier: 'dnBms0snJNJ'
Number: 20
'-'
Identifier: 'dt5DSW9g'
'let'
'/='
String: "DqyUwAWCXs"
Identifier: 'bqeKsk'
Identifier: 'bqWZP7k2'
'not'
Identifier: '_mYOwR'
Number: 16
'if'
String: "Qx1OfXDQSlozNJd"
'else'
Number: 3
Identifier: 'a0rxAdr'
Identifier: 'agQrBMPOE0b'
Identifier: '_HusZTc'
'<='
'end'
Number: 73
'/='
'rem'
'['
String: "GZkncwr"
String: "Q"
Number: 67
Identifier: 'duWT6oy'
'else'
'<='
Identifier: '_sNh'
'input'
Identifier: 'bUDJ2QmrsOR'
Identifier: '_0kOTCOrTCR'
Number: 72
Identifier: 'b78B2'
'input'
'not'
Identifier: 'd7ha9z'
Number: 99
String: "RQFTJ9TSomE pD"
'/'
String: "v3eC vW"
'int'
'['
Identifier: '_FvuZmq'
String: "i"
Identifier: 'dGNjHxKFc'
String: "cCB8MtEeak2w4E"
Number: 86
