String: "UuwYAk2pKGTxHV"
Identifier: '_kV2JeS1sd'
'>='
String: "Zolt8CTtja NpwSlVW"
Identifier: 'dS0'
'array'
Number: 87
Identifier: 'aaJ0qfB8'
'rem'
Number: 11
'false'
'/'
'bool'
Identifier: 'aAwCIn'
Identifier: '_Uj86Ll'
Number: 56
Identifier: 'cO'
'+'
'program'
'rem'
Identifier: 'bqVLFGU'
String: "A6adi4N"
Number: 63
'<='
String: "UFy8RUY6NQ"
Identifier: 'bArJvo7hy'
Identifier: 'dSORrRPOv1'
Number: 87
Number: 95
'or'
Identifier: 'bPwjfPz3aaL'
'if'
String: "I2NglAiHCENdQZI"
String: "MKD"
Number: 66
Number: 73
'true'
'+'
'elif'
Number: 62
Identifier: 'czExOHM8'
Identifier: 'byt3tcsr3v'
':'
Number: 73
':'
'['
'['
String: "GWCx14xbez3Skjq7"
Identifier: 'a8BjWd'
String: "s4io2gO5b"
Identifier: 'aX0QlUq7n'
Number: 20
String: "4rkisjaz"
String: "8coIa4 fMyoJ"
'while'
')'
Number: 57
String: "FqM8qdyGTZMfZMGGmV"
Number: 82
String: "u P2jUHtIv8"
'false'
Number: 15
'if'
