Number: 47
';'
'return'
String: "c7xS5OfRi"
'end'
';'
'/='
'*'
Number: 43
'>='
'<='
Identifier: '_MS6F'
String: "VkFZgltdZekMoPCzTxXn"
Identifier: '_kcNg'
Number: 62
'-'
Number: 10
Number: 38
String: "NDA7Wp  "
String: "p6bVh"
Identifier: 'celA0xjUTyG'
String: "DFZA3"
'end'
Identifier: 'bfb9ttRs2'
Identifier: 'cJ1KxJi'
')'
Identifier: '_nSr'
Identifier: 'amO0B'
String: "EIuk"
Identifier: 'cHp5A'
'..'
String: "Eswz8V6infJu4OS"
Number: 12
Identifier: '_ncRMndKLUo'
'+'
String: "Ke9UFX"
'false'
Number: 99
Identifier: 'cosx8'
Number: 77
Number: 14
String: "286r4"
'program'
String: "DbS4EzagwmSOL2aWwF"
'chillax'
String: "Qwe2kukGg"
Number: 61
'false'
String: "tsxZKbMEwnhzn"
'and'
String: "1NxmGBuzM37mb25"
Identifier: 'cwWt'
