String: "xQ16V6Ww"
Identifier: '_HDs'
Identifier: '_Pm5tihmfp'
String: "CC"
'('
Identifier: '_H'
String: "MUkCm4PYR OsG"
Identifier: 'acONs4rzi'
Number: 4
'end'
'end'
String: "o4BFPBs"
'let'
'+'
'<'
'program'
'<'
Identifier: 'aBAXm8aiHI'
','
'..'
Identifier: 'beLGMI14FTx'
Identifier: 'af8yXQ'
Number: 95
String: "JB8KCkdAnrPC"
String: "QC"
'output'
String: "c"
String: "vFrxEnxicQF8UKZq"
Identifier: 'coFX'
Number: 55
']'
'array'
'let'
'('
Number: 45
'..'
';'
Identifier: 'btGw'
Number: 29
Identifier: 'c341'
'/'
'+'
String: "We3y"
'-'
Identifier: 'bx'
'bool'
'array'
String: "Od8V1Gc1Y8cM5YyG1sM"
Number: 82
'let'
Number: 22
Number: 95
'or'
String: "tTRK6DCGESjAHANCd"
'and'
'/'
'not'
String: "Cz"
'-'
