Identifier: 'aPL'
String: "Q"
Identifier: 'cRAF'
Identifier: 'ac'
'program'
Number: 49
'program'
'and'
'*'
'program'
Identifier: 'a1AGBcYn'
Identifier: 'cNQhKwlPLJ'
String: "fxjN5ZV6Y"
'let'
Number: 73
String: "iVVlhl2A8eQ5sATWbSzH"
Number: 6
String: "ckuwxE"
String: "FjmswUZcHlS"
'int'
'if'
Number: 4
Number: 98
String: "Ln2X0RXanwJI Bb"
'>'
'bool'
String: "ozqPqK9h32YLY"
','
'chillax'
String: "2"
'false'
String: "u42JaTg5emD7IgLRFrNH"
Identifier: 'aPR'
Number: 61
'-'
Identifier: 'bFS5xDz'
')'
Number: 13
'['
Number: 20
String: "0JE"
String: "P XrEsV"
Number: 32
Number: 50
'not'
Identifier: '_e'
'-'
String: "vwAEwiB1"
String: "wzVGsPV6CErj5qX"
'<='
Identifier: 'bGV9ZmZ2w'
Number: 22
Identifier: 'cOxBolOk'
Identifier: 'dVidVhpkf'
String: "JFUk8HGU tiR"
Number: 43
Identifier: 'aMjv'
Number: 87
Number: 45
Identifier: 'aqKUhh'
Identifier: 'bPaTy29UpM'
String: "oir4GS5QMEZ0q14q"
String: "6e6M5B484q"
Number: 84
'/='
String: "uqAuunL"
'..'
String: "lEH5f6RwgcQZj6APY"
String: "UwAhqaXADh2Gp"
Identifier: 'cCcxW'
Number: 43
Identifier: '_XFBaHpLgc'
String: "8e7N"
Number: 54
Number: 60
'='
String: "mPcmUgHoAt"
Identifier: 'cV9ur1'
String: "YWl"
Number: 20
Number: 91
Number: 67
Identifier: 'b1Omkl'
'*'
Number: 15
String: "fWm"
'let'
String: "Xtyc"
Identifier: 'dNp5eSvz6fS'
Number: 63
Identifier: 'bMlE'
Identifier: 'bnungGb'
String: "nOOlIN"
Identifier: 'aP5aUTbpSg'
Number: 52
'false'
String: " 88"
'else'
'<='
String: "KyVvZ"
Identifier: 'bCK'
Number: 77
String: " Z9kizrV"
Number: 29
';'
String: "U9ZEZuxhgo7h"
Identifier: 'agVIrxWff'
'rem'
'['
Identifier: 'd13KFIohrGg'
'+'
String: "8GS"
'if'
String: "zmKrkpvgI"
'rem'
']'
';'
'array'
'chillax'
String: "1iJubZjeaR"
String: "Q8"
String: "HCE"
Identifier: 'bv'
String: "5kasebq3a2xqM3"
')'
Identifier: 'cUcvg'
'int'
String: "O4PF"
String: "ZkWPHULFj0hyVPp2"
'>'
Identifier: '_NK8tNTpItB'
'int'
String: "GleWEPy9"
Identifier: 'bGQaav9Hy'
'false'
String: "sHw7UNOav4I6OKIS"
String: "0C9DZaz"
Identifier: 'bbXsJ7'
Number: 2
Number: 11
'..'
'<'
Identifier: 'bIQv2zPna'
Identifier: 'b6'
'else'
String: "Yf"
')'
']'
'/='
String: "SB0rrkr9 IsyB"
Number: 67
')'
'/='
'<='
Identifier: '_3G0XE93'
'while'
Identifier: 'b78oO4NH'
Identifier: 'cFKH'
Identifier: 'aHXMmLE'
Identifier: '_G12drH2'
Number: 70
Identifier: '_eYn'
'['
Number: 44
Identifier: 'cvKKE9C7'
Identifier: '_vEKy8aTn'
']'
String: "FfO2oV2117kaRBwUb"
Identifier: 'cs'
'array'
'else'
'not'
'bool'
'else'
String: "uUlFGoFMl4f"
'<='
'<'
'bool'
'while'
String: "Uge3kZ IcOf"
Identifier: 'cu1CGRog'
'<='
Identifier: 'dfSFXA4ZDN'
'rem'
String: "2gd"
Number: 15
'output'
String: "52G w"
Identifier: 'doXbvRKAkL'
'array'
Number: 2
'elif'
Number: 62
Number: 66
Identifier: 'bItmND'
'('
String: "83BvNW8MWmmpa0t3bd"
String: "h"
Identifier: 'afgfhugo'
'<'
','
Identifier: 'b1'
Identifier: 'c9kND77u1'
Number: 47
Identifier: '_4FzgA'
'or'
'if'
'or'
Identifier: 'aZIxGE'
String: "awJHJa jSLqN14"
Number: 11
Identifier: 'a4oazmO'
'while'
Identifier: '_qIcujTvGm'
'-'
'bool'
String: "x"
Identifier: 'aTlRmuO4'
