'end'
'return'
Number: 18
Identifier: 'aW'
Number: 3
'array'
Number: 71
Number: 78
'+'
Identifier: 'aDmgb1Pgx'
')'
Number: 42
String: "hgcsAoPSi29ayS"
'rem'
String: "OSVmqcJG5"
String: "Y4nFgnsTc"
Identifier: '_oI0tGe'
'chillax'
String: "zvkJcgmkE6nPXIq"
Identifier: 'cIMc88Px7k'
'else'
Identifier: 'dIhx'
'false'
'elif'
'rem'
'array'
'chillax'
Number: 55
String: "4"
'array'
String: "2"
Identifier: 'dwR4j4vtb4e'
Identifier: 'dwsoqwhL6n'
Identifier: 'cItS'
Number: 81
Identifier: 'aFoPiGlGwd'
Number: 42
'-'
Identifier: 'cJDEcFPV'
String: "uKHadcnL314kBJwW"
Number: 5
String: "RTTQY2yq"
Number: 29
Identifier: 'dKzLXDdq'
'rem'
Number: 92
String: "i"
String: "RKPDDIG"
String: "wdeqJ"
Number: 56
'elif'
Number: 51
'<'
Number: 68
';'
Identifier: 'ai'
Identifier: 'b7BtmdyNI'
String: "x5TIh5zVMq5xXO7u0I"
Number: 27
'array'
Identifier: 'bw'
'+'
Identifier: '_K2S4h4mMjv'
'program'
'else'
Identifier: 'bzvdO'
String: "bh6q6iWh2XVf48ApMCS"
Identifier: 'bVJL54gN4'
'<='
String: "D4ZdcM26kUj"
String: "ovvBoLY"
