Number: 91
String: "W3vdRkYdPa15R"
'false'
'return'
Number: 93
Identifier: 'cfU30M'
'return'
Identifier: '_QiFVI3Jpv6'
'program'
Identifier: 'bYe8a'
'['
'elif'
Number: 90
String: "Mwz6q"
Identifier: 'ctIua'
'/='
Identifier: 'dnJjcq'
'/='
'['
'/='
'..'
Identifier: 'bWYH7nJG'
Number: 11
Identifier: 'bCYVnBxlU'
Identifier: '_SVm9iMjb'
Number: 11
Identifier: 'dbl6T0'
Identifier: 'bn'
'output'
Number: 31
Number: 79
String: "VfllhPIVNcpgFcRTX7Pa"
Identifier: 'a5kS'
'end'
Number: 23
Identifier: 'bc8yVhFfCuA'
Identifier: '_GuRZIYP'
Identifier: 'ds'
Number: 66
Identifier: 'dKOW'
'rem'
'-'
Identifier: 'bS'
Number: 65
Number: 84
Identifier: 'bjiiAkYw7'
'false'
