'/'
String: "AKHd9yPAnIWL8"
Identifier: 'aGNtzTGh'
String: "hKIoiNLRVvNxaG"
'main'
Number: 52
'elif'
Number: 60
Identifier: 'ayNAodp3oRC'
String: "fulzcJYonghYzC"
'and'
Identifier: 'byd8xuWh'
String: "twsf"
String: "2ENc4l7"
Number: 9
'let'
Identifier: 'ahF5BGMy'
'main'
'if'
Identifier: 'bP'
Identifier: 'auzg2FMY'
Identifier: 'aIHnD0w7'
'end'
'program'
Number: 74
Identifier: 'bVva'
Identifier: 'bEmcHUIY2x'
String: "HPTh3"
'and'
String: "N1Izj1SRAD6N704wC"
']'
Identifier: 'd2ELanJQTKb'
'main'
'true'
'else'
'true'
Identifier: 'blwI1J9pnah'
'+'
Number: 21
Identifier: 'aufLd'
Identifier: 'cquwuJ3G'
Identifier: '_eZWdjmNQqL'
