':'
'='
Number: 6
String: "UdnQ"
Number: 19
Number: 40
Identifier: 'bmPVltub'
Identifier: 'aTeMetOgP'
'not'
'/'
String: "iZpwWrd0KXog5M"
'output'
Identifier: 'cOM1Ga'
Number: 36
Number: 2
Number: 81
Identifier: 'dXVyYfAM'
Identifier: '_3'
String: "uRA1Vu7IUIRISYtvo"
String: "z k"
':'
Number: 96
'/'
Identifier: '_NF'
Identifier: 'csm'
']'
'/='
'array'
Number: 22
'<='
'>'
String: " Nx0soggdpVm"
String: "eu25I2EU8igvwACT"
Identifier: 'aT0fYJCVhs1'
String: "i"
String: "XGT"
Identifier: 'dB2PTC'
Number: 31
Number: 2
String: "Fhg9I89i"
Identifier: 'a3g'
Number: 9
Number: 32
Number: 37
