'bool'
String: "BPCPYiq1tvnydg3ifJx"
'rem'
Identifier: 'd5Hx3k'
Identifier: '_xzUE8jJbY'
String: "mcJFEqCSGZrF T"
','
String: "2T"
Identifier: '_a'
'>'
Number: 13
'return'
String: "NrCWOQXksvYbQFw"
String: "dPgc18oNZBppMc"
String: "Jz9W9VByM6NfiuGDWWi5"
String: "3hSjDUM1gZrMtn0"
Identifier: 'c0QD41n'
Identifier: 'bim'
String: "tSOp82FJ"
'return'
Number: 17
String: "L43C YRDRRKcyz46"
String: "QqCbyPYN4aKTL7"
Identifier: '_s'
'output'
Number: 29
Identifier: 'buvck'
String: "y23L7u1bTagOsTpZG8D"
'and'
Identifier: '_xVwlyVFx'
String: "4eE0RTELknIu2vQ4GOcr"
String: "6VZ 59FkPZgFl"
Number: 94
'>='
Number: 45
Number: 59
','
Number: 58
'output'
String: "y9kKXRQNhzRbEkgA t"
Number: 96
String: "xLaUwTf2YtJWmc4i"
String: "k9o6smwQL41DnhF3tuaJ"
Number: 73
'>='
String: "O"
String: "tc1ebuSlQHKiOyX"
Identifier: '_5ia0b'
'<'
'false'
'+'
'*'
'not'
'='
String: "OGbjZAY25udsvh"
Number: 29
'>'
Number: 76
Identifier: 'ciH'
Identifier: '_02ESqvmIOH'
String: "i4dqUIbCD9qr8LA"
String: "ma2BESsY"
String: "IAbdzTfb3v6ZY"
'..'
Number: 51
Number: 24
String: "l24s 79SI"
String: "yQdm2KX LFmE2xza"
String: "G86cVsOVKyin5x"
Number: 18
'program'
Identifier: 'b1ih'
Identifier: 'cgypCaW4x'
Number: 45
Number: 23
Identifier: 'cE'
Identifier: 'aNuZsa'
'if'
Identifier: 'aB'
Number: 83
Number: 87
Identifier: 'blJRetDqed'
String: "4gywkPB2AF"
'+'
String: "WtZwedcy"
Number: 73
'and'
Number: 58
'or'
Number: 75
'['
']'
String: "8xYJiK93vg0QcCcUt"
