Identifier: 'aosJmBLGZU4'
'and'
Number: 39
'-'
Identifier: 'cZAZkhFKD'
Number: 16
'return'
Identifier: 'cXN82'
'bool'
'('
String: "b1cfZXn"
'return'
'<'
'<'
String: "AS"
String: "hkH99"
Identifier: '_e'
'true'
'<'
'elif'
Identifier: '_tDMcz2'
String: "8hNUgeEgmptHOhH"
Number: 1
'>='
'else'
Number: 68
Number: 55
String: "Em"
'['
String: "29wbIbCxa2BQ1KCnUU"
'chillax'
':'
'/'
Number: 90
String: "yeKjhanj8"
String: "deL3zguHTlUE7ebviuz"
String: "hKXMlUFh5o"
String: "YYcro"
'and'
String: "zUEL6tskBRqhxUu"
'false'
Number: 23
Number: 66
Identifier: 'dRn9NLKZKe'
'*'
Identifier: 'cmNv6QwIl'
Identifier: 'aAdHDCzPX17'
