String: "2g WoNatfT2f 1K"
Identifier: 'acf7XqeTrM'
String: "jdaPbtBFQP"
'rem'
String: "eNKwpB"
'if'
Identifier: 'dhq'
'main'
Identifier: 'ao2dwMjHA7P'
'rem'
String: "u6LA96HjdvuOryuHi2i"
String: "hs53IvsG"
Identifier: '_G6C2gT'
String: "npkB06vkr8n9qY82Fkeq"
String: "ynAHZg F6MNn"
Identifier: 'aGvHcnz'
String: "2P9v47jb7xO3"
':'
Number: 41
Number: 96
Identifier: 'a0azVV'
'elif'
'false'
'array'
'<'
Identifier: 'buNb6VKg'
'/='
','
'int'
'else'
Identifier: '_QKmiziFuk'
Identifier: 'bGerHPRCigW'
Identifier: 'dSrU0Wswj'
Identifier: 'bBf0fmLS'
','
Identifier: 'bVFPgi'
Number: 87
'/'
Identifier: 'dEqZj91eQ'
String: "FQoEzmHcy49KNT1"
'='
Number: 25
'while'
'main'
'/='
Number: 23
Identifier: 'aEEY65U0M3'
'rem'
'input'
Number: 54
Number: 39
';'
'while'
','
