Number: 94
'/'
String: "4tqr1"
'='
String: "MF2u4sAfwVh"
Identifier: 'dE'
Identifier: 'dopjE'
'output'
Number: 95
'main'
String: "hkm"
Number: 46
String: "ueg"
String: "hvol"
'bool'
'let'
Number: 96
'return'
'while'
Number: 65
Identifier: 'bZPCfeH0E'
Number: 68
String: "A 2M"
String: "1 "
Number: 38
'/='
String: "h9B82qASUfqMXa"
'/'
String: "4oU6x7274tspAx0wxpo"
Identifier: '_ifIl'
','
Number: 68
String: "yKUNK9ZmmIAjPx3"
Number: 27
'input'
String: "PteY9KrndJFhXe9Ej5lW"
')'
'*'
Identifier: 'bMGAY7ZPlZ'
'false'
'else'
'='
