Number: 45
Identifier: 'cOkde2mYY'
Identifier: 'cKOJhn4'
Number: 1
'main'
Identifier: 'ajLX'
Number: 7
Number: 14
Number: 71
String: "n2jmlpr"
Number: 24
']'
String: "10tLwT5gStdYDZA"
Number: 46
Number: 37
'or'
'<'
'='
'>='
String: "dSkq"
Number: 77
Number: 53
String: "9Qo5hygd2R"
'true'
String: "S967NRpP0VvWWn81q8"
'input'
'input'
Number: 12
String: "00oR"
'and'
Identifier: '_IrpCrtc'
Identifier: '_tb'
Identifier: '_w9h9rSU'
Number: 71
String: "wJ2oFKGV"
Identifier: 'amH'
'while'
Identifier: 'cKZM'
Identifier: 'bqQM3M'
'['
'('
'int'
Number: 75
String: "hmA1gD"
Number: 90
Number: 83
Identifier: 'aKU2'
Number: 58
Number: 2
Identifier: 'dD'
