String: "Qkd"
'if'
Identifier: 'cf2JX3an'
Identifier: 'cMMutxmtjGu'
String: "XWLlXjGpg2u5p3a"
String: "RdC3nAy"
'end'
'false'
String: "va"
String: "KLC5c"
String: " V4BTGn"
'elif'
Number: 95
Identifier: 'aClJacB'
'return'
String: "s5tE6"
Number: 79
Identifier: 'ba'
'='
String: "edFoGN607U5"
String: "u1ICkFy0vQYSmq1IFcSe"
Number: 56
String: "3hr8HQzB5EQYrLaJEH"
'<='
String: "qv"
String: "HaOsaBGwJp1STOY"
'while'
String: "DCCuJMFK  tLmLg5z5pB"
':'
'+'
String: "zKJpVH"
Number: 89
Identifier: 'cBxnPtiT6t2'
Number: 85
String: "sxNdGSqQsrVXnPEfF"
Number: 83
Identifier: 'bx3p6zGb'
'-'
Number: 52
'rem'
Identifier: 'a5Mmdzi25ai'
