'let'
Identifier: 'ch4Yktxq'
String: "bL9xLRKt4ECWemr4"
String: "veDeTzXO"
String: "RsYE82mH7tJSNSyHy"
Identifier: 'dCKs'
'/'
Identifier: '_nS'
Identifier: 'br'
'('
Identifier: 'cNhO0x'
Number: 60
String: "y"
'chillax'
Identifier: '_WXM7AVJgT'
'false'
String: "Y"
Number: 44
'return'
'array'
Identifier: 'al06iac'
'not'
Identifier: 'a2Fw1hlY'
'*'
Identifier: 'aG5eoKJ'
'while'
'elif'
Identifier: 'b8nd'
'return'
Number: 57
String: "Cf9Ny"
'elif'
'main'
String: "hOL7pS0lr"
Identifier: 'cmSi9jKBIK'
Number: 100
'>'
'true'
'/'
String: "ZUaguqYWrGVXcr"
'true'
Number: 96
String: "xqIy89JfDG"
String: "LFrSievNFL7O"
'rem'
'bool'
Identifier: '_l'
Identifier: 'bLS'
String: "0nC"
String: "pf"
Identifier: 'aJW3C'
Identifier: 'aEY7SmXCZ'
Identifier: 'copljEV9'
String: "E"
Identifier: 'cczb25dGl'
String: "uQgg0GbKZu45"
String: "GW4WMU4Gj95K9cKI3sp"
Number: 47
')'
String: "7cm3sgXSDkVpjRxclyR"
'true'
Identifier: 'dHK9NUgy9'
'main'
Identifier: 'adaUrvBlJw'
Number: 42
Number: 82
String: "LR5msXzjgo9XUG9 kh"
'bool'
Identifier: 'aU9'
