Identifier: 'bvzf61Ddl'
'bool'
'input'
Number: 27
'output'
'+'
Number: 92
String: "U"
Identifier: 'aLZro'
Identifier: 'cF27lg'
'>'
String: "1anLvSoq"
String: "SiwcYlk"
String: "w46Pi kTG7aZOa"
Identifier: 'c5SBX'
Identifier: '_JL'
Identifier: 'dvFN7Kd'
'or'
'if'
'output'
'<'
String: "IOGqtw07"
Identifier: 'aq'
'>'
Identifier: 'doTtv9gQES4'
Number: 92
Number: 92
'>='
String: "MFKHJQT04n5gu9"
'while'
'array'
':'
'..'
String: "UV8oSW"
Number: 82
'if'
Number: 58
String: "ErX4"
Identifier: 'aMTmgaBsC'
Number: 54
