Number: 4
Number: 11
Identifier: 'b7j4JIeU'
Identifier: '_RU9HwZ7A0I'
Identifier: 'dbHTx'
String: "DEhHwuall "
';'
String: "OJO1WQCYcldgS0D"
'false'
Number: 33
'and'
Number: 48
Number: 7
'rem'
'elif'
Identifier: 'dAm6cFo'
Identifier: 'bgQ7xBED'
String: "pM"
Number: 94
Identifier: 'dIK'
'>'
'+'
String: "MwYK7aTe"
','
'not'
'while'
Identifier: 'bfdHEmRg'
'chillax'
'..'
Number: 43
Number: 19
String: "S2Issf2kyV"
Number: 82
'<='
String: "6IgZlw"
Identifier: 'dl20'
'chillax'
Identifier: '_rUn6n5La'
'and'
Number: 14
String: "jZal5G"
'else'
Identifier: 'boPOLOFBPI'
Identifier: 'diqUD4Mcv'
'else'
'array'
String: "aTudyv"
'program'
'program'
String: "EQh3Ti"
'elif'
Number: 7
'='
Identifier: 'b9'
'>'
Identifier: 'dNBFa'
Identifier: '_Y'
'false'
Identifier: '_P'
Number: 25
'if'
'<'
String: "dknpq"
'if'
String: "mAgmMLIVZ"
'elif'
Identifier: 'dhF'
Identifier: 'bZRHE'
String: "NycbdlyQiCCNl"
'int'
Number: 12
String: "rvdk dfMIP3CIDSC2"
String: "hGj4I65KBue"
Number: 70
Identifier: 'bumDI8jpvx9'
'-'
'if'
'not'
Number: 76
String: "63PfFvkHfhBCVu"
String: "ZmTU6skP87VfYpk"
Identifier: 'bvwm3pDIrsL'
'let'
'*'
'end'
String: "4GBdpHJ7mxZ55E"
';'
'return'
Number: 37
'['
Identifier: 'a2DjAalD'
'='
Number: 18
String: "UfOs hZeDBueH5"
String: "48cTt7pD"
'bool'
String: "lJVQpFWkew4bNedLX"
')'
String: "mxlZrdB jOQ1W dE9"
'let'
Identifier: 'b8LoKioSh'
'let'
'output'
Identifier: 'crV'
']'
Number: 10
String: "Kn10TJAcw16RquT"
String: "8m0eTxyP0"
Identifier: '_xK7a3s'
