String: "VM"
'main'
String: "3RyPPHrE MFwr8cDGK"
Number: 74
Identifier: '_KyBCY'
String: "II5zZZ8QA"
Number: 99
Identifier: 'a8z'
Identifier: '_GSn27V1'
'while'
Number: 85
')'
String: "3"
'output'
'='
Number: 29
')'
'*'
Identifier: 'aU'
String: "Cdo3tjxv"
'+'
'>'
'rem'
Number: 86
String: "ntMnyRBLG9WNcio"
Number: 68
String: "QBTgf5"
'program'
String: "PSC8boj"
String: "u9OGT2p"
String: "vHJcr5"
'program'
String: "g"
'return'
String: "tz"
'not'
String: "N0CGyg"
'array'
Number: 16
String: "nqVuwkiDpA"
Number: 53
'chillax'
'not'
Number: 14
'if'
Identifier: 'dM'
'-'
'if'
Number: 7
Number: 60
'='
