'rem'
Number: 65
String: "CHQ4"
Identifier: 'cXl3'
')'
'/='
'array'
Number: 9
Identifier: '_rih'
'not'
Number: 72
Identifier: '_h'
Identifier: 'aXvpx0S'
Number: 26
'false'
'/='
Number: 56
';'
']'
String: "8cav"
Identifier: 'aix04XK3rYg'
Identifier: 'cLkWc9XV'
Identifier: 'dbgNbX'
Identifier: 'bg0LWxruQ'
Number: 89
Identifier: '_tLR6y3Dm'
Number: 49
Number: 95
String: "6N"
'int'
String: "42xm Nd9KjdnDtD7"
Identifier: '_8'
Number: 54
Identifier: 'dJaDaCWA'
')'
'true'
'>='
String: "A xab kTOa"
'('
Identifier: 'c3Zxrp'
String: "K"
Identifier: 'dS8PRVJWfZb'
Identifier: 'aekIM'
'input'
'<'
'..'
String: "o9QAWiyUESZEl45"
'rem'
String: "Unuoc9oZFYkM"
String: "pgZRuBwrysK6sqxvN3"
