'>='
Number: 69
'/='
Identifier: 'dRSSI'
Number: 97
':'
Number: 28
Number: 79
'let'
'+'
Number: 10
Identifier: 'bSIFsyro3fO'
Identifier: 'dtNkF'
'/='
'main'
Identifier: 'br'
'not'
String: " TQzfwI3tdxnThZ"
String: "NqNRebhMM1TpR85g"
Identifier: '_an52bcyq78'
'>'
String: "L48tzYyBg7VjOQd0Gm"
String: "ljd57dCTl0a8QYLYD"
'bool'
Number: 84
'and'
Identifier: '_7CEjA2'
String: "A0icyxrnxeL7ptwryjOA"
Identifier: 'aBNs'
Identifier: '_NMAyJAawUe'
String: "BEZeraPzaw"
'('
Identifier: '_zEk'
String: "g0JfooAXIaTfk6C"
String: "PogMahuTv9i5Ye"
String: "sOcieu01SvEFPIWw5pSv"
'/='
Number: 34
String: "Y2"
'('
Number: 28
'['
'bool'
Identifier: 'ct'
String: "BgZrOhy"
Identifier: 'aCvSxwl4vL4'
'..'
'main'
'let'
Identifier: 'dJxhhzakk8F'
String: "TAK2XmULAJeI"
String: "3L233slGc"
Identifier: '_wKk'
'not'
String: "laDrROmiT"
';'
Identifier: 'do'
Identifier: 'bz2E'
String: "4KJJth QMgNTJF3v8CT"
'int'
Number: 49
Number: 75
Number: 71
'let'
String: "Ae7MCg chJu"
Identifier: 'dwVlZjUsD9L'
String: "SNQeWOFvgec"
String: "3hMERihvOR"
'..'
Number: 53
Identifier: 'bxNlfBvOjFe'
Identifier: 'bpbV'
Number: 48
'['
Identifier: '_u'
Number: 10
Identifier: '_yn1A'
Identifier: 'aeKrvXKdy'
'*'
'*'
Number: 40
