'bool'
Identifier: 'aH'
'array'
'end'
'>='
Number: 69
Identifier: 'bn0FEC'
Identifier: 'aC'
String: "iy"
Number: 76
'chillax'
String: "wMUCT2ymkCOGiFy2koA"
String: "uHF6SqyaAI0tfC2wu"
Number: 86
'and'
String: "tnyoMQV23ZONGOb"
Number: 60
String: "vJbXB6gOhhPg8oe"
String: "cMc"
'+'
Number: 6
Identifier: 'dQi'
Number: 81
Number: 99
Identifier: 'aHOXmYvj'
'or'
Identifier: '_V29HRd30'
Identifier: 'arGBqThkO7'
Number: 11
String: "ry"
Number: 76
']'
Identifier: 'aX8kSHYfHV'
')'
String: "Y3a4gR"
Identifier: 'dy'
Identifier: 'cSsCbq'
Identifier: 'd9SVlnFwqfX'
String: "Wp1iI4vWnrbyeeTzIVWE"
Number: 8
Number: 7
String: "b"
Identifier: 'aOMGGh'
'let'
'true'
Number: 98
Number: 57
String: "oGLF9MGQY"
'-'
String: "x5vcvUCALLjJO"
']'
Identifier: '_fP6xkF'
Number: 79
']'
Number: 79
String: "Mg8wb7dT"
Identifier: 'bxDU9Ie'
'input'
'<='
Number: 67
Identifier: 'ajbiKZZ'
String: "TmQ"
'and'
'<'
Identifier: 'axbeFH6Mk'
Number: 31
Identifier: 'cA81VO'
String: "tZROh"
'else'
String: "Lf7bWEQ"
Identifier: 'bjdT'
String: "9R"
Identifier: 'aAp'
Identifier: '_FzrTUbP'
String: "s2"
'*'
':'
Number: 56
':'
String: "bcb5Gts2MUSfSlTRT86"
String: "OVWJSvyDkJZXVb"
'elif'
'true'
'*'
'while'
String: "9HQ 05FxEyzyf"
String: "h0IXzumqsOH3JE"
Number: 98
'and'
'-'
'<'
Identifier: 'cqljdQYS'
'return'
']'
String: "rzJh6a8"
'['
Number: 57
'or'
Identifier: 'ayDJRexSZg'
