'output'
Number: 31
Number: 38
'while'
'not'
Identifier: 'bAK'
'<='
String: "WVteuX6ws"
Number: 4
'main'
String: "eUvQJDt9"
'input'
'or'
'('
String: "yH89X7565gVu2m5JGL"
Number: 19
'not'
Number: 1
Number: 42
Identifier: 'dg'
Identifier: '_JQ1K'
Number: 25
Number: 69
'int'
Number: 91
Identifier: '_nRSLm8G8'
Number: 93
String: "mwPsoE6A"
String: "9VxD2IvDMJo 9wIbAO"
Number: 27
'>='
']'
Number: 49
Number: 26
Number: 44
Identifier: '_BAQ'
Number: 60
Identifier: '_4fxX6A'
Identifier: 'cl'
String: "oPKGcVPjMKte3qwK8H"
Identifier: '_W'
Number: 16
'main'
'='
String: "MZhrBR1DEm0JB8"
'*'
'else'
String: "wd481E5Bo"
Number: 39
'<='
String: "zzcfxaqFC54E"
'return'
Identifier: 'd52WwRnHCU'
'/='
Identifier: 'bCONGYR3'
'<='
':'
Identifier: 'c2AwgmRx'
'and'
'elif'
Number: 96
String: "eZe4bc6yJQx"
String: "CdsUsSY9MQxoL"
Number: 93
Number: 23
Identifier: 'aWguAl'
Identifier: 'a1DvrLy6'
Identifier: '_7syFK16MJ'
'true'
String: "BykhIH9f"
String: "WnEMItk62dDLAS0mu5l"
Number: 40
String: "9rEg0J"
Identifier: '_i'
String: "zOFWn"
':'
Number: 82
Identifier: 'ddX5ok35B5'
'['
'or'
'int'
Identifier: 'bn59'
Identifier: 'cW'
Number: 81
String: "ECgi7c7AIrVUinOWzEuQ"
Identifier: 'dsK1MQ1J'
String: "e0OJA40WETIDb fiU"
String: "Bl0rTlJwkt1Pc"
':'
Identifier: '_FTjaxV'
String: "44KF2zTxeIzzasKNx"
Identifier: 'aflm5'
Number: 56
Number: 83
'elif'
Identifier: '_9Gxf'
'>='
'and'
Number: 3
