Number: 17
Identifier: 'cM9syt'
String: "yVB7jUTU5cs"
String: "SEAPXI"
'main'
String: "s NQngosrW7NES"
String: "qo"
String: "uPfVYaClaRfaQIcfqr"
Number: 35
Identifier: '_Wk'
'true'
'and'
String: "5x38UCsT"
String: " LUmALS"
Number: 100
String: "STLv83dnthNS"
Number: 75
'*'
Number: 76
Number: 85
'int'
Number: 27
'and'
Identifier: 'cCwJCby'
'not'
Number: 30
Number: 24
Identifier: 'cCknq'
String: "8Fwuxzazk1dvQQQcYn"
Identifier: 'af6GuIwC2F'
String: "XBZaKI bw2f7EAg"
']'
'('
String: "req"
String: "mrWH"
'-'
Number: 52
'>'
Number: 93
String: "Q0xNZdQVI56"
Identifier: 'aZV9U3Tzx7'
'false'
Number: 16
String: "7ilxsti6GCUeHAJ"
'..'
'main'
Identifier: 'cu88'
')'
String: "uPD2LgO"
Number: 60
'let'
