'input'
'input'
'('
'..'
'or'
'if'
String: "NN3zLwWlQBBCB8mH Ln"
Number: 26
Number: 65
'<'
Identifier: 'blQMT3OQm'
String: "Lj4kb8nt3De4KrHr"
'chillax'
'output'
String: "TjhGN"
'('
Identifier: '_nRNR2'
Number: 77
'['
':'
'..'
String: "tk"
Identifier: 'cSQa'
String: "ow3I3EEu"
Identifier: 'bfq1PWZmX'
'<'
Number: 77
String: "9O2ttcxB7vXuaI8"
String: "sgsqNLCfo7pISJza"
Number: 8
String: "svu8ohoH11"
'<'
Number: 65
String: "ixy2HQZaPCDEC30r"
':'
String: "jUgRqG"
'else'
Identifier: 'dxK'
String: "6bu8YQKDt"
Identifier: 'dFe29Fejd'
String: "AgwwD"
'elif'
'>='
Number: 90
Identifier: 'dCJGus'
String: "v8YMwEO"
'<='
'/='
'='
Number: 92
String: "Nytxn3gcALQ8XZkCdt"
')'
'main'
String: "uWMVMLB2Ax4"
'+'
Number: 69
Identifier: 'ak6FYjMUjB5'
String: "cbz7Qm5fFqTSRZJg"
Identifier: 'cedPs43Xdbx'
Identifier: 'bajTE'
Number: 76
'*'
':'
String: "v6jLA"
Number: 16
Number: 69
'>'
Number: 47
String: "z9PmR2Xv"
String: "16LVeu Jp2y"
String: "RhRusVBt"
'program'
String: "yPlHXEW4s"
String: " ATgnGy4QJwVnCKRTphd"
';'
Identifier: 'aZZ'
String: "BFtOTx"
String: "cXrG7XfqeO1ahbItOe"
String: "LaObvC"
';'
String: "F3UmGv6PupP"
'int'
'main'
'return'
String: "TsJg0bt6AE05rbvQZa7w"
Identifier: '_u'
'end'
'else'
'main'
Number: 16
Identifier: '_NP8'
Number: 89
Number: 67
Identifier: '_hB'
Number: 94
String: "uOJC0JvYLj77bX5LGZq"
String: "Wklp33KbEb"
'else'
Identifier: 'bco9D'
Identifier: 'babVA3N2'
Number: 96
')'
Identifier: 'cJnRxobM'
'<='
'while'
Number: 35
'<'
String: "5m9yPklN6eAq"
'chillax'
';'
Number: 48
'true'
String: "gH Bot5 "
','
'rem'
'array'
Identifier: 'bNBBP'
'program'
'bool'
'else'
'>='
String: "M gPKACLdYrQ4IyX"
Identifier: 'bv'
'false'
'-'
String: "8D5E0HYN EFW3EBaOG6W"
Identifier: 'c7pjd'
Number: 84
Identifier: '_a5tz'
String: "0mkjmO P9"
String: "sbBeLIkr9W5Wtj"
Number: 83
Number: 84
String: "bPUgV507CGt7"
'<'
Number: 10
Number: 9
String: "46YVQmm9mShRhsX2WTh"
'output'
'or'
'>='
Identifier: 'do7vxpKi'
String: "W5vYD"
String: "Hva1"
Identifier: 'b7rar'
Number: 67
String: "7damspCj1wd3"
'end'
String: "E5j0gTRr7gF"
String: "WOy7y4p3EjxJu"
'let'
Number: 48
'not'
String: "FA"
