'elif'
Identifier: 'dYuAa'
'not'
Number: 23
Identifier: 'd7ZDFaD'
Identifier: 'b9PAPTr4A'
String: "05J"
String: "FwUxi"
String: "x7Hy"
'['
Identifier: '_jzvQCg'
Number: 90
'/='
Number: 72
String: "pcr839jsQPCSJOn"
'bool'
'return'
Number: 22
Number: 38
Identifier: 'dx5gXud2Pql'
'>='
'input'
'/='
Identifier: 'ahttDM'
Identifier: 'bcEzPLk'
'rem'
'false'
Number: 38
Number: 95
Number: 2
'>'
String: "0Ygn8VzSnFNN"
'..'
'or'
'or'
'<'
'<'
Number: 35
'<='
String: "mgHTBPoua6yuCV9hPB2"
Number: 17
String: "1AR6 c0vq"
Identifier: '_ZsB'
Identifier: '_OpxADQeTa'
'or'
String: "c AN3d"
'main'
'-'
'output'
String: " YfHUHTwblm PR4ViX"
'='
Number: 98
Number: 96
'not'
'let'
String: "e36cMC"
String: "HkSIqrKQYexmNsd3QB"
'/='
String: "ThUD6rJcMxKP5lY"
'end'
Identifier: 'afcD'
