'input'
'and'
'if'
Identifier: '_dfbsjPtq'
'>='
'output'
'+'
Number: 43
','
':'
Identifier: 'bMNk'
Number: 7
Identifier: 'dJgzW'
Number: 88
String: "Qp5aKXaBO dp8Rpy"
'or'
';'
Number: 65
Number: 100
Identifier: 'aU'
String: "PAXrA6nEY"
'end'
Identifier: 'bfHHyHaq4xv'
']'
Number: 14
Identifier: 'cVA'
Number: 84
Number: 61
'('
Number: 54
Number: 9
'-'
String: "QOn5"
Number: 36
','
Identifier: 'cuDP0PW1'
'chillax'
String: "1a"
'if'
'return'
Identifier: 'c6'
Identifier: 'dhYQ8UPYSZ'
'while'
'elif'
String: "D"
Number: 20
Identifier: 'bhkE'
Identifier: 'daLHhw'
Number: 99
'while'
Identifier: 'bj5AjD9N'
'false'
String: "sxgSoftrF"
Identifier: 'a2JEwflHa'
String: "HDW55PjmxbdDB"
Number: 41
Identifier: '_RQW'
Identifier: '_1C16BPr'
Identifier: '_kIIMF'
';'
Identifier: 'b9ThZY1THMp'
String: "vSr5LK5mz58EQMvv8"
String: "m"
'/'
Number: 12
'return'
Number: 80
Identifier: 'cvbQDB0J'
'program'
String: "4N06bacw"
','
Number: 67
'<='
Identifier: 'dYeq'
Identifier: 'd3NaV'
']'
Identifier: '_3JID'
String: "vmo7lF3O61aoIq"
Identifier: 'bbYq7CqHLIY'
','
';'
