'..'
Identifier: '_SRrv'
String: "VEif"
')'
Identifier: 'bfbcXzc'
'while'
'output'
Number: 86
')'
Identifier: '_qpB5FmEp'
Identifier: 'dM'
'false'
'-'
String: "jPkPWMDI6liQesR5Wr"
Identifier: 'ax'
'program'
Number: 40
'main'
'('
'or'
'let'
'['
'not'
Number: 14
'/'
']'
'<'
String: "S Ozl5eoaSXWbv13IOFl"
Number: 10
'array'
Identifier: '_FeP9F'
','
'bool'
Identifier: '_Q'
Identifier: 'a5giqC'
'='
Identifier: 'c3LWQnIN'
String: "Ynmh9XrxB"
Identifier: 'aeC3ogt1yA'
Number: 76
String: "7ReRAnwYGoXlI5R5js35"
'['
String: "DN213 5XEm"
String: "HVJ"
Identifier: 'd2yr4'
'['
Number: 20
Number: 45
'if'
Identifier: '_C69sEl'
'['
