String: "V1z"
'program'
Number: 45
Identifier: '_tGJ1m'
'return'
String: "Q"
'input'
Identifier: 'cltSjfYSN'
'='
String: "EkCVM"
Identifier: 'c0GX'
Identifier: 'bC4pl4EEkLH'
Identifier: 'bT5EY9GXe'
String: "V9M6vPn"
Number: 94
Number: 55
Identifier: 'bHt4dy7OtvI'
String: "ORROCkshkOC1agrneEK"
String: "ihSs"
String: "F7sm0iZJFzsK"
Number: 75
']'
String: "3Pb6P"
Number: 26
'program'
'return'
String: "ltDPZvhxk Vyf"
Number: 59
Number: 43
Identifier: 'a2V8kb'
Number: 73
Number: 54
'false'
Identifier: 'daN'
String: "plohCxlsGObMDqTEFiL"
'+'
Number: 67
String: "4GXkE5jdx4ery3qM"
Identifier: 'bwOj'
String: "xH"
Number: 56
','
String: "Nf0k"
Identifier: 'dAl'
