'='
'main'
Identifier: '_1xP'
String: "coEEOWz"
'false'
String: "QaYJqoBWm5mYL"
'array'
'='
Identifier: 'cbKOHEgcm79'
Number: 14
Number: 68
String: "Z"
Number: 33
Number: 83
String: "6tERZXWATFSBwf"
'<'
String: "UXd"
Identifier: 'bsoL8E7i'
Number: 9
Identifier: 'dyk'
String: "YCWH"
'..'
Number: 23
String: "MpwT9JbyjtaHSU"
Number: 3
'not'
'/='
String: "Pn HussCqJ"
Identifier: 'aVC4uXC30'
Number: 23
'and'
Identifier: 'dxiZQ'
String: "oOOHBcA"
Identifier: 'd3'
'-'
')'
String: "km "
String: "1Lq2uoRoiL9b5"
','
Number: 45
'else'
Number: 64
String: "0kqIAOShDAm3tT6P"
Identifier: 'dQ59HM'
String: "p BT"
'-'
','
String: "DyoDN6 iqWJi qe"
Number: 40
Number: 91
'('
String: "Msz"
String: "Ev7I0tsecnSgJ"
'not'
'<='
Identifier: 'aNWOXKn'
Number: 20
