Identifier: '_xQWCDWqO'
Number: 15
String: "D"
Identifier: 'bUlZlpEJgGc'
'true'
Number: 53
Number: 70
Number: 54
'='
'else'
'input'
'output'
String: "V5yxBpS2m4Ly"
Number: 21
Number: 44
'false'
String: "EnCBQpueimGrLRg0"
Identifier: 'cuzcM'
Identifier: '_Ew6'
Number: 17
'['
'('
Identifier: 'avH7CwBNiD'
'program'
'<='
Identifier: 'a0FvJhZnJSc'
String: "k"
String: "u1gW7Wp5Qk1f7kk"
'<'
Identifier: 'bw6XnH7hS'
Number: 36
Identifier: 'b1b71ywiAe5'
String: "klQRIfMu"
String: "D9rneo6rHqbYI"
Identifier: 'aVFvQsot7'
Identifier: '_aCKyW'
Number: 83
Number: 70
']'
Identifier: '_q'
Identifier: 'av0i0'
'and'
'+'
String: "rLJjo"
String: "jZX"
Identifier: 'dZx4qVR55p'
Number: 41
Number: 39
'end'
'elif'
'end'
'and'
':'
Identifier: 'dfZ5uejbh'
'/'
Number: 20
'output'
'+'
'let'
','
Number: 84
String: "uKRLrO4aQwGIza aYYF"
String: "evFB1"
String: "oPhLYh7O9fY9u5b8"
'<'
Number: 94
Number: 95
Number: 100
'output'
'input'
'('
'main'
Identifier: 'due3s4ePv'
Identifier: 'axQ9BL0d'
String: "5m"
String: "0xlJKuPqU3Px6"
';'
'int'
'>'
Number: 67
','
'/='
'else'
'true'
String: "ZQ"
'false'
'bool'
Identifier: '_x'
'return'
String: "Ka3N 0xLdV"
String: "O9q4cdHY"
Number: 38
'rem'
Identifier: '_QR8ubQ'
'input'
'else'
String: "T O4UclPgi7kZUx"
Number: 21
String: "guTZMfn3AO5n9"
'bool'
Identifier: 'cfeBFalFum4'
'='
String: "XMrh"
Identifier: 'ap3QfN'
':'
Identifier: 'acrBgnzVn'
'or'
'array'
Number: 53
'let'
Identifier: 'b9e9iAo'
';'
'or'
'bool'
'bool'
String: "BLlLExFGHWkSGA2Gdz"
'..'
Identifier: 'bzUWNZpn'
String: "BRaQRBxOzNsXgh"
'*'
Identifier: 'cnFz'
'elif'
'/'
'if'
'else'
