String: "iR g04GxD8Dpoz"
String: "QimkRq7QB76OQo63pfi"
','
')'
String: "QHrcDSn zbeGoAydE3G"
String: "kqCITWi GUNHjb"
String: "UtG972QhFI8ErCe3OCR"
']'
Identifier: 'c29w5XIHK9'
Identifier: 'cbg'
String: "UYu"
Identifier: 'cVn'
Identifier: 'buyYtnvszLu'
Identifier: 'a7'
Identifier: 'abdRmo'
'true'
'+'
Identifier: 'da'
'/='
Number: 49
'>='
Number: 64
String: "fJ"
String: "LjEpaY"
'*'
'>'
Identifier: '_eg5jB'
'chillax'
String: "vZtrKRfdZhTsk6j"
Identifier: 'bvt4d28dx'
Number: 51
Identifier: 'bocgwvoOT'
String: "HTCeB3WH4JqBCoXUPk"
'main'
Number: 14
