String: "grdGjF"
String: "9sJB4jorv"
'if'
'rem'
'elif'
Identifier: 'cgDVOJmA6r2'
String: "TXPWdJ 1gl1GR1Y"
Number: 50
'>'
Number: 72
'*'
Number: 51
'program'
Identifier: 'aikbgqc2l'
Identifier: 'b0RXI7b'
Identifier: 'djLCV8ZE'
'else'
'<'
Number: 24
Number: 82
String: "GtAop4FX 7VNQsW"
Number: 94
Identifier: '_JG'
String: "xElUfNLH7qo"
String: "Itpm51"
'end'
'='
'true'
'else'
Identifier: 'b1G1d7S'
Identifier: 'cwwS7XqUR'
Identifier: '_ZWO5'
Number: 87
Number: 2
Number: 58
String: "u6dnT5A9K"
':'
Identifier: 'dS1'
'='
'main'
'output'
'input'
Identifier: '_DvGGG6xQ'
Identifier: '_oohAR'
'+'
Identifier: '_BIiZB3q'
Identifier: 'd94gjkysY'
'>='
'rem'
String: "WRRAIyMAAobXb"
String: "hY kpq"
'return'
'('
Identifier: 'aiE6m'
Number: 69
Identifier: 'cMNlqxNz'
Number: 93
'('
'output'
Number: 4
String: "Poq NBmm"
'..'
':'
'input'
'>='
'int'
'end'
Identifier: 'auL'
String: "3aj 9G"
String: "2BkHUkuNMF"
Number: 27
'return'
String: "1rz0bcJHt2IA29l"
'>='
Number: 55
'end'
Identifier: '_3LbUY9xl'
'while'
'<='
'rem'
Identifier: 'dwW4'
Number: 9
Identifier: 'cd5QP'
