'['
String: "IQy2GoCL6M0DHPN4Vkw"
Number: 62
'>'
Number: 67
Identifier: 'dSShdHE'
Number: 94
'*'
Number: 55
Number: 60
'>'
Number: 3
'main'
Identifier: 'bjWX'
'not'
String: "TLWCKpal4KI7MYTG"
'>='
Number: 79
'false'
Identifier: 'ciFy4mfnHk'
Identifier: '_gy'
String: "GutDFsIaXxg"
Identifier: '_9'
Number: 72
Identifier: '_hD8'
'['
String: "3pmtTxDnb"
')'
'/'
String: "D2QWTHn0coE0l"
';'
Number: 18
String: "l hizyncNSYFYA7 FGF"
';'
String: "pRBpppGngsviD1ty3"
Identifier: 'cLwW5a'
Number: 19
'bool'
';'
'/'
Identifier: 'ckmrLUVj'
Number: 48
Number: 52
String: "qDB"
String: "w6"
'('
Number: 52
'elif'
Identifier: 'co1VR'
String: "iHFuxNekbfGVEVPGKb0g"
String: "EAZ"
String: "sETyFTP UnLorK8JAXs"
Number: 91
