Identifier: '_m7UAq'
Number: 3
Identifier: 'aP1p'
')'
Number: 25
Identifier: 'bfr1DDwG'
Number: 13
'if'
String: "ED"
'program'
String: "QKpHl6Y5V3tGr"
'+'
Identifier: 'dJRA94'
'+'
String: "TI5KV9rc R5"
'false'
'false'
Number: 74
'int'
'or'
'end'
'>='
Number: 34
String: "GF5"
';'
Identifier: 'avHj'
Number: 36
Number: 22
Number: 74
'end'
'>'
String: "VdujjGdDG1cXLemCQFG"
'false'
Number: 85
Identifier: '_Py3YSBXD7q'
Number: 66
Number: 63
'true'
'input'
String: "F9rmbDPz 6"
'program'
String: "wEXqqda"
String: "M7wpQJ88S9ABCmNZcFY"
':'
'<='
Identifier: 'cM0pree'
'end'
Number: 66
String: "7P8q514Jk8Tpiigvy"
Number: 12
Identifier: '_WXq'
'bool'
'>='
Identifier: '_YtEl'
Identifier: '_j15o'
Number: 51
Identifier: 'cNCZE1LT'
Number: 15
String: "5bgVk"
'elif'
':'
String: "ftkfpzscLl"
'('
Number: 35
'rem'
'('
Number: 17
Identifier: '_3ZwTt7'
Number: 5
';'
Number: 11
'='
Number: 100
'output'
Identifier: 'cZE3s'
Identifier: 'aQy3MZd1OI2'
Identifier: 'awP'
'bool'
Identifier: 'bktqwERW'
String: "0etHsC"
String: "b0"
','
'end'
String: "GLmIf"
String: "XqGsx"
Identifier: 'dR'
Number: 100
'-'
'return'
Number: 47
','
'while'
'chillax'
Number: 100
'>='
Identifier: 'amyOHhe'
'*'
Identifier: '_L9EV98Z4'
'program'
Number: 90
Number: 78
'not'
String: "Nb"
'>'
'else'
String: "6yMOKbhEkfQnJai"
Identifier: 'bktN'
'/'
String: "A"
'-'
Identifier: 'deD04LHhw'
';'
Number: 65
Number: 19
Identifier: 'bKpzp0VCxA7'
'..'
Number: 64
'elif'
'>='
'output'
Identifier: '_Z2'
Number: 78
'['
']'
Identifier: 'dkVYvvg'
'return'
String: "WHJYTPCVh9WhDk"
String: "ChmW0M5R"
String: "f9ZmoXGtnAfT"
Identifier: '_muzNksDG'
'input'
'true'
Number: 1
Identifier: 'cBH'
