String: "XXDzB43Oa"
String: "YzvDsdF"
','
Number: 8
Number: 67
Number: 8
String: "s7sflyuOFbRHDAw"
'/='
'if'
Number: 17
Identifier: 'b0vUN3jKybb'
Number: 19
'else'
'or'
Identifier: 'd47YYwE6mi'
String: "NmFeR UA4yztUhAMO"
','
Number: 99
'input'
'('
Identifier: 'b5rZh0'
Number: 84
'<='
Number: 13
'>'
'/'
Identifier: 'chWw3'
'end'
'-'
Number: 18
Identifier: '_12Vn'
Number: 60
'chillax'
'..'
Identifier: 'axbTr'
'+'
'not'
Number: 76
Number: 1
Number: 84
','
'else'
Number: 69
String: "TII4V"
Identifier: 'anQZE'
'int'
'bool'
Identifier: '_vAQqwMlZ6I'
'elif'
String: "dtpOu66IQ3YL"
String: "n1kD6RbXjM"
