Number: 60
String: "Pbe80lWL"
String: "RVnuVa1wOD2zi"
'return'
Number: 7
'+'
'program'
'let'
Number: 32
'int'
Identifier: 'a6VOXG1'
Number: 5
'/='
String: "8g4Mf5NSTee5"
String: "OeV"
'bool'
'output'
'or'
String: "98 Xnvdqo"
String: "aV"
'and'
'input'
'return'
'rem'
'or'
String: "evN9EhSTi0IG1wlV"
Number: 76
'let'
Identifier: 'a8'
String: "F7VF"
String: "T0OfBoO9"
Identifier: 'cTu'
String: "FbuGr24mxg ufFtZpY"
String: "wgPRhgy2W8df9"
'end'
Identifier: '_jba8FKp71p'
String: "Dp"
Identifier: '_oADIlEJyH6'
