'input'
Identifier: 'dFg'
Identifier: 'bwcE'
Identifier: 'aTXAd'
String: "brqsM"
String: "xw7fQ NjOroG088V"
Number: 5
Number: 74
Number: 90
'/='
String: "5SSH8Imk"
Identifier: 'cG'
String: "g"
'while'
String: "yikRt0Vt3dMera4"
Number: 2
String: "DCEpeKiTadVE3K8kb"
'else'
Number: 29
'/='
'if'
'<='
'>'
Number: 27
'output'
Identifier: 'dyjAZnDBp'
'not'
Number: 32
Number: 64
String: "i MrpzHEr"
Identifier: 'c9sBsbGxpX0'
Identifier: '_bxf10v'
Identifier: 'bJ'
'while'
'main'
String: "zvAvNFf"
Identifier: 'decGV'
Identifier: 'bIeUVo'
String: "wdwkbqUgJFNGN9NQ7o5"
Number: 22
