'program'
'<='
'<='
String: "Epn7rlNTUO ZJS"
'chillax'
'..'
Identifier: '_PMibRuilW2'
Number: 48
'bool'
Number: 99
Number: 57
Number: 5
String: "S4jKoK"
Identifier: 'bZcfn2Q'
String: "X"
Number: 25
'['
String: "uqbFHEjo5"
Number: 74
':'
Identifier: 'dE'
Number: 46
String: "7iMMIQiC"
Identifier: 'a8BL6EehUsx'
Number: 61
String: "6B488t"
Identifier: 'a3rZzIr1M'
'array'
String: "6DTQbvv"
String: "hXOZGKKY9l5dDU"
String: "WMD"
Number: 97
Identifier: 'cAXSzfCn'
'>'
Number: 29
Number: 64
String: "uWo 33CPkN"
Number: 8
Identifier: '_AUIuLQMzn'
'end'
','
'['
'if'
'let'
'and'
'/'
Identifier: '_41XFy0iGQr'
String: "dEKBUMiDUpFl"
String: "fGu BlOk6fb3"
Identifier: 'dikSXS6LB'
