Identifier: '_lSrU'
String: "NF"
Identifier: 'dw0XY2M3'
Number: 49
String: "TUU"
'<='
'if'
'not'
Identifier: 'dr8EqQG'
Number: 40
','
String: "Wsz05ksfNvuvcUqKEIe5"
'='
'chillax'
'/'
String: "Jlm4v1DRq3FTG4"
Number: 43
String: "6jWb2di3aBRQRm"
Number: 96
String: "5Ao5oQugvjGy2"
'array'
String: "ARdyPCWfuw"
Identifier: 'bor171ZHwvr'
'and'
'-'
Identifier: 'c1'
Identifier: '_0v2MnF7h'
'end'
'chillax'
Identifier: '_07c'
Identifier: 'atmV'
'not'
'return'
'true'
Identifier: 'cUaCwu'
'<'
Identifier: 'dP'
Identifier: 'cg7zDqmuQFk'
'int'
':'
String: "mitBqvcwD0m"
Number: 1
String: "FkVE4kZIFfOoBjKg8"
Number: 44
Identifier: 'dlDVKZ'
'['
String: "8"
'false'
String: "UytXvewyDQ"
'='
