String: "7qQrWJ"
String: "IEtklIz1bPL4QiEi"
String: "OA3N"
'false'
Identifier: '_e8pj'
Number: 13
')'
String: "e"
Identifier: 'dBFiZbe'
Number: 84
Identifier: '_rGPEUVUHm'
Identifier: 'cfXF3qntBN'
String: "j g2kJHInuUPeACCl7Z"
Identifier: 'bO5BtiN8nm'
Number: 64
Identifier: '_bWp'
'if'
Identifier: '_BoPUYLr'
'or'
Identifier: 'ard0INiWW2z'
']'
'-'
'output'
'/='
'return'
'while'
'bool'
Identifier: '_rrgoYRS'
'not'
Identifier: 'b8IF7ezo'
String: "Cn3ZVyxKIXNqIGU"
Identifier: '_waWaCtCPyl'
'main'
'while'
Identifier: 'bEVHotC'
','
')'
Number: 51
'program'
