String: "7Mn"
'('
Identifier: 'cP8U'
Identifier: 'cozmPmCKll4'
Identifier: '_qJ2Bouc'
String: "OVEr0t"
'['
Identifier: 'dkw'
'false'
Number: 51
String: "ng0TbzS6eO"
String: "wuYisQI71"
Identifier: '_W'
':'
String: "HWbDzTVHXdS rmUyJ"
'output'
'return'
Number: 69
String: "XGyjzVbWxcu"
Number: 20
';'
'-'
String: "9GTFai28"
'<'
Identifier: '_AWv'
'>='
Identifier: 'dVvcdPNrk'
';'
'while'
Identifier: 'auNNW3RJf'
'bool'
'false'
'='
'output'
'int'
String: "qUiA9 XBgrIWKKss"
'if'
Number: 56
Identifier: '_K8VIyCVo'
Identifier: '_eNuM5S361h'
'-'
'..'
'='
String: "K92U"
String: "LyWdzsShR"
