'<'
'main'
'end'
','
String: "l7OFmB28a0JFcoBAm"
'array'
Number: 31
Identifier: '_uUaoEpX'
Number: 19
'main'
'true'
String: "NCSYbK33mkbH"
'and'
Identifier: '_i51TC'
'while'
String: "LXsRsut3E0DMmQyv3r"
';'
Identifier: 'doSqN'
'/='
','
Number: 11
String: "Wrf"
'>'
Identifier: 'atHa'
Identifier: 'aVKOh7a'
String: "lA9zp3nXYt1skdP"
Identifier: '_ts'
Identifier: 'd7snCf'
String: " HPHiM1D0wHnBRynKYcJ"
Number: 41
Number: 15
Identifier: 'atBcecMP'
Number: 4
'='
Number: 22
String: "lo7J"
Identifier: 'd65uvQLxAWs'
'>'
Number: 88
'='
'elif'
'and'
Number: 53
Number: 11
Number: 97
String: "sq9bNT"
'or'
String: "pmiC2 ktMQSSNNsFpw"
Number: 47
Number: 25
'return'
String: "siWuCsCIZ3C295"
Number: 54
'output'
Number: 51
Number: 68
'-'
'array'
'if'
Identifier: 'dhUkK'
String: "M5uQtrtbme00"
'if'
Identifier: 'a8LrUW'
String: "zRTKSvWyg2Tos2"
Number: 44
String: "bKCQB9h0"
Number: 13
'<'
'*'
Identifier: 'bftP7'
'return'
Identifier: 'demA8'
String: "goh5XGMgff2JJY"
'main'
Number: 26
'end'
'<'
Number: 44
Identifier: '_sK0kQA'
String: "72UJ"
Identifier: '_V'
String: "XK9A0XZTn PixqZnE1"
'>'
Identifier: 'dj0'
'<='
Number: 45
Identifier: 'bShsPQbvzgj'
';'
Identifier: 'bufaVXDv0'
'program'
Number: 10
'true'
String: "x7VE"
String: "kkhZIPlD JZ"
'>='
'program'
Number: 80
'and'
String: "C"
