Number: 100
Number: 81
'<='
String: "KQuTiy"
String: "mZnH0xxdzCdL 1dl7"
Number: 1
String: "KwUpTZ3Cq0"
Number: 11
'array'
':'
String: "p288YFL"
'elif'
Identifier: '_qg0'
Identifier: 'aR'
Identifier: 'am'
'if'
Identifier: '_WKkILVP'
'if'
String: "FeqLj8lbttreZT"
'else'
';'
Identifier: '_QTOCZnD'
'bool'
Number: 32
String: "49A"
Number: 71
Identifier: 'aFQYYwmg0'
String: "0nVp8"
Number: 19
Identifier: '_Z'
Identifier: 'datvt0As'
Identifier: '_bY'
String: "HRQptntXyMl8c"
Number: 4
Number: 18
'let'
String: "yiPkuQ"
Number: 42
'bool'
Number: 98
