String: "U2bmCHdcG8xigo3P4Ty"
Identifier: 'anJyR'
Identifier: '_83ymcuXOq1'
Identifier: 'aUjoLZHrPe'
Identifier: 'dNZfbpi8rk'
'if'
'if'
'='
':'
Number: 92
Number: 21
String: "uuexve8pz"
String: "N05xfS0g54"
']'
String: "x83MpMo7"
Number: 36
String: " qqwhtpsh"
'return'
Number: 48
Identifier: 'dr'
'end'
Number: 24
String: "krv89V1YU2gH6I"
Number: 78
'return'
'<='
Number: 64
Number: 29
'*'
Identifier: '_0enotQzXfq'
'-'
'-'
'false'
Identifier: 'bcuGjB6po'
'if'
Number: 46
'or'
'['
Identifier: '_dJmlex5b6'
Number: 6
Identifier: 'aaOrwt3kSn'
Identifier: 'cf'
'rem'
Number: 45
'/'
Number: 2
String: "vJK51g2WVh5D"
Number: 46
String: "GSeN2s"
Identifier: 'di71gnqC'
')'
String: "fJ8"
Identifier: 'cS6TuGxe'
'false'
'-'
Identifier: 'abMsOEHybfE'
Number: 42
Identifier: 'cGTL9Jik'
String: "2EAM75"
Identifier: 'de4x9'
'array'
Identifier: 'cofD'
Identifier: 'dR'
';'
Identifier: '_tEBT47g'
Number: 75
String: "vcGIwSQNrDmr6XQ"
'/'
Number: 63
Number: 56
'program'
Number: 16
Identifier: 'dE8JMSj'
'elif'
Identifier: '_s9Ea3m9C1'
String: "P55qjGEhrp"
Number: 43
'true'
Identifier: 'b9ePmI'
Number: 22
']'
String: "GZ8lZYhGimzAfPwEwR"
Number: 89
'..'
Number: 73
String: "hUw"
'<='
Number: 92
'*'
String: "NUpJRS9M3ylcSMmJ9s"
Identifier: 'dx73p4Yu'
'return'
'int'
Identifier: '_L'
':'
'main'
'true'
String: "zA"
']'
Identifier: 'cbxB43FVU9'
'='
Identifier: 'aQcusS'
','
Number: 82
String: "A"
']'
'('
'input'
Number: 79
Identifier: 'bnr4VZhui5'
Identifier: 'a7W'
'-'
Number: 69
String: "HpTHLWAldzb"
Identifier: 'cxMHpeVz3'
Number: 54
Identifier: '_hli'
String: "DS8Ab 41"
String: "zauwsj"
String: "X2dp248MCpRF1fgXtrg"
'<'
Identifier: 'cQSM'
Number: 28
Identifier: 'bM7'
Number: 44
String: "m1gk2xpOLb9trn632ZEB"
'program'
'/='
'<='
