'rem'
'int'
'-'
Identifier: '_RWcUu1bdDS'
Number: 58
Number: 81
Number: 93
'program'
'<'
'while'
'let'
Identifier: 'cUeBdGWEt'
String: "eTao6INfk4dIxcEE"
'or'
'let'
Identifier: '_8Cq7'
Number: 35
'['
'>'
Identifier: 'bgQb'
Identifier: 'awMci'
'-'
'>='
'if'
String: "TWEu 9Ijpu9AN"
Number: 68
Number: 16
Identifier: 'afpFsd'
'main'
Number: 54
'/'
Identifier: 'aBbvVCTxP'
Number: 63
'false'
'return'
'*'
String: "GtXjpO6DEo"
Identifier: '_neyd989'
Number: 92
'/='
'+'
'<'
Identifier: 'cY7oNz62'
Number: 12
Number: 26
'input'
Number: 37
Identifier: '_cs'
Identifier: 'az3V7K2F5'
Number: 68
Identifier: 'aMLAY4gd9'
String: "144u3"
'>'
Identifier: 'dmed'
String: "751dQzLTW2xGal4Ej"
Number: 51
Number: 35
'('
Number: 85
'true'
Identifier: 'cKZpfXl'
Identifier: 'aoz'
Number: 94
'else'
Number: 79
'/'
Identifier: '_Fn6kCSmMD9'
','
'array'
Number: 74
'let'
Number: 1
Identifier: '_6UaIE'
Number: 49
'='
Number: 6
Number: 62
'+'
Number: 95
