Number: 95
Number: 79
String: "do2nh1"
String: "TeVRO7F3BNOLZo"
'<='
Identifier: '_jGx'
String: "OTncJbhJsi9dr"
'output'
Number: 22
Identifier: '_o7'
Identifier: 'cGaKECPphI'
Number: 95
']'
'and'
'int'
String: "3A8X4gn pLlagNux"
'-'
'true'
'if'
Number: 100
Number: 53
Identifier: '_jk0Ox3'
'['
String: "uSq5jNCtd58lM"
Number: 56
String: "1NvFbkglIqPtF8Ai"
Identifier: 'b1aK3Wx'
'and'
')'
')'
Number: 93
'end'
String: "lVCe kzql819GTBlz8eD"
'('
String: "TsVuv95p30Yyzpw0L"
Number: 48
String: "7Zbj"
'while'
Number: 70
'-'
Number: 24
String: "yKo"
'array'
'>'
Identifier: '_stja'
Number: 55
'>'
String: "DMUgn4Kkt2"
String: "uqCwCrad85u"
String: "JBesCPUHp3M4mGvn"
String: "V9tHan5OVGqLEY"
'not'
Number: 7
String: "eYNIj8646glgtGMp"
Number: 46
Identifier: 'asCUP7'
Number: 80
'and'
Identifier: 'd1bgNNQswn'
Identifier: '_6lFQN0XS'
String: "EgLV5PtjyhQu8"
Number: 8
'..'
String: "HHUh"
'bool'
Number: 47
Number: 31
String: "ULYf"
String: "FHA"
Number: 60
'>='
'not'
Identifier: 'dN'
'false'
String: "iQc6hsYiC9V"
'*'
'else'
Identifier: 'cFp5c7MDX6'
String: "MJUvBQANnlB"
