String: "Q L"
Number: 58
'false'
Number: 64
Number: 93
'elif'
'+'
Number: 50
';'
Number: 82
String: "P "
Number: 26
'>'
'return'
Number: 55
Identifier: '_GYKb'
String: "SnjT93soBt6oZPx2"
Identifier: '_h'
'array'
'and'
'main'
Identifier: '_F3P'
Identifier: 'dzWa'
Identifier: 'dtZWvZ6orzC'
'/='
Number: 32
Identifier: 'dCsMlKyP'
String: "F06fhL68WNY"
'['
'<'
Number: 63
String: "49uGYi rk3F"
Number: 88
'return'
Identifier: 'bUYnRHgfNk'
String: "ioU1vWjY664rKCbkOaWv"
'int'
'..'
'+'
';'
'rem'
String: "pKe 7UteIkI5YQw8cC"
'while'
String: "4bMp"
'chillax'
Identifier: '_jkg'
Number: 17
Number: 17
