String: "oz J38yMXR"
Number: 20
'('
'array'
Number: 88
Number: 53
'elif'
'output'
Identifier: 'dgg7TD545zD'
String: "uVr1IfVJXHIMXt7"
Identifier: 'aN'
Identifier: 'aq'
Number: 10
'not'
Identifier: 'a6R7LqxXWXr'
'<='
Identifier: 'dYsDhgKw'
'chillax'
'output'
String: "1lk"
'false'
Identifier: 'aRNmRF'
'['
Number: 55
'<'
String: "8VBkMQmSMsSFa"
Number: 79
'output'
String: "0qgzWH26HS"
'*'
'elif'
Number: 66
Number: 86
'or'
'rem'
','
String: "L8DMjiik8gD2r"
Identifier: '_kPO'
Identifier: 'a16ly0li3F'
String: "B dHU1Zhu0P"
'='
String: "ud7IXxhz"
Number: 7
Number: 79
String: "u6A1Uo"
String: "DyFTvVkXTp8pQx"
Identifier: 'cQVP1pasCt'
String: "fw"
String: "Qmw6"
Identifier: 'c9omYi1CND'
'<='
':'
String: "HA8cANan2eQs6"
'*'
';'
Number: 26
'or'
String: "gLBZ"
String: "IoIthOkf2aJ9QWfJPq"
'<'
Identifier: 'aVcik9YJ52J'
Number: 57
'input'
String: "IZzXZ8GmIB3"
