String: "V791"
Number: 87
String: "HNqS8dSqpipHmShI7kL"
':'
String: "oIjphMTjXS4y4XoIR G"
String: "A"
','
Identifier: 'cLi'
'('
'..'
'/='
Identifier: '_77n6Lv'
'>'
'rem'
Number: 26
Identifier: 'c21'
String: " N l3kdlsJCSg8ruAB"
')'
Identifier: 'cgRibdYv'
'bool'
Identifier: '_OkPb9m6G'
'bool'
Identifier: '_jN'
']'
Number: 63
'or'
Identifier: '_bCmuE'
Identifier: '_CYzC6Cp'
Identifier: 'bS6x'
'<'
Number: 47
String: "a4F"
','
'['
String: "pXJJmTizLsexOJj6rABg"
Number: 43
'true'
String: "WbZY MCcQF9XKV"
