'<'
'elif'
Identifier: 'aMY8V2my'
String: "dDbJDKWmrn"
String: "ai"
'>'
']'
'or'
Number: 56
'>'
'bool'
String: "j"
')'
Number: 58
String: "92ofCvMnlN8HYd"
Identifier: 'dc2'
'int'
Number: 57
String: "xiw80VU"
Number: 91
'int'
'array'
Number: 49
String: "MpF7nDsGWf"
Identifier: '_cIyY8a6M6w'
'int'
String: "JWzTloGWIX"
Identifier: 'dZ'
String: "O0ZF"
Number: 8
'output'
'program'
Identifier: '_A789PDNjTn'
Identifier: 'cacElmIN'
Identifier: 'dx'
';'
String: "5pOkI3MddVNleeQA"
'='
Identifier: 'c8Ry'
','
Number: 82
Identifier: '_yw44cGH3W'
'false'
Number: 54
'+'
'let'
Identifier: 'cHr'
Identifier: 'bYj'
'..'
']'
Number: 32
Number: 60
'end'
Identifier: 'a7W3NY5gpKS'
Identifier: '_RRJFD'
'-'
Number: 9
String: "3YpGF6s"
Identifier: 'cY'
'>'
'program'
'end'
'main'
String: "CkNX7Je"
Number: 40
'program'
Identifier: 'aXwhPS'
String: "rLgVWqqWTKtPkcqb"
'*'
Identifier: 'a6DF'
String: "C"
Number: 52
'main'
String: "p7M6HN5J4amSTRIq"
']'
Number: 47
';'
'>='
Identifier: 'dvDH'
Identifier: '_Igu'
String: "fk9MPsPP5TR"
String: "eU0elD 42vORv"
Number: 84
Identifier: 'dN1'
String: "iURlk0"
Number: 63
'*'
String: "hTTdqiXNC9iAeQly"
Identifier: 'an'
'or'
'<'
Identifier: 'bHK'
'-'
'='
String: "MvDSoPJN Q5"
Number: 83
Number: 58
Identifier: 'bnh3FC3zR'
';'
'or'
'>'
'='
Number: 92
')'
Identifier: 'bOQe1Z'
Identifier: 'd84KHa33hhH'
Identifier: 'bfRHzAPyXY'
Number: 65
'..'
String: "ft2xHYRepRM9"
Number: 3
Number: 21
'>='
'rem'
Number: 37
String: "fU27L8LE6hVpInm"
String: "hA2xmGupnZVcrcXEYun"
Identifier: 'dYFJJZ2m'
']'
'*'
Number: 10
Identifier: 'd5'
'else'
Identifier: 'a8rWf'
Identifier: '_8y'
Number: 70
Identifier: 'dzgt6RVg'
';'
String: " tTks1VNzHyDUF"
String: "ju"
Identifier: 'bKxtHqXm1h'
'output'
Number: 85
'bool'
'/'
Identifier: 'av7NA5gZQUm'
';'
'or'
';'
