Number: 34
'and'
Number: 55
Number: 13
Identifier: 'cF'
String: "pU4gAmH"
Identifier: 'd7vkpJ'
Number: 99
String: "vMUittJw"
Number: 22
Identifier: 'aFp'
String: "WPg2P1 6UMQn7gc"
String: "VjqquoVcTXD"
String: "X"
'end'
'['
'program'
Number: 88
'output'
String: "Fr3xTz"
String: "0LzMX8pvuQFrWDHNoHGI"
String: "9UNQgae97tjVasFqp"
Identifier: 'c8Y8lX3y'
Identifier: '_IO6ZsQ'
'<='
'true'
']'
'>='
'main'
'/='
String: "4PL1wT1hxPuhQPJsc"
Identifier: 'c3W8afajAj4'
Identifier: 'aZ5fzGND'
'return'
Number: 93
Identifier: '_dMLyRMzRj'
String: "36s2DH"
'/='
'or'
'/='
'*'
String: "ahP3FMuXGWSkVwwy"
String: "ptwz4bEYi"
Number: 75
Number: 58
Identifier: 'bXe'
'['
'..'
Identifier: 'dQ'
String: "kv0IUAnlQ0vP"
Identifier: 'aMNWa'
String: "pY40DqjPKaHP9I"
'input'
Number: 96
'*'
'chillax'
String: "Qr IiOJsQzPe0y"
']'
':'
'return'
'*'
String: "9nc76b5wOl77H5"
'if'
String: "mLmFaCMnKntaZUgE"
String: "jty9dZU5fiw7qp7wNY"
']'
'not'
Number: 18
Identifier: 'crENurV'
String: "diXXbHiZri1"
Identifier: 'cdI'
'>'
'input'
Number: 80
'['
','
Number: 55
Number: 97
'else'
String: "pZWLh5xDDHFNH22un"
