Number: 76
Number: 60
String: "UQyAJ"
String: "QLolqCqc"
'true'
String: "EsHBndiB9akjsOA"
Number: 2
String: "agts4"
Number: 18
Identifier: 'aZfF6gnyD'
String: "FQIOT8lQgsoyW7IknkdX"
Identifier: 'aQdpQv'
Identifier: 'aYHILm'
Number: 26
':'
'['
Identifier: 'bGoLIMgkc'
String: "8AKf6"
'..'
Identifier: 'dKPkb7lW5O'
'end'
Identifier: '_zT'
Identifier: 'cwRJFJVuFIV'
Number: 20
Number: 16
Number: 11
'main'
Identifier: 'dibtHnH'
String: "O"
String: "BCIOxl"
'input'
'='
'int'
'or'
'/'
String: "UGoNQr4t3j95Nw"
'end'
Number: 53
String: "Lg3y5PZ"
Identifier: '_SkSjed6R'
'input'
'chillax'
')'
Number: 80
String: "qvRi Nj7kNC8rtr"
':'
Number: 5
String: "SSYEFita"
'not'
String: "7k1wxfpIYRhtLh94"
'return'
Number: 52
Identifier: 'cXrXgQmyo1'
'else'
String: "KcDibVX"
Identifier: 'b4Szf'
Number: 36
String: "9eE6"
']'
String: "uvQ8HehJ3c"
'if'
String: "RIpVM1AerKwIH"
Number: 70
Identifier: 'bbKGKmz31nL'
'true'
')'
'>'
'return'
Identifier: '_zzyDB7I3t4'
Identifier: 'cBI9KWJGm'
'or'
'chillax'
','
']'
Identifier: 'dd7'
'while'
String: "GFL62oMY"
'array'
Number: 77
Number: 32
Number: 1
'rem'
')'
String: "puM5iSk"
'false'
'+'
Number: 10
Number: 76
Identifier: 'bhtzZ06'
String: "wUwk"
')'
'while'
';'
'output'
'program'
':'
Number: 2
Identifier: 'axV'
Number: 74
String: "Ek"
String: "XHU6UQ"
String: "FW1k4"
Number: 52
'while'
Identifier: '_aqMa'
Number: 62
