'not'
Number: 33
Identifier: 'b2M9W4J'
Identifier: 'bq'
String: "sJhK6YZzlD"
'('
String: "Aqj7rBT"
':'
Number: 93
'/'
Identifier: 'dOpB'
'/='
Identifier: 'aA1G8fw2g'
'['
String: "WPN9tkD44V8u7"
String: "tvyRr4rWI68H22"
'or'
':'
Number: 45
Number: 56
String: "K"
'>'
String: "q5BNIjB5X2bEhn43QPP"
'not'
Number: 83
'bool'
String: "73DHY6McuFtOP25lN"
'while'
String: "5drZyE"
String: "Fvk"
Identifier: 'aKl'
String: "ISvMcUH4BrNmUi"
Identifier: 'bQgb84j'
'chillax'
'..'
'else'
Number: 24
'+'
String: "D2gt"
Identifier: 'cQ'
String: "6VWHJXKc20s"
String: "AC1LDOXviqo1B1YP 7"
Number: 86
Number: 49
Identifier: 'au4'
'else'
String: "eQ8VQm"
Number: 2
'<='
String: "4dp"
String: "ek"
Number: 28
Identifier: '_sKUVLVdK6'
String: "QihWmvXD2o3"
String: "AYaAOL6DHSaBA"
String: "Onty2BnNBkaEp"
String: "8qe 6Z"
'['
Identifier: 'beFk7qf'
Identifier: 'aub'
'while'
Number: 55
':'
Number: 94
Identifier: 'bW'
Number: 79
String: "BmDurMl7cm"
'/='
'end'
')'
'false'
