Identifier: 'da1'
Number: 77
Number: 52
String: "gzJaKpwAvy"
Number: 75
'else'
Number: 19
Identifier: 'aBNO6d'
Identifier: 'bh'
'<='
String: "NRmK"
Identifier: 'cEyj1bybpE'
Identifier: 'br'
Identifier: '_DC84E'
'true'
'int'
'/='
'/'
String: "H"
'input'
String: "8s0ulBQJxR"
')'
String: "Z"
Number: 50
'<'
String: "VbJ Nt1nMW1WAVsUt"
'output'
'int'
Identifier: 'aeu'
Number: 1
'('
String: "OKGhFgPuyq"
Identifier: 'cRfV'
Number: 65
Identifier: 'b8eddKv'
Number: 64
'elif'
Number: 87
Identifier: 'aHS'
String: "l0bKSVYQlk"
Number: 36
Number: 97
'not'
'>'
String: "DwZxMOS9ZkLCjCg"
String: "mrH7YCjp8hEO4"
Number: 4
Number: 1
Identifier: 'dP'
Number: 27
']'
'input'
']'
Identifier: '_So8xITd'
','
Number: 80
'..'
String: "L986AN"
String: "sY2nDza"
'+'
Identifier: '_aZjs2ZfN'
'let'
Identifier: 'dzbIODS'
'input'
Identifier: '_4Ayb'
String: "B2xjZquqB0k"
Identifier: 'dQyyjZsw'
String: "as i"
String: "mSLN5X7yRg6v4 LgnYaI"
'end'
'end'
'*'
String: "V3vRxe6AZWs8o6 ac"
'rem'
'rem'
