Number: 49
String: "g55J0Vgah8"
'>='
'else'
';'
'output'
','
Identifier: 'bAnRUK'
Identifier: 'afloIzGfE1B'
'..'
Number: 33
'end'
'('
'>='
'>='
'/='
'if'
Identifier: 'bBnqY'
'return'
'main'
Number: 19
String: "K0iH2AUyOIb"
'false'
'false'
'['
String: "jGeA2psScNFIl"
'['
'chillax'
Identifier: 'cDU8G'
'-'
Identifier: 'byGjsdRG9cO'
'if'
Number: 94
'['
'>'
'..'
Identifier: '_SwpNvz'
'..'
'array'
Number: 17
Number: 61
'*'
'/'
String: "SZnVmfLQcCTsNS"
String: "g90N3 3qZiS"
'*'
Number: 83
Identifier: 'aJXjYy1YoOa'
Identifier: 'bCRWwLn7'
'input'
'rem'
'*'
'rem'
String: "vaGXmRVWwl5LoUs5J5"
'false'
';'
