Identifier: 'aFBELrf'
Identifier: 'aQ'
'main'
Identifier: 'byCMeG'
Identifier: 'asPhKgID'
String: "NTGQybv3S"
Identifier: 'aCpJfR1TqR'
Identifier: 'cvgL2wB'
Number: 51
'end'
'return'
'('
String: "OMShDikDID8FJGa"
Identifier: 'dAyJrSGF'
Number: 28
Identifier: '_GQ7lBK377'
Number: 62
Number: 16
String: "1h01"
'array'
Identifier: 'dG2n7jfa'
'/'
'bool'
';'
Number: 10
'let'
Identifier: 'cQ'
Number: 44
String: "0LqYDFwRcyVFoP"
'('
'not'
'<='
String: "sM5Ca"
Identifier: 'bF8Ft49iU'
'<'
':'
Identifier: 'cSGD'
')'
Identifier: 'ccD'
']'
'rem'
'-'
Number: 11
Identifier: '_K81n'
'<'
String: "EPpTLEYvEOO"
'end'
String: "3o1jqyBfpfeg"
String: "hIoZ7Sqr6joT7M7tUR"
String: "vOTJk15Gqa"
Number: 96
'and'
Number: 56
