Number: 97
String: "Oag18JZGx13eIbX"
'['
Number: 36
'>'
String: "RzIbSnB0LjX7 CerK"
Number: 4
String: "L6o7R"
String: "6pMzbGWPZ7"
String: "8nwV0D"
'false'
'*'
Identifier: '_Me9NE8t'
'+'
Identifier: 'dG8'
String: " MBXKbkfwp"
'return'
Identifier: '_4e'
Identifier: 'd4dR'
'int'
Number: 1
Number: 21
']'
'int'
'>'
String: "I"
'or'
Number: 27
String: "IOsTgpO5EP7raVMJ"
'/'
Number: 77
Number: 63
Identifier: '_tehKSIDJD'
String: "FvgwUMu6V"
Number: 41
Number: 46
Identifier: 'bzX5z'
String: "UJ5o"
'>='
String: "f3aqxmkc"
String: "bIcT"
Number: 66
Number: 52
'int'
'chillax'
Identifier: 'aU'
String: "9U "
'let'
'end'
Identifier: '_Ah38f'
Number: 50
Identifier: '_C5g6Jp'
String: "JgDnxN4He"
Identifier: 'cNoeB'
'bool'
'rem'
'*'
String: "K1IEUeYJDFK4cGJ"
Identifier: 'b5UZx'
'-'
Number: 15
'<='
String: "KnunY7boq"
Number: 13
'input'
Identifier: 'bFqmis'
String: "h9yxmwyVG4PU5IqMaiqm"
Number: 42
Identifier: '_xRAKBgJ'
String: "uOeZV u45bKxgi"
Identifier: 'bPndx7T'
String: "l"
'>'
'rem'
Number: 12
Identifier: '_MiZ'
'program'
String: "zdNMnWGs"
Identifier: '_z6g4ilJ0P'
String: "iCeC"
Number: 41
Number: 6
Identifier: 'bariLWct'
