String: "vH0Vl0ESS"
Number: 6
'('
'input'
'if'
'return'
Number: 66
String: "pboYutcG 1XrA5WxtuuK"
'rem'
Identifier: 'dNk2'
String: "JhTK2pUsj7j7t"
'/='
Number: 83
'<='
'+'
'let'
Identifier: 'dRe9'
'+'
';'
Identifier: 'cJBCBhU'
Identifier: '_XdsOX2'
String: "d duYTJm5Z"
String: "vK4r qzEw0BrlHOUk"
'true'
'while'
'+'
String: "6WfG5MA"
'('
'chillax'
'-'
Number: 54
Number: 31
'..'
Identifier: 'cvyf'
'and'
'<='
Identifier: 'aIAl4yM'
Number: 11
Identifier: 'alE7HXbptR'
')'
'..'
Identifier: '_oiTL9EAs'
Identifier: 'c61EPSQ'
'int'
Identifier: 'caID'
'or'
Identifier: 'cMcNt'
'('
String: "nH8v4"
'='
Identifier: 'cM'
Identifier: '_0OOMzGIop'
'['
String: "JW0qT"
Identifier: 'bX4SW'
Number: 90
'>='
Identifier: '_mVckS1fU'
String: "rW"
'*'
String: "d1lX5nNYtjqIlOvv"
'else'
Number: 3
Identifier: 'db'
Identifier: 'bnSQo'
String: "YFqFzvI8"
'program'
