String: "VGTuNpE zD"
Number: 64
String: "OJOzG"
'-'
String: "I2BRoCt4MfQuJx01"
String: "W"
'and'
','
'-'
String: "Hm6RHhr4WpIUYXb7x"
Identifier: '_d0P'
'='
'or'
'/='
Identifier: 'alvM'
'while'
String: "SWdLE7yTqDWYDu3"
Number: 32
Number: 22
'else'
')'
'let'
'-'
'elif'
'='
'/='
String: "UQrJHINanui2"
'false'
String: "FXHQV"
Identifier: 'a42Jd'
'*'
Identifier: 'bK5rGQYL0'
'bool'
'end'
Identifier: '_soo3ZF4CqJ'
Identifier: 'cWtHO'
Number: 52
'<='
Identifier: '_YcD'
Identifier: 'b5X'
String: "izh"
String: "tMzzL5n sNgc"
Identifier: 'aXxHu6Iaeu'
String: "b cm0iX9gWHJUdyR3V"
Identifier: '_Yl9rrf'
Identifier: 'dtWL6r'
String: "dcgrpwzJ2KTyU"
String: "8RRrAl2yQqRzvBrrYto"
'or'
'int'
'false'
Identifier: 'dknI6'
'return'
Identifier: '_Rt'
'program'
'<'
Identifier: 'dfieD0uBt'
'output'
String: "zr2Tc0TjZB  BaTB"
Number: 54
