Number: 71
String: "eqUJ8Y5eB2"
String: "r32 PiOc8"
Identifier: 'aps'
String: "Q"
Identifier: 'dSr'
Identifier: 'aeYjg5v'
String: " dAbOEscna9ZLY8P"
'/'
'not'
'false'
'elif'
'='
'and'
Identifier: 'aH'
String: "ErWCR7Kys9"
String: "y"
Number: 81
String: "6bD"
Number: 83
Identifier: 'bDhRrepECke'
Number: 96
String: "jP5ZjqALzo"
'/='
Number: 16
String: "M xO1HP6htHVC"
String: "bDi"
Number: 49
'*'
String: "AHVcLh6X"
Identifier: 'db'
')'
Identifier: 'd0SM'
Number: 1
Identifier: 'bttMK5pZeM'
Number: 70
Identifier: 'd0F2tplis'
'not'
Identifier: 'adSyu'
String: "1Qbx XT"
'return'
String: "Fsy9UXo fi87WIw7Fxba"
Number: 52
Identifier: 'ajwm'
Identifier: '_x'
Identifier: '_Yw'
'*'
String: "iiAkkniKXo1W9CMgEP"
','
'else'
String: "u1RzeBH6h"
String: "uoNsy8x1"
';'
'output'
Number: 42
Number: 89
'else'
'>='
String: "h7kCZgKN"
String: "Tl7FPOfAcqjwuBROQww"
Identifier: 'bwIPhN'
String: "qgsFM032aV"
']'
'('
Identifier: 'aTUslno'
'..'
';'
'and'
Number: 30
Identifier: '_SSocWzBZt'
'else'
Identifier: 'b1tUqYyFsuS'
'('
Identifier: 'dPRkw'
Number: 26
Number: 79
'<'
'int'
Identifier: 'c6q7MKco'
Number: 88
'not'
'/='
'not'
'='
Number: 4
'not'
Number: 38
String: "aox5EXk152i5gOv"
String: "wGS76xGX0Wfmrp"
String: "DaKRQL74DF"
Number: 99
'-'
'false'
'chillax'
')'
Number: 34
Number: 96
Identifier: '_4'
'input'
Identifier: 'bKqeDm'
String: "pjuR6jgGdAfwJJ8zgCTA"
'program'
'chillax'
Number: 22
'<='
Number: 38
String: "e7fV8Sipv0nM8YW"
'bool'
')'
