'rem'
Number: 53
'int'
'if'
Identifier: '_o7ZPGJxj'
String: "a8Mz"
'-'
Identifier: 'cAMR'
String: "Ug0v752c"
String: "b"
Number: 9
String: "ZYx3ru7n"
'>='
String: "1F3qR08s7HW3cxERCb"
Number: 62
Identifier: 'dbd'
'['
String: "jw"
'not'
'program'
String: "nTSaDMYa2eaLLIerM"
Number: 2
String: "1hZ"
String: "BKkjPZKLFOpMNRidjT"
Identifier: 'bk5n2W'
Number: 24
Number: 73
'/='
Identifier: '_TIs'
'true'
Number: 44
'and'
'program'
Number: 48
'bool'
Number: 27
'-'
'end'
Number: 51
String: "b"
'rem'
String: "gft8ew"
String: "ZGANcDaL Sa9Vg"
Identifier: 'brF7Tg2'
String: "5E2pV KUS2"
Identifier: 'cl3t8wpM5or'
'end'
'+'
Identifier: 'bq5'
'<='
Identifier: 'an8KAY'
')'
'else'
Identifier: '_WtqeO1E'
