Identifier: '_P'
String: "vUBOWLPna8HrdG7YhfdT"
String: "DE4RmuSEU"
Identifier: 'ajaC'
')'
Number: 55
Number: 1
Number: 65
Number: 75
']'
String: "D iK"
'else'
Number: 87
'chillax'
Identifier: 'cfclpPVHhD'
Number: 12
']'
'*'
Number: 16
Identifier: 'auCw9qB4yZ7'
Identifier: 'csT'
'..'
'while'
'if'
Identifier: 'dJeax'
Number: 54
Number: 26
String: "3aQeIVy"
Identifier: 'aHpdnTf'
'int'
Number: 54
Number: 43
Identifier: 'bCP'
Identifier: '_vXTmGe4'
Number: 60
'while'
String: "HU2"
Identifier: 'cKcwT'
'rem'
'='
Number: 98
Identifier: 'cAuR'
':'
':'
