','
String: "F7J4znvzWUp"
String: "s2v7S2"
Identifier: 'cf'
String: "mGyvijeqhxIPJyH iyB"
Number: 92
'return'
Identifier: '_OLqfG7sCg'
'if'
'end'
Number: 51
String: "4hS1imNa0wu7Q"
':'
Number: 61
String: "qtOhmSePkT0MDvGe7"
Number: 72
String: "DZLrv8kiD5"
'..'
Number: 90
'program'
Identifier: 'cLQz'
'>'
Number: 36
Number: 27
'chillax'
'not'
Number: 48
'..'
String: "Vb76jcncS1y"
Identifier: 'btYgAk'
'*'
Identifier: 'bH1Wvf'
'false'
'bool'
'='
String: "yBz4ZXfeNo8GJYU"
']'
Number: 49
Identifier: 'b6ko2hGBEg'
'program'
Number: 50
'+'
'int'
Identifier: '_d1MF'
Number: 74
'false'
Identifier: 'aEV0zFD'
String: "0drtqxdN7a9SDzkKQP99"
