String: "fNoOlQHYepL"
Number: 6
String: "DG"
Number: 23
Identifier: '_ha'
String: "TU HuDDNwswNW"
'chillax'
'rem'
Identifier: 'bgmssh7FO'
String: "mWYkT"
Number: 76
'='
Identifier: 'bcaVgOA'
'or'
Identifier: 'cu3cLutF'
'>'
'not'
Identifier: 'boyhGiEET'
Number: 34
String: " ZAlIawxGdpjJwuc"
'-'
Identifier: 'aqLq4Wv'
','
String: "mWB"
String: "SvWYEs"
String: "A"
Identifier: '_6bYrMgQl'
'if'
'rem'
']'
'='
';'
'end'
'while'
Number: 76
String: "hfKloVUcX"
Number: 81
Identifier: 'au'
Identifier: 'aplLct'
