Identifier: 'd1bhX'
'else'
'elif'
String: "AP8sFHqAJdPv"
'while'
'return'
';'
')'
Number: 68
Number: 19
'let'
'*'
String: "dGxd5o8"
Identifier: 'ac6BTo5gWWz'
';'
String: "T"
Number: 78
Number: 6
Identifier: '_3uzXp25'
Identifier: 'cCc3TfF'
Number: 3
Number: 72
')'
Identifier: '_Mv'
String: "jYWeZFgxPjrsnp4VE"
Number: 85
'else'
Identifier: 'cvTHFnD'
String: "Oc74MGasBtobo"
String: "8oPCoK9Vll Wp2J8"
Identifier: 'ahtljLVRu'
'false'
Identifier: 'cD1b5X5xH'
String: "62iTC80k46"
Identifier: '_RyD9A'
String: "VpNcS63lHXAOV"
String: "9vzVah Pba"
'/'
Identifier: 'bZOT'
String: "bxAmDgOHMUSN9"
'/='
Number: 64
String: "TSjS rCcg5Vv6dOg"
']'
String: "iPk1S"
String: "cwr4EO"
Number: 11
Number: 49
Identifier: 'bXS'
Identifier: 'dVFRCp6'
String: "CxpmPKTuU9E6jRmfPDF3"
String: "gm 94JXVkMp5h"
'return'
