Number: 46
String: "z2xYZT"
Number: 91
'output'
Number: 100
'main'
'+'
String: "motaytWYnZ37Eruzdqo9"
Identifier: '_y4rzWFtR'
'*'
String: "CtO9DMbvsZXm82ceB"
String: "JqG"
Identifier: 'ckzASX'
','
'<='
'false'
Identifier: 'dBk'
String: "Fs3 ki0"
'main'
':'
Identifier: 'arQxFBk'
Number: 55
String: "JBC9JGovLEnJxmGzBJ"
';'
Identifier: 'aqcS9Ah'
Identifier: 'dh6Wp'
'..'
'int'
'not'
Identifier: '_GmiG7BATA'
Number: 88
'true'
'+'
Number: 94
Number: 25
Number: 16
Identifier: '_MbM9'
Number: 91
'>'
Identifier: 'bTrGD'
'<='
Identifier: '_Xg'
'/'
String: "QnMvEgsooYhuijSa"
String: "ZUUitCGGEXTxw"
'or'
'/='
Identifier: 'bHqEK'
'bool'
Number: 52
Number: 52
String: "SLsO"
String: "ytgk"
String: "OXemeqDvLiDrHdcM6r0"
String: "iC20Rt40gy "
Number: 69
'chillax'
'elif'
