'int'
'+'
Identifier: 'bLU7WBi7o6M'
Number: 71
Number: 74
String: "axRUF A2BL5u98fnxQ"
':'
Identifier: 'b0DDAC7SVE'
Number: 90
String: "gNpblt"
Number: 74
'/='
'false'
String: "DW2xbRdVQSrHp"
Identifier: '_U2Ud'
';'
','
Number: 30
'return'
Identifier: 'd3ShthW'
'<'
Identifier: '_0Vmkz9xu'
String: "n5ZqFy"
'if'
String: "F QB3smrg"
Number: 50
Identifier: 'dLdHqz'
String: "IW3TM"
Number: 82
String: "jtxEqxfyDtTVzVCKkmiV"
String: "tdE RIRsFwk582H0R44"
'or'
'>='
Identifier: 'agm'
'bool'
Number: 9
Identifier: 'cqmYKd'
String: "4SJ5"
Identifier: '_TJPL7'
'-'
Number: 31
'='
String: "CB6F7hrqWmZGcnGkA"
','
Number: 47
String: "VBHIg"
Number: 21
String: "njOBqvAhyQul"
']'
'/'
'return'
'array'
Identifier: 'bYaozf'
'program'
Identifier: '_11MgnZY'
Identifier: 'c16n7UtVul'
'false'
Identifier: 'c234d'
'return'
String: "lO TqnK2"
'+'
'<='
String: "YT gu88qH1s"
String: "Sjf0QXNfb8xpBsy3EG"
Identifier: '_VAw'
String: "LIqsY2rje"
Identifier: '_kWaoXmg7'
Number: 92
Number: 21
String: "vHr422 Y43"
Identifier: 'd62'
String: "JjIFn"
Number: 44
Identifier: 'cAjHPriJB2Q'
String: "J1mo46j6 "
'bool'
'-'
String: "8V9qkfaarSNtj0fLAu1Q"
Identifier: 'bbSO3hEwuO'
Identifier: 'bxNCjHx0'
String: "BdUusgXp"
Number: 33
Identifier: 'dxDt'
'input'
String: "A32 1cliEC"
'input'
String: "A0EUvq"
Number: 66
']'
Number: 70
Number: 59
String: "KeqWI"
String: "n69Vl7"
Number: 80
Number: 59
'='
'else'
'bool'
Identifier: '_F9PuG4hm'
String: "YEyg2Tf"
String: "SMPc01os49y50C"
'let'
'array'
String: "lA9IH"
Number: 28
'int'
Identifier: '_cvDm'
String: "SCf"
String: "MVKW"
'['
'chillax'
'/='
Identifier: 'ardTK'
'array'
Number: 9
Number: 54
','
Number: 67
String: "Iq CTNWEY1syaHpI0"
Identifier: '_j1C'
Number: 70
String: "xVMBLaIH3eE4n"
Number: 50
'true'
'not'
Identifier: '_fYo0Z'
Identifier: '_t'
