'false'
'/'
Number: 24
Number: 7
';'
String: "M442RVXKbH56sDyRFPS"
'<='
'chillax'
'and'
String: "hSM"
Number: 1
','
String: "yu 6QPXya"
'<='
':'
Identifier: 'dgUupY'
String: "AOzWO6JE4H5TRlzSt174"
'*'
Identifier: 'c7BR1JR'
String: "mdzr3uP2cEm"
Number: 95
Identifier: 'bZYP5rU'
String: "KkZHZ"
'<'
'/'
String: "EwE"
Identifier: 'ao'
':'
'true'
Identifier: 'cv2d'
Number: 52
']'
'>'
Identifier: '_R7cp786Iy'
'<='
';'
'<'
String: "Cb2hXoa1v6ZesFPh"
Identifier: '_UBLOKq6'
Identifier: 'bdG7'
'main'
'<'
'else'
String: "SjmlRpWA9CN7"
Number: 12
String: "a67"
'>'
Identifier: 'dV5EUv'
'rem'
String: "pZJ8"
'not'
Number: 97
Identifier: 'dop'
String: "XjLoNOEI6DObL6GVdZ8v"
Number: 73
Identifier: 'dlEoFt'
'return'
Number: 69
'<'
':'
