Identifier: 'afmw'
Number: 18
'array'
String: "BGmC0ymnN8"
Identifier: 'bR8d'
String: " ISaGrDGPHpk2"
'not'
String: "x0rsru"
String: "GKmZ82tpE4A2PEHW"
'true'
'>'
Number: 2
String: "Rgo6I6qzQ"
String: "iDPB6HM0FpyGSpWap"
'if'
';'
String: "fUQ0Qujpt4KgCQS"
Number: 57
'input'
Identifier: '_zrlug04Y8'
Number: 3
Identifier: 'aSPLFmm'
'int'
Identifier: 'aWAqKJ'
Identifier: 'arRcYaBTmj'
String: "AjoDIB"
','
Identifier: 'cd0'
String: "Zh2Uf"
String: "ben2We"
'<'
'='
String: "u9 T3n"
String: "qwjNeP3dJV0ZPTQEyT"
String: "30qtc  "
'('
Number: 56
Number: 32
Number: 46
'/='
Number: 56
String: "Coh5zRqOsZzhDtAJE"
String: " "
','
'>='
'not'
String: "oDiyG9QCdQnAyJmSVQ"
'false'
String: "91T0 rd"
'not'
'/='
'else'
Number: 78
Identifier: 'b1'
Number: 76
Identifier: '_m7HK1mhKQ'
'int'
String: "jpCysQBxXq2JpIU7Y"
'>='
String: "tQoBl"
String: "0c1D8Cp3Vfl"
'and'
Identifier: 'cvq'
String: "r0"
Number: 70
Number: 3
'*'
Identifier: 'd0XV'
';'
String: "ziM4na"
String: "qBiqrtEuWbvn9kan3a"
String: " rqcczdUj"
Identifier: 'b57lAdy'
String: "wOMuycDX3IvWRoy"
'..'
'bool'
']'
'return'
Number: 84
String: "h1x4"
Identifier: '_Tngw4eQbm'
Identifier: '_by5Qr7'
Number: 40
Identifier: '_4X1h'
Identifier: 'dxapw'
Identifier: 'bp'
Number: 93
Identifier: '_P'
Identifier: 'd2R5x7pX'
'true'
Number: 99
'['
'else'
Identifier: 'deJ'
Number: 63
Number: 24
Number: 33
'chillax'
String: "h4iEZB"
Number: 65
Identifier: 'csP'
','
Number: 88
Number: 99
Identifier: 'aW3rIhOI6vD'
'='
Number: 61
Identifier: 'aEe5'
'let'
Number: 6
Identifier: 'cvp'
';'
Identifier: 'c2f6jAau'
String: "HO"
Number: 72
Identifier: 'bWuAHufgZmj'
Identifier: 'ars9mz'
