'+'
String: "0AzdHggvweMVAL1Rm1TN"
Identifier: 'dwKr4rXa'
Identifier: 'd0pt'
'-'
Number: 30
Number: 36
Identifier: 'azh'
'chillax'
'program'
Identifier: 'cngt4i1kP4H'
'['
';'
Identifier: 'aOpw4c93UbI'
Identifier: '_vE8zGHirH'
'*'
Number: 79
Identifier: 'cwrxzu'
Number: 5
'rem'
'main'
Identifier: 'arkyKiyeA2j'
'*'
Number: 54
Number: 53
'end'
String: "rwdKybg40XTrDZrXWfU6"
String: "ig9EUEar"
'else'
Identifier: '_gMwVpe'
Identifier: 'amup'
']'
')'
Identifier: 'acIK4w'
Identifier: 'aIZu2No0k03'
String: "gI2aM5fPw0hOW"
','
String: "AoS7jRDuQACB"
Number: 22
'='
'<='
'and'
'rem'
String: "jMemAAl"
'input'
