String: "9BBRXxAOK84BRmkhqKe2"
Number: 83
String: "h"
String: "Pp4SCl Zoapvv4"
Number: 65
'='
String: "8 vyYkk6vOfSmxBGS"
Identifier: 'bh2OfHmbwG'
'bool'
'array'
Number: 78
'end'
Number: 34
Number: 44
String: "F4F"
'not'
Identifier: 'cCpyWVG4K'
String: "aCvKUnSdRAUNEMqtUaYK"
'program'
Identifier: 'aAlfZZ582'
'/='
Number: 11
String: "qu"
'or'
'['
'>'
'input'
Number: 44
'..'
Identifier: 'dWi0RO9'
String: "7jqb0"
String: "2c2RHVWiNPnfSwg"
'/'
String: "QCOFJ2Npr0Cm"
Identifier: '_3hxVKOXc2I'
Number: 99
String: "ID9"
']'
'program'
'['
'..'
String: "LT5swnDnk29XRuq"
String: "PiMs8C2OE"
'if'
'>='
'elif'
Identifier: 'cYIMxv09COu'
String: "Brl47gNBHB"
String: "xcoq2b8Fx4hzj"
'main'
Number: 91
'input'
String: "K0FuFUTo sN5Di"
Identifier: '_M'
Number: 24
'>'
Identifier: '_JSv'
Number: 90
String: "4GR8gVNJ4yrwv"
Number: 82
';'
'or'
Number: 46
'array'
Identifier: 'cw8p'
