'-'
String: "8H4"
'and'
Number: 45
String: "EpDQoo21URdV"
String: "RCo"
Number: 35
'end'
'bool'
Identifier: 'ci'
'*'
Number: 85
Identifier: 'dymuAibV6O'
Number: 68
'main'
Number: 82
Identifier: '_O'
Identifier: 'bXwvoK'
'['
Identifier: 'd9K'
Identifier: '_4W9jHlN7'
Identifier: '_YPu3a8tT'
String: " 0IzJrI5k T"
String: "FbJECx7Pz8ubMPnQ"
'('
'input'
'['
']'
'('
Number: 17
'='
'false'
Identifier: 'bxFaOOgVaOG'
String: "Xg9NfE2E2uzjeQjK"
Identifier: 'dnJn6lOOr'
Identifier: 'ccjCGxduu'
String: "ChEOM 1k5MrN"
'main'
Identifier: 'baxzQqAU'
String: "Q"
Identifier: 'aXQ2AXMeJI'
String: "UYzAtu6ARfQnv"
String: "c0YZ"
Number: 59
Number: 45
String: "r4nXCUt17cZ "
String: "wtFhvL2QKCfOG "
']'
String: "D1"
'('
Identifier: '_4'
'bool'
'>'
Identifier: 'cxm'
'let'
'<'
'output'
'/'
'['
Identifier: 'ap'
'false'
Identifier: 'aC'
Identifier: '_e4S'
'+'
Identifier: '_SLBgniE'
Number: 98
Identifier: 'cc9R6blkI'
Number: 98
Number: 33
Identifier: 'bf7Q'
'not'
Number: 97
'else'
