Identifier: 'aSa0vGEH'
'return'
Identifier: 'czL'
Number: 15
'else'
'-'
'int'
Identifier: 'dzpuL'
'/'
Number: 49
String: "u"
Number: 72
'while'
','
Number: 72
Number: 13
Identifier: 'bQgPAA'
'true'
'not'
String: "1aZ2"
Number: 31
Number: 87
Identifier: '_uNt3e'
Number: 42
'bool'
Number: 62
String: "vC4 E1pIMtK1hD iP0s"
Number: 82
'/'
'>'
Number: 53
String: "TCrAdVIL"
Number: 43
'bool'
Identifier: 'aaa'
String: "dpME8okFK20Y9GI9La8"
'bool'
';'
Number: 73
String: "5ypmP3ZpXd4jjVacZn0"
'['
'return'
Identifier: 'bxP1'
'int'
Number: 72
String: "hvzSsiqzu nioROSmz"
Identifier: '_iMa'
'('
String: "0f"
Identifier: 'dmzpG8dIuQ'
';'
String: "q"
String: "o 308RP"
'false'
'program'
String: "RjkRHKgq99jm8nyD7jkz"
Identifier: 'cP'
Identifier: '_0Dx'
String: "jaBg4Ik8WHB4QiRsusw"
String: "jEj3L2164TDdt"
Identifier: '_Q9SZ0NFoTA'
String: "YGdR vMLlCdRD0S3a5N"
Identifier: 'akq5ol2q'
Identifier: '_bTiFac8M8'
';'
'bool'
'array'
Identifier: 'daVZ'
'='
Number: 100
String: "W9CLtEqEIpZyJ"
