Identifier: 'cAVb'
String: "zjS5LNdZCq8nap"
Number: 16
String: "sZfJlS3tM 2tse"
Number: 24
')'
'>'
String: "m8aKzmiS"
'while'
Identifier: 'cMexEqpM'
String: "jQ0hkHTx"
'chillax'
'else'
'='
Identifier: 'bhk'
'bool'
String: "tUejGhIw9G"
Identifier: 'd40vx'
'return'
Identifier: 'dJSTzvNd'
Identifier: '_c'
Identifier: 'aR4z'
Number: 38
Identifier: '_K1kulL'
Identifier: 'cgAJqBRzGe'
Identifier: 'cO'
Number: 65
'array'
String: "7c5zUb"
Identifier: 'dpAF0RQ'
Identifier: 'dfRGc4yBVe'
Identifier: 'dqFRrzeJE'
']'
Number: 3
Identifier: 'bR9cVi'
'['
Identifier: 'dpx4'
