Number: 18
'>='
String: "6KMt13caO9aE5O"
Number: 85
Identifier: 'a8'
'while'
Number: 33
String: "barAvl34Lfmdo"
Identifier: '_Q'
'/='
'<'
'rem'
'('
Identifier: 'abWtj8Ul'
'*'
String: "ujdkjQ"
Number: 1
String: "G"
']'
Number: 29
String: "HrbrgkA799bjK"
'end'
'program'
String: "HmPknw"
'int'
Number: 4
','
Identifier: 'av0KPy'
String: "MxOSmyFzOZmYJWxjKPz"
'('
Number: 87
'/'
Identifier: 'cBkjAMSq7Fw'
'<'
','
Identifier: 'blRC0E'
Identifier: 'apR7KUFFjO3'
Identifier: 'dchI3e'
Number: 98
Number: 38
Identifier: 'dlJa4mMzmA'
'output'
Identifier: 'cgbg7Wq'
'-'
String: "a6eolP8QiiENMphwm"
Number: 19
'='
':'
Number: 68
Identifier: 'dvANQYIId'
String: "W0V"
'else'
Identifier: '_WiHl'
Number: 39
Identifier: '_r6tEP'
String: "4SiHluVUizMtcrDF5SHd"
Identifier: 'bXPtCqmtAU'
String: "v9a"
']'
'false'
String: "cCaoS8AH8cSQ3Km"
Identifier: 'blGOIzz'
'program'
'='
Number: 30
Identifier: '_e8gtK6rSZP'
Number: 89
')'
String: "XxeeGgo8vONqS"
'or'
String: "mJhTfY6RmjXxl"
String: "hdCLctb27"
'+'
String: "6XhxvE7qEH"
Identifier: 'cJWObEJ'
String: "4 W8FY"
Identifier: 'aYub82TGWa'
Identifier: 'aUIYM'
String: "Sno3FLl2UuJawr"
'or'
Number: 87
'let'
String: "82ep wucg3 TS4q3z"
Number: 27
'/'
Number: 76
'if'
')'
')'
String: "toiOAeREf2V6A7pvKIzC"
Number: 63
'array'
String: "MfUzw"
String: "urMFoKizzG0LYRWRIj8C"
Number: 21
Number: 97
Identifier: 'b8Bl'
Number: 18
'return'
'('
String: "gsl5 CTSbGhOwM9twU"
Identifier: 'dL9'
'='
'bool'
Number: 17
Number: 70
Number: 100
Identifier: 'bCkdkG71qM'
String: "HADzFDKn"
Number: 58
Identifier: 'dSPr'
'bool'
String: "xWGwMlWgjiP"
'else'
Number: 76
'('
Number: 76
'input'
'<'
String: "zKmH6zzWd4LbtT6i2p1D"
'return'
Identifier: 'bnGsCHUT'
'bool'
String: "w5CrGVjK"
String: "E"
Identifier: 'aMjhl1E'
Number: 89
String: "vrOO0qKS7ywepmdJW8TB"
Identifier: 'c09'
String: "hpui9dKn4VrmGMJZfiU"
Identifier: 'bXBRGQ3'
'elif'
Number: 42
'*'
String: "r5qH"
Identifier: 'a0LZi2G'
')'
Number: 67
Number: 63
Number: 69
Number: 26
'let'
String: "Ot4QIVI 8US51far"
'..'
Identifier: 'bhV7mx4GvI1'
';'
'*'
Number: 27
Identifier: 'dTtxt5WqZ'
'array'
Number: 14
String: "nFAlrJdje5R5NqiEEW8"
Identifier: 'aUY9o'
String: "VYUB7iJ4ev5Xm02Ysh"
