String: "n"
Identifier: 'cF'
String: "ZLR2OyIOmx2"
Identifier: '_turc'
Number: 81
Identifier: '_K7e'
String: "72"
'>'
'='
Identifier: 'aOnKnd6t2'
Identifier: 'bcs'
Identifier: 'dcQKjcT'
Number: 83
Number: 52
Identifier: 'dy5Z9xM'
Number: 26
String: "8FK7"
String: "2cDDPPcqjkTYJpm"
String: "22Ke9kc"
'<'
Identifier: 'cvGxH'
Identifier: '_UJER'
'>'
String: "RUyoJNUg"
Identifier: '_mYEDC9hpk'
']'
'if'
String: "J8xnmoHKcaCPU8OXu"
Identifier: '_d77Eu'
'let'
String: "Yt9W14duXUjYqxEw7lw"
String: "e62KMsYG3qmxXCH"
String: "lGAOo84HpXlZLq6N"
Number: 49
'false'
String: "XUD"
'bool'
'let'
Number: 84
Number: 83
'input'
')'
String: "Eyi"
