String: "oC"
String: "vqkbL"
'let'
String: "ge9TrlV"
'if'
String: "IeIujLI0lXaK8R1w"
','
'/'
Number: 47
'bool'
'false'
'='
Number: 72
Identifier: 'cYA'
'chillax'
Identifier: '_ciuHQD'
Number: 7
Identifier: '_dDagv'
Number: 29
'array'
'>'
Number: 27
'elif'
'let'
Identifier: 'anf'
String: "j2IPzgDx2yy 7CZuBcu"
String: "vfRG"
'('
'int'
'*'
'chillax'
Identifier: 'cdNVjQ8qrps'
'int'
Identifier: '_J47D0BtcG8'
Identifier: 'cKaJLXfYr'
String: "9FV"
Number: 86
'else'
Identifier: 'cw6z'
'return'
Identifier: '_ImfKb'
String: "Q9DBIzbS"
'>='
Number: 95
'..'
'/='
Identifier: 'dmaNb'
')'
Number: 9
'>'
'='
'elif'
Number: 91
'bool'
Number: 59
String: "n4h"
String: "6A"
'>='
'else'
String: "owToD"
String: "74AOy3kQ7yNIhYe1WcDe"
'and'
