'>='
'main'
String: "s"
Identifier: 'cN01yDNAUwE'
'return'
'let'
']'
String: "2P2LU53f GDKlZNG8c"
'/'
'..'
Identifier: '_V6QBYS'
Number: 6
String: "rCGubTOk"
Identifier: 'cN2If9'
'-'
'if'
';'
Identifier: 'cIrZ3N'
'bool'
Identifier: 'b2zIT'
'='
String: "nXnYKU4ckl"
Identifier: 'a1J6Hbv'
'false'
String: "zdQ6MqNo7y6ORLtj"
'true'
String: "4vY8d ZRg4Rq "
'or'
String: "DA9tZpX83mAVVY1"
'int'
Number: 60
String: "PkO5qp"
Number: 33
'..'
'chillax'
Number: 21
'int'
Identifier: 'd7SugiQd'
'/='
String: "o6sVe"
