Number: 54
'='
'..'
Number: 68
Number: 19
'else'
'+'
Number: 55
Number: 100
'main'
Identifier: 'ddTaFVe'
String: "I"
String: "81MI3wbD"
'<'
'end'
String: "wmvzyIeSHOXZKnS"
Number: 81
Identifier: '_LUkkc'
'main'
Number: 80
'or'
String: "zdjx2XdVuh"
Identifier: 'bmjTH'
';'
Number: 93
Identifier: 'dmC6A7bGe'
'<='
'program'
'output'
']'
'..'
Number: 13
Identifier: 'aNcDhaEN'
String: "NTY"
String: "hgG CzIeik1Nf"
Number: 61
String: "iFVDsV9gCsuDueqj"
'/='
String: "2JkZxipGdTeKnlCjbyBk"
String: "wlHm0gq"
Number: 16
Number: 70
'rem'
'<='
String: "aaz2vyKTW2gk5f"
Number: 72
Number: 100
'while'
Number: 4
'<='
'array'
Identifier: 'dmPz'
'elif'
Number: 42
Identifier: '_E5jOAC'
Identifier: 'dDE'
Identifier: 'dr'
Identifier: 'bNPkhQspUK'
