'false'
Number: 43
Number: 96
'..'
']'
'<='
String: "V1j3ay2uMu"
'true'
Number: 74
Identifier: '_0'
Identifier: 'bd'
Identifier: 'ditex7v6P'
String: "ajVlEtxiZN9Jcq"
'/'
Number: 98
Identifier: '_mMlqFAl'
String: "qp5DDi3AHZScv0B"
'true'
Number: 59
Identifier: 'd2S'
Identifier: 'cf6WaQ1'
Identifier: '_uBIUYj'
Identifier: 'aiEcr'
'/='
'let'
Identifier: '_X2X'
Identifier: 'bs6B8cYXH'
Number: 36
String: "U"
String: "Lv5Vf"
Number: 4
'+'
Number: 62
String: "J7SKa"
'>='
String: "sBVdmV3qEP"
'<='
'input'
'output'
String: "yRvESOaX"
String: "tAdF1lqqK205O"
'elif'
Number: 35
Identifier: 'd6k4w'
'while'
'while'
String: "jNqTOPpWebGsnV"
String: "o1DqO40yeano g1kWXSI"
Number: 27
Identifier: 'byGt'
Identifier: 'a5ugd'
Number: 48
'+'
Number: 64
'true'
String: "LpNRXIMys1B9TpuThG4"
String: "X6J"
';'
String: "oMjRn0zl215j"
Number: 9
Identifier: '_x'
'elif'
String: "VKgqxCcs"
String: "iqKr1b"
Identifier: 'cCYs4TlF'
Identifier: 'd16'
Number: 56
')'
'output'
'int'
Identifier: 'aWG'
Number: 90
Number: 7
Number: 6
'else'
