String: "ZyLV1j5KUxDDQH"
'input'
Identifier: '_cULb'
String: "aeMm4N4tAq"
'program'
'bool'
'<='
String: "7yfwLIwM"
'array'
String: "0UBm5D"
String: "SK07HJQJbD"
String: "cqbgFxI5u7"
Number: 85
Number: 57
Identifier: 'dzlAnE1'
Number: 10
Identifier: 'bhbCXQuK'
String: "qvVrxeLnON"
'elif'
String: "9nKzGoBjkR"
'end'
String: "bcc3Mhxf2k4tus"
Number: 98
'else'
Identifier: 'apgd8aUL'
Number: 72
Number: 78
String: "qwo x6wQnShv"
'bool'
'rem'
String: "URc"
Identifier: '_i'
String: "qF4Y"
String: "WCQj5tauxO"
'/'
'end'
Number: 13
Number: 85
'elif'
Number: 86
Identifier: 'a6fcp'
Number: 50
'return'
