Identifier: 'biYKI'
'if'
Identifier: '_6HQB'
'end'
'chillax'
'/='
Identifier: '_vyz'
Number: 72
String: "GKceU29SLuKtIT5"
String: "9m9x1j"
Number: 12
String: "WdW2BVB6NR1S4s t"
Identifier: 'biGrJOYTtvC'
Number: 40
Identifier: 'an'
Identifier: 'aIkgt2A2S1'
Identifier: 'aW1s9FPxg'
'/='
'/='
'bool'
Identifier: 'cll'
'let'
String: "DetWmumepJmyzU"
Number: 65
'('
')'
String: "NZlcGcvLy"
Identifier: 'aVs'
String: "2xnbwj0lm"
Identifier: 'aX13R6'
Number: 73
String: "H"
Number: 99
Identifier: 'b7evkl'
'>='
'int'
'output'
'['
Identifier: 'bwl'
Identifier: 'dw'
Identifier: 'bvi12'
Number: 92
'<'
