Identifier: 'cVon3m6um34'
Number: 37
String: "H4MhaDuQhPrBWTp"
'or'
String: "DyPwFZ8jZB6is"
'return'
Identifier: 'dM8'
String: "RYZQboZ"
'bool'
String: "sxmSu "
';'
String: "RH6hzfM6OFg"
String: "IortY"
'('
'['
Number: 31
String: "Lx2MyZauahFSy Gk3rf"
Identifier: 'a4yAwVz'
String: "6P1t2Y9ElmKCOp4c69WJ"
Identifier: 'akCDHgvyL9'
Identifier: 'aa2d3'
String: "4trml6bUY"
String: "1LHjdgdVz4ZfB"
Identifier: 'bafM93nYH'
Identifier: 'aYqr2uzpiUe'
Identifier: 'cuRmU04TD'
'false'
'>='
'end'
'array'
String: "6mG2rK "
Number: 29
'array'
Identifier: 'bcgyqL'
Identifier: 'cJ'
Number: 8
'true'
Identifier: '_H'
'main'
String: "Cz7snvm TJ"
'>='
'program'
'if'
'elif'
Identifier: 'bxh'
'>='
'else'
'if'
Identifier: 'cm'
'<'
'output'
Identifier: '_jMKQj'
String: "wNwSBIRRzru"
'array'
')'
'true'
