Number: 93
Number: 2
Identifier: '_YDJJbDsvk'
'chillax'
'..'
String: "xwfbNGr JcJ"
String: "fS09FOOb"
'not'
'<='
Identifier: '_vVvH5'
String: "tEjjT3tTB"
'array'
Identifier: 'cDpfaD'
Identifier: 'c1ZVg'
Identifier: 'aTLxGLjVdg'
String: "jlYbhgb WH1Xqt"
'let'
Identifier: 'cU9ko44'
'bool'
Identifier: '_CiLhQ7Z4U'
Number: 87
'input'
Identifier: 'cdMEw0'
'and'
Number: 38
Number: 7
'output'
String: "eDshu3ooLdAscUfF1J"
Number: 62
'+'
Identifier: 'bDoz'
String: "mEnt O64xqDMWCujXe"
'array'
Identifier: 'dw'
Identifier: 'b37TP'
