Number: 56
Number: 62
String: "Ix6017"
','
String: "lVs3MHG"
Number: 31
Identifier: 'dYg'
String: "w48"
String: "vx4Xcj6tOne"
Identifier: 'aFv5'
Identifier: '_ys4F3A1vLz'
Number: 63
Identifier: 'ay0Aa3Y4xj'
String: "kn8q2Y"
','
Number: 14
Identifier: 'dI258JNZ0t'
Number: 51
'bool'
','
'['
Identifier: 'dR2MP1t'
Identifier: 'dk'
'>='
Number: 92
String: "0c13j"
'<='
Identifier: 'aCd6GYO6MM'
String: "nNXgFlfz4e"
String: "7LkAOnwm9bz"
Identifier: 'bg2UbqUq'
'and'
Number: 34
Number: 73
'bool'
'if'
'/='
Identifier: 'cvKysjFG'
Number: 18
String: "PXa3c90UKw YIveGhD"
'<'
Identifier: 'dhutaUXR'
Identifier: '_W5h2Zj'
