'while'
'('
String: "Fh99gLQhEOf0gwP8gx"
'-'
'<'
Identifier: '_rx54'
Identifier: 'dJmX13n'
String: "B2ZNVjMgzmAhmfcoEeD1"
String: "RvKLNJ8iN3Dw"
Identifier: '_XcT1BKT1I'
'main'
Number: 29
Number: 29
Identifier: 'aZNg3eDb'
'='
'>'
Number: 51
'output'
Number: 58
Identifier: '_G5'
Number: 53
Identifier: 'daR2Dgvvl'
')'
'end'
Identifier: 'aEwzD'
'/='
'end'
Identifier: '_eHX0'
Identifier: 'cDR'
'array'
']'
'>'
Number: 3
'<='
String: "jVAk6cf q"
Number: 76
'return'
'true'
Number: 10
Number: 33
Identifier: 'cMLNlhXgNL'
String: "ZEf"
String: "j6JDhvc3Nap6o"
'and'
'/'
Number: 12
'>'
';'
Number: 81
Number: 62
'<='
'if'
Identifier: 'bMXD0'
Number: 1
'chillax'
Identifier: 'clP1gq4Rim9'
';'
Number: 11
Number: 53
String: "IGwKKUf"
Identifier: 'bc9c'
String: "eA"
Identifier: 'da'
String: "f7wqGP5Ne2Es"
String: "LYffBivKB3XqQxVAL"
'true'
Identifier: 'aD'
String: "9bLHwFZtQzpIzkBg6TF"
Number: 87
Number: 44
String: "b2w5MJdKcDQ"
Number: 9
Number: 4
Identifier: 'dGI4u7Pb6'
Number: 35
String: "2SUIP6I1TBVjRe"
Identifier: '_hoKlAbfCq'
String: "m6"
String: "cWz 5zVeg"
Identifier: 'cIDreNI'
String: "UbB"
String: "OpNwZC"
Identifier: 'cSF'
'while'
'else'
'('
String: "WPHeXtrXw9DPtnJk8bJ"
Number: 76
Number: 8
