Number: 98
Number: 22
Number: 15
Identifier: 'dF4hrQouf'
'>='
String: "5k6CHWWLACO0tK"
'chillax'
Identifier: 'd9fhI7VJZFh'
String: "D6LdVqzFso5FINL4D"
Number: 13
'..'
Number: 23
String: "NEXkdPx60RaFdhUTfom"
String: "EcjV6ViZ4g2BQOJnnU"
'program'
'main'
Number: 10
Number: 85
String: "nxb"
'..'
Identifier: 'dhNFs7'
')'
Number: 74
Number: 9
String: "6w5MsUIputDE6a sgN"
'else'
String: "cn FxNQd"
'true'
Identifier: '_ooBvbf10'
Identifier: 'ciW68'
String: "R2wzBEQYCr3hFUyV"
'program'
Identifier: 'a1KsowgIm4'
String: "DpJw"
Number: 66
']'
'if'
Number: 40
Identifier: '_L2Mcg'
'or'
Number: 44
';'
'not'
String: "XXL81"
Number: 75
'/='
'main'
'/'
'>='
Number: 36
'elif'
Identifier: 'avv29V'
Number: 40
Number: 71
','
Identifier: 'cyHtxQv'
Number: 52
'output'
':'
':'
String: "0"
String: "XOKJYtxXHBAK5WUd"
Identifier: 'an'
'elif'
'['
'main'
Identifier: '_WLPa6Eu'
Number: 52
'not'
'/'
Number: 23
Identifier: 'aJfny'
'>='
'-'
Number: 27
String: "kboty9uy19x"
Identifier: 'dUzD4B'
String: "vfn92rYw"
'bool'
'program'
Identifier: 'ae'
'not'
String: "d0Ml"
'and'
Number: 7
Number: 54
String: "ozClf "
']'
String: " PqZnco"
Number: 66
'..'
'>='
Identifier: 'a7sd3'
String: "ODWcUC1ASj49K GUp"
Identifier: 'aoeA'
String: "P37wIz0jAq0XsE8 XH"
Identifier: 'dceBsCPwNu'
Identifier: 'cyLmPUQCjp'
Number: 41
Number: 94
'and'
String: "ibUnH6PWjkY "
String: "I RsMjiGV8PVGXU"
String: "n1rtJRjRd8T"
'>'
Number: 18
Identifier: 'aoAYUSl'
String: "8PbKnOjJ7"
Identifier: 'bTNuiR1fco'
Number: 5
'program'
