'*'
'rem'
Identifier: 'dMNlZ'
Number: 13
'while'
'or'
String: "oSIHpDl9Z6JtVShT"
'elif'
String: "tpXR5"
Identifier: '_XAHHt'
'rem'
String: "uOrl5iWR"
'+'
String: "3989P4S"
Identifier: 'dVd3NiqNrI5'
Number: 15
Number: 91
String: "BOEvLRyf9Z1yu4li3q"
Identifier: 'd1Etx55QJ'
'..'
Identifier: 'cfugrm4MQe'
'true'
Number: 25
Number: 52
'['
Number: 4
'if'
Identifier: '_pce'
'input'
';'
Number: 24
String: "IpfZ3"
'+'
'('
Identifier: 'anBP5Oz9ujb'
Number: 29
'['
String: "eJ"
Number: 31
String: "sUF14QI56KM8"
'+'
Identifier: 'a4QGuOZom4N'
','
'while'
String: "WmrfMsXZRI8lqQZjF"
'<'
Identifier: 'cHlEHdBJfu'
String: "RL5"
Identifier: 'c26'
'['
Number: 53
Identifier: 'bTCBwZ1nQ'
String: "M96nz"
';'
Number: 35
'..'
String: "w6v6mHqrWV9abyofq7"
'*'
Identifier: '_Am'
String: "GYGG"
Identifier: 'b2v'
'if'
'chillax'
']'
'>='
'while'
'<'
Identifier: 'czC'
'let'
'='
Identifier: '_rEadwQL6F'
Identifier: 'bQ'
'program'
Number: 48
'true'
'main'
Number: 81
Identifier: 'ay'
String: "xXcuKJnHjeJNqsmEFKaO"
String: "CEDEySzW9J"
'>='
Number: 34
Identifier: 'aXL2jYVvz'
'/'
'false'
'='
Number: 87
String: "8zHqcTV0"
String: "UC88o0KnjYkFTNo"
'*'
'/='
Identifier: 'beT3mTQ3'
Number: 15
'output'
Identifier: '_Si'
Identifier: 'crMc1ZrMaR'
Identifier: 'ckYqiefcvku'
'('
'false'
