Number: 21
String: "lrPx1ZB0ZaHpK"
Number: 13
Number: 53
Number: 93
Number: 74
','
'bool'
Identifier: 'dl3ZuWllKin'
Identifier: '_ip1ZNc8'
String: "dH4Rt2EH"
Identifier: 'bYpWZ1o'
Number: 11
String: "Zhu98yW3"
'main'
'program'
'>'
Number: 57
Identifier: '_Oz1T'
String: "LHJczWrqJylPs1"
Number: 36
Number: 25
Identifier: 'aMn17O8'
Number: 26
'+'
String: "mXhnu8IK9SbaR35Vvh"
String: "t"
'not'
String: "MWDxtAIi2a"
'false'
Identifier: 'dDYZBKwA'
String: "Hk"
String: "jEUoM8"
Identifier: 'b7v4FHL8LJQ'
Identifier: '_3'
'-'
'>='
Identifier: '_igtQ6MTMW'
'rem'
Number: 32
String: "CvreP"
'program'
'main'
'elif'
'true'
Identifier: '_ZYt6V2'
