Identifier: 'bjM'
','
Number: 4
'<='
'output'
':'
'/='
Identifier: 'dvUweG'
'bool'
Number: 24
'/'
','
String: "hv88mF"
']'
','
String: "3Y8bLzKr"
'/'
'not'
Number: 8
Identifier: '_MOs'
Identifier: 'bJb70LxRs'
'elif'
'/'
Number: 48
Number: 14
Identifier: '_7XyL8a'
Identifier: 'bBknViwU5yn'
Number: 89
Number: 31
'if'
'bool'
String: "FzXF 2rp47FrJZQrW"
'rem'
Number: 91
String: "IZIvr6w"
Identifier: 'dY1V'
Identifier: 'cuS'
')'
String: "prBrvepr0XyzD3i08"
'>'
'+'
Identifier: 'axEZJm2jW'
Number: 55
'let'
'='
Number: 57
Identifier: '_JHwcZ7FB'
'rem'
Identifier: 'doKIv'
'let'
Identifier: 'c5Tm'
String: "nt1e3gVDJT"
']'
Identifier: '_lvS'
String: "X6vYlUCPy742IYm1l"
'let'
Number: 95
'array'
Identifier: 'dkhVys'
Identifier: '_tK3V7R'
String: "9kKte2gqMR502jVOxQu"
String: "W8ybN3Qf5 yIYQVC100"
String: " aKeZ7WmmdnQOyifH9"
'<='
String: "Ua2rSeQWKiDtLFiEo"
String: "81YD"
Number: 69
String: "k2v"
'>='
Identifier: 'bWEBPo5'
'<'
String: "maC8q7mhHlM"
'('
Identifier: 'diOw'
Identifier: '_JCc'
String: "hUQh4A"
'chillax'
'<='
'false'
'or'
Number: 52
'elif'
'/='
Identifier: '_fC'
String: "uM3"
Identifier: 'dm85e'
Number: 5
Number: 51
Identifier: 'a2TORdF0f0D'
Number: 93
String: "SLD2BVyckdVdNuVyb"
String: "1tpB4JjBW9"
Identifier: 'auk1bnKRx'
Identifier: '_abn8Z8jB'
Number: 84
'..'
Identifier: 'brtfmzxg'
'or'
String: "yR888P"
'['
Identifier: 'agi76'
Number: 74
Number: 69
Number: 57
'..'
'if'
Identifier: 'c1'
String: "9tkp5pht9LeZWShon"
Identifier: 'cvUCOEWH'
Number: 100
'='
Identifier: '_ZcNO3'
String: "DsIbVSweF03T3 3fC4"
Number: 69
'>='
String: "htIQ7AKwsKrFp"
String: "UaSG"
Identifier: '_3Wk9e'
Identifier: 'ankei72e'
'*'
Number: 24
String: "ykJ0A5x"
Identifier: 'altSQg63B'
String: "Lw"
String: "T0qjp"
String: "OYeTnjsaOOL28Fsf"
Number: 78
'/'
'program'
Number: 85
Identifier: '_WxIenid'
';'
String: "qdLP1Slxrc"
'output'
'['
Identifier: 'dx3lY7'
Identifier: 'dnJO1PlZ'
'program'
'false'
Identifier: 'cU7aQj'
String: "0GpIvlE"
'while'
'true'
String: "iUvyIYyd9yI2eCa"
Identifier: '_JWFC'
'('
'*'
']'
Identifier: 'cn'
'bool'
Identifier: 'dq'
'-'
Number: 92
Number: 7
Number: 40
Identifier: 'cs8C5nay'
'elif'
