String: "yJ0PNCO dmQotNnWbL"
'not'
Identifier: '_dIJgPeA'
String: "28IVzh68byuU3pOn"
'..'
Identifier: '_sblkIVKgqn'
Number: 43
'output'
String: "6 D80Ner55kxF8R"
';'
Number: 82
'main'
'['
'input'
String: "jtyr8A2CY5tj"
'+'
Identifier: '_98Mz'
Identifier: '_4j'
String: "uNcZh"
'*'
','
'not'
'or'
'return'
Identifier: 'bD'
Identifier: 'aEsz3RX'
String: "JEb9ME9JE3sfFN"
String: "vqyEbem DFU90 t5"
'/='
'..'
String: "wGvi5qxuiJL XD"
Number: 38
Number: 36
'true'
Number: 51
Number: 44
'false'
Identifier: 'cUp3BbF9Tp3'
'+'
String: "mriZtlVAVUdr"
Number: 78
']'
'else'
Identifier: '_rq'
','
Identifier: 'aQa3kgX4JK'
Identifier: 'drLSJ'
String: " ad7PaTNZMDyP9ysfW"
Number: 8
'/='
Identifier: 'cxioG6A'
'>='
String: "9z3QpBrx"
'rem'
Identifier: 'dO4v01uvJs'
'<'
Identifier: 'aBh'
Number: 95
Identifier: '_VpAi933'
String: "60BbjnK62otZV9"
'not'
String: "lWeG0CdkOKZ"
'+'
'*'
'/'
Identifier: 'dQx'
'while'
Identifier: 'aws'
Identifier: 'bnm'
Identifier: 'cQMT'
Number: 2
String: "gyj4vuEjikCh"
Identifier: '_4'
String: "GRdy"
'>'
