Identifier: 'bAzz42'
'return'
'>'
String: "2RwJd"
Number: 65
'not'
'>='
'end'
String: "RSXoFRC"
'or'
'*'
Identifier: '_i53EetUU'
'or'
'<='
String: "g"
Identifier: 'aG1'
Identifier: 'dqy'
'<'
Number: 65
'array'
')'
Identifier: 'dnVZ'
String: "FMmfQk9"
'('
'array'
'true'
String: "sttgKiWo"
'output'
Number: 75
Identifier: 'ak86Uhvkv35'
Number: 77
'or'
'/'
String: "4AdDEEuTcUb"
'/='
'bool'
Identifier: 'aT'
'output'
'rem'
Number: 6
'elif'
'/'
Number: 25
'and'
String: "VWadX"
String: "eGa8F"
Number: 6
String: "ZK8DWGqqlSU"
')'
'output'
Identifier: 'cq0'
Identifier: 'aHFuP0z'
Number: 84
Identifier: 'bPObcgXnsdK'
Identifier: 'dWEAjeNdDY'
Identifier: 'ayJAiabDS'
Identifier: 'dh6McN11bE'
'and'
'bool'
Identifier: 'cmjokcloOj'
Identifier: 'bye3YmuSuY'
String: "t2iBom"
'<='
Number: 13
Number: 37
Identifier: 'b3nF2'
'int'
'else'
Identifier: 'dqf'
String: "IpetqL18OXioO7tbp"
Number: 20
String: " Z"
'+'
String: "v"
Identifier: 'de0nE9e'
Number: 72
'int'
Number: 12
String: "k3NsouRRdI"
'true'
Identifier: '_d'
Identifier: 'cr3E5Sv'
'/='
'while'
'else'
