Identifier: 'aBYIex'
Identifier: '_YBo'
String: "4d7dyIsYamGrILFd"
Number: 11
Identifier: '_7Vo37lNGc'
Identifier: 'aI5'
String: "MwDKYkg1oWm"
String: "v"
Number: 20
String: "MhiyI6r"
String: "BdKVqEsspr4BBmWU7"
Identifier: 'bat3e'
Identifier: 'aCfxW'
Identifier: 'abI'
String: "V4wT4QXTPTx7z"
Number: 54
Number: 70
'elif'
'false'
Number: 83
'program'
'end'
'rem'
String: "uhxq8SZ8Rq2Eb"
Number: 64
')'
'='
Number: 72
'['
Number: 39
Identifier: '_THADoB'
String: "1f7fI3MWbeX"
Identifier: 'cWscf7B'
String: "2SJHDZ"
Identifier: 'dm'
Number: 70
Identifier: 'akJZhv'
String: "Cf7FKLnlDHCsgGUCYOX"
'program'
String: "LILqPAw71Rk1ytOFiPk0"
