'rem'
'or'
Identifier: 'aAMgOTo'
Number: 59
'bool'
String: "sZ"
Number: 37
'['
String: "bYwiJ"
String: "Y"
Number: 3
Identifier: 'dr9oM2LyC'
'+'
Number: 59
Identifier: '_fI'
Number: 54
Identifier: 'aV8k9vVd'
Identifier: 'amcy'
Identifier: 'bjsFp'
Identifier: 'bBib'
','
'['
Identifier: 'bmrL8g'
'*'
'='
Number: 58
'while'
Number: 90
Number: 80
String: "488"
'program'
Identifier: 'bcwtVvz'
Identifier: 'ci3Zn'
','
String: "s7COTU8ZscMmB"
Identifier: '_S4uqEUGD0N'
'and'
Number: 98
'false'
'rem'
Number: 84
'elif'
String: "Fl9LBuMVLo"
Identifier: 'cqP7Em'
'('
Identifier: 'a0yX9'
'return'
Number: 89
Number: 84
'('
Number: 44
String: "6KriCw"
String: "QwesF3"
Identifier: 'dhuiTevu'
'>='
String: "hKdJdltjS"
Number: 18
'..'
Identifier: 'd3X'
String: "IMIL0oC0jpQUkgzDM"
Identifier: 'by5CLIpPVdJ'
Identifier: '_kqGd'
Number: 65
String: "R8TWwXaX5"
Number: 71
Identifier: 'bQPi'
')'
String: "ao sUlDhdeCRp1Rzu"
Number: 83
Number: 10
Identifier: 'czJZx6'
Number: 63
