Identifier: 'c02SG'
Identifier: '_sV6rAor'
'if'
String: "qN"
Number: 13
'input'
'bool'
String: "3yghjXsSGpkWy1"
Identifier: 'aVSPj2b'
';'
Number: 60
String: "JwqNssfA9j"
'output'
Identifier: 'cAEZbh0pSb'
Identifier: 'adK0050'
Identifier: 'bzoYL8fxG7w'
'>='
'>='
Number: 36
String: "fMI"
Number: 41
']'
Identifier: 'dS'
'+'
String: "KuARRdUaRTId"
'chillax'
String: "FM2AcvxXz"
String: "NcYsbP onNBYvlE4VGd"
String: "L2vu"
String: "n8L"
Identifier: 'bB'
Identifier: 'a0fh'
'let'
'rem'
String: "S3R"
Identifier: 'cy3'
Identifier: 'd3XsrehFZNz'
','
