Number: 32
String: "S2FjIj40MmxdAzTbgs"
'elif'
'['
'int'
'false'
Number: 25
'-'
','
String: "FEg 7AeRyk"
','
Identifier: 'aRIcr'
'elif'
Identifier: 'dGyR'
Number: 57
Identifier: '_x'
'/='
Identifier: 'akHjN'
String: "YcQZJJ5"
Number: 31
'let'
Number: 47
'or'
String: "3j3"
String: "Cas6ZhNvL"
Identifier: '_tV3pka4'
String: "eLRGj 4N6m6dBLvY"
String: "AFDnxdm7ml "
']'
Identifier: 'ce6NJM88H'
Identifier: 'deoiGRNRppe'
String: "e yIZkAuzO2"
String: "87vhLn"
Number: 25
Identifier: 'bgWg2jQ6MW'
Identifier: 'aiB0D'
String: "EK13qsOWNX2s6"
Number: 37
String: "0sOd"
Identifier: 'cbOHpRR0'
String: "sH30h"
Number: 92
String: "LhP"
Number: 17
String: "a8 sEKos5LJ6"
':'
Number: 47
String: "OHFw8K"
String: "QC80"
String: "qfARW48Jco"
Identifier: '_G'
Identifier: 'dLPWz7N'
String: "a4uHYB7EzIHlfDY"
