Identifier: 'dDtXD8OUsx'
String: "1e2fiirRn8yaMC8Vr"
'array'
'true'
String: "oXIYYh9NI8CWEVesjq"
Identifier: 'cKFDCGs'
'true'
'let'
','
String: "vuu8IdBogw532K6J"
Identifier: 'au8gEA'
String: "VWOtH6SRM"
Number: 3
'['
String: "1bgLiLl mY6iaHpNr3"
'elif'
Identifier: 'cORXtL79Vje'
String: "we2wQyktbYvEBP2y7Rv6"
Identifier: 'bkJivuMg'
Identifier: 'dhH'
Number: 37
String: "nQk4CI"
'false'
'end'
'>'
String: "8klU4EomVuR5"
Number: 3
Number: 79
Identifier: 'bE1'
'int'
Identifier: 'cQn'
Number: 73
Identifier: '_t1Wy'
Number: 61
'['
Number: 68
Number: 98
Identifier: 'c0C'
String: "wdbYpqZuASSJSgLTCs9"
