Identifier: 'dXVTmN'
String: "xzJ1"
String: "zkc6y"
Number: 74
'not'
Number: 72
Identifier: 'd5ALP5Jys'
Number: 43
Number: 48
Identifier: '_lhdgS'
String: "HSkUXJiC koPZqF8uY"
Number: 85
Identifier: 'cEIZh59U'
String: "mHBg9T0okxNFr"
Identifier: '_JR90jzf71o'
'output'
'program'
Identifier: 'dV'
Identifier: 'dh'
'>='
'main'
Number: 91
'='
'rem'
Number: 41
Identifier: 'cEZXgf'
Number: 55
'or'
Number: 88
'false'
'+'
Identifier: 'aE'
'('
'<='
String: "dGr35qPUcJablkrxV"
Identifier: 'aIPc9nm'
'int'
Number: 46
String: "ByK3dOC1YxwT3R1OV L"
String: "ARM7na9ZZfLE0"
Identifier: 'a4Ougkzda'
Identifier: 'd68S'
Identifier: '_A'
Identifier: 'aH6nF9UUQXY'
String: "Ozc2 ZV4K9imDgvR91"
Number: 64
Identifier: 'cj'
'output'
String: "3YDBcKTqxDMQT"
'..'
Number: 30
'end'
Identifier: '_KkohhYwUzk'
Identifier: 'dGsuU'
String: "DbRAgWG0li3"
'('
'..'
String: "0SRcBJC"
Identifier: 'bRAqrx'
':'
Number: 95
Identifier: 'd1'
Identifier: 'dJdIOc2Pd'
Number: 96
'/='
Identifier: 'dRpcwK96Qn'
Identifier: 'ar9Jc'
Identifier: 'aOvRaSv27'
String: "vCQRKE3yCJ"
'>='
';'
Identifier: 'aW1qti'
Identifier: '_Y'
Identifier: '_cmAa6Gw'
'/='
Number: 25
'int'
'..'
Number: 40
'or'
Identifier: 'cMfXegR'
Identifier: 'aU'
'input'
'-'
String: "s2vF2rVl2LsG"
String: "YqmBgbjmnfmifdKmSD"
Number: 82
';'
'let'
String: "k9DRdIPg2RWa4N"
Number: 8
Number: 18
Identifier: 'a9yT05'
Number: 10
'and'
'else'
','
Number: 31
'-'
String: "5"
String: "OA6n"
';'
'bool'
String: "SwQ1SIL8yuZP"
Identifier: 'dkZ'
Identifier: 'aKrz7n1Ivu'
Number: 59
Identifier: 'ciw0LSW'
String: "8J4Uke"
';'
Number: 69
String: "zY73gIp6eWLKsVWVcK"
'output'
