'let'
'<'
Identifier: 'csK3I'
Number: 47
'bool'
'return'
String: "jHkyPxh1oAE jV4"
Number: 27
'*'
'chillax'
String: "12KU"
'program'
Identifier: 'bX'
Identifier: 'ddJSX'
'return'
String: "vYgFAhtFW"
Number: 10
'true'
Number: 32
'+'
String: "lr8"
String: "DbuXVzguRJgsFkg0R4AZ"
Number: 53
Number: 3
Identifier: 'ceuO'
String: "0Zx5LW3ZDKs"
'..'
'/'
String: "uXZVFK3k sZC26jTA4P"
'or'
String: "7RW"
Identifier: 'agbvI8FNbt'
']'
'or'
'>='
'false'
'chillax'
Identifier: 'bAJJC5aX2y'
';'
Number: 86
Identifier: '_puwPK'
'if'
String: "5nAc"
'else'
String: "ylPiYvqkJv"
String: "nFfoqZMiLWs"
Number: 94
','
'program'
Identifier: '_2f60Uf27W9'
'array'
'input'
String: "6zSoKTLiyDZR"
Identifier: 'a3dwNTSkg'
String: "qkdSvwaRJNi8"
String: "k4eLpF"
'<='
Identifier: 'dA62'
String: "AWanLuJjQ"
'and'
String: "LNRs8Lhr3wU89gvN28"
Identifier: 'aPXr'
Identifier: 'd5J'
Identifier: 'bF2joU0PT'
String: "qihQ Bs168Bs 5 "
'if'
Identifier: '_8EupMOuhSL'
Identifier: '_8d95f'
'else'
'main'
Identifier: 'dxnTpvA3YE'
'if'
'program'
Identifier: 'bu'
'('
String: "x5lebbISoDZPiCXGSQ"
')'
'/'
String: "hmAhVC5q8AlDUYB"
String: "RPy"
String: "5OflI7lI9"
Number: 48
'end'
'return'
Number: 22
