'or'
String: "G1gSEPEd"
Identifier: '_T38VPSyV'
String: "8hP NcMG"
String: "Z nV2LS"
String: "6VAPdH8jHFhGR"
Identifier: '_3OfZ4STlGs'
Identifier: '_WJAu'
'int'
'output'
'elif'
'rem'
'<'
String: "KR"
'or'
'<'
Identifier: 'anGlpXy'
Identifier: 'ct'
'end'
Number: 86
String: "hRt9Yarbw05cGxKqnf"
'>'
Identifier: 'cWy7dRM4u'
Number: 33
String: "GEEnVtQAhjCa158VL"
'>'
Identifier: 'd2XF1dI1Vr'
'true'
':'
Number: 38
'-'
Number: 60
Number: 46
Number: 32
String: " fjRPJs"
String: "iNiQD226dTXHCYKY"
Number: 52
String: " EJjCTBHAHPY5 e1XxA3"
