String: "pYpiwCNDMdJC4X8s"
Number: 36
'<'
'>'
Number: 66
Identifier: 'bCTCVISJo'
';'
String: "nBsP"
Identifier: 'by8s1V'
Number: 37
String: "XVIy3M41vS1myNdfIU"
Number: 87
String: "tvy1hvyWEkRwF5HU7dB"
String: "5cjuZqTL3t"
','
String: "KWTXLSLTuef"
Identifier: '_1H57'
String: "VmzF"
'and'
'or'
'output'
Identifier: '_k'
Number: 58
'<'
Identifier: 'c87s65U'
String: "KaC9X4LVfSRzQHP9Gu"
'return'
'bool'
Identifier: 'd1g3NgVeNVT'
'else'
Identifier: 'cLIhh'
Number: 47
Number: 75
Identifier: 'aSYT6'
Number: 56
String: "scYtmeo"
Identifier: 'cSpICe5O'
'input'
Identifier: 'buP'
Identifier: 'aTh5B9SE'
'='
String: "3TepXuTLuFFb"
'elif'
'/'
']'
'false'
Identifier: 'cxRvoNFeM9f'
'<'
'end'
'else'
'<'
Identifier: '_FnyGCe3soX'
String: "D H"
Identifier: 'cdHsGK'
String: "z8Cmza"
','
Number: 68
'main'
String: "afZZRsN9Do"
'chillax'
Identifier: '_SFSHBgSwnr'
'if'
'end'
'<='
Identifier: '_a8vWG7'
Number: 18
