Identifier: '_qEIeJ'
'bool'
'else'
Number: 91
'true'
'bool'
Identifier: 'dYV'
'+'
'>='
Number: 35
Number: 63
Number: 58
Number: 14
String: "rxmAQnxzr0HTXH5"
'['
Identifier: 'b85S7yD1'
'rem'
Number: 88
'['
Number: 80
String: "MOVgQnR8e"
Number: 75
'int'
'if'
Number: 30
Number: 10
'rem'
Number: 35
String: "omP"
'end'
Identifier: '_E1NfOLW4'
Number: 35
Identifier: 'a6qpaFcyW'
'..'
'elif'
'bool'
'return'
'/='
String: "4gIJPdUYwEFEiBX"
Number: 92
Identifier: 'd8cm'
Number: 42
Identifier: 'bhMdGgYot3e'
Number: 76
'['
'='
String: "q"
'/='
Number: 21
'>='
')'
Identifier: '_OY8mpn5oA'
Identifier: 'c6ctmUZY'
Identifier: '_fi447KxxGI'
Identifier: 'bM0'
Number: 74
Number: 7
'program'
Number: 11
Number: 15
Number: 3
String: "b4"
Identifier: '_zRLErI'
'>='
'main'
'-'
Number: 81
Number: 63
String: "fkU4GDC"
Identifier: '_q'
Identifier: '_DaTB0'
String: "Yer1N VMAKyFGESXA"
Number: 62
Identifier: 'bgPsD8KRc'
String: "6YWSPBI"
Number: 45
Identifier: '_rhs9nYQ'
'end'
Number: 68
Number: 69
String: "bCMozm"
String: "56"
Identifier: 'd91AAjWTp'
