'if'
String: "iUuYouMN3RtRO0HQKu0a"
String: "o"
'let'
Number: 75
Number: 73
String: "AW7RKFtvEsfcU82b5"
Number: 59
String: "MlhjmaNCe"
'*'
String: "AV5RjhM"
String: "j4wItK9z9RHcy5rm"
Identifier: 'bHZu'
'true'
Number: 27
Number: 40
'['
'*'
Identifier: 'aCxz3Zo'
String: "Eu5ac"
String: "NjPa1h"
Number: 60
Number: 90
'let'
Identifier: 'dx1'
'='
';'
'+'
Identifier: 'c5rTW2g'
Number: 75
'and'
String: "r8JuTfmFAxwh 8Zdtj X"
Number: 48
'<'
'end'
'end'
Number: 91
'int'
Identifier: 'dNFwLRAy'
'not'
Number: 89
'..'
Number: 7
