'input'
Number: 55
'/='
'chillax'
Identifier: 'cWlZ'
Number: 100
Identifier: '_69v'
String: "gB"
Identifier: 'cP1CUcM'
String: "I"
'array'
'array'
'false'
Number: 40
String: "yI"
'elif'
'array'
Number: 26
'or'
':'
'true'
Identifier: '_7Q29uUy'
String: "UOCL44ExvGY3Y"
'true'
'and'
Number: 71
'..'
';'
String: "fPA"
'return'
Identifier: 'bp1Qx'
String: "N"
Number: 68
'bool'
Number: 29
Number: 37
Identifier: '_Z0WMY'
'/='
'-'
Number: 94
Identifier: '_FG'
String: "7VzQwcqLQKuipu6"
String: "W"
String: "34TJ7Jh0a6"
Identifier: '_uaalW'
'end'
Number: 100
'chillax'
Identifier: '_9MbZCds2x'
'elif'
Identifier: 'cYKn'
String: "U1"
'true'
Identifier: 'dmgunLoJx'
'chillax'
Identifier: 'd02UjX76'
';'
Number: 35
'int'
'<'
'while'
String: "Lkt1AwFqUINfe3Ex"
'int'
String: "n8itqh1WbCf6Zr2F"
Identifier: 'bjYYjqKaF3a'
'('
Identifier: 'a1JEzjy1'
String: "3gy wOP7YrfS"
'return'
String: "VGpJvx4oY"
'+'
Number: 30
String: "8OFf1h"
'array'
String: "ro2dRBz"
String: "h2HUaZSpWeGrjhYp"
String: "St5UnK5vkQb90BvQY"
Number: 78
'return'
':'
String: "fEy"
String: "ywV"
']'
String: "T"
Identifier: '_Ny7Q4S'
Identifier: 'cnd0'
')'
Number: 57
Number: 79
'not'
Number: 31
Identifier: '_zyUoeJvA'
'array'
Identifier: 'bSkLAgMAF2'
'else'
'<'
';'
String: "6PE"
'/'
';'
Number: 99
Identifier: 'am18A4'
'main'
'('
String: "AGaAPW8iLPxeSoCV"
Identifier: 'b6jzwB'
String: "f2YpVmKOtvmfz38TiQQA"
')'
Number: 8
'output'
'not'
Number: 97
'rem'
Identifier: 'boulTU93H'
Identifier: 'aT2'
'return'
'['
Number: 53
';'
Number: 16
Number: 2
Identifier: 'cF0o5BF2uF'
Identifier: 'bY15aS'
