String: "FbH"
'bool'
'['
Identifier: 'dXEA53'
'>='
'chillax'
String: "nTk0EtT2DdeB2Iv6"
Number: 44
')'
Number: 38
String: "2Mkktqxc50HCLKsDHKY"
'..'
'end'
String: "RWiCav3vw"
Identifier: 'aM9B9c416'
Identifier: 'd1KdkhrXQ'
':'
'<'
'..'
'input'
'+'
'+'
String: "QyRXYzCNT8J"
'while'
Number: 45
Number: 92
Number: 47
'rem'
Identifier: 'cQKI0'
Number: 41
'>'
Number: 46
Number: 64
Identifier: '_k'
Identifier: 'bF0'
Identifier: 'cNEia'
Number: 3
Number: 18
'false'
'*'
String: "5EhnmH47U"
')'
'rem'
String: "DqA ix8Xx"
Identifier: 'a1goAhJuU'
'int'
Identifier: 'coLQOG445'
'elif'
':'
String: "llE7byEZ f  54"
'return'
'not'
'-'
Number: 46
'+'
Number: 71
Identifier: '_0zuclco8'
Identifier: 'cNUVTlf1'
Number: 54
Identifier: 'cRheaxkIPK'
String: "Qek0"
Identifier: 'dhfk2h'
'/='
Number: 83
String: "EW5FGTYBMsLAC2X2Pong"
':'
String: "lsyu"
