Identifier: 'bJaAzFkd1Z0'
Identifier: 'd4CF'
Identifier: 'aMCaJ'
String: "PL8FqOIP0JPzBjQwv"
Identifier: 'diLvJV'
String: "FvhEHeC"
'while'
String: "NZgCE"
Identifier: 'afIhEk2PUCK'
'and'
Identifier: 'dKyI'
'input'
Number: 54
String: "XaaSURXumMmoXEe0sPA"
Number: 36
String: "CYfKbynwMjH lDp"
'chillax'
'<='
Identifier: 'bQ'
'main'
'input'
String: "BKQPtLX7Q"
Identifier: 'cAzvlw'
Identifier: 'bQEt'
Identifier: '_g'
'/'
']'
Number: 85
Number: 66
Number: 97
Identifier: 'dC0yTA'
Number: 13
']'
'and'
Identifier: 'a4az'
'+'
'bool'
String: "VmJVRD94jh"
Identifier: 'dMEXMafJwAZ'
Number: 12
String: "r4"
'>='
','
String: "39o9D4rweh"
String: "z4A5Y"
'input'
Number: 43
Number: 37
'let'
Number: 59
'/='
':'
Identifier: 'a1I7fwHe1UP'
'>='
'/'
String: "NLAinYHDVmphj2RG"
'<'
Identifier: 'biRi1edS'
String: "FQmbwBUUEhA"
Number: 26
'return'
String: "8BRuAx ruTjT"
String: "xQ8BnKr3"
'elif'
Number: 76
'return'
String: "MYVmnppC"
'('
','
String: "WRUaVHvjWCeG 8XH"
Number: 22
Number: 29
'or'
'..'
Identifier: 'dA3sBIRP'
Number: 50
Number: 81
'end'
'let'
Identifier: 'dGQA8jc6chM'
Identifier: 'dJctD'
'<'
'-'
String: "zHf"
String: "wS0CzP"
String: "PpaN5m9rS"
String: "5fbX7Flts 3az2zrPmrA"
Number: 91
'main'
Identifier: 'aN5VR'
String: "oDEmlbvVrHAYMCp49uN"
Identifier: 'aikMu'
Number: 72
String: "rx9X"
Identifier: '_qieMccvDxK'
String: "eH9YEzNEYFUVscNw7nSN"
'/='
Identifier: 'cuCg0'
Identifier: 'aK'
Number: 32
'int'
')'
String: "X0Yxrw9sJmhmnP"
Number: 98
String: "WX73TRF"
','
String: "2f3CNJ3xjkOeYR4q"
'true'
Identifier: 'doPnyQYa5'
'array'
Identifier: 'b0Ldx'
Identifier: 'cG8ya'
Number: 80
Number: 11
'input'
String: "n4iJVyCTLpKT5hiLgsDE"
Number: 2
Number: 76
Number: 87
Number: 45
';'
Number: 62
Identifier: 'bprT'
Identifier: 'aSo'
'else'
']'
Identifier: 'cvGsUne9'
Number: 93
Identifier: 'cvr4wE3s'
'<'
Identifier: 'dyK3p3jVHb2'
Identifier: '_nf2'
'+'
String: "dWGTNlYE6R3jw"
'..'
Identifier: '_u3XnOEI'
String: "TAvx0GIpoEZYrE0EWAW0"
String: "4s i2"
Number: 71
Number: 73
':'
']'
Identifier: 'cjgjrZqBQQv'
Number: 73
String: "jcjNN4TcB2fGB"
'not'
Identifier: 'cEdkmEv'
