Number: 11
'/'
Identifier: 'dezxh6'
','
Identifier: 'aiYMPNH9sH'
'<'
String: "Yhbr"
'false'
Number: 27
'program'
Identifier: 'aRmbFnJ'
'true'
Number: 55
Identifier: 'bzCqB'
'main'
String: "HLYtRjnIG"
Identifier: 'aI'
'return'
String: "24ZHdwlY"
Number: 89
String: "uidRa"
Identifier: 'dtHyh'
String: "I"
Identifier: 'dS'
Identifier: 'btTJBdLa4'
Identifier: '_ubUsyAN'
Number: 17
'rem'
']'
String: "8rsKuqwdIl7 HNZKY"
'bool'
Number: 93
Number: 94
'elif'
'='
'<'
'>='
Identifier: 'da'
Number: 13
String: "uujHEmQdrjdRobVE"
Number: 50
'and'
'..'
String: "RJWr6nBGKxKN6fAB"
'let'
Number: 63
Identifier: '_6ex'
