String: "DxhpR7b8Cb645h7Dh4"
Number: 44
'return'
Identifier: 'dX'
Number: 79
'>'
Number: 36
Number: 32
String: "dJQPH0VZJ"
Number: 11
String: "eTEX1"
'end'
Number: 61
Identifier: '_4gJOa9xK'
String: "NX9n"
Number: 53
'not'
Identifier: 'dQXIjAGzPmM'
':'
Identifier: 'bCP7b0nzB'
'not'
'false'
']'
String: "NT3szmatkc"
Identifier: 'cUvSqEBk'
Identifier: 'cbI7cs'
Identifier: 'a6P'
'<'
'>'
String: "WDm2e4PFu2l6qk"
'elif'
'while'
'true'
Number: 32
Identifier: 'bnF6'
Number: 86
String: "GuHkNZ53PNS7W"
String: "NEBbVZfLa GMJ"
Number: 20
String: "aKOAxGT7fRP9z5zTx"
'elif'
'*'
Number: 34
String: "66j47TZI3Cj1HR"
String: "3qF"
'chillax'
Identifier: 'bSuDntG47'
String: "T3LGTlOjbbJe"
Identifier: 'd3Wm'
'let'
'>='
'/'
Identifier: 'c1nprLKn'
String: "egUAbPm3"
Number: 31
Identifier: 'bd'
String: "M9yLa9d3L"
