String: "TRFOhdFje"
Identifier: 'cuY'
Number: 76
Number: 39
Identifier: 'cRw2cWeToLn'
Number: 33
'if'
Number: 66
Number: 68
'('
'not'
Identifier: 'dwDyt74'
'true'
Number: 55
String: "6p0wwK3H"
'='
Number: 72
'int'
Number: 43
String: "Ji8iVEnvntCHMaIt8xs"
Identifier: '_mFlaD'
Identifier: 'bYjyxrlBQ'
')'
'-'
Number: 32
Identifier: 'cvst'
'..'
String: "dHp4mA6uE04a"
'or'
Identifier: '_2QnH'
'input'
'+'
String: "y"
Identifier: '_fhoV5'
'*'
Number: 79
'*'
'end'
String: "Gw0n"
String: "eiyiGSKg2nBRfh"
'>='
String: "N6yNQkvyK9QHRX"
String: "KtfXxoMblt8"
String: " HgtJg6IU6AvP"
