Identifier: 'akK62R4HDHu'
'='
String: "SUI0SAuK5sIZrB1"
Number: 47
'('
String: "ALCl4"
';'
Identifier: 'agtJ2lI92x'
'>'
Identifier: 'bDF'
Identifier: 'b6U47Km'
String: "WbgJP7faN7fCmg5w"
'output'
'while'
String: "dkthlV"
Identifier: 'bhSoha'
Identifier: 'bLAIRjbD'
Number: 24
Number: 46
'/='
Identifier: 'aznUqY6Ei'
Identifier: '_jx70'
Identifier: 'cy'
Identifier: 'bzspEfU'
String: "Qck08Fzlbx XpH"
Identifier: '_IENCb4J'
String: "XQ12Aty90b6"
Identifier: 'a5T1vytsGSV'
Identifier: 'c0vOiy9Im'
'if'
'*'
Identifier: 'bJ9NFnm'
Number: 93
Number: 51
Identifier: 'bY9NI6ia'
Identifier: 'cq9sBBEgM'
Identifier: 'cMrY5OeMre'
String: "YxptRG87B5tU44PRlO"
Number: 83
String: "t0LYicNY0JnL6N"
Identifier: 'bS7ml38'
'int'
