Number: 30
Number: 34
'main'
String: "BXSwMU4BRqKLsBT"
String: "Fws 1pDSa"
String: "9aFVOVwBeU8bkL"
String: "ge7 zdyIyNiC"
Number: 63
String: "LevdJl"
Identifier: 'd7hz'
String: "udAxSfjkqISjs4n"
Identifier: 'avFWhg2VPn4'
String: "xkU2xXa0hKEUlI"
'/='
'not'
Identifier: 'db'
Number: 44
Identifier: '_cIX'
Number: 16
'array'
Identifier: '_Lb49dlajC1'
Identifier: 'cTJhIUB7'
Number: 88
Identifier: 'djld'
'..'
'='
Number: 64
'bool'
String: "pMk4h1Tq1u2"
'='
String: "K1bsBpShnVFhsuCTF"
')'
Identifier: 'crl0ZYYzI'
'['
Identifier: 'cJ3Mt'
Number: 41
Number: 39
String: "zksNsCEwEtSvmg"
String: "tK"
Identifier: 'aKyGHQptk3w'
String: "t1xfrYJYbGXEq5FN"
