Number: 61
Identifier: '_9qiVDcy1V'
Number: 28
'>'
'*'
Identifier: '_Wg'
Number: 46
Identifier: 'apXWVN'
Identifier: 'dM8diB'
Number: 3
String: "xqQumS1WLX 4AdUv"
Number: 46
'/'
'['
Number: 49
'if'
'..'
Identifier: 'cac9P59'
'return'
String: "rlzK03 H77QeCuDb"
'>='
'>'
Number: 4
String: "xwnjhB9C8rj"
Identifier: '_kc8FT'
String: "CuNnhLc1chHe"
Identifier: 'bZEQr5Ds5Lf'
Number: 63
String: "m"
Number: 75
'='
'end'
'*'
String: "Vl"
')'
'end'
Identifier: 'dT2qURm'
'<'
'let'
'true'
String: "139VzBZzEtAcwy88"
','
Number: 24
Identifier: '_NWKFnBa'
'if'
'='
'<='
'or'
Number: 61
String: "lWRDctQQn7BF"
'let'
Number: 22
Identifier: 'cEN6VG'
Identifier: 'aefMx5J7uz'
