Identifier: '_nQgponE'
'false'
'elif'
String: "xk7zUd5hpBfxYKTf"
String: "nAicpuuz19xHvnC"
'or'
String: "KV6cUPMF"
'bool'
'and'
Number: 85
Identifier: 'cLTf2d'
String: "nWcIlQMseK2Im2sxHtGD"
']'
Number: 10
Identifier: 'ahkr'
'/='
Number: 10
String: "bMFDoVrmnuf"
Identifier: 'cvPHlIaW5'
'false'
Number: 51
Number: 76
Identifier: 'cg'
'while'
String: "shg02c 2KNFhYM0xP5P"
'while'
'<='
Number: 22
'while'
'/='
String: " dvmtJov"
Identifier: 'dEbtaPm9OW'
'true'
'input'
';'
Identifier: 'ak8cJ3'
String: "ofXkjnKHh"
'('
'input'
Identifier: 'aQaifnjS'
'('
Number: 55
String: "XjrL IwAImOI5wrA"
'='
Identifier: 'bQ'
Identifier: 'bk41fY'
';'
Identifier: 'd9I6o'
'if'
'else'
String: "r"
Identifier: 'dVAl'
Identifier: 'btkiLwBRX'
String: "cz2V3Le6etXQA"
Number: 71
Identifier: '_dlJQtKY'
Identifier: 'ced'
Number: 7
String: "O AAw95MyKRw"
'='
Number: 20
';'
Identifier: 'bOsX'
Number: 82
String: "gwVzBG711NrupB94"
String: "P30jQ28jH0WgGxS"
Number: 17
'chillax'
'not'
Number: 41
String: "0v"
String: "0RUftaK0Mb"
'/='
'bool'
'output'
Identifier: 'd2QI79CCs'
Number: 23
String: "w s1 "
Identifier: 'ck6yfIH2k4t'
String: " aBUs"
String: "vMR9Xpa5KN"
'program'
Identifier: 'aJpAIkhkjz'
Identifier: 'a2kRkcbQsT'
Number: 1
'array'
Identifier: 'bDvW'
Number: 86
Number: 29
String: "p4m80bgMJ757CE"
'elif'
Number: 18
'='
'rem'
String: "mS"
'bool'
String: "0qo 0YvJZg6YYAS7dbP4"
Identifier: 'dIu'
'>='
Identifier: 'aBliyZtjuHf'
