'not'
Number: 69
String: "X7W3rEyFdE26XsvXMWur"
'+'
String: "jGS8xHfWDlAG4"
'+'
Identifier: 'be'
';'
'int'
Identifier: 'a8Sf3Hy'
String: "MOMfUGq"
'/='
Identifier: '_VxcQaphP'
'return'
'while'
'>='
String: "YquQxuCoNvnKVLfAucyJ"
Identifier: '_gG5kp'
'output'
Identifier: 'c1qrHx'
String: "vLfpQiBIzQZs3D4e7bX"
Identifier: 'a1Y0'
'input'
'-'
String: "7WZNcQRK"
Identifier: '_usmjie9O7V'
Number: 73
Number: 86
String: "hPJJN53PR sEFVB"
'elif'
'bool'
Number: 96
'-'
'['
String: "zAkg4WX6YjE7v7U"
'return'
Identifier: 'bjtfDgvVk'
'if'
'return'
'['
Identifier: 'cLiR45n'
Identifier: '_M8e5Veo'
