']'
'/'
'/'
Number: 67
Identifier: '_r'
Number: 91
String: "WQCaZOrR"
String: "50"
Identifier: 'dZU'
Number: 39
'*'
String: "GC7CcCsjlfLSnnJD1A27"
String: "61UfFuydKjpjWMD4J2"
Identifier: 'bU'
Number: 7
Identifier: 'dXW'
'array'
Identifier: 'bowTrhh3f2v'
Number: 36
'chillax'
Number: 29
Number: 66
']'
'while'
String: "rm"
'input'
Identifier: 'c7'
'('
Identifier: 'agW'
Identifier: 'bGp0VG'
'/'
Number: 37
'elif'
Number: 36
'return'
Identifier: 'cb5lM'
Number: 21
Identifier: 'cZ6Nm'
String: "we8oxIf6rOSF1"
Number: 29
String: "NNEhl8biR0aep22e9"
'*'
'int'
Number: 94
Number: 4
'input'
'program'
Number: 83
'output'
Number: 45
String: "6VjljszB9nLXYrMjNL"
'+'
Number: 55
'while'
'chillax'
'main'
'and'
'..'
Identifier: 'cwdabMTXBG8'
String: "3FL08bB7"
'='
'('
String: "lU77Kk7Bu8e"
'..'
Number: 88
String: "PRm "
'<='
String: "DywNUtH7"
Identifier: '_U'
