Identifier: 'bMxTjkB4'
Identifier: 'bwLR'
Identifier: '_IH0QW'
'false'
Identifier: 'caOgei'
Number: 73
'let'
'and'
Identifier: 'dD'
String: "G"
Number: 72
String: "MGeylybgsAZ"
Number: 67
Number: 15
Number: 32
Identifier: 'aMrslh'
String: "vjX7htNjNRJfzWu"
Number: 53
String: "IqH8Rf"
'while'
']'
Number: 67
Identifier: 'cCLZlo'
Number: 66
String: "0jSYyYWw"
'>'
Number: 62
'main'
Identifier: 'dCa'
'chillax'
Identifier: 'a1t'
Number: 82
Identifier: 'azetywKT'
'elif'
'main'
'program'
String: "EnwP"
String: "i"
String: "ySeMQLihhAZYM5F"
String: " iAtJAShRzFdiGo"
'while'
String: "cj"
'true'
Number: 43
')'
