Identifier: 'dAk8PauZc2'
Identifier: 'ctdj1qgYjA'
'int'
'let'
Identifier: 'bnKah59'
String: "GDz 8ykDNgqm1"
'>='
Number: 100
Number: 20
Number: 81
'/'
String: "5MzGZd2la"
'/='
Identifier: 'arhhm5p'
String: "MXdi"
String: "I0ZpDGml4ehjBIChEDD"
Identifier: 'a0NnXxCUjD'
'['
Number: 62
'not'
'..'
Identifier: '_ruxiJmynp'
'if'
Identifier: 'ddUWdE'
')'
Number: 93
String: "jXwOCx4n7up"
Number: 27
Identifier: '_EfXN8O'
String: "qNk5UMes09Qi"
Number: 13
'..'
'chillax'
String: "VAJopRw UlKKuW"
String: "CIYgX"
'/'
'and'
'chillax'
'['
String: "psQkftbfzpuTiP"
'true'
String: "yFOe0cPBRjzu"
'+'
'or'
Identifier: 'dK9BaK8A'
String: "dXVFvG"
'/'
Number: 60
Number: 86
Identifier: 'ce'
'output'
'output'
Number: 50
String: "s"
String: "qdjLBGt"
Identifier: 'bkdQLzCdN'
String: "3CU86Cltt9"
';'
String: "8tD"
'program'
String: "6i1"
String: "jwTX"
'elif'
String: "AQ"
'input'
'array'
Identifier: 'aKn3URKJ'
Number: 1
';'
Identifier: 'ad0DLYMhBF'
Identifier: 'dMEX7f2'
'='
Number: 99
Identifier: 'bDY2rE'
Identifier: 'bP'
Number: 64
'array'
'int'
'main'
';'
';'
Number: 27
Identifier: 'bplIAf'
'>='
'bool'
'chillax'
'else'
Number: 23
'while'
String: "sF5fQehAkwu5Ef"
String: "4Q58SAlBGQbt9"
'*'
Number: 64
Identifier: 'bbkg'
'program'
Number: 55
String: "ndIDe"
'and'
'true'
String: "y9asof6wcW3WM20"
String: "ICc6v2WbRIC68Z"
String: "xyXqn2PPLC31wnwR"
Number: 94
Number: 20
String: "etiry6vDWDgf2J"
')'
Identifier: '_J'
'false'
'*'
String: "6SVCqiQX4bNnoyn6I"
'>'
Number: 53
'program'
'+'
'main'
'and'
';'
Number: 90
Identifier: 'bGXr'
Identifier: 'aBJ'
'bool'
'not'
Identifier: 'c0dG'
String: "fEOysK9TyPz78J14NN"
String: "Z2"
Identifier: 'cWqP5LoZ74'
Number: 39
Identifier: 'asezm6b7'
Identifier: 'cqnbC01kA'
String: "DYz6pv36"
'('
Number: 7
'-'
Number: 5
String: "NVh0A7rmQ"
'false'
Identifier: 'bpjH'
'if'
Number: 15
'not'
'elif'
Number: 90
'or'
Number: 53
Identifier: 'bbHXX6s'
Identifier: 'aqCseqfUC'
String: "5UnF3K"
Number: 30
String: "61sIt9YhKMgKnP4t CSF"
Number: 86
Identifier: '_xmhCkIPnNm'
String: "NvrTCkHO6yIEfsxf"
'/='
'array'
'output'
Number: 14
Number: 46
'end'
'output'
Identifier: '_WjOAkTJ'
'chillax'
String: "dr5yTol3Ss66AiQ30zwV"
Number: 22
'let'
Number: 39
Identifier: '_fVWXonjx'
Identifier: 'dVf1RLcVpyX'
