'not'
'<='
String: "0W"
'('
'end'
'program'
'if'
Number: 69
Number: 34
String: "ScfYft"
Identifier: 'b2Ve'
Number: 67
Identifier: '_mIUww4UdE'
':'
'input'
'return'
'<'
'return'
Number: 87
Number: 76
Number: 38
Number: 16
Identifier: 'btvZVSdB'
String: "qzsvVdr"
'*'
Number: 16
'/'
Identifier: '_vOLvj2FQ3'
'..'
Number: 55
Identifier: '_Zm'
'let'
String: "ZqlqziZcYyVHYs"
']'
'+'
Identifier: 'bBRR'
String: "LsHNFs 3qOryKH48CsT"
String: "1gjlZ FF3xbR3Zt7w"
';'
String: "Czb1Wpxm0EtoEf30XB"
Identifier: 'cI08'
'let'
Number: 55
'<'
String: "lWXcuVuUe2RvUYz9G"
'/'
Identifier: '_v'
'*'
Identifier: 'cTjcFghM'
'>'
'='
Identifier: 'dx'
String: "BQ"
Identifier: 'bv6Ah'
String: "p49C346c"
Identifier: '_IqQ8F'
'not'
String: "eevD8gbHEX07zsI"
String: "VpAf"
'end'
'elif'
String: "kbmNcxp4zcYUtMtc8D"
Number: 23
Identifier: '_fGtuwYr'
Identifier: 'a6N'
'/='
String: "02y 0w"
String: "pfh"
Number: 10
String: "eByQeCt6eUbIKdUC"
Identifier: 'cXVPhBml0sE'
Identifier: 'axWtHhs'
'not'
Identifier: 'awYEdoukg7'
Identifier: '_OaomxGnYc'
String: "S8ngKY4R"
'int'
'..'
Identifier: 'dLwEFv'
'..'
Identifier: '_8cvfp'
Number: 79
Identifier: 'dzg'
String: "6zqdUG"
'*'
'='
String: "cV22FYsexa7htf45dC6"
String: "JoKydCUXpzoEJhgrbsLk"
'>'
Number: 10
Number: 49
Number: 45
Identifier: 'c6pb'
Identifier: '_vmO5638y'
Identifier: 'bQGANeTRKL'
Identifier: '_37XUni4'
Number: 24
String: "ICPqF4"
Identifier: 'cn4hkT8Kqf'
Identifier: 'dSKoQljH'
'false'
'int'
'or'
String: "25HJJEjyZ48"
