String: "U"
Identifier: 'bZpb0'
Number: 5
String: "EdqomxOW9hz6I0b"
'('
Number: 51
String: "aOwUzf3rbhUzLHRawqYR"
'program'
String: "ysWRCjMOP4VpRO32h6XE"
'*'
Number: 94
'..'
String: "uMVgMGXVtv8aaYjko"
')'
'<='
Identifier: 'dE'
'false'
'input'
'='
Number: 66
String: "hS0SaWZj5VmCK"
String: "uc6"
','
']'
Number: 59
Identifier: '_l4J'
String: "Fr6"
String: "OT7QJZwjfkFPkddYta"
'array'
Identifier: 'cyclSp4Q2b'
':'
'and'
String: "NmPAvaowW7tOQdmSZ7"
'while'
'*'
String: "r2H"
'int'
Identifier: 'ccWsn'
