Number: 44
String: "slxv8sRQrLhhBPa8hXiQ"
')'
'..'
String: "vUPQhvFDgNZH"
Number: 26
'='
Number: 49
Number: 71
'bool'
'*'
Identifier: '_jN4md0ReEo'
String: "7A2oGkSnu4Rw"
String: "tRJmVpi"
'/='
Number: 19
Identifier: '_GePl2l6tQK'
Number: 53
'output'
'('
'or'
String: "Yy2QD Gq1qGXrz4"
Identifier: '_VfZ2c7vs'
'if'
String: "0Bg"
Identifier: 'cg3Xt5'
'array'
String: "SCOkELd15mUmJz"
String: "iINwPckJwQp"
String: "dXHal"
'int'
Number: 95
'bool'
'input'
Identifier: 'aCfHAUyu'
Number: 19
String: "zUJerlZfLCiX2bpvX"
'program'
String: "R7RRnyhxBB7"
')'
Identifier: 'bQmEyM1T'
Number: 17
String: "1WTW HaDVwNJ"
'not'
Identifier: 'b5zJ0ote'
Identifier: 'brSs'
Identifier: '_nt0'
','
']'
'program'
Number: 83
String: "o"
Number: 33
'['
String: "W1CyyLJwvztvWb"
'..'
Identifier: 'dWl'
'array'
String: "p2tlnJ"
'or'
String: "V0DRtx02bl1teFL"
')'
Identifier: 'ayfP41V'
'/='
String: "yjhWRNn"
Number: 7
'['
'input'
String: "x"
':'
'+'
Identifier: '_OfIwBI'
