')'
'chillax'
Number: 19
String: "bqAXLsRPC"
Number: 18
'>'
Identifier: '_nIq2'
'('
Number: 93
Number: 88
'output'
Number: 27
'while'
'let'
Number: 88
','
Identifier: '_RmpS0Y'
Identifier: '_G'
Identifier: 'ditaG6KwY'
'>'
Identifier: 'a0BHOW'
'bool'
'array'
','
Number: 12
String: "lC2wDMZmYQvYDya"
Number: 44
Identifier: '_bL'
Identifier: 'aUfmOFR2qDu'
Number: 100
String: "8ZFMqOOinXxm"
Identifier: 'bZ3cdXlVU'
'/'
String: "c26CyraOuxF8hRj "
String: "0H"
String: "CSlesPQ4W0"
String: "h3JO"
'if'
Identifier: '_68n0l'
'..'
']'
Number: 45
'rem'
Number: 83
String: "f5aH1vniUGMezFdKLHTL"
'let'
Identifier: 'cGRi7r'
String: "1"
'array'
'='
String: "l9eijn"
String: "Nzc4tLHL1stY O79XPR"
'main'
Number: 61
'..'
'rem'
Identifier: 'boU0WOpb'
Identifier: '_e9kQh'
Identifier: 'aQbucCOt8'
String: "zXfKYh"
'let'
Identifier: 'bSGqwPsgl'
String: "T5JXbi"
'..'
Identifier: 'cXPZ9BNXF'
'main'
Identifier: 'c8cVUXu8XE'
Number: 91
')'
String: "0sliebRDWgrmwL27v0"
Identifier: 'dT'
Number: 83
Identifier: '_Ieyf9tANQ'
'and'
'output'
String: "Urv1pWs"
Identifier: 'cvlYV'
Number: 87
'true'
'while'
'false'
Number: 77
'='
Number: 91
String: "ntevJdWyaPGBosuFy"
String: "YRFaSnYmx"
Identifier: '_WGbyX'
