String: "Ly"
'true'
String: "KiCNDC"
String: " 9oetfeaaLMAzo"
Identifier: 'c1Pg'
String: "UTyWU8L"
Identifier: 'b4nKq09'
Number: 37
'<'
'array'
'or'
Number: 17
Identifier: '_L'
Identifier: 'abTRVWHgA'
Number: 51
'output'
String: "pm2n3hE8Rey"
'*'
String: "5VbhyKL1yxSGHAQw"
String: "JPApS"
Identifier: 'ci5SDUHh6H'
Identifier: 'bU77E8UG'
Number: 11
'>'
String: "AC23ZBYoMoN"
Number: 34
Number: 59
Number: 2
Identifier: 'b2'
Identifier: 'aVDl'
String: "SXhwHmLn OvVEiF"
')'
'>'
'*'
Number: 1
Identifier: 'bzUKF'
Identifier: 'cdD'
Identifier: 'd4y'
'/='
'return'
'+'
Number: 85
