Number: 24
String: "0tKLKwGRJqXWTXN"
String: "qMqDiyG19Th84Ih"
String: "QwUAEVTehdmmgNv"
String: " YmBL0BvqZ"
'bool'
Identifier: 'bTIb2Q'
String: "aXkM0T2sLWas5n"
String: "u"
'or'
'end'
Number: 80
Identifier: 'ayTzNZ9'
'let'
Identifier: '_yggBYofog'
Identifier: 'bE'
Identifier: 'cUrLySWc4'
String: "iQUxlNG1f5CJpFj8l"
'main'
Number: 42
'not'
'bool'
String: "BUsPFUi"
'or'
String: "hyTttyc7P"
String: "14FVdRMX SEQdJ9P"
':'
'main'
String: "HEmAAD9nhX"
Identifier: '_4KvVHCurR'
';'
Number: 44
String: "cA"
'false'
'int'
String: "dd"
'false'
Identifier: 'cpSzl'
'program'
'if'
Identifier: 'acEn'
Number: 81
'elif'
'let'
'>'
'*'
Identifier: 'aVl4ZXBmN'
Identifier: '_FvPkoN3Qm'
'('
Number: 36
String: "SkCVFx"
Identifier: 'cUQNe'
String: "xB7Kt04TqRc"
Identifier: 'cySt'
Identifier: '_vRtwh'
Identifier: '_fvb'
Identifier: 'a1FbFOCf'
String: "szb4SodgoFbI8Mf"
'>'
String: "PJoZ6qtxsZ5 BhBVDfq0"
String: "KjRn"
Identifier: '_2'
','
','
';'
Number: 1
Number: 17
'elif'
'/='
'+'
'>='
'/='
Number: 76
Number: 40
Identifier: 'cxAzFfM'
'array'
'*'
';'
Identifier: '_ys'
Number: 43
Identifier: 'ab70umf8ZM9'
Number: 39
';'
Number: 57
'+'
Identifier: '_FCB'
'>'
Number: 38
'='
Number: 19
'*'
Identifier: '_U4FxSjFebS'
'true'
Identifier: 'ciWFxZREf9'
'int'
'-'
')'
':'
Number: 79
