Number: 100
'>'
Number: 27
'while'
String: "BJAgo5idHwW7pAv"
'*'
Identifier: 'c3Qktq'
Number: 46
String: "FKCW Sb1MR"
String: "k1cfQ584IDWih"
'>='
Number: 44
String: "eYP VlGiY2u"
Number: 21
Number: 10
Identifier: 'a7'
String: "G1T3"
Identifier: 'dqYikuBZx8O'
String: "3Zu9ovPhUlqyts8C"
Number: 68
Number: 25
'return'
String: "38bHNc567d"
'>='
'if'
Number: 81
Number: 35
'array'
'false'
Identifier: 'cBZgm0DiFT'
Identifier: 'avvL6EiNI'
Number: 62
Number: 56
String: "06TZbf2BKcAhkuSY"
']'
Identifier: 'bjqZsfk175c'
Number: 38
Identifier: 'dvlgZH'
'chillax'
