String: "3p"
Identifier: 'bBpbAZXGFsO'
String: "LnGU"
Identifier: 'dDiJ'
Identifier: '_1yhz'
String: "T6 Nsf"
'false'
'return'
String: "9ArkIYp4Zrv"
'main'
Identifier: 'c0ZYhDyP5'
Identifier: 'bIlFV86uut'
Number: 37
'and'
String: " 836ZhrlNgoBEvS SS"
String: "483P6"
String: "9bbjFOjqF6aa"
Identifier: 'dx9auwlnWS'
String: "2hKtyKiM2"
String: "y75NJsE"
Identifier: 'dLinS7sqRa1'
'+'
Identifier: 'da'
String: "dEeuLyuvnDc85GPsexB"
Identifier: 'aPaUgDaxm'
Identifier: 'bXtr3FxL2zI'
Number: 96
Number: 28
Number: 44
Identifier: 'dyWSdg'
String: "gubK"
'..'
'while'
';'
Number: 25
