Number: 85
'else'
'/='
Number: 95
'elif'
String: "M1sEIHREP72aW"
String: "DRH 3"
Identifier: 'dGeQvCk'
Number: 63
'..'
'rem'
'and'
Identifier: 'b3UE7'
String: "Jy9efj95H9"
String: "tu1x2CRt"
Number: 53
'main'
Number: 70
Identifier: 'bHOu'
String: "9AWkjP"
Identifier: '_CiTOdH'
Number: 62
Identifier: 'cI6Ggy8qM'
Number: 81
String: "aU5AIb6vVJrUR"
Number: 73
Number: 17
String: "5WzJv3uN"
Identifier: 'c5EOMK06b'
Identifier: 'aRY0c7iLu7'
String: "Zas3VfCSh7hKUMNP"
Identifier: 'aaMbG'
Number: 42
'/='
Number: 63
')'
Number: 42
Identifier: 'dt4i'
Identifier: '_pFC1B3JyI'
Number: 52
'and'
'or'
String: "5"
Identifier: 'c5hPQ'
'output'
