Number: 74
String: "Vy J80mcUGAO"
Identifier: 'aKhO'
'elif'
Identifier: 'brkb9k'
'end'
Identifier: 'cLb2FnNo9'
'or'
'input'
Number: 98
Number: 56
Number: 91
'let'
Number: 99
String: "zGcO0qdkdB4Povad8"
Number: 64
Identifier: '_15K5'
Identifier: 'c19Gi2'
'<'
'or'
'-'
'int'
'['
String: "9KltPZ4wrSV9G71"
'>'
Identifier: 'bV5VoIRo2pY'
String: "sR0ZCkhEuDYewAhX2Hp"
';'
String: "jjP"
Identifier: 'bAuKpDN'
'*'
Identifier: 'cGvLna'
'or'
'if'
'*'
'['
String: "64OH"
String: "HQl FPmtY7oXtcoEkc"
Identifier: 'c9C7vOQ3yd8'
'while'
'('
'or'
'='
Number: 55
String: "a6lJMh3Il3rJdkDA4O0"
Identifier: 'ajQ'
Identifier: '_t'
Identifier: '_9PphiJb7X'
String: "1Idv37FOE"
Identifier: 'ddedVpCWdJR'
'-'
Number: 88
'..'
'end'
