String: "2CqHiiPrEIEprv38Xj"
String: "tBx1Oc3KT7OWvxY"
'rem'
Number: 36
'>'
'true'
'+'
Identifier: '_auWORiiI6'
Identifier: 'cGZS7'
'('
String: "6dzrX7qNVXVDG"
'='
Identifier: 'd3qKwZk2'
Identifier: '_zOkc'
Identifier: '_AKO6aYDxS'
Identifier: '_eNeknVvv5'
Number: 21
String: "n7"
'/'
Number: 2
'program'
Number: 31
'chillax'
'end'
Number: 89
Number: 67
Number: 35
'='
Number: 64
String: "PCmXQ9JM0liV"
String: "07MMyB 0LyO"
Number: 49
String: "8hv5ScUAERtUj1QiWSvy"
'chillax'
Identifier: '_FVKzG'
'>'
String: "G4DTHPrQlc1VJRaQlxD"
Identifier: 'cDAXB'
Number: 46
'/='
'else'
Identifier: '_4j8rbrnI'
Number: 47
String: "4HuhUR3fh6I L2br"
Number: 61
Identifier: '_ch'
Number: 31
