'rem'
'<='
'='
Identifier: 'ce4iLy6I'
Identifier: '_iH0Due'
Number: 40
Identifier: 'cp0zlciEH6'
String: "DnU3SmWkc"
Identifier: 'bB'
'return'
Number: 39
':'
Number: 19
Identifier: 'cm2sgo'
'<='
String: "7PfbMCkty"
Identifier: '_KiZGRJf3i7'
Number: 15
Identifier: 'bB'
'bool'
'/='
Identifier: 'dquy'
String: "c9xSjatxr0"
'rem'
String: "pqZq06ZGxrE oj"
Number: 30
'*'
Number: 7
Identifier: 'csA0iy'
Number: 42
'<'
String: "GA HO03QEeb"
Number: 68
Number: 32
Identifier: 'ai'
'if'
Identifier: '_HXuBnsB'
Identifier: '_r'
'/='
String: "YOzRym2"
String: "ZQT3xdgt7"
String: "TV057NR"
Number: 66
'*'
String: "qyLOANCDqA"
'or'
Number: 41
String: "Yhvh"
'>='
'>'
Identifier: 'dnYJm'
'not'
String: "cx8xxJBu8RsqGC9uAf"
Number: 22
'rem'
