String: "3mdPE0HkdEl9FO7ZR"
Number: 51
Identifier: 'bXQ8QXQFAy'
'program'
'*'
'if'
';'
String: "5XKZQsvt8DKDfC"
'else'
Number: 32
Identifier: 'dKvgf'
'true'
']'
Identifier: 'cvG8OBMPpn'
Identifier: 'b5'
'return'
Identifier: 'bdibjYRWNK'
Identifier: 'dETgo'
'end'
Identifier: 'aPyr6'
'rem'
Identifier: 'dG'
'+'
String: "hxGHFkwJH"
'elif'
Number: 26
'not'
Number: 20
Number: 78
Identifier: 'bQrZ'
Identifier: 'c5rfYnYQl'
Identifier: 'duDXCL'
'-'
'('
'>'
Identifier: 'c3vAhaep'
'or'
String: "7jxa4KrOvmQ4q O7JO"
Identifier: 'c8bsKKfvRA'
String: "ZWstpY"
'output'
'program'
String: "rxzcbzM"
String: "6B6"
Identifier: '_U1upgw'
Number: 51
Number: 26
Identifier: 'crfh'
Identifier: 'bOJ9mKSw5b'
'chillax'
':'
Number: 75
Number: 35
String: "qR"
String: "oI"
String: "hjRpxBUsbLX9fvC"
'input'
Identifier: 'bSzmnT'
Identifier: 'bL86CdDvlFH'
':'
Identifier: 'aGpnDOQ7'
'>'
Number: 70
String: "nJeTVmLSnl"
Number: 87
Number: 45
Number: 51
Number: 95
'chillax'
Identifier: 'b6K'
'rem'
'if'
'and'
String: "50LNe8xtLYbgX8hEkYX"
Identifier: 'cE53n'
Identifier: '_2x'
Identifier: 'cZweiF'
'rem'
Identifier: 'aKp'
Number: 80
Identifier: 'dHtIkcXWs'
'elif'
String: "G"
String: "ys4i1fdR3un"
'int'
String: "yNJ"
String: "20r "
String: "vnqhfqhMEHd"
':'
Identifier: '_xDTZJi'
String: " Gdx"
String: "Cz"
Number: 21
Identifier: '_fX'
Number: 1
Identifier: 'bGw'
'['
Number: 47
'end'
Identifier: '_lf'
'['
String: "L9NtNuYSR0"
String: "FuGQ4nBuxotZsDa2Pkm3"
'/'
String: "36p 6msqbNop4LWo1"
String: "oMpb60qjtSx"
'not'
Identifier: 'dU7PA5'
String: "Y2N4acDc"
String: "uiPL"
')'
';'
Number: 61
'/'
'end'
'else'
Identifier: 'anjhXVMp'
'elif'
Identifier: 'd4z7V'
Identifier: 'dsyE3'
'while'
'end'
'output'
Identifier: 'ajt'
Number: 55
String: "FUSvPR7MKYyM4Z"
'rem'
String: "pL3pTnL4BsnvVARym9gh"
Number: 25
String: "6VXBrWCZe2h81FWgBETB"
Identifier: '_dUQ'
Number: 2
Number: 29
String: "tV0wA"
String: "eBmpFlT6tWsMsfZq"
Identifier: '_x3Ll'
'chillax'
';'
Identifier: 'b0'
Number: 68
String: "JLnf04pe4jCgQdFMo"
'true'
'bool'
'elif'
Identifier: 'ad'
'and'
