'rem'
String: "PSloPRFPfe"
String: "Q2wao3p28jgJKB364"
Number: 23
String: "GzFTA1X"
Number: 43
'*'
'or'
String: "DLhR"
Number: 66
Number: 55
Identifier: '_raE9NvR1c4'
')'
String: "PysrofQIOpVNp"
Number: 33
']'
String: "Vf81wTK66T7WUIr"
Number: 76
Identifier: 'bo9Wl'
Number: 64
Number: 18
'true'
Number: 55
Number: 88
'..'
'output'
String: "jQlrunn1dE0"
String: "v8lU3IIEj"
String: "58ETyyAGE"
'>='
Identifier: 'b1KBf2P'
Number: 64
String: "l9s6JAoRAUk7wnL"
String: "7sN9"
'return'
String: "2iC"
Number: 37
Number: 6
String: "N6XqwVyzeY9WHO"
String: "dlExm"
':'
Identifier: 'bY4e'
String: "8e qlad5K"
'end'
Number: 51
Number: 92
Number: 77
Identifier: '_BrgP'
Number: 5
Identifier: 'cRmsGEE0X'
Number: 2
Identifier: '_HVCfdrIS'
Number: 44
String: "6zSx"
'array'
Identifier: 'cMJPlu'
'/='
Number: 18
Number: 28
'>'
'input'
Identifier: 'anjJCQ2kVDN'
Identifier: 'a9daeT8Xjq'
Identifier: 'bkHA'
'chillax'
Identifier: 'dJck166sr'
'='
String: "Z70Ygf0HicV"
Number: 3
'+'
'program'
Number: 41
String: "IgirJNFYES4E"
Number: 84
Number: 27
Identifier: 'cvLLuxtZpiF'
String: "HxGn5XFMBJFJRCS Kl"
Number: 10
';'
String: "UW58eB1fgECrkFDtQYL"
Identifier: 'di0vRNOdI'
Identifier: 'dgzZ28k'
'<'
Number: 67
Number: 22
'int'
'bool'
String: "46GIhNeXZuc42E"
':'
'return'
')'
String: "JMzVLtB8Ezba8XtpaUI7"
Number: 91
Number: 83
'while'
'*'
Identifier: 'cD'
Number: 65
Number: 5
'or'
Number: 98
Number: 71
'bool'
Identifier: 'dpa3eKqV1A'
String: "Bu"
String: "azG2km5Q4IZ48YPF"
'output'
'rem'
String: "mRV"
'output'
Number: 90
'not'
')'
Number: 66
String: "DRhZyAwD6Y6Y8WO4"
String: "BGVf3nMilH"
Identifier: 'dl3TKZa'
Identifier: 'cn3zbOkEE'
Number: 11
'elif'
Identifier: '_kJ06Z0BwOn'
'and'
String: " XGPO6xvV"
String: "B"
Identifier: 'cSV'
'int'
'false'
Number: 64
'program'
Identifier: 'dgi'
Identifier: '_tsJ7nAu0'
Identifier: 'dfKq'
'rem'
String: "Kq2KtSKRO "
