'-'
'<='
Number: 19
Identifier: '_dU'
Identifier: 'ccXwnHA'
'false'
'end'
String: "ygTh09naRzYqwXd"
'or'
Identifier: 'dMWWFb'
String: "m8Wyn24T3b16FPEQ"
'not'
String: "u2UtTSOGSvfheLXYu3X"
String: "v2"
';'
'chillax'
'elif'
'program'
String: "RfW"
'>'
String: "ceX3cgO8p T"
String: "e6yKF"
String: "16w"
String: "12rbfXZLRUEN"
'>'
Identifier: 'cQy3nrr'
Number: 96
'<='
String: "8EwFNvyiovA"
'bool'
Number: 16
Identifier: 'd4n'
Identifier: '_FvkTq26pWJ'
Number: 53
']'
Number: 14
String: "hLS6C2E67GQBqWzA"
Identifier: 'bk'
String: "JBglPYLlBVf aH1gv"
Identifier: 'bMo'
Number: 53
Identifier: 'c34a'
'array'
'+'
','
String: "LKo3"
Identifier: 'ce8'
Identifier: 'cm'
String: "FsuBVV9HEzT3lM1aFzR"
Number: 24
Identifier: '_yZ'
')'
Identifier: 'b1KcgwWP'
Number: 10
'elif'
