String: "mQvPoAQa"
String: "XN"
String: "rIgOTcJ38aV2"
'end'
'bool'
'input'
';'
'<='
'not'
'else'
Identifier: 'bYjuU9JkbMC'
Identifier: 'aZ'
Number: 80
Number: 1
String: "saDJTgJ2qA aDYiGLofm"
Identifier: 'ax'
String: "Qh"
'not'
'not'
'['
Number: 42
Identifier: '_yx'
'rem'
Number: 79
'and'
'<'
String: "Wx2YOJjkCK9ygTjmGu"
'output'
Number: 97
String: "xjvt"
String: "OV8r8LKq7n5K"
Identifier: 'dCuM'
Number: 84
String: "T5Zx5tGOx3bCXZB"
String: "De6FklwmBK5q6ROo"
'rem'
String: "arfLWkUpJkV0"
Number: 47
'int'
'elif'
'else'
':'
String: "F"
String: " R8vK6dZp55"
String: "95yOgY9PX86S6"
'rem'
