String: "3UfEsKp2aT1XKvuA"
Identifier: 'dii7YJmskTE'
String: "LJsx"
Number: 54
Identifier: 'aGnLY3'
Identifier: 'a5LmwRG'
String: "ND wfbGo4XVS1MhTseS"
String: "KlSPvgTn"
Number: 7
'elif'
Number: 86
Identifier: 'bffY2ft'
','
Number: 27
String: "cxivFWVNccO43O"
Identifier: 'aKUeh1fD6a'
','
'array'
'int'
'('
Number: 39
']'
Identifier: 'cVx'
Number: 1
'output'
String: "atFfXQZeL1hJ6mNE"
Identifier: '_8Bh8DLp'
Number: 76
'('
Identifier: 'bsh9nqOqwJc'
'('
Identifier: 'abmOls7mI8j'
'['
String: "J8h5tzJm"
Number: 43
Identifier: 'cyA8'
String: "fwuuvXW"
Identifier: 'b4ZOSS'
String: "TzFoSZxsKYT7kEAnMdQO"
'+'
Number: 93
String: "KCOWsVoJs3ZO"
'else'
Number: 72
'rem'
'bool'
'main'
'<'
String: "EJ"
Number: 36
Identifier: 'cnFVu'
'<'
'['
