Identifier: 'bJaxMNuhNHC'
Identifier: 'dTX'
'>='
String: "8FV7UPV2"
String: "UYxJIvqyTXaC6m0CeX1"
Number: 33
Number: 65
String: "g8UeFjWdReRB"
String: "UUmy"
Number: 68
Identifier: 'aaEx9M'
Number: 99
'('
Identifier: 'c7er'
']'
'array'
')'
Identifier: 'crWdF'
String: "CPxHhSbjsad4R"
'or'
'int'
String: "DgdzdTFv"
Identifier: 'cEVW'
'rem'
'>='
Number: 23
'let'
Identifier: 'bqWCGO'
'int'
Number: 65
String: "8slrM4uf"
String: "elgde7bJO"
'/'
'while'
Identifier: 'dNak'
String: "xp9yH4ePxXocdcFIwjI"
Number: 4
'return'
Number: 58
String: "UR4SrUgDfld"
String: "PmOgOpIno"
Number: 4
String: "rBSUHO L3apbgLXUlKQO"
Identifier: 'cTz'
String: "m2cpHxbHZfWjIg"
String: "gRk1t1SOX"
String: "OTNgQ GTYtlZfSZUFK"
String: "AT6fRApi6bn"
Number: 48
Identifier: 'c3d'
Number: 77
'array'
String: "g3L"
'while'
String: "UG"
Number: 61
String: "A"
Identifier: 'aMtUUvtM'
Number: 57
Number: 14
'bool'
String: "AhWuDsaVaX"
'output'
'/'
Identifier: 'bZeB63nv'
'='
Identifier: 'cnNTnanK'
'-'
