String: "T"
'='
String: "pc3pQo3SfRZe4o"
String: "6uJP0jYSbzhkB"
Number: 90
'not'
'output'
'elif'
'/='
String: "4ui2wx9i8YlhJCVoUqxv"
':'
String: "nNRnra6s3L"
Identifier: 'b57rILSZpW'
Number: 58
'<'
'return'
String: "yp1yIRm6kpbxpIY"
String: "bC01M"
'<'
Identifier: '_MP6'
Number: 85
'int'
String: "jwENSFKN1Xaf"
String: "7dWvRH"
']'
'program'
Identifier: 'cZtsidm'
'int'
Number: 54
')'
Identifier: 'bRYI'
Number: 69
Identifier: 'aIY'
Identifier: 'aU4E4l9lW'
Identifier: 'a7tkXeLKFm'
Number: 9
String: "z9H7G1JY"
'return'
'if'
String: "0 AEF0Np76 Unucj"
String: "yHEZBjgV0Ync"
Number: 55
