String: "Ev2AzxfD"
String: "A"
String: "QSiHC1jZpixdUk2NRVw"
String: "8zflWmIJwgowjbQIRnbi"
String: "3 WJ"
']'
Identifier: 'dk'
String: "McaKHFT7OilARvNw"
Number: 3
'>='
Number: 22
String: "M"
'>'
String: "XHaXB 8gUbbYg1G9bvd"
Identifier: 'bXFa7e2'
String: "FoezxU OK3"
Identifier: 'cAo1TspJ'
'/'
Number: 58
'program'
String: "Y7"
String: "xGkQ7F2XDNopA"
String: "Z1SNRJM9Yr1kMY3RT8RP"
Number: 33
String: "BlZxyyNxvHzA"
'/='
Identifier: 'cwLMhmfMxwl'
Number: 24
Number: 44
Identifier: '_xc3frYhb9'
Number: 77
