String: "55JCJWlTvkWIDmnW"
')'
'not'
String: "ZcsKT92"
String: "z8"
')'
Number: 88
Number: 26
Identifier: '_KCkRPwfS'
String: "ObJKO9No9MGoto"
Identifier: 'aBkq1f'
Number: 24
Identifier: 'ascGew'
'int'
Number: 15
String: "XZHOtWfBn8RTED6udQL"
Identifier: '_YG'
')'
String: "rLvkPdl"
'<='
'input'
String: "bVTNPGqrYcGu2babBHwy"
Number: 18
String: "jg8TGZ3M9J9vbRnB8yd"
'-'
Identifier: 'ddIvOpwi12'
'if'
Number: 7
Number: 85
'-'
Number: 82
'end'
Number: 85
String: "Brnd8kde85eqI6QEi"
Identifier: '_8v3grolpwv'
