String: "yDwVHnp"
Number: 7
String: "21qtc8wybHyblR2Lcco"
Number: 89
String: "bvgh5CshDzi2"
String: "qOhkpvPwEHhrrvfVjESM"
Number: 68
'while'
Identifier: 'cBArIyQm'
String: " nUIAHyHIKMfWJmKMrT"
Identifier: 'aTWXU'
'<'
'program'
String: "Wgrying4jyxEWKOfw"
String: "abpQ"
'/='
'output'
'chillax'
'and'
Identifier: 'aB'
Number: 63
'array'
'elif'
Number: 26
Identifier: 'dumMy8qP'
String: "VPOZ"
'chillax'
String: "aGBN1JfaFYiEMnV9XaV0"
Identifier: '_FSOZ'
Identifier: 'cbBRIgAN4'
'rem'
';'
'array'
Identifier: 'cYqZ'
String: "zLB CGzwQeLUEd"
String: "5HUuCh"
Identifier: '_hexB'
'and'
Identifier: '_7n6zfV'
Number: 44
Number: 96
String: "tsDonNWUgs7L"
Number: 49
'>='
Number: 72
String: "J9H2yvwR7v 0hAH5"
'*'
'chillax'
