Number: 91
'else'
Identifier: 'aUv82VJ'
'chillax'
'main'
Identifier: 'c12daiQ'
'='
'['
'('
'while'
'elif'
'true'
'<'
String: "C4sAFX2DOgTqIZZ9mIyu"
String: "oeVAE5qw"
Identifier: 'cfz'
'elif'
Number: 21
String: "uJfSQ7Q7r"
String: "X7"
String: "KuvK3n0kwBK r4OJ"
Identifier: '_YqvH8o'
'end'
String: "RaqHYf"
Identifier: 'dsdcweb6'
Identifier: 'awc5x2TF06T'
']'
','
String: "NC"
String: "vje85B4EXlEiIsS0l"
String: "znluf5kLrWxMbFa9Gh"
Identifier: 'dzzIlc0'
Number: 11
String: "Szr47oYhCoJ"
Identifier: '_d'
Identifier: 'dfIBL7j8G'
'<'
')'
Identifier: '_dx'
'program'
Identifier: '_ZosyAhAHiS'
','
Identifier: 'bU'
'elif'
Number: 61
'<='
'and'
String: "cPnQy7c7CixvhE 4M"
String: "H"
String: "IzXKoihyTRAlH5aH"
Identifier: 'afyaoZBkx'
'if'
'true'
'output'
Identifier: '_CIYjqhvAtl'
'not'
Number: 47
','
Identifier: 'csY1vgN'
'<='
'chillax'
';'
'chillax'
Number: 42
String: "ThmYLK"
'or'
'and'
')'
Identifier: 'atRg'
Number: 16
'if'
'program'
Identifier: 'cJBo6mo'
'/='
'input'
String: "FGGXd7nZbabPJ606CCw8"
Identifier: 'agEOTm'
'elif'
Identifier: 'c9ociTK3Tp'
'array'
