'('
String: "ptYCycmL3VvQ"
'else'
Number: 6
String: "Xx0F4Lq"
'return'
'..'
String: "s8sC4aCS0APfcy"
Number: 14
Number: 99
Number: 19
'+'
Identifier: '_okcCLKKd'
'('
Number: 12
Identifier: 'ciDdsUZM'
'input'
String: "Ci01Adj7H"
String: "O"
String: "Au3x4tHmgi"
'>'
'<='
'array'
Number: 24
Identifier: 'a3nRdQ1'
Number: 21
String: "2m 8XiDQduZvMZB"
String: "YV2H53HAB31Nc4JEVD7"
String: "dr1SJ 6O"
String: "Og6L9FGcS"
Number: 35
'and'
'while'
Number: 9
Number: 91
String: "vCxvl6Yr"
']'
'return'
String: "5EwGJrs"
'input'
String: "B58"
'main'
Identifier: 'cVVsgEKR'
'<='
'else'
Number: 88
'+'
Number: 5
'let'
'-'
String: "OLsCqDQmEaZLw"
Number: 36
Identifier: 'dC'
Number: 93
','
String: "21dDLk5A3q"
'program'
'and'
'+'
';'
Number: 99
