Identifier: 'd5dF'
String: "ql Ij3Ixe6SYo0SISjwe"
Identifier: 'aOcwvqL2d'
Identifier: '_CykfR'
String: "F"
'else'
'output'
Identifier: '_arFxPkt'
'/='
String: "Nj30zZMPVVJreg5bWzbT"
'chillax'
Identifier: 'bJw6YIJ5'
Number: 68
Identifier: '_9NtZP0Yx5'
Identifier: 'bJscbLtYd'
Number: 33
String: "a1Kf6WA3ID2wlvyzN"
Identifier: 'al0'
'>='
'<='
String: "1"
Identifier: '_ZeZDSKGwYr'
'else'
Number: 55
Number: 95
Identifier: 'dtmiXRv2a'
Number: 7
Number: 88
'false'
'else'
Number: 89
Identifier: 'aKrGC'
Number: 61
