Number: 64
String: "jHz"
Identifier: 'cGxYj'
'..'
'<'
String: "Oz8POFGFQHzjkm6mfkb"
String: "9"
Identifier: 'aqhMs4W0cxw'
Identifier: 'b3AGrA7qSqI'
Number: 75
','
']'
Number: 83
'/'
Identifier: 'dw2upHJNfn'
'['
String: "NAZVeJCJ7SEGmlftQ"
Number: 98
Identifier: 'dWu0L'
Number: 41
Number: 51
Identifier: 'cSD'
'>'
Number: 18
Identifier: 'cyKLSYnBFnt'
Identifier: 'dTgn'
String: "a2cAm5aZFb3QKxHiuf"
'chillax'
'<'
Identifier: '_qloS'
Identifier: 'cmpc5I'
'input'
Identifier: '_4rh2BCek2'
'and'
Identifier: 'dVa6sQ6'
'if'
Identifier: 'beRur'
String: "iMmpMyB"
'while'
'true'
','
'program'
'program'
String: "zN59Uw4VPiimt"
String: "NSxHs"
'int'
'not'
Number: 88
'if'
Number: 96
Identifier: 'adlRrRDrbz3'
Number: 19
Number: 52
'='
Number: 99
