'main'
'input'
String: "8RqKIg "
Number: 100
':'
Number: 98
Identifier: 'aXwMqSa'
String: "y5kj 9t"
Identifier: 'dS0Fly'
'not'
Number: 35
'='
':'
Identifier: 'd6YMED2ldWB'
'*'
'let'
String: "FQ8NEKMh"
'['
Number: 70
String: " 0u7vXT7cUyUuWC"
Number: 43
'end'
String: "WgIRudFXgWwvx1OlcmJ"
'true'
String: "9xhYkjOfa"
Number: 60
Number: 2
String: "Ki214XqcunAycvvFjtPb"
Number: 12
')'
Identifier: 'b7'
'array'
Number: 78
'-'
Identifier: 'bXRn0A'
String: "jMwXRr8F"
Identifier: 'cwf9QHQs'
'or'
'rem'
'/'
Identifier: 'dsvKs'
'and'
'<'
')'
Identifier: '_538RFZMWi'
Identifier: 'aynTkgPu'
String: "Zjjb9IJiyBU dWd7y"
'input'
Identifier: 'af'
Identifier: 'd8f3'
Identifier: 'deFMt'
':'
Identifier: 'ch7'
'<='
'chillax'
Number: 69
String: "lbT09ET"
'='
Identifier: 'aVm3k5CqT0'
Number: 88
'('
String: "NbhuKhjW5aB57y7lon0"
String: "85qCQJSGFRc26KenYb"
'/='
Identifier: '_Q59i7crP'
Identifier: 'aJvzHyN'
'+'
Identifier: 'alvFexB'
'while'
Number: 58
