Identifier: 'dNxd'
Number: 16
Identifier: 'bU6Kg2m'
')'
Number: 33
'>='
Number: 58
Identifier: 'ctSnjL7'
String: "xAvZ"
Number: 68
'int'
'true'
'main'
Identifier: 'cBN'
Number: 50
'return'
'let'
Number: 71
Identifier: 'dq9K2Cmgov'
String: "F"
'<'
Number: 89
String: "SuT"
Number: 51
String: "E9P33mY2"
String: "e3paim2oPQBltp1ol9"
Number: 13
'else'
Identifier: '_ufmuA9Xa'
'true'
Number: 20
Number: 86
'let'
Number: 57
']'
Number: 10
'chillax'
String: "llXtiDgmMF5zI5kPH2uS"
Number: 17
'return'
Number: 62
Identifier: 'dVaCXreVZ'
String: "ck0"
Identifier: '_i'
Number: 30
String: "m09ileIBiWleNNxs3LD"
'['
String: "Y0IBWxi67BaVvPjXnd"
'<'
'['
'['
Number: 55
Number: 21
Identifier: 'cE4'
'true'
Number: 63
String: "xT"
Identifier: 'cbwIEr4qwo'
Identifier: 'dlb0BvOx5'
String: "T1b"
'<='
String: "cbeKz2X7b9Kf53Bv"
Number: 87
'let'
Number: 92
Number: 40
Number: 1
'-'
Number: 22
Number: 100
Number: 9
'false'
Identifier: 'b1'
