Number: 81
Identifier: 'cO7y'
Identifier: 'dJyfmUe'
'-'
')'
String: "4a0Pbmf OM5T"
'output'
Number: 40
Identifier: 'dr19fJ4P1c'
String: "0PAd5Dt S"
Number: 53
Identifier: 'aVorT'
Identifier: 'aW8LoWCXSby'
Identifier: 'bKQI6d7QSB'
Identifier: '_7oWKAaMs'
Identifier: 'cyujzNtW'
Number: 30
'true'
Number: 91
'false'
'..'
Identifier: 'bYiFM'
'false'
Identifier: 'c6'
'>='
Number: 71
'<'
Identifier: 'a88xGqP'
Number: 5
']'
'elif'
Number: 97
Number: 89
String: "IUx92UzVjUA9ctzR0a"
Number: 17
Number: 97
'elif'
'<='
'or'
'int'
String: "WqhuXj DoTq2L92e"
'or'
Number: 53
String: "DHSUKHT"
Identifier: 'arSZVvF6y'
'end'
String: "YDMXQ"
','
String: "mEKFy9IIbRLZuonI wBQ"
String: "A1YIprI70V0kNuN"
'bool'
'*'
Identifier: 'dBFcL'
'<='
'<'
String: "nq"
Number: 1
':'
Number: 90
Number: 79
Identifier: '_sL'
String: "7pczaFtN6bDWSaAi"
'end'
String: "albm597AL"
Identifier: 'aYi'
String: "WAZAlLgh"
String: "PoZY6EEOaoqMz"
Identifier: 'ckADLqqtZA'
Number: 83
Number: 7
Identifier: '_Jxh2rwILs'
Number: 14
String: "Pl7xOcdWJW 8J"
'('
Identifier: 'b6'
Identifier: 'dRXrjsHXmz7'
Identifier: 'bw7Wg1fkCJL'
'('
'..'
'>='
Number: 15
