Identifier: 'ce9V'
Number: 9
Number: 15
Number: 37
'>'
'='
Number: 92
Number: 21
'-'
'-'
String: "7AikOMTVqyXvmt 8KN4"
Identifier: '_4hoTE6'
'>'
String: "oJRe0DG7i4pqrxzm"
'..'
')'
Identifier: 'aEm2mI'
'or'
String: "tZdkYyP"
String: "N"
'..'
String: "OWJUMvyvk8q"
Number: 30
Number: 56
String: "7U9"
String: "WM25eRucDlff5pRd"
Number: 52
String: "vfsk2zjK9pT6WJ6VO9S"
'let'
Identifier: 'dXHuqBnX'
Identifier: 'dR4H3snza3'
'['
'-'
'/='
Number: 23
'/'
'true'
Identifier: 'aIZ'
'or'
String: "2xHnGBzSf69vL"
Number: 65
Number: 54
'input'
