Number: 4
Identifier: '_kaO'
'>='
String: "ETVZCYcfziJsaAr"
Identifier: 'dm66E'
Number: 86
'..'
Number: 91
'..'
String: "Bbs08IHN WbEAZtJng"
'input'
'or'
'if'
Identifier: 'bWx'
'false'
'..'
'*'
'program'
Identifier: 'bApKC'
'int'
Number: 72
Number: 9
Identifier: 'ajPLLZ'
':'
String: "DYc"
Number: 12
Identifier: 'd5aW'
String: "zSxsB8OuJDZfxEe68"
Identifier: 'cQwNYT'
Identifier: 'cGdi77o8YX'
Number: 36
'and'
Identifier: 'biHHHjC30'
String: "b2TBzKvA2"
Identifier: 'dHG'
String: "Du8N9jhvEc84hX6mp"
String: "hNCKdI"
Identifier: '_Iafm'
Number: 21
Identifier: 'bM3uCU1PIt3'
Identifier: '_sTDS'
String: "3y85bCkZQXTBimg"
')'
Identifier: 'ddONoL'
Number: 88
Number: 52
'>='
'('
String: "BrVwOk"
'>='
'or'
String: "zcxWl"
Identifier: 'cd'
'false'
String: "5ZWK"
Identifier: 'c7o9L'
Identifier: 'ao5dnG'
Number: 89
Identifier: 'ba8FZG'
','
Number: 9
Number: 25
String: "RpksE99QFKEWPuU"
Identifier: 'aZV3WZZix'
'>='
String: "mRqXTpFsw66 DkcIcahv"
Identifier: 'bTPg'
Identifier: '_VQTKHnfCd'
'..'
Identifier: 'dD'
Number: 6
Identifier: 'bEt'
Number: 8
