'let'
Identifier: 'd9y'
String: "1efCpIiuAlWK 4OG"
String: "yyZqNElOy2Ehp24"
Identifier: 'bb7kicMe3Km'
String: "HngoZb2"
Number: 11
Identifier: 'azs1'
Number: 1
'program'
'if'
'else'
'..'
Identifier: 'bWH0p4'
Number: 53
Identifier: 'aQb'
Number: 8
Identifier: '_YP8i'
Identifier: 'dv0TO0hwBYs'
Identifier: '_HEu'
'if'
Number: 90
Number: 8
'>='
Number: 15
Number: 37
String: "9u7ZGCEGzvUpb"
Number: 35
'='
String: "I335vP23X"
'return'
'>'
'main'
'false'
'while'
String: "kyy4X52HrUUbdk"
Identifier: 'ajYpOh'
Number: 74
Identifier: 'b9'
'-'
'<='
Number: 52
Identifier: 'c3'
Identifier: 'bF3tpjr'
Number: 51
Identifier: 'cq8'
