'..'
'elif'
'>'
'<'
'/='
Identifier: '_TTwoooJ9SM'
'<'
Identifier: 'auji7v20o'
Identifier: 'a2NMU4zb77N'
'*'
Identifier: 'aM4jM'
'else'
Identifier: 'aLcO0z8NQ'
'['
'or'
'elif'
'main'
Number: 74
Number: 58
Identifier: 'asm7'
Identifier: '_VuCw7IqVC'
'not'
Identifier: 'ddLfBEjC8A'
Number: 81
'-'
String: "pKqc"
String: "APmgVd"
'int'
String: "E"
'program'
'int'
Number: 94
Identifier: 'bWBhA'
Number: 74
Identifier: 'aIs3lOf'
'and'
Number: 85
Number: 96
'>='
String: "si5wJdvtfsLC1 8xhL04"
'and'
Number: 27
Number: 78
Identifier: 'aG45IWXh'
String: "mhKeZ1nzcsYzoM8k"
')'
'*'
Number: 77
Number: 9
Number: 9
'int'
Identifier: 'dblKO'
Identifier: 'dkVZ'
Identifier: '_2CZSKIi'
'/'
Identifier: 'dOi7BSUXDYX'
Identifier: 'cJc'
Identifier: 'd32lWxI0A'
Identifier: 'cf2b'
Number: 24
Number: 5
Number: 70
String: "q5F9vpfzp1dGehsY"
Identifier: 'b7enV'
Identifier: 'azWAJ'
Identifier: 'cz5b71'
Number: 45
Identifier: 'abUDbxn'
'and'
'+'
String: "ZEekvhjfI5k0e4oB6i"
'+'
Number: 51
'rem'
Identifier: 'asm6jl'
'<'
String: "Cu94"
'/'
Number: 47
Identifier: 'dE7'
'*'
String: "cW5i"
Identifier: 'c61VtEk'
Number: 50
Number: 80
Number: 71
Number: 34
'+'
Identifier: '_aXBSWMBuJ'
','
','
String: "0VSFobiPAiIi"
String: "YLWE43mlPMuxYnFTb"
Identifier: 'd4hrbwLc'
'else'
'elif'
