'<'
','
','
'('
String: "J7K3Lck"
']'
')'
String: "ygmKqh16iOOJ2DSMy"
'while'
Identifier: 'cmAhbBca7i'
'/='
String: "3Y 6E2pgf4Ni4kKh9uMA"
String: "0dff7JkNcLJYwd"
'+'
'let'
String: "PLPl5SAb8x0cLCUNuk"
String: "ENZU EVQt"
String: "l77PXo957AB"
'and'
Number: 81
Identifier: 'aws7AW0IsL'
Number: 79
Number: 96
Number: 66
String: "Zw3I2g "
'('
String: "IACYQN2Pr"
'rem'
Identifier: 'ce'
Identifier: '_vYxY'
'..'
Number: 8
String: "flJcsguS"
Identifier: 'bl8n9jYnU'
Number: 52
Identifier: 'bItErnT'
'('
String: "76NIXhuI v"
Number: 41
'main'
'if'
']'
'['
Identifier: 'dN1'
'while'
Number: 26
'int'
Number: 36
'input'
Number: 66
String: "yocYtF"
String: "gVXPdSHn"
String: "d0mH Uno70PMS1IOy9"
'('
Number: 49
Identifier: 'ayjrotYt'
Number: 1
'='
'end'
'/='
String: "4EXO7FVFaH5DUkJOksdl"
Identifier: '_3w'
Identifier: 'cBsdzGDdMKG'
'>'
String: "HX41uVA"
'and'
String: "HxeQ"
Identifier: 'd7N5'
Number: 14
Identifier: 'a4'
Identifier: 'ch7'
'false'
')'
'<='
String: "laztL5e7N4LlDB75"
Identifier: 'bzXvIJrJ'
'*'
';'
String: "uGiY"
Identifier: 'bB5VOYnx3lV'
String: "iqJd8pXrrn9O2him2v"
String: "rLX2k"
String: "tMjWONM6"
Identifier: 'a2b1'
Identifier: 'cXbw89KFq'
Number: 20
Identifier: 'bzo14'
'true'
Number: 60
'+'
Number: 78
','
'true'
