'array'
'<'
'>='
Number: 92
Identifier: 'apoMHa'
Number: 26
Number: 44
Number: 13
'('
String: "ICo5Gp5IXSuudnzM"
Number: 86
'true'
'let'
String: "9OUu9XjB5O0o"
Identifier: 'bYx5qYe'
')'
','
String: "gNy"
'rem'
Number: 53
'/'
')'
'array'
Number: 75
Identifier: 'bkfin'
'-'
Number: 71
String: "IltCZJhpuW7HVpvoAho"
'<'
'if'
Number: 61
Number: 16
Identifier: 'bQup'
String: "KNJIgMiwCdJ6FXZ "
Identifier: 'cxb'
String: "vhImoZDCom4u"
Number: 93
'<='
Identifier: 'a2XYgc'
String: "htspw4tktaJLjGw6yM O"
Number: 71
'program'
Identifier: 'cyv6aV'
'elif'
Number: 47
Identifier: 'aU'
Identifier: 'dfWJwG'
Identifier: 'dODb'
String: "zp6"
Number: 36
String: "IZ0j wEvg7P1J9Z"
Number: 16
String: "7Tixz"
Number: 35
