Identifier: 'bk'
Number: 71
'-'
'chillax'
String: "ve6vRweaQ6Cmh1b"
String: "e74PZFBOEheY"
Identifier: 'aOxhoNN9f'
Identifier: '_Whn'
Identifier: '_QSpp'
String: "SoB5"
Number: 57
Identifier: 'cXddNkCHUI0'
Identifier: 'cPdPh1dGNn'
String: "aeCQ3Ikw9dnnpdev846"
'='
String: "sn56DS6YmhszuwLg2e0"
'false'
String: "VcJnsUgDx NK"
String: "JbLrz"
String: "TLnZit439WEvWM3ys"
Number: 10
Identifier: 'cH0Hiex7w'
'['
Identifier: 'bsUVM4V'
Identifier: 'dL'
Number: 17
String: "YzRqS7COMMW9qV5FM"
Identifier: 'a3F'
'main'
String: "YsQL4HKl"
'int'
'['
String: "zTi d"
'-'
Number: 55
Number: 73
String: "juuo9BbjPVbGyjujO"
Identifier: '_YNak3VT'
String: "rs 2Aa5IsShH"
'input'
Identifier: 'cDryY'
Identifier: 'bKd7'
Identifier: 'dPHe6cqJ'
'if'
':'
'output'
Number: 90
'+'
String: "DWnr"
'-'
String: "7sX L0P"
Number: 63
Number: 57
'rem'
'/='
Number: 78
Identifier: 'bB7kwXlyj'
Identifier: 'ccavt'
Number: 74
'/='
Identifier: 'cL5fNzSxwTo'
'['
'chillax'
']'
'false'
String: "3jgp6pT6anj19m"
Number: 7
':'
Number: 79
','
Number: 76
String: "LJfE hEsvionfaAZK5i"
String: "qWF9L3l"
'rem'
'>'
'while'
Number: 51
Number: 4
String: "OnedTK6oZ64p53B20P"
Identifier: 'dwKGi'
Number: 74
Number: 98
String: "WEZ"
Number: 95
Identifier: 'anD'
'let'
Number: 40
String: "lcGMJ2aBV w ZnXiYimA"
Identifier: 'bOvJ0A'
String: "fFE5VxN1z4lX SXXCuv"
Number: 35
Identifier: '_a93Cxt9'
String: "DvU2BG"
'('
Identifier: 'b2rTmC2ePPe'
String: "aq"
String: "3tYrFSIcy6PndPVFZoF"
Identifier: 'bI'
Identifier: 'co'
'return'
Number: 5
'chillax'
Identifier: '_7VoSTO'
'input'
