Identifier: 'aTt'
Number: 26
Identifier: 'aSHe'
Identifier: '_yc7'
Number: 96
String: "c5Z0"
Number: 29
String: "ZBWJT4V19rJyZrlHIYq0"
';'
String: "C1xLF MmWXUy7Wt2E6Cn"
Identifier: 'dQ'
'if'
'*'
Identifier: 'aBOeTL'
String: "OZrumtQa4CTlN"
Number: 38
'true'
'/'
String: "4aIZkOYH0GKQvyEsNizn"
String: "UdRCs0ZR"
'or'
'array'
Number: 53
String: "WzGssYdr4pO"
'-'
Identifier: '_0Ujp'
String: "XzGi"
String: "4CH4r7auEWs3BuBY5I"
Identifier: 'bOr'
Identifier: 'c7bQp'
Identifier: 'cPY'
'bool'
Number: 20
Identifier: '_mAOp'
String: "COjyVTtF"
String: "5O16PiJT8HM"
