String: "dEd"
Number: 79
'not'
'/='
'output'
'output'
Number: 45
'elif'
Identifier: 'aSMfKQV4'
'array'
Number: 46
')'
Number: 4
']'
Identifier: 'a3R'
Number: 81
','
Identifier: 'a8XS'
Number: 70
String: "1sR7l eP"
Identifier: 'bMYe'
Number: 57
'not'
Number: 10
Identifier: 'c63EZ9u'
')'
'<'
Identifier: '_0RwlO'
'false'
'/='
'('
String: "EjrHWxJ4Hnnv"
Number: 67
Identifier: 'dAZySqA3F'
';'
'/='
Identifier: 'bK2UI'
Number: 3
'output'
'else'
Identifier: 'cV'
','
Number: 57
Number: 11
Number: 58
'chillax'
Number: 11
']'
Identifier: 'bkFN7MJPAo'
String: "ZF2RDR9wJ2ih6iafRQXu"
'output'
String: "DKzy"
')'
Identifier: 'bxtR'
String: "ChMrxb"
'-'
String: "js9CLEOR9V0CBZ"
'..'
'end'
Number: 54
'chillax'
Identifier: 'ad04sBIF'
'output'
Number: 91
Number: 58
'program'
'/='
Number: 46
Identifier: 'aQ'
'bool'
Number: 100
