Number: 20
String: "O33Pz11"
'>='
'true'
Number: 44
'input'
Identifier: '_JSK47'
String: "FswMsz8D9Ko8JeigUXf"
String: "fb9U3P"
']'
Number: 31
Identifier: 'cgLNH8K6'
Identifier: 'bOs'
Number: 86
Number: 95
')'
'program'
'else'
String: "K"
Identifier: 'a8np2f9kYy'
Identifier: 'btO'
')'
']'
Number: 19
'array'
String: "MFB BAYoLqYriqHD"
Identifier: '_3R'
'or'
Identifier: 'bs'
String: "rmm8b"
Identifier: '_ckm1'
'not'
Number: 90
'and'
'int'
Identifier: 'd118ZJu'
Number: 83
Identifier: 'drfrMqazqy3'
'/='
'rem'
'else'
','
Identifier: '_tSyF'
Number: 19
Identifier: 'a2gB4khrb'
