Number: 48
String: "P5ielmYhQnxVde"
Number: 91
String: "k"
'('
Identifier: 'ce'
Identifier: '_qKW11P'
Identifier: 'cW'
'chillax'
'+'
'input'
String: "0ntJmXDNn2YVUgI"
Number: 70
'output'
String: "BejfV4"
'/='
Number: 59
String: "wIUns2LRX9lzm3lali"
'..'
Identifier: 'brPaT'
String: "0LsY6 ME86ol5tdMGUsL"
'<'
Identifier: 'bBTXRRKqt'
'+'
Identifier: 'as5E'
'/='
Number: 37
String: "JNr"
'array'
'or'
'..'
Number: 66
'='
'not'
String: "HV27qimj"
'true'
';'
String: "u gCT"
Identifier: 'btKkoY'
'input'
String: "02dTeU"
String: "J1ictvlT"
String: "xZVGwimm"
Identifier: 'dqle3'
Number: 51
Identifier: 'c3'
Identifier: 'ar3'
'-'
Number: 97
'or'
'if'
Identifier: 'be5M'
':'
'..'
String: "GmZo"
Identifier: 'bxGEp'
'>='
Number: 53
'array'
Identifier: 'aPBEj'
String: "8amKV2cVjVR6ylrG"
String: "zU32W8ofr"
'/'
'if'
String: "etH WUfYHiulrTCJ"
'true'
String: "0"
String: "R7k"
')'
Number: 64
Number: 55
Identifier: 'baWJWs'
'output'
Number: 37
Number: 76
