Identifier: 'b4'
Identifier: 'dy4Q9J'
String: "MbDeqd"
Identifier: 'aV0LIZ1n'
Identifier: 'dxWCbt'
String: "FVK"
'>'
'main'
Identifier: '_lSLaPEBe4'
Identifier: 'ayF2'
Number: 30
Identifier: '_MBFgtQNRV'
Identifier: 'cVUmHA'
'elif'
'['
':'
';'
'['
'main'
Identifier: '_W8U'
Identifier: 'aIe'
'>='
'<'
Number: 15
Number: 49
'output'
Number: 56
Number: 33
'and'
Number: 27
Number: 96
Identifier: 'aXZZTeN'
'rem'
'+'
'/='
'bool'
Number: 95
'and'
Identifier: 'cIoTsLlfUf'
')'
String: "IX72Ti02nBMqW wNYfuR"
')'
String: "FsVJb tgxfbC"
Identifier: '_VaEGeUFW'
String: "bqcYjfZ L5"
'not'
'output'
Identifier: 'cY'
'chillax'
'and'
'>'
'='
Number: 25
Identifier: '_Gq'
Identifier: 'brlZTsK'
String: "4b7aXuyVPCxB45V"
String: "X1Y"
'if'
'input'
'not'
Identifier: '_6'
'false'
