'end'
'='
'main'
String: "jiQzh"
Number: 38
String: "HwEFSEtMd359"
String: "l"
'>='
'array'
Identifier: 'dhc1o'
'or'
Number: 98
String: "yAPo17arUfjx"
Identifier: 'cae'
Identifier: 'deV5sHIMH'
Identifier: '_7Vm3dhvxhG'
String: "0OCjhvLGO4G95Kkfn"
'return'
String: "j95Pkqr8rFxRd0YI"
String: "B0zqHwjpYCwO2"
Identifier: 'aFsmZNQPk'
Identifier: 'aouP'
'not'
'input'
'let'
Identifier: 'dcBc30T'
Identifier: 'bVnJG6ScjQ'
'['
String: "DzHvaHhBaAru9"
'false'
'array'
'<='
Number: 7
'/'
Number: 72
Identifier: 'ddS55wL'
Identifier: 'bXqeWtNmOC'
'chillax'
Identifier: 'al'
Identifier: 'dvrTFy8D'
Number: 19
'<'
'true'
String: "FuiJROLneJBs"
String: "9V6FcGEK"
String: "trXy5Ic2WnyuF"
'true'
Identifier: '_5LJ'
':'
'main'
';'
'..'
','
Number: 23
