','
String: "ZkaxU 0"
Number: 20
String: "DlYq"
Number: 36
Identifier: '_QjoaI'
Identifier: 'aNdmROctP'
String: "HAcfUi40sla0UFZOs"
Identifier: 'bR'
Identifier: 'bv'
String: "nGp77beB22X 3fKF"
String: "tcUQF2xN Hdkm"
Number: 56
Identifier: 'aSODjW'
String: "V8nIHbWIoliMgZ6SQATC"
Number: 13
'array'
String: "0tFR"
String: "F6Q"
String: "2ZBwh6 ea KTvu"
Number: 44
String: "WPxTgin8F0POCoGF7"
String: "EOHSvHcErI"
Identifier: '_2Xw'
Identifier: 'c9JHdYK'
String: "ShJtepMjT3 pjrJu2rOu"
'('
'or'
'return'
Identifier: 'ajXoZ8OAHPN'
'array'
'['
Identifier: '_4jm'
Identifier: 'a6xXemAR'
String: "Ur"
'false'
String: "ROh vyBELVdbD1 "
String: "u"
Identifier: 'cqxKl'
Number: 29
'while'
Identifier: '_pzN5W'
Number: 54
'int'
