Number: 55
Number: 75
Identifier: 'dVHq64G'
Number: 55
Identifier: 'bQae'
String: "fpeuF7nGQUVlGFxl4ce9"
'+'
Number: 98
Identifier: 'bAmKea8'
'while'
Identifier: '_f'
Number: 47
String: "nvClNcLpzQH NE"
Identifier: 'cLq9eoUI2I'
String: "LD"
'/'
Number: 97
Number: 1
'chillax'
String: "tRBZy7kOQ0JHCRlID"
'bool'
String: "Mkb"
Number: 88
Number: 78
Identifier: 'b2dfM'
Number: 56
Identifier: '_HjuM'
Number: 65
Number: 65
String: "ftqIMJq"
String: "2ZZKBzNQ5EKvSFgj"
Identifier: '_a8i4liK9'
'if'
Number: 16
'/'
Number: 63
Number: 40
'else'
'<='
'elif'
Identifier: 'akvQTdOz'
