')'
Identifier: 'cLOJXh'
Number: 80
Identifier: 'bdMfx'
String: "5x5cDzaBSN7w2 jXNL"
Identifier: 'aUy96p'
'+'
'+'
Number: 57
String: "xlF"
'<='
Identifier: 'd1Fi4UV'
Identifier: '_MRcMQr4mcX'
'true'
Identifier: 'cEBaOaggvLF'
Identifier: 'clf0ss'
String: "88aORjgURzN2X2Clg"
Identifier: 'aN'
')'
Identifier: 'dR'
Identifier: 'br'
Identifier: 'd1'
String: "k0HB6"
Number: 26
'-'
Number: 94
'>='
'true'
Number: 3
String: "F"
Number: 41
Identifier: 'dxnMPAWdj5'
String: "uRSb1xU4Pc"
Number: 68
Identifier: 'aL1'
String: "WkQxw4QAzvn"
'let'
