Number: 83
'input'
'or'
')'
String: "o2GcGvOsQl5I"
String: "te"
Number: 53
Number: 27
String: "eIRA1h"
String: "uYhGvc67VFPhS1"
Number: 45
Identifier: 'bQsEraXXd'
'['
Identifier: 'bjqRJ'
'['
'/'
'input'
String: "ScbryFnzc15UWx"
String: "wNpF9xqVCp"
'>'
Number: 80
Number: 34
Number: 39
String: "QLmTTHm"
String: "40j4N0 d5nT"
String: "ROXlWPjxfKVKseLb3ea"
'<'
'>'
Identifier: 'dalyqvWtX6'
Identifier: 'c2ZKz'
Number: 45
String: "DIgoezGTqG"
'int'
String: "FJuOq"
':'
String: "4"
'program'
'*'
Identifier: '_zP43'
'false'
String: "QNLWsoIdk7"
'<='
Identifier: 'b2Z5FkW'
','
Identifier: 'dkroR9O'
'program'
Identifier: 'dt'
'+'
String: "6tlbVk8"
String: "SbW9H2H4RQM tRsp9 zH"
String: "dT5ro"
Identifier: 'dMhS'
Number: 68
Number: 32
