'('
String: "aHg8MYoiPP5CXnU"
'-'
String: "rVWRYO1aU5"
Number: 48
Number: 58
'['
Number: 25
Identifier: 'b5bG'
Number: 84
Number: 66
String: "dYtFWisCZ6Ok5O"
'>='
String: "0cL3ILBMd8XNuIg3aE"
String: "S mA"
String: "wflk2Gs72vMaFWqo"
Number: 4
Number: 99
Identifier: '_qnH0HFM'
String: "hJC87NZmpeQw196CYSF"
Identifier: 'ckQ'
'true'
String: "dYX"
Identifier: 'aE7'
String: "1deIl1sixeHEWSikv"
'bool'
String: "g"
'*'
Identifier: 'df'
'elif'
'>='
':'
String: "7rlGGHTNXMIjE"
String: "u7RpJyM38ytfCfXvH"
Identifier: '_mv9OaF5'
String: "OUR1cUrS0vUIrbRzK"
';'
Identifier: 'dXDY'
'and'
String: "o "
'*'
'<='
'and'
String: "is"
Number: 90
Number: 76
'return'
Identifier: '_4m'
'<='
Number: 87
Identifier: '_iBR'
Number: 94
Number: 1
'..'
String: "Hxmh"
String: "tBFC"
Identifier: '_sF3zza'
'>'
Number: 80
'>'
Identifier: '_L4J0ABIU'
String: "WFy5 QLDLKoRtGdN"
Number: 32
'['
String: "vLvvmwXfOjeh"
Identifier: 'cMMwk'
String: "qefDY31O"
'/='
Identifier: 'bPZ5c'
Number: 2
'/='
Number: 61
'>='
Identifier: '_5'
Identifier: 'bUt4xs3cf'
')'
Number: 51
String: "lT r8bnegUewITd i"
'/'
'<='
String: "gLzW"
Identifier: 'dxmtjjnnhk'
Identifier: 'btlrG3b'
Number: 17
Identifier: 'brTj'
Identifier: 'b8'
'+'
String: "PxhDkO"
Identifier: 'cp31vImfTix'
'if'
String: " vANxsZVVKqyjYR"
')'
Number: 5
