']'
String: "SoXNAzZ3E6"
Identifier: '_nEot'
'let'
Identifier: 'dQ'
Identifier: 'cju9'
Number: 55
String: "qhKN0lvFoVXoE"
'or'
':'
'or'
'array'
String: "bggdWGWMmpJGlPERTv"
Number: 39
'output'
'='
'program'
Number: 50
Identifier: 'az8ztCrhqr'
String: "KQPe7Bm53d83g"
Number: 95
String: "8c0"
Number: 37
Number: 22
'while'
Identifier: 'cgJRD'
Identifier: 'ao67n89Oz'
'not'
String: "A3pcJv"
Identifier: '_gLIkh'
Identifier: 'cmkyW'
Number: 93
'return'
Number: 61
Identifier: 'ccDLr'
'input'
Identifier: '_1tpYwDJ6K7'
'/'
String: "Z5aD"
Number: 38
Identifier: 'bwDrcyBP'
'and'
'*'
'if'
Identifier: 'c008U1'
'='
