Number: 99
Identifier: 'dEbFG9C6'
Number: 61
'bool'
Identifier: 'd4Jz'
Number: 27
Number: 83
String: "WyeeyLUqhXKzrDhvbMR2"
Identifier: 'cg'
'end'
'-'
String: "T8Dfd8yYAC"
Identifier: 'ayJl4g'
Identifier: 'cCyy'
'false'
'not'
Identifier: '_k'
']'
Identifier: 'aizh'
Number: 17
'['
')'
'<'
'while'
','
'..'
Identifier: '_C9kdMur'
Identifier: 'b7gA1wtG'
'>'
','
String: "Q1IPqRbS"
Number: 23
Identifier: '_apH'
Number: 10
'-'
Number: 28
Number: 12
Identifier: '_MKYdzjvwQ'
'output'
Identifier: 'bnANKa47J'
Identifier: 'bPHfgJ6x21n'
Identifier: 'bdTIgW'
Identifier: 'axHpe2'
String: "dtpoQYu9iqBQU2f5W"
'['
'<'
'..'
String: "YmRL0Jp"
Identifier: 'cr9'
Number: 79
'='
Identifier: 'bVayP'
Number: 49
'end'
Number: 21
String: "ywvPlORbdHMLm0HUPE"
'chillax'
'rem'
Identifier: 'blSYO'
'/='
'>='
String: "7dcLoAdAtPTj"
String: "ZZgfSyCRPnepoUyT6"
'program'
'['
String: "D48r1GmnjWA"
','
'<'
'while'
String: "aMc3pw6VEpUqjC5n"
String: " 3"
Number: 55
Number: 86
'else'
'<='
String: "wfkuqR"
'true'
