Number: 41
'rem'
':'
'main'
'and'
'while'
String: "tQfj5lqWcnXtMsFRM"
Number: 27
'<'
'elif'
'='
Identifier: 'aFS3kXC8Jq'
Number: 61
String: "bpLE2QEjiosMtTNi1Yg"
'/'
String: " 1"
Number: 66
String: "i"
Number: 82
Number: 57
String: "VD 7Ip08CGGCn"
'true'
':'
String: "2RTMzyCDrAlY"
Number: 77
String: "WS12VyXBX"
String: "zINJlmKpJ"
Number: 69
String: "VcCPzKLqvXZkauUKe"
String: "GGMk2fUX4XwYMoQYh"
String: "hxzjh0awJi"
String: "qrNklKTa6xQ"
Identifier: '_nsOYT'
'/'
Identifier: 'cE8m'
String: "IG6TMnSyoltfR"
Number: 46
')'
String: "1pDZu7LU14EB"
String: "ufi54sw"
Number: 40
Identifier: 'aW1G'
':'
']'
Number: 85
'input'
String: "rBUjRm1NSm5jjf"
Number: 40
'='
'('
String: "j"
String: "4zN"
Identifier: 'bEHSmlUovpI'
Identifier: 'bbLX2KYId'
String: "9wZ0fvKNCwg3JEdotw"
Identifier: 'dpHh'
