Identifier: '_kjnF6'
String: "1a1F3i2aWS1"
'output'
'elif'
'end'
'/'
')'
String: "fCq"
'='
Number: 14
'int'
'and'
Identifier: '_ea01mppQ8'
Identifier: 'dLzs3fSd9u'
Identifier: '_QZ2C'
'output'
'+'
String: "8"
String: "0qqySvR7f6sK3"
Number: 48
Number: 54
String: "Ycq"
Number: 39
Identifier: 'c30'
';'
Identifier: 'dSPGCI1r'
Number: 30
Identifier: '_et4MLBtnM2'
'or'
'>'
String: "sWieCgtACd4dE3KE6l"
String: "ztnHDOL4OJYWS"
'input'
Identifier: 'aJ'
Identifier: 'cuw73'
'['
Identifier: 'bAFfLj1'
Number: 95
String: "m czyideTfRsfddCcn"
'='
Identifier: 'dmHy'
Number: 57
Number: 15
Identifier: 'cTyc'
String: "X"
'rem'
String: "eqs5DNnAs4XVrapfGPGb"
Identifier: 'dNfVz'
String: "it7lcOvjUTAetv"
'>'
Identifier: 'bpOWaBQ'
String: "1jsr"
Number: 48
';'
Number: 64
String: "PNmgy"
Number: 69
