Number: 20
'let'
'array'
Identifier: 'd8w7WFD'
'chillax'
','
'array'
Number: 37
';'
Number: 78
Number: 7
')'
String: "CyICeW7n5QaqCW"
'['
String: "Eeo1XogUr"
String: "6vNaucI1EyUaLO7spRkz"
Number: 88
String: "9zP4rcL"
Number: 76
'['
Number: 97
'let'
Identifier: 'cG3'
Identifier: 'aKzIosMi4E'
String: "RTv"
String: "WN2Co9LNjmtUug75K"
Identifier: 'dOuR8KbIhN'
'input'
Number: 57
Number: 21
Identifier: '_s8pY7YL'
Identifier: 'cFs'
'if'
'while'
String: "W4VHjds"
Number: 36
';'
Number: 49
'false'
String: "BOH"
Identifier: '_vrMHT'
Identifier: 'a9rJdi'
String: "WCiko"
'('
Number: 31
String: "cdTVagN6L2373M"
Identifier: 'dBs1lWuk'
Identifier: 'cg1PshIOvE'
Identifier: 'dUDqn'
Identifier: 'bh'
Number: 73
