Identifier: '_y8jyWx'
String: "UKzpi"
'array'
'elif'
Identifier: 'dlajTDSdu'
Identifier: '_K955ZqboNq'
'array'
Number: 55
String: "XeRGxMCSY"
Identifier: 'd3Gtoylb'
'false'
'input'
Number: 54
String: "Ib231 b1eilCjic1"
'['
'let'
Number: 4
Identifier: '_C3P41'
'let'
Number: 35
Identifier: '_jkKi'
Number: 30
Identifier: 'bM'
Number: 1
'int'
'or'
String: "scP9cHJ4eQ4wR"
Identifier: 'b1rtl43'
String: "y3Gm"
String: "Vyq"
Identifier: '_IG0'
'..'
'or'
'rem'
','
Identifier: 'bPsiuyM'
Identifier: 'cn0e'
Identifier: 'cFmRRqSB2m'
String: "1rzh4nyPE"
Number: 60
Number: 64
'/'
String: "C0VuLXaUrZQd1f"
'true'
Number: 44
Number: 42
Number: 44
Number: 33
'<'
'rem'
'/='
']'
'/='
Identifier: 'cmgcnZvsd3l'
Number: 9
