String: "VNYv9zbaES80GAgX"
String: "P"
Identifier: '_furFT16'
Identifier: '_WuYPd'
Number: 17
'and'
'main'
'else'
Number: 17
String: "1uFyOWX8UjAi8E"
'true'
')'
Number: 69
Number: 94
String: "YK0lLBtPMoNNfqsaD2"
Number: 34
Identifier: 'a8jPXkR'
'+'
String: "171HIR8nQ5Sj"
Number: 95
String: "RRGQmT"
'*'
';'
Identifier: 'begVlB4'
Number: 43
String: "jd0RXng"
Identifier: 'cw6bmngzFA'
'if'
Identifier: '_F0e9pD'
']'
Number: 23
Identifier: 'dj'
Number: 2
Number: 92
'chillax'
Identifier: 'bJoEHfYGN'
Identifier: '_iYTvtsYgeq'
