'int'
String: "6uihIP2eaRod"
'('
String: "Vi22ZrdGhPA"
Identifier: '_ShPEYfyIE'
Number: 77
String: "13aunm6BDp"
Identifier: 'bk0xFW'
Number: 56
')'
Number: 14
Identifier: 'dWTiWHmGKd'
Number: 92
String: "j"
Number: 10
Identifier: '_Zvr8i9'
'main'
Number: 92
'return'
'['
'or'
Identifier: 'cu8xvr64YZ'
Identifier: 'dCBM2HEQlB'
'let'
Identifier: 'bdTjHCigW2'
Number: 14
'/'
Number: 38
String: "t9LEK5j5d2kM9Z"
'chillax'
Number: 76
':'
Identifier: 'cQQUl'
String: "nOx"
'['
'or'
Number: 87
Identifier: 'aZkssVRje'
'/'
')'
Number: 88
';'
'while'
Number: 9
'return'
String: "C7 TZ S96Aw7Bn"
'bool'
Identifier: '_fxhbUPLo8'
'false'
String: "xxPy KbkpMG"
Number: 49
'return'
String: "yrFPcs0xV5HOcobqNnw"
'main'
Number: 7
Number: 13
'bool'
'true'
Number: 13
Number: 34
Number: 14
':'
Identifier: 'aCM8'
Identifier: 'ctmAZmGA'
Number: 5
'..'
String: "nVjfW"
