String: "SSuBArL6vCZyYN8Dm8O"
Identifier: 'daY2WYj2RKa'
Number: 40
Number: 82
Number: 23
'..'
Number: 40
Identifier: 'dirVJCN'
Identifier: 'aQsD'
','
Number: 52
'='
':'
Number: 85
'>='
String: "C28zOvoxb7r5IYb0z"
'>'
']'
Identifier: 'cHU'
'<'
Identifier: 'dp76b8j1nBo'
'false'
Identifier: 'cY4GLebv'
'('
'..'
'not'
Number: 83
'..'
Identifier: '_2'
'false'
String: "feJF2zsH19e5MUAV"
String: "Wf6MSllbT4s8P"
String: "dDDLyrFSw3K7q3"
Number: 70
Identifier: 'aOuv6fCe'
Number: 87
Number: 33
'-'
String: "AnZDSm5CtvNvxT"
Number: 94
String: "z"
String: "fsO5FZZ"
