'<'
Identifier: 'dPmRb'
Identifier: 'dnC6S9fs8'
Number: 89
'int'
String: "QYmE"
'array'
Identifier: '_Upw2gg'
Number: 67
'else'
Identifier: '_SPm9zg'
'false'
Identifier: 'ckY2fSm'
Number: 1
Number: 45
Identifier: 'dakKCLhk'
Number: 95
'int'
Identifier: 'bZHG'
Number: 32
'('
Number: 88
':'
'>'
String: "0"
'..'
String: "GtKTgZ4KhPiz3"
'int'
Number: 95
Number: 81
String: "axjJ"
'rem'
Identifier: 'cHHThVr'
String: "30fNwDu"
'while'
Identifier: 'aZ'
Number: 98
'int'
'['
'false'
';'
Number: 13
Identifier: 'bfvPnP'
'('
Number: 51
Number: 20
String: "G27e3hgN ZtgZWnQ9"
';'
'or'
Number: 2
'int'
Identifier: 'bJjko4K'
Number: 52
String: "Dh3ck xj5"
Number: 93
Identifier: 'aiZiB52tx'
'not'
String: "lc8yl"
String: "p"
Identifier: 'bw'
String: "y7OsSwz9 xYsa8qmpyo"
Identifier: 'cN'
'end'
Number: 71
Number: 34
'input'
Identifier: 'bh59VFETl'
'['
Number: 21
String: "4Utmrkt6PdRzdZHEys"
String: "Upllo8lWl0"
'let'
Number: 73
String: "jB7USM"
']'
String: "2sZZrhrt"
Identifier: 'aHAfiz'
','
Number: 40
