Number: 6
Number: 73
'while'
Identifier: 'cEEYJe3Py'
Identifier: '_F'
'true'
Identifier: 'aPLRumWW'
Identifier: 'a2NFrx'
'<'
Number: 84
Number: 87
Number: 72
'and'
')'
Number: 12
'let'
Identifier: 'b66t8j3pNgA'
Identifier: 'dOcLB'
Identifier: '_hHq'
String: "Sd5ubgKD"
String: "Z0"
'while'
Identifier: 'dzDUq8'
String: "s"
Number: 29
Identifier: '_W5t4'
'<='
'output'
'or'
'return'
String: "aBlApeYeUcneTAagslk"
Number: 33
Identifier: 'bCwh9VdNQ'
Identifier: 'aeTXD'
'*'
String: "PBpd3LMamDNGwOc"
String: "Hrt0RUoFMXcBJdVy"
'>='
Number: 13
Number: 66
Number: 84
'else'
String: "BJsx5KcKS25abA7Iysn7"
Number: 25
String: "7E17hK sOCu"
String: "BoY1Kv288"
Identifier: 'ddYne'
String: "SJEAm1QiK5d4"
String: " OmHqVuqxtzmAaHuq"
'not'
'elif'
Number: 71
String: "v6SC6"
Identifier: 'cjoyOTYIvtP'
Number: 47
'='
String: "x1M8NH38wG"
'end'
Number: 38
