String: "FVIOcS 91l477r"
Number: 11
String: "qXb"
'input'
Identifier: '_j'
'main'
'output'
Number: 50
String: "mnTJlqBFMe8Tuij"
'or'
Number: 38
String: "EzHr7Hbb"
'program'
'let'
Number: 11
'/='
')'
'not'
Number: 79
Identifier: 'dPtwffdyy0o'
'='
Identifier: '_J'
String: "R"
Number: 16
Number: 49
'>='
'int'
'if'
']'
'and'
String: "ee65ylyFt43cMjTMsC"
'return'
Identifier: 'cc8'
Identifier: 'aWbTMJfR'
String: "Q8zAAnMoNLxO"
'chillax'
','
Identifier: '_SW'
Identifier: '_7NKIy'
String: "rmZ AeihtP sfzkK"
'>='
Identifier: 'co'
Identifier: 'bzS8PVTTq'
')'
':'
Number: 76
Number: 51
'*'
String: "yl"
':'
Number: 66
'/'
Identifier: 'dT'
'true'
Number: 57
Identifier: 'bbpMAQpC'
Number: 80
Number: 35
Identifier: 'dz'
String: "z"
Number: 39
Identifier: '_YDdnE4'
'/='
'else'
','
Number: 96
'while'
Number: 95
'='
String: "GM9ECUMdqXgZxVaCtA"
Identifier: '_VNW'
Number: 3
Identifier: 'dIvToOOh'
';'
Identifier: 'dEVDCeK'
Number: 64
Number: 6
'true'
String: "wnnV8dTaGlk130rjys9"
'>='
Number: 2
','
Identifier: 'agu'
Identifier: 'dSjdo9y0h3'
'return'
