String: "g"
String: "mMbemGv pn2UaW"
'('
'..'
Identifier: 'bWJhwZXr5'
Identifier: 'ck0'
Identifier: 'bZ'
String: "Gt0Pk4DDy4XSYoSV"
String: "tM nu3OCN"
'chillax'
Number: 3
'<'
String: "PZ38OxjxpQQCVFA0"
'*'
'['
String: "MPEsOlzz5ctoQrKvaG6"
Number: 59
Identifier: 'c35'
Identifier: 'b3'
'<='
Identifier: 'bzxSGHFFr6'
'['
Identifier: '_8szHwmj4'
'*'
Identifier: '_aBdR50O'
Identifier: 'dld2Bv8kYO'
Identifier: 'dZcc'
Number: 6
'>'
'let'
Identifier: 'bDvT7O'
'while'
'..'
Number: 46
'+'
Identifier: 'clZJ'
'let'
Number: 62
'='
Number: 8
Number: 37
Number: 68
Number: 33
Identifier: 'cdX7Fm8FH'
String: " Z8X9aE"
Number: 85
'return'
'..'
Identifier: '_evKgq2'
Number: 49
Number: 69
Number: 26
Number: 67
Identifier: 'dYZb'
Number: 42
'or'
Number: 11
Number: 3
Identifier: 'dkcN'
Number: 49
'input'
Number: 4
String: "MRV"
Number: 14
String: "KwPfEqB"
'/='
'main'
'>'
'elif'
'int'
