'>='
Identifier: 'a3'
'>'
'chillax'
String: "zwnIe6kLjQ9dML6n"
Identifier: 'ahKW15Eh'
String: "5C62z48s6Clo1vdjjzd"
Number: 28
String: "2weejHuYUNJSV"
'main'
Number: 34
Identifier: 'c8ATu28z9'
Identifier: 'dcO5o'
String: "QBSJ5mfdnYLxdigQS"
'array'
'or'
String: "owoR0E"
'while'
String: "LIAcehoslrf"
String: "K64Kq6rXVVhK"
Identifier: 'dXaqNUbs'
'false'
'..'
'['
String: "d"
String: "JPFnCLEYeCWmD8v3KI9W"
'>='
Number: 39
Number: 21
'>='
Identifier: 'cpjfxaGM'
'='
'+'
'+'
Number: 21
String: "sE"
String: "VPZxbgLc"
','
'*'
'>='
';'
'/'
String: "FjjkYDc"
Number: 71
String: "fZ9Ytih2 nrw"
Number: 71
'end'
Number: 34
'*'
Number: 13
String: "v3rfkU0AoF7pck"
'if'
Identifier: 'aunZv'
'output'
'('
String: "6aYXn2p055P"
Identifier: 'cCZHV303onc'
String: "hyW1yP3CuRcC"
Number: 65
Identifier: 'bTUe05'
Identifier: 'dafWiwOf1d'
String: "GHqE4aF"
'/'
Number: 10
';'
Identifier: 'bJdE'
'..'
'rem'
Number: 29
Identifier: 'dudPk'
'>='
Identifier: 'aCVZLhZ'
String: "dexyfCKl7HCVRn7"
'end'
String: " tH3S6mNCW"
Identifier: 'dSX'
Identifier: '_AW32002UF'
String: "PBPh2k4"
Identifier: 'cBmYJ'
'output'
String: "O"
'/='
','
'while'
Number: 93
Identifier: 'bivOhVhuCrN'
String: "TC3pMpHSQnoPdyc af"
String: "1nnzpC"
'>'
'and'
'end'
Number: 28
Number: 95
Identifier: '_JvUp7n'
Identifier: '_g'
Identifier: '_S'
Number: 26
'true'
Number: 72
Identifier: 'cqF'
Number: 78
Identifier: 'dPFHoAWbBdJ'
String: "xOlDy"
Identifier: '_KAcl0J0'
String: "daBHvrnGxdHP"
Number: 53
String: "utCgh"
Identifier: 'auhHlB'
'+'
'main'
String: "K2oEHhp Nszhv"
'return'
