String: "ZiOhORAU"
'>'
Identifier: 'afBM9nt8'
'and'
','
String: "TufSQ74RV2q"
'='
'else'
'bool'
Number: 70
']'
'['
Number: 11
String: "pvL"
Identifier: 'adfwzZlzhf'
Identifier: 'aI'
String: "3CYoZkBV1iNtpT"
String: "wR46G8MjCiBVL3XkhIz"
String: "rs"
Identifier: 'bOl'
Identifier: '_2RjHl82T'
Identifier: 'aEd0q'
Number: 26
')'
'let'
'='
Identifier: 'cM'
String: "113FPODJGXQ"
String: "IY"
'chillax'
']'
'chillax'
Number: 55
'..'
Number: 73
Number: 73
String: "UID"
String: "tupKTV"
'-'
Number: 48
'>='
','
']'
Number: 27
String: "6sTKhM3i9srSp9EqBK"
'bool'
