Number: 62
String: "CiKQ8c66V3MELjU"
Number: 45
'end'
'let'
String: "qLurpPLmbNpYtYAF"
String: "9ZlwQ19a1cbzu"
Identifier: 'c3I2oxgkM'
'let'
Identifier: 'c2'
Identifier: 'bd2swq8DAU'
Identifier: 'cXcz'
Number: 80
'return'
Identifier: 'dW6'
Identifier: '_D6ZteMl'
String: "028KiVo"
Number: 52
Identifier: 'ceyN2wZ9X'
'let'
'false'
String: "B99kWswa5vS"
Number: 41
Identifier: '_SowI8O'
Number: 3
Identifier: 'azpF2C2lt'
'<'
String: "4lRQeDVOTre7YUotgC4F"
String: "dSlXmw5XPR8jFT"
Identifier: '_B'
'program'
String: "ciBL u"
Number: 92
Number: 11
