String: "OXj6xmNn"
Identifier: 'bvUyP'
String: "cHnGWGibB14I0t"
Identifier: 'bq54vHFL'
Identifier: '_Sp'
Identifier: 'bI0'
Number: 15
Identifier: 'a7M'
String: "QuVXeT4w2MGjDjSe"
'bool'
'or'
'/='
'true'
String: "2iij6z7m"
Number: 26
String: "PWsnoL"
'>='
Number: 89
Identifier: 'a3Hj'
Identifier: 'cy79DbKxWU'
String: "c"
Identifier: 'aGqUBmRELra'
Identifier: 'b1u01Jg87b'
Identifier: '_BZFgIvei1'
String: "i"
Number: 37
'true'
'['
Identifier: 'dPbl278t'
Identifier: 'aBG3ong'
Identifier: 'c5'
Number: 65
String: "g9gJ"
'<'
Identifier: 'aXJdDJCr2Pc'
'while'
Number: 75
String: "bKyiv"
'['
'rem'
':'
String: "p MBD6X0nqFB"
String: "J"
Identifier: '_s2VUSl'
'return'
'>'
