Number: 87
String: "6MAsxPh2lfDe"
String: "YQagxZ3rQSxU3TZKSrM7"
Number: 26
String: "bKr"
Number: 66
Identifier: 'bT2bP'
'bool'
Number: 99
Number: 50
'and'
String: "h9DwGh ut L3T9mo"
'false'
'return'
Number: 59
String: "E6fH"
Identifier: 'bhRs57r'
String: "W"
Identifier: 'aw8mtwgpB'
'>'
Identifier: '_8Ui'
String: "m9xOoLhymrUx0To"
Identifier: '_WKoylF8jV1'
Number: 83
'output'
Identifier: 'dGq'
Number: 63
','
Identifier: 'aXRXZPX'
Identifier: '_xgJ'
'input'
String: "z40papA4a8lJ4GXA6"
Identifier: 'daE2k'
'('
Number: 48
'output'
Identifier: 'di4z'
Identifier: 'ahF6SVT'
Number: 83
Number: 53
'program'
'program'
Identifier: 'cZlrLQ'
')'
'chillax'
Number: 13
Number: 43
'='
Number: 39
Number: 34
Number: 74
Identifier: 'c7X'
']'
Number: 69
String: "qSLBtvwBEgXSMVt33q"
'rem'
Identifier: 'd1ktmz8px'
Number: 6
String: "a9mN"
'if'
Number: 46
String: "bxTHdJOc2WTyoK7L"
String: "RaXQWWi"
'-'
'and'
Identifier: 'c8xVwlzr'
Number: 23
'or'
Number: 50
String: "hU2ON"
String: "Itr"
Number: 46
String: " ZXh0ckS"
'and'
Identifier: 'bs'
'main'
Number: 64
'-'
Number: 14
Identifier: '_dM'
String: "sAhgQGRBcJUx3iOJHf2"
'let'
Number: 91
'+'
','
'..'
'elif'
Identifier: 'cn20VGCkMBo'
'/='
'rem'
'int'
Number: 83
Number: 91
Identifier: 'a5qYdOPXJd'
Identifier: 'd3fXmmcWu'
Number: 92
'output'
'program'
Number: 69
Number: 66
String: "asjn7"
String: "XzRvY"
String: "rhQdJXQ"
Identifier: '_w3'
Identifier: 'ahL'
'true'
'-'
'('
Number: 73
Identifier: 'd4sr'
Identifier: 'bID'
'if'
Number: 78
'/'
Identifier: 'dWxvO'
Identifier: 'anaKmVhbGh'
String: "cGsE4CBuAEElCb "
Number: 100
'>='
Number: 47
Number: 79
'elif'
String: "xX4NRaocC9xN4LE2pA"
'program'
String: "CIdKXO6I"
'true'
Number: 17
Number: 93
'<'
Number: 89
Number: 26
'input'
'/='
String: "DbfxXO69wYKEvA"
String: "RmU"
String: "uL4N955lx5syJcOfiyUP"
Identifier: 'dDN4AXEoTj'
Identifier: 'cTsQ3JN'
Identifier: 'aKbXPNKTB'
String: "HPQO zGkSIfzcA2n"
']'
Number: 34
Number: 12
Identifier: 'dxrIYrZKid'
Identifier: 'btX6AeXEcU'
String: "4B"
Identifier: 'bvCDO'
'true'
Identifier: '_QajvS9px7'
Identifier: 'dMB'
'array'
Identifier: '_Bdx6r3'
Identifier: '_obdasz7U'
'>'
'bool'
Number: 68
Identifier: 'bUFb293GO'
'='
'main'
':'
'/'
Identifier: 'cUrM'
'bool'
String: "s1wvSs7PhvASyd"
'program'
'/='
String: "USP WPeuFuSOqow"
'chillax'
'true'
String: "eWLhIqp5gx"
'while'
Number: 23
';'
Number: 55
Number: 74
String: "ywj"
Number: 24
String: "ReIoD"
'..'
