String: "xeAHZnW"
'bool'
String: "W4Ag8G2P2xE "
'<='
'elif'
'['
String: "a1 "
Identifier: '_E4WWn5hDz'
Number: 49
'*'
'and'
'output'
Number: 80
Number: 92
Number: 29
Number: 74
'..'
'let'
Identifier: 'cN5hVZbmg3h'
'not'
Number: 46
Identifier: 'bidSrm'
Number: 28
Identifier: '_riUtpz4Pk'
':'
Number: 81
String: "RZnNIvpo6q4hy"
Number: 11
Number: 8
Identifier: 'aSpYCx'
'else'
String: "xcbyAdDfVL2sD3uR3vV"
String: "YF5DHzExKh1JwK6Ap2"
'let'
Identifier: 'cYA'
Identifier: '_J45'
Number: 98
'['
'>='
'input'
String: " r9hDZAZC39VufYImd"
Number: 96
Identifier: '_22sC8rSgpv'
Identifier: 'avBc'
