':'
Number: 5
Number: 97
Identifier: 'cHkGMZVi0'
'int'
Number: 89
Number: 53
']'
String: "c8c2J8"
Number: 46
Identifier: 'cJ'
Identifier: 'aV'
'..'
Identifier: 'bsc'
'while'
Number: 33
'/'
'>='
Number: 31
Identifier: 'dKi'
Identifier: 'cy'
String: "rk"
Number: 76
String: "QElzTz1"
'return'
'+'
String: "tz1p5r0FVlcO"
'>='
'false'
Number: 19
'and'
'-'
Identifier: 'ckiIq4'
Identifier: 'bS'
'else'
String: "0ZKF6HBX"
'let'
String: "wa05"
'program'
String: "A81WLs9RZlkuptAkZAZC"
String: "S9BW aOA3g0Hc9D"
Number: 37
String: "sEg8yiODTHr3vcxQk"
Number: 28
String: "pKmgful heCrFGyvD"
'('
String: "BIJhlrTNbOwCSZ0 "
Number: 64
'true'
'false'
Identifier: 'bINrauft'
Number: 79
Number: 11
'output'
Identifier: 'bNt2mvR8'
'return'
Number: 3
':'
':'
'elif'
String: "Kmc9tlZ"
Identifier: 'dGtGLtx'
Number: 91
'rem'
Number: 19
Identifier: 'dKNx5xvEvIM'
'='
Identifier: '_9GpF'
String: "qw6bS68mVWx7ZvnMX"
Identifier: 'a33srHt'
String: "qoBUko7"
']'
','
'not'
'chillax'
Identifier: 'cgu'
'int'
Identifier: 'aduUzrWUq8u'
Number: 71
'-'
'..'
Number: 39
String: "xsAch6QpggAPY"
Number: 80
'and'
'return'
Number: 3
String: "S0"
'or'
String: "VK4Qv3D"
'+'
'('
String: "GGQ5nROyjKNNBYP"
Number: 33
'-'
']'
Number: 43
'return'
'+'
'program'
String: "q3V"
'/'
Identifier: '_OluZAT'
String: "XXOa4IB5SCatz0hs"
Identifier: 'd7Y'
String: "lhFa"
'<='
Number: 55
'not'
'/'
String: "GPtnLEa8cDqOVQ ghF"
'+'
'+'
Number: 70
Identifier: 'aUAWTKm6Wm'
','
Number: 66
String: "T8"
