Number: 26
String: "FCPuu2eOcfU4c7iyS5"
Identifier: 'dbDXO'
'else'
String: "XQmZSHOCtDzv"
Number: 44
'output'
Identifier: 'czN3AStlfF'
'>'
Number: 87
'bool'
'bool'
String: "utImZQM6"
Identifier: '_Uq'
'>='
'input'
String: "Be8eKtFJZnr63 ozv"
String: "aDwhem67FonCYb5"
Number: 84
'='
Number: 69
String: "8TpW"
'<'
Identifier: '_x1'
'chillax'
'or'
'array'
Number: 100
')'
'('
'>'
'>'
'>='
'output'
Identifier: 'a7nA'
Identifier: 'cLDi'
String: "FGzYeCBO"
'if'
'<='
Identifier: '_2'
Number: 71
'*'
String: "UIB"
String: "0"
Number: 37
