'bool'
Number: 59
'while'
'rem'
Identifier: '_rtgnJHQ'
Identifier: 'c9QcM9FiJ'
'return'
Identifier: '_diMD5J'
Identifier: 'cH5bD'
'true'
String: "un1GBQlWtbY8qT"
'array'
Number: 59
Identifier: 'buLnnAIIXcX'
Identifier: 'bPE2zcKh'
Identifier: 'd9iIZY3'
'+'
Identifier: 'cUm0VejRNt6'
String: "Ii jIc8vFPxVvDZw"
'or'
Number: 8
'while'
'rem'
'input'
Identifier: '_h01Q'
Identifier: 'aT'
'return'
String: "7C0Izo3"
Number: 41
'>='
Number: 1
','
'program'
']'
'-'
'array'
Identifier: 'cD9X'
Number: 13
'['
'*'
Identifier: 'aB9xZUBQ'
Identifier: '_bepNaU'
String: "JbJG9 zJb"
Identifier: 'ahWpFrNx'
Identifier: 'dekqQm'
'bool'
Identifier: 'cKCl0l'
String: "CrTAztGqdCX"
String: "1oR"
