Number: 21
String: "9nKKeWW78d6"
'/='
Identifier: '_3zvF1U'
Identifier: 'dTgBCyz2rjX'
'while'
','
'-'
String: "C40ghTpBEqaDj"
'*'
'>'
String: "QQ2oFv18mzguYh2"
Number: 1
Identifier: 'cwDZ20epU8m'
Number: 77
'-'
Identifier: 'cVgmw8O'
String: "v9yf"
']'
Identifier: 'bFf4mDNYBVS'
Number: 8
']'
Number: 19
'='
'output'
Identifier: 'dnVuT5'
'bool'
'>'
Number: 67
Identifier: '_dgIZ5ATa3C'
Identifier: '_6njFpTd1'
Number: 74
Number: 21
'while'
Number: 33
'-'
Identifier: '_YgmXjvnkK'
Number: 86
Number: 35
Number: 45
','
