'return'
'<='
'let'
String: "l35dH3Cd7Mf"
Identifier: 'co'
Identifier: 'cCRiPY'
'('
'input'
':'
String: "Fb1DyDroMcFjvx"
String: "TsqtKn9MQ"
String: "g"
'>='
Identifier: 'dPEQAVaj0'
Number: 42
'else'
Number: 95
Number: 44
Number: 13
'-'
Number: 47
Number: 41
Number: 51
Identifier: '_PG1h3'
'>='
','
String: "kl2"
String: "kbOK4Gkyk175"
'not'
Identifier: 'bxH8S'
'<'
Identifier: 'cpr'
'*'
Number: 90
Identifier: 'd0FMF6Q'
Identifier: '_HcUS'
Identifier: '_WB'
Number: 38
'and'
'>='
String: "GAG"
Number: 52
String: "AUO"
'let'
Identifier: 'dmc'
Number: 7
'-'
Identifier: 'cMW5X55Qvat'
'*'
Identifier: '_NCMBtoeNw'
Identifier: 'bcX3YTEbFn'
Number: 93
'else'
Number: 42
Identifier: 'd4Qeti5E'
Identifier: 'agOqXviOV'
'else'
'main'
'<'
'<'
Identifier: 'bg'
String: "0AsNfdAm5bRJO"
