'and'
Identifier: 'd5oTUZPAb'
Identifier: 'clpBzcP'
String: "FVXSLo9"
'/='
String: "bbX4BU7EbCs "
Identifier: 'dvPdj'
String: "oNJOUWFbdO"
'let'
'bool'
'chillax'
'array'
Identifier: 'cZ5GkE5ZF'
'*'
Number: 47
Number: 96
Identifier: 'altnpg'
String: "vGgwYtHrK7 WI"
'or'
Identifier: '_ZW1MT1Il'
'>'
Identifier: '_cB'
'bool'
Identifier: 'agex1tUQ'
Identifier: '_y4E0v'
String: "OHfGLOt6EPRqCXHyU3Og"
Number: 100
'/='
String: "14FkGrq44CbQ"
Number: 30
Identifier: '_MT'
Number: 90
'>='
Identifier: 'cUZ9270vq'
'int'
Number: 63
String: "Ng p"
Identifier: 'cC'
