Identifier: 'c021FM'
Number: 31
'end'
'chillax'
String: "uB23P6XdIi1"
'elif'
Identifier: 'dOGSEGnrB'
Number: 50
Identifier: 'cTGszVJ'
';'
Identifier: 'bVqc9'
Number: 21
Identifier: 'cQMKID5v'
Identifier: 'dzrEC'
Identifier: '_Ns'
'-'
'or'
Identifier: 'dqjgcfJ'
Number: 78
'program'
Number: 62
Identifier: 'aTIuUgXrrXm'
'while'
Identifier: 'dq4hzp9f6'
Identifier: 'coO5qo5s8'
'let'
String: "qglIkMu9"
Identifier: 'cQ8OasgsQ1i'
'*'
'/='
';'
'array'
'>='
String: "rFj6xFMWtvOZcaxU d7"
'>'
String: "3"
'and'
String: "2B7Bm9ZkHoTX62lIlj"
Identifier: 'cnBd'
Number: 23
Identifier: '_ryDDAXPeS'
Identifier: 'crTtiqfe'
','
String: "Srsv"
Number: 22
'array'
';'
Identifier: 'aijZ9bhJ'
Number: 84
Identifier: 'dYq'
Number: 51
Identifier: 'b2pGV'
'array'
Identifier: 'aAyN'
Number: 36
String: "JPz"
Identifier: '_XKckVlxFq'
String: "5Fos"
Number: 60
Number: 100
String: "pyy fJkV4yKv"
String: "Id"
Identifier: 'dTq4c'
Identifier: 'c5yXz26x'
Number: 9
String: "sTQ"
String: "RlS8gQIHztAV"
Identifier: 'cpbpNJ8qjEb'
Number: 74
String: "8ZAkp"
Identifier: 'cGfHAnxO'
Identifier: 'd72QU08ieR'
'while'
String: "hQOt23iPF6jIha "
'int'
Identifier: 'cvX'
String: "NRF2"
Identifier: 'chRP8iwJn'
'/'
String: "rsmj88frBG1KmXNLf"
