Identifier: 'apI'
'int'
String: "RL1"
Identifier: 'b9'
String: "26A032yI"
'+'
'/='
Number: 77
'+'
'<'
'let'
'false'
Number: 13
Identifier: 'akiUSRzw'
'/='
'input'
']'
Identifier: 'dn0GNiVjv34'
String: "tHQwRpIRQUY1mXjQo3D"
String: "63ZCFOErx4gs2re6rO"
'>='
'>'
'-'
String: "CzfajAZYp8CXR"
Identifier: '_NSMjdYM'
Number: 89
Number: 79
String: "kzXrT"
'output'
Identifier: '_BAB7mN6Vsd'
String: "ORO1yclU2ozFUFzy9"
Identifier: 'b73'
String: "bbDbRxoGJiCgI1"
Identifier: 'diLWXnTf'
Identifier: 'av'
Identifier: 'cF3fbXIJNmY'
'if'
'and'
String: "TrTjuqR"
Number: 86
Identifier: 'cSnE'
Number: 14
'['
'rem'
'input'
'bool'
String: "h8B36ZbVvDTqzUzUDJb"
'if'
String: "uJoZX7IR6QGL 9ToeOL"
'>'
'/'
Identifier: 'bRQdk3vhfW'
'main'
String: "QRHP9h7mAb7"
Number: 42
'<='
Number: 93
Number: 96
'..'
Identifier: '_4DoxuGL'
Number: 67
String: "2oagCsgJvpgODkLz"
'chillax'
Identifier: 'bUxsR5AC'
Number: 56
Identifier: 'a3FgHzYJv'
Identifier: 'dFi'
'and'
Number: 2
String: "9F hfonqwDbhHE"
Identifier: 'bg1Pa3'
Identifier: 'cnQoAgW4d'
String: "bmtY28UpF3hMqau"
String: "Nf0bTLeD3SJp9XB"
Identifier: '_IhniXyyIc'
'rem'
Identifier: 'cot53CdVCC'
Number: 98
';'
Number: 46
'or'
'array'
String: "65on03w168jLh38pW"
'['
Number: 7
String: "ygiv6IlvFYM"
Number: 7
'int'
Number: 76
String: "FscmWTX0pFVXGl34"
Number: 78
String: "y23ZNNn31d"
String: "Bh"
Number: 7
String: "7h2x"
String: "TpWD2w0aHEtwIWCzh6wX"
';'
String: "xJRIcqoclDso"
Identifier: 'c3pp'
'program'
Number: 88
Identifier: 'bMpp'
Number: 4
'array'
String: "sLfTK39p9pbOuO7k"
'end'
'bool'
'='
String: "YHrQHv1Dc"
Number: 65
'int'
Number: 49
'not'
Number: 36
'<'
'input'
Number: 21
Identifier: 'b8rU'
'>'
Identifier: 'civk'
'+'
Number: 25
String: "xNqu13nn"
Number: 17
String: "5X2FkAiyEiw4XQYOI"
'..'
String: "CKfMnC"
Number: 62
'and'
Identifier: 'czOmeN'
Identifier: 'dS45j5xkx'
'('
Identifier: '_Pg'
String: "x"
