Number: 81
String: "NEMKFVdQInAn4FWEyTuv"
String: "MNrVP JpSs7"
'('
Identifier: '_4ngvQaxEyH'
String: "cYfGi1Z3lC qFYR"
Identifier: 'cB28GIbxH'
String: "T8VuvxGcF4s97S MF8Q"
String: "E8y3YhLtKJNkN4T"
Number: 50
'bool'
Identifier: '_no9v28'
']'
Number: 17
String: "u7pH"
Number: 100
Identifier: 'c5WA'
Identifier: '_S7419d'
String: "GnScJxecS9tb2GK"
'or'
'array'
Number: 85
Identifier: 'byfYam'
Identifier: 'cHBbyfukP'
'not'
Identifier: 'dt'
'rem'
'bool'
String: "VJqUr1XgE"
'main'
Number: 80
Number: 88
Identifier: 'akvbT'
';'
Identifier: 'aN1v6ySe'
Identifier: '_AjB'
Number: 4
'not'
Number: 16
'true'
Identifier: 'aMNm'
Number: 51
'<'
'*'
Number: 65
Identifier: 'aJLN1uF'
'int'
'='
String: "f"
Number: 79
'int'
','
Identifier: 'c0wDN2Y'
Identifier: 'aKIwX'
Identifier: 'a0Qrn0sxu'
'program'
Number: 97
Identifier: 'aEvkLUwMIl'
'/'
Number: 76
':'
Number: 58
Identifier: '_zAWzmb'
'not'
Number: 72
'array'
Number: 42
':'
Number: 98
'bool'
';'
'let'
Number: 39
Number: 36
Identifier: 'cNOKj'
Identifier: 'bM9GKDkI'
'>='
'not'
String: "Q5MapfzxW0PG"
':'
String: "fx"
String: "KE4sAuaSkvsV1q"
Number: 89
'true'
Identifier: '_QejhVKr'
String: "FwF7aRzkf24jmi"
'<='
Identifier: 'a1zJdtfu'
'<'
Identifier: '_ahMBR'
Identifier: 'blivcjo6'
'main'
'+'
String: "KpW"
String: "PCOb"
Number: 66
String: "uaTUc2uq5oQEi6Qx3y7w"
