'/'
'*'
'array'
'program'
'*'
Identifier: 'cUqU03JT'
Identifier: 'a15zVuEF'
'>'
Number: 100
Identifier: 'dTCLS'
'let'
Identifier: 'bmV3rttF'
Identifier: 'cCg'
'program'
':'
'chillax'
'let'
Identifier: 'caPQd8'
Identifier: 'ddOYbt74ME'
Identifier: 'cTlMIXt9T'
'true'
String: "ZZDipfwE"
String: "OMNbxNxvqFigE"
Number: 39
Number: 74
String: "c1y"
'('
String: "jJYAYIQ7F9"
String: "vy7yoWt"
Number: 78
'<'
'/='
'while'
Number: 90
String: "CoU2YNteIRMI"
Identifier: 'c9kqXoHCqW'
String: "6s8RTC6PN"
Identifier: 'd9c'
Identifier: '_LuvuJmz5As'
Number: 8
Number: 61
String: "TAbmi7wc0K5sTDYRkOT"
Identifier: 'aZevvvoY1'
Number: 96
'>'
Identifier: '_6t6PlHs'
String: "Ke7sIOy6BcJ"
String: "k"
String: "WwYkFGuEuHtyyP YD0 "
'int'
Identifier: 'buA'
String: "EMvS3Ru9Gzl"
'/='
'='
