Number: 85
'bool'
String: "zgGSxo2sVesPq"
String: "DLky3VCAcfO8ia"
String: "tmFJ4"
Identifier: '_A1fR'
Identifier: 'deZv'
Identifier: 'aCuZOxrS'
Number: 58
Identifier: 'dQtKfQo1u0H'
Number: 46
'not'
Identifier: 'cgl6Mpgx'
Number: 78
'else'
Number: 16
Number: 65
String: "d05zlKn2vJvdW7ec"
'true'
'while'
String: "4gkFGI3UfnBDCk7nO"
String: "T4MXpAd Yt"
String: "d4muXtF"
'while'
String: "65dWDpfE8qMCFUAbrp"
String: "2QY87SbHVDkRzT3"
String: "vrx2dhSYYTk6FO2kL"
Number: 64
'else'
'false'
Number: 63
Identifier: 'dnkhTn'
Number: 39
'or'
String: "MK0mT6ho4Oz8zjXSIm"
String: "gCBZBsjJelkT"
'return'
'output'
String: "gh"
Identifier: '_iYbbfC4E'
Number: 77
Identifier: 'drqAV2pGq'
