Identifier: 'c6xJ'
'/'
Number: 3
String: "5FfVMWL2Cw wQv5iZ9t"
Number: 64
Identifier: 'cXI'
Number: 4
Identifier: 'dNiI'
'let'
Identifier: 'dxDrLVM01C'
String: "3"
Number: 50
Number: 80
'return'
'>='
'/'
'program'
Number: 61
String: "34x5uSd"
'('
Number: 65
String: "sKaD mQMk9GCSkSs"
')'
String: "XX2fgAhS  tZfCP"
String: "FX6U5"
Identifier: 'b7ZRXBILpfn'
String: "MmCV1xC8bmrAxM8FZ1Bw"
'and'
'('
'main'
String: "aeE9J"
Identifier: 'aRhRvgJ4J'
String: "ou0U2cXeWe"
'/='
Identifier: '_zsfrYE'
Identifier: 'c1gg5'
String: "Igqc5Nlw  HiA"
'<'
