'['
'or'
String: "enlxUFV"
','
'elif'
Identifier: '_3RvGbfcV'
Identifier: 'ckUzvh'
String: "kSk7rHgBhHjldK0F7"
Identifier: '_mBtDRVcUcv'
'end'
'if'
'['
'input'
String: "x5oWuJszQb"
')'
'bool'
Number: 19
')'
Identifier: 'd8cU0'
'chillax'
'>='
Identifier: 'd5ctY'
Number: 67
Identifier: '_K'
'if'
Number: 24
'..'
Identifier: 'dpW7Frx'
'/='
'>'
'rem'
Identifier: 'cuwt'
'['
Identifier: 'aCEOkywU1'
Number: 63
'true'
'not'
'='
'/'
'/'
'('
Number: 40
String: "nS5MC"
String: "TeC"
Number: 21
'='
'true'
'let'
'false'
String: "4gFIzmyMRqmJGO"
Number: 13
'..'
'('
Identifier: 'c4W'
'elif'
'/'
'/'
String: "EKbc"
String: "XE93emO6Y2m4fQyAS"
'return'
