'array'
String: "Q6AQleb5iK "
'let'
String: "UJlnL4YLBGHTLYy"
Number: 44
Identifier: 'ct'
'..'
Number: 89
Number: 12
'bool'
'array'
String: "reG8r"
Identifier: 'ariyycD'
String: "x"
'>='
String: "c0aYY0Dx2NQIwBgWe37a"
']'
')'
String: "pE7"
'while'
Number: 80
'>'
String: "l"
'='
Number: 44
Identifier: 'd7wT9edP'
Number: 69
Number: 87
String: "UocTPlXr4"
'/'
String: "mF4"
String: "HXnYVQNyBCLJNuek"
String: "7WLLAohFi"
Number: 90
String: "xQCKRlNRm"
'not'
Identifier: 'aP'
Identifier: 'd3YFy'
Identifier: 'bH'
'bool'
String: "uU1S4my0Yc16"
Number: 56
Identifier: 'ctOdqAR7L'
'<'
'-'
']'
'>='
'and'
Number: 4
Number: 25
'while'
