Number: 27
Identifier: 'dRcMh4qRSO2'
'program'
'('
'input'
Number: 56
'array'
Identifier: 'ahTVDWmbN89'
'('
String: "gucXcODyMFkP"
Identifier: '_ZiWpFiFnCt'
String: "qUP"
Identifier: 'deBCwV'
Number: 65
'/'
'/='
';'
'false'
Number: 13
Number: 37
'return'
'array'
'='
')'
Identifier: 'bDfg3CB'
'='
Identifier: '_UW'
Number: 79
Identifier: '_Lkel83073'
String: "XijaF2YL"
'end'
Identifier: 'cRDfWL'
Identifier: 'cV6'
'-'
Number: 68
Identifier: '_v'
'*'
'+'
Identifier: '_0aZD26M6Bf'
Identifier: 'cSTP0u'
String: "epdj07ErVRxIRb1Gcxki"
Identifier: 'aNYIWaXCj4'
Identifier: 'dLD283jH89g'
'int'
Identifier: 'cEsT8'
Number: 80
String: "HiNZNonS"
'main'
'='
'*'
Identifier: 'a47kd3'
Number: 4
String: "qE"
'..'
Identifier: 'c0lUK'
'>='
Identifier: '_jO1Z'
'rem'
String: "yPyunj"
'int'
String: "h6W1KZZhb"
':'
'else'
'..'
'and'
String: "gCLXUmhn"
'not'
'<='
Number: 92
Identifier: 'aum6Gege'
'array'
'int'
'and'
Number: 21
')'
'input'
Identifier: '_xCEvIDf'
','
Number: 44
Identifier: '_AVqerYX'
Identifier: 'aUd02Q6'
Identifier: 'ahwvBPEz'
'-'
'false'
Identifier: 'dU'
Number: 47
Identifier: 'bLF0GsAg'
Identifier: 'd6gVu'
'return'
'array'
Number: 22
String: "x"
'-'
'while'
'chillax'
'='
String: "JikY4P2QdQP"
String: "C0QwrectOE6OdNfsh1r6"
String: "HBhyLP"
String: "emQ3aXDxpnRlyR4o7"
String: "r9F7Bp7CnSV5o"
':'
'or'
Number: 62
Number: 10
'+'
String: "md0MhT"
')'
'..'
String: "OEIRocuoJJGxK"
String: "O4NZXk7x9n"
Identifier: 'bNrZKtht'
String: "Q7X3c6q8TBb5f"
';'
Identifier: '_NUIDDtfh'
';'
Identifier: '_Ge'
Number: 60
'..'
String: "IGg9lG3wr7"
'return'
String: "aFUDxffkSVG6I FeA0pn"
Number: 68
'output'
Identifier: 'a60CR85cFH'
Identifier: 'bIX3ay9'
Number: 80
Number: 39
Number: 18
';'
'+'
'program'
String: "8PSifdlxaPmCpDv1"
Identifier: '_8dhS'
Identifier: 'aimNk'
'end'
'not'
Number: 18
Number: 6
'/'
Number: 77
Number: 81
';'
'array'
Number: 39
