';'
'else'
String: "BU"
Number: 72
Identifier: 'aqy2eeys9R'
'false'
'array'
String: "I4aR"
'else'
Number: 43
'>='
'('
'('
Identifier: '_9Db'
String: "rFtrmcPOH21A "
Identifier: '_rT5'
'or'
Number: 40
Identifier: 'aP2Q2Qnasi'
Number: 20
Identifier: 'aEz'
Identifier: '_4itdg2rI'
':'
'main'
String: "vxm"
'*'
'='
Identifier: 'cAD'
Identifier: 'dK8p3bUrs'
'and'
Number: 72
Number: 59
'true'
String: "mxXVhLFT6l Xg"
';'
'not'
String: "cvB"
'return'
String: "c 9RU0goMLvJeQadkve3"
String: "IzYm"
'true'
'rem'
Number: 25
Identifier: '_x'
Identifier: 'da'
Number: 24
String: "QwkVnyvNQxahIWz"
Identifier: 'bzE'
Identifier: 'do1TjU'
Number: 89
'return'
'chillax'
'/'
Identifier: '_nLQS8ft'
Number: 32
','
'/='
Identifier: 'aMMx5H5X9Gp'
Identifier: 'dmKexSSZ'
'and'
Number: 70
Number: 20
String: "hK1MKbb7"
Number: 43
Identifier: 'dZTLTBh4XL'
'/='
','
String: "jjOQ0W0bx3TuWYF"
'bool'
Identifier: '_n5MuV'
Number: 93
String: "4wWKWnf"
String: "H9L"
Identifier: '_Nd2zzyXGZ5'
Number: 59
String: "AQ6xLyTKmJfHRrPZiA"
String: "nIzRvYfXw9FP9AkdE"
String: "Ba6OGnqLPxM us94x"
'>='
'..'
