String: "pJk58FwV2jHQT4MFGrR"
'<'
Number: 25
Number: 75
'bool'
Identifier: 'cV2RxetdBqc'
'/'
'if'
'program'
Number: 41
Number: 84
Identifier: '_13qLZ'
String: "x9ugpXl6373IW4a"
Identifier: 'c4tyngPcvn'
'>'
Identifier: 'cZDhnr8Ddq'
'array'
'<='
Number: 70
'or'
Identifier: 'a8Mt'
String: "kacVP8m"
Identifier: 'bUP'
Number: 52
String: "XOM"
Number: 98
Identifier: 'cfMwbY'
'false'
'['
'output'
Identifier: 'aTECcD'
'='
String: "Zhee85yirO"
'output'
'and'
'/='
';'
'and'
'not'
String: "gnnbSFFvRD1wqaDvNs"
