'*'
Identifier: 'bJ'
Number: 99
'output'
Number: 62
Identifier: 'aP60zXtqwZ'
Identifier: '_0EdRm'
'end'
String: "PhvQFs3K5kprIa172k"
String: "hGNpZkhCryYC7"
'and'
Number: 30
Number: 62
String: "RWTtWBEZCP"
'output'
String: "AF9aT09"
Number: 52
String: "qdzXRl9kt"
Identifier: 'dt'
Number: 57
Identifier: 'a28H0Vz8CmY'
'bool'
String: "ghNooUQl9W8D9max"
'not'
')'
Number: 27
Identifier: 'cY'
String: "qnCbwKn"
':'
Number: 23
Identifier: '_KrDV'
Identifier: 'aw'
Number: 83
'true'
Identifier: 'aPeWtSf'
'if'
Number: 7
String: "sCaGRz"
Identifier: 'b21qmB'
Identifier: 'dkzDFm'
Identifier: 'csRH8FoO'
'chillax'
Identifier: 'co9orhdD8jr'
String: "ctGTHDhRlRpZBb"
Identifier: 'dN6z'
'array'
Number: 78
Identifier: '_2NctqQk'
'bool'
