'-'
'chillax'
'+'
'or'
';'
')'
'+'
'<='
')'
Number: 15
'return'
Number: 88
'<='
'or'
Identifier: 'dRRalVPw9SM'
String: "zWMSZ6b4xOpwi4"
Identifier: 'bLY7JquSsEa'
';'
'>'
Identifier: 'cKdlicW'
String: "4eIkvFdQShA"
Identifier: 'cMXh0Sb'
Number: 60
String: "eFpyPELlS38IY1Qe33"
Number: 36
Number: 14
':'
'chillax'
Number: 59
String: "nXbP93zf3M304ct"
Identifier: 'dqDAzveI0l'
'if'
String: "Tca9lR45JFn"
'if'
'>='
')'
Number: 47
'chillax'
Number: 100
Identifier: '_SB8pozW7'
String: "iIdN79TAK5TPQRPOW9d"
'..'
'int'
Identifier: '_lqrvC9'
Identifier: '_MhMPSbuMMi'
','
Identifier: 'bYZy'
Identifier: '_9EP7RhA3'
String: "Hp"
'input'
String: "5"
':'
','
Number: 11
'/'
String: "8"
Identifier: 'bsrIOa'
Identifier: 'b8jQ3L'
'*'
'*'
String: "X0rrma"
String: "k"
Identifier: 'c0yBW4QEv'
'return'
'or'
'/='
Number: 21
String: " sNFmK"
Identifier: '_1ZnosCzCNN'
Identifier: 'cWqp9XIY'
'else'
Identifier: 'dhAOfE'
Identifier: 'cHzB48ZpL'
'if'
Identifier: '_b7'
Identifier: 'aeJ56Tid'
String: "hUePGCYAlrCrfhvQFtK"
Identifier: 'a6Dt'
String: "umGk mwIsexkvKFzqtJ"
'else'
Number: 50
'if'
Identifier: 'bHOHWnaax'
Number: 71
Identifier: 'amuLBOt3Rr'
'main'
'main'
Number: 11
String: "kTrj aBYZs"
'='
String: "ecOqd1"
String: "bCehXw"
'false'
Number: 43
Number: 64
'else'
String: "G90lvJ1K"
String: "9c"
Number: 13
Identifier: 'cmIg'
Number: 20
String: "bmPmoOC"
Identifier: 'denxhFcK9l'
Number: 33
'('
Identifier: 'cCVDz'
';'
String: "kbuhj"
')'
'main'
'main'
String: "dPDCnBJDrnW16NPUxtO"
'and'
Identifier: 'cgEiB2VWDvN'
':'
Identifier: 'cxhaVcQyz'
'array'
':'
Identifier: 'bzMXTQhG'
Number: 72
'>='
Number: 8
Identifier: 'dgFdnn'
String: "11GM2A9O92KSK"
Number: 8
'end'
Identifier: 'cRW'
