Identifier: 'dUaUmKXS'
Identifier: 'bgtJWFoYF'
Number: 13
String: "KL1mYgyba3Biw7j"
String: "T1AlY5"
Number: 95
Number: 16
Number: 84
Identifier: 'd4unh'
'false'
'='
Identifier: 'c5tJ'
String: "ru1kXhwM"
'/'
'/'
'/'
Identifier: 'dc7CpJ'
Identifier: 'dY'
Number: 55
String: "oV2Xb"
Identifier: 'cWVcJmK'
Number: 51
'else'
Identifier: 'bcDrfNk8'
Number: 78
Number: 68
'<='
Number: 52
String: "c63"
'while'
'and'
Identifier: '_pi1l4C2'
Identifier: 'dv3b7jZAnJ'
Identifier: '_1z4'
Identifier: 'cP28Tqk'
'let'
Number: 22
String: "gpSJW8UbKL7OAsEB"
Identifier: '_I83vA6H'
Identifier: 'cy'
String: "RryMJ"
Identifier: 'd6K'
Identifier: 'cchiq6amBFU'
Number: 77
