'end'
'true'
Number: 68
String: "21EQ17ptdnoPZP"
String: "t"
Number: 9
String: "PlnRsh"
String: "aXppoB6gFqhIsMyo"
String: "IP02bUUmvNTdvM"
'elif'
String: "A6K"
'+'
Identifier: 'cv8sZe'
Number: 53
Number: 33
String: "fh5Oi5qznWLyfwbbg"
String: "cp9Eq63QA xa7ExR"
'end'
Identifier: 'bEGTC4G'
String: "IJrkk92hQE6QfwUqWlYj"
String: "qPntIOsyR4eUOKORK"
'output'
Number: 83
String: "3Zab"
'/='
Number: 19
String: "uI8NDeet8rhs5puTjDS"
Identifier: '_zwtD8aw'
String: "18bFKwjR9qOVFonq"
Identifier: 'ao'
String: "MAzHMzRVxVFP"
'int'
Number: 47
