Identifier: 'cidcJB'
String: "v"
'while'
'end'
'['
'or'
Identifier: 'bnHH'
Number: 82
Identifier: '_U4'
'bool'
String: "iTLA"
'or'
Number: 56
Identifier: 'bjla'
String: " OumKMCC4G4uVgDBTi"
String: "xl4GNyd5LgZ w"
Number: 80
Identifier: 'al'
'/'
'/'
String: "orHtSiDdHdqZvZOHSpo"
String: "9CahdUkzcCtWuDz6L2Z"
Identifier: 'cor'
'return'
Identifier: 'dFGFQos2LY'
Number: 21
Identifier: 'dD6HmOg'
Number: 16
Identifier: '_Z4efpP'
':'
String: "fKnKnrtouJSFjWYo5d"
'*'
'array'
Identifier: 'atGALvq'
Number: 73
Number: 96
'/='
Number: 3
Identifier: 'bpf1d0qWAoV'
Number: 98
Identifier: 'doSW6m'
String: "X7CgQdD s22Pu"
'return'
'rem'
Identifier: '_o'
Number: 95
String: "ITCCzr1nwVUb"
'*'
'='
String: "ox41jDPCg0tUQOaw1"
Number: 21
Identifier: '_Q5xksN6vJV'
Identifier: 'af'
