Identifier: 'btlmiZGGUq'
Number: 85
Number: 57
Number: 60
Identifier: 'c5ftPha6oZg'
'='
String: "bZbP"
'let'
Number: 61
Identifier: 'bpiTSA2thfC'
Number: 58
'main'
'output'
'elif'
Identifier: '_Uk'
'<'
Identifier: '_D0'
String: "7fc"
'*'
Number: 44
Identifier: '_8ZB'
'if'
'+'
Identifier: 'b8S7jPAN9'
Number: 61
Number: 17
'..'
Identifier: 'aBIcjGnp7'
'return'
'bool'
'true'
'chillax'
'rem'
String: "vL3Zw96uiWRA"
Number: 79
Identifier: 'dPb9Zp1co1Y'
Number: 84
String: "5QbeBjhwu"
Identifier: 'cUfx6T'
'return'
Identifier: 'cbF'
'['
String: "AgpVz5W77"
String: "G8suWknwMj9Se"
'output'
'elif'
Identifier: 'aU08tMP'
Identifier: '_eew7W'
Identifier: 'cP8IYH'
String: "brjUiUg"
Number: 69
'<='
'rem'
'true'
Number: 33
Number: 19
Number: 41
'main'
'-'
Number: 43
String: "vsUPvBj"
'-'
Identifier: 'dkoYlu'
Identifier: 'cAR2G'
String: "CJjiwLEh6SzT GtH"
','
'if'
Number: 74
Identifier: 'aWpBopN'
String: "vyEf9L"
Number: 95
'>='
String: "k1WndEptEnQP"
Identifier: 'c5RFB'
String: "r5Uz9CpbhJx1"
String: "9EJIB"
'main'
'..'
'program'
'='
'>'
'and'
'rem'
