';'
String: "1xdRRlOUNLHAHeY"
'let'
Number: 51
Number: 97
Identifier: 'cgyxhF5'
Identifier: 'cPc9E'
Number: 39
'elif'
Identifier: 'dKKW'
Identifier: 'dfWm5W8JOd'
String: "kZkeK"
Identifier: 'bwMvg1VVJS'
'main'
'true'
'+'
Number: 21
String: "Km6rGr jaY"
'['
Identifier: 'cBLsujI1'
Identifier: 'aNyK0Q'
'or'
'bool'
Identifier: 'aew5e'
'..'
')'
Number: 10
'if'
Identifier: '_aorotao'
String: "CP"
Identifier: '_cFs9'
String: "FOlzzawJP2sP"
':'
String: "K9j8Pn6kvqBK4"
Identifier: 'dfRpdI3Rooj'
Number: 9
'*'
String: "gKhyyODQiQlnC1X"
String: "bpmJhpbvrcBCQYrkI4"
String: "iHeD5FgFwA"
String: "t3m0coos8"
Identifier: 'arPmyzef'
Identifier: '_YwKXDsMC'
'bool'
