Number: 85
'output'
Identifier: 'aQdm4c3e'
String: "NTopA8FD"
'return'
Identifier: '_dZfq'
Number: 32
Number: 62
Identifier: 'd8r'
'['
'<='
Identifier: 'ah9xbMh4CRP'
')'
Number: 54
String: "9MQCgBrktfQOD"
'main'
Number: 93
String: "mEx5uUiswM"
String: "uqphtMFUmm1RWL"
Number: 17
'true'
Identifier: 'aYaxY'
Number: 26
String: "ghSSF5TXyqI7c6Jw"
String: "YaWIIPqS"
String: "JAr2mOAEwuKJtgid 0j"
Identifier: 'cnmfHNU5bo'
'array'
String: "1214CQP"
Identifier: 'c8EO'
'/'
String: "HmCb9oPB"
Identifier: '_TUejE'
'let'
String: "de"
'array'
Identifier: 'dloMfkFuYoN'
Identifier: 'ctcCVFBOObH'
':'
Identifier: 'a5VyK'
'elif'
