']'
'['
Identifier: 'cxLFFeK8HF3'
'main'
Identifier: 'dXz177lo'
')'
'let'
Number: 77
'array'
String: "dqEjbmGxF48Br"
'main'
String: "Whdo0rUvJRas"
')'
'and'
String: "i"
'+'
Identifier: '_sj'
String: "ypy3M ilQIEOVq"
Number: 63
Number: 17
Identifier: 'aSi'
'chillax'
String: "CEwzT1Vv tSdwvZ7cCRC"
Number: 80
String: "HagAH6"
Number: 37
'true'
Number: 1
'<='
Identifier: 'dVRzys7V'
Identifier: 'ds'
Identifier: '_icDs1zoKH'
'>='
'output'
Number: 73
Number: 46
String: "7U7d06ofIR5w6"
String: "4euDPVTDB62OK"
String: "KpktXYwnd3"
'output'
Identifier: 'bSfF0MRaO2Q'
Identifier: 'bX'
