Identifier: 'bUB'
'-'
String: "ZV6e6Pk4L"
'array'
Identifier: 'c5e3uU4EWz'
'-'
'chillax'
Number: 23
String: "Ryuk"
String: "StKIlXOOrdlNqjs8q"
Identifier: 'bVWh'
Identifier: 'cd'
Identifier: 'a7e'
'bool'
Identifier: '_dw'
'chillax'
'main'
Identifier: 'cvGYjpbWG'
String: "fYTyxiaxSP9dBt43j3"
Number: 36
Number: 44
Identifier: 'dTUDyN'
String: "TO zYoiFhct"
'int'
'return'
'return'
String: "n"
Number: 36
']'
'('
'('
String: "0U2"
'>='
Identifier: 'aoYR'
'bool'
Identifier: 'bmU'
Number: 32
'and'
Identifier: '_2kLx8WpN'
Number: 24
Identifier: '_mo'
String: "9Y04"
'program'
Identifier: '_iJJH5erWo'
'let'
Identifier: '_fR4jDuaLXc'
