Number: 78
'and'
')'
Identifier: 'ctT68YW0VUI'
']'
'input'
String: "kBwprQXBhzeRjp91oXgW"
'int'
']'
'output'
String: "25 m02ONaWrjhS"
Number: 27
String: "YXFUaT5SdB"
'..'
Identifier: 'dM'
'main'
','
Number: 30
Number: 57
Identifier: '_4EsSn4SuF'
'true'
Number: 71
String: "PbCv7RX7aWOv 9M6"
String: "e"
String: "Txum2A4bYse1lW"
')'
Number: 22
Number: 11
String: "DX SkOlQcyB9cHGyND"
Number: 58
'or'
Number: 50
'not'
String: "ENrZa6HGXOtJFuw7eLjW"
'/'
':'
'>='
'or'
Identifier: 'chADrwN'
Identifier: 'dW'
String: "4vxckPGBr2Irv2r v"
']'
'<='
String: "ghowf"
String: "CE2Ac9f5QS8"
String: "gnd5vyCqDmjI81APfg5q"
Identifier: 'aeVUmergqm'
String: "XyVjREu"
'while'
'>='
Identifier: 'dG0'
'>='
Identifier: '_UvO'
String: "V DjLvJ89fDB9dgv"
Identifier: 'bz63fs'
Number: 11
Identifier: 'byGjM7Qop0j'
'['
Number: 55
Identifier: '_Ilnr9CIQ1'
Identifier: 'bsH9LsKRQy'
String: "S8Zm413db FSSWS8BTZ"
