'if'
Identifier: 'aI0'
Number: 79
'bool'
Number: 34
'<='
Identifier: 'azpKzkM'
'/'
Number: 53
'['
'return'
Identifier: 'cAx8mUaKr'
Number: 65
String: "RyrIyChL zV3rWk2HIhp"
String: "L"
String: "Qo6oOkE6Z"
Identifier: 'dPZq4ez3Ee'
'else'
Number: 32
Number: 55
'return'
'bool'
String: "OghL9MOC2BhCmnPUprZ"
Identifier: 'c5'
'else'
Number: 22
'*'
Number: 88
String: "IvqEcmyl9"
'if'
'main'
'/'
String: "vyPJjkUPAPx"
Number: 74
Identifier: 'cz'
'<'
':'
String: "i0YPBc1YIjK"
')'
Identifier: 'dPehEb3xWl'
Identifier: 'cqr'
'array'
'not'
Identifier: 'ah5kQNl'
'chillax'
String: "iAkLegnyEoP6mhetldUK"
Number: 59
'program'
'+'
String: "Z4NyKRV0y 7Elo0v4OK"
Identifier: 'bY'
Identifier: 'aoP7oUJT'
'elif'
String: "kK2fQ"
Identifier: '_mh2swDfcI'
