String: "aT9M0PkQHwhu7hM"
String: "oPyHUCoWd7QrK"
'*'
Identifier: 'baMZKRATJlj'
Number: 89
'>'
'('
String: "5mKMCcgZuZ0TK8jc7"
Identifier: 'cCIqXND9I'
Identifier: 'cQjj'
'+'
String: "9wTcdVI"
Number: 34
Identifier: 'camPrbK1t7'
'='
Identifier: '_KUIx'
Identifier: 'cMPka5ju'
'bool'
'('
'let'
'not'
Identifier: 'dzfgY9D8B'
String: "r5gEeB5xS5"
'main'
'else'
'>'
Number: 77
Number: 88
'array'
String: "4OhKPscPL6F"
String: "ejPv3uino"
';'
Identifier: 'ckFz'
'program'
'<'
'-'
String: "SB1VjZEM96WmViF6"
Number: 51
