']'
'='
Number: 90
String: "mG8"
String: "zI0CGo9069TSG35"
'<='
Number: 50
String: " RBF82zx"
String: "hRYDqmxk6OylEZgl"
Identifier: 'dMskE'
Number: 83
Number: 34
Number: 50
Number: 91
String: "n5vb1XJk"
String: "ILzYcHK R3 Rp"
Identifier: '_uy'
'chillax'
'return'
Number: 23
'while'
'>'
String: "T"
Number: 14
String: "M2yZrN9jnsi"
Number: 77
'='
'/'
'-'
Identifier: 'bclsPwH1'
'not'
Number: 60
String: "hKTaAz"
'not'
Number: 78
'<'
String: "6"
Identifier: 'd6j4EAqWd'
Number: 38
Identifier: 'acV2Rn1FH'
Number: 53
'bool'
'let'
'/='
'input'
Number: 56
'<'
Identifier: '_UI'
'let'
'/='
Identifier: '_RGrvR0q'
Identifier: 'b7CGqnv0f'
String: "mx"
'array'
':'
Identifier: 'bkp2'
String: "XjhMB6eHXjtmxSZfDh"
Number: 4
Identifier: 'cov0Ou3UYNz'
String: "d28K9qX"
String: "I4yQoVm24bZ"
Identifier: '_ePjrC0f'
Number: 43
Number: 98
'rem'
'program'
String: "NvtQDuNMwe"
'elif'
Identifier: 'aqVGVQ'
String: " m ff D"
Number: 61
String: "FeKhODLcW1FdJ"
'input'
'output'
'while'
Identifier: 'cT'
Number: 13
Number: 8
Number: 51
String: "m28bsXfV5RsACMCALR"
String: "iczN6Hwqy5ysElT"
Number: 93
Number: 95
Number: 39
