Number: 18
Identifier: '_OOqUkQLz'
String: "Ah0TSIubwCqCmQN"
'<'
String: "TnpzFalIC"
Number: 73
Number: 3
String: "PhYATU65yCWA"
'false'
Identifier: 'a4KmL'
'/='
String: "kg WxtOBVYHK"
String: "cRkXvM3O"
'<='
'array'
Number: 96
Identifier: 'ah7k5H'
'<='
'rem'
'input'
Identifier: '_JhpBw'
'false'
Number: 23
Identifier: '_B'
'['
'false'
'and'
Number: 48
String: "DZ3T9J7aXzX 3"
Number: 37
String: "MgfWYZczxzU2cI5VKODR"
String: "AombzBWP5X7zdqD36"
'while'
'while'
Number: 49
';'
'true'
'rem'
String: "cgk"
String: "GyXxX1uoI6ZfC2IJ"
'>'
Number: 21
Identifier: 'cXjthpX'
Identifier: 'cjsp'
'return'
'>'
Identifier: '_Pz3c6C'
'rem'
Number: 62
Identifier: 'bJOMeYgKw'
'not'
Number: 19
Identifier: 'bsvOBqxd'
Number: 89
Number: 36
'*'
Number: 98
'program'
Number: 2
'/'
')'
Identifier: 'ciW01iE7lMJ'
Number: 95
'int'
