Identifier: '_s9009x'
'<'
'>='
'input'
Number: 17
String: "SliG9Nvgij5q9Myz4yM"
Identifier: 'bT5pr9Lcw8G'
'<='
'-'
Number: 8
'*'
String: "EJVJjWTOPpXp4Q"
Number: 70
','
String: "BVSYwqs0hvL3kvb CLNM"
'<='
String: "m1ZyNpl1HzitO1a "
'['
String: "3Lb5kyqpm0Nl7AJS"
Identifier: 'a3hppv8E3xp'
String: "a8QRZpnUk1J8"
'+'
String: "OwlKs6mAplmi7rsz"
'else'
String: "VqbkUrVDUye3CrSosrl"
'elif'
Identifier: 'bHQN'
'let'
String: "Lifvl6xZ3"
Number: 1
String: "DHdkKqNO1wjLPc"
Number: 22
':'
Number: 50
'>='
Number: 44
'bool'
String: "J6"
Number: 53
'..'
'..'
Number: 14
Number: 97
Number: 43
'false'
'while'
Identifier: 'cBbUP'
'false'
