Identifier: 'cZW'
'bool'
'return'
Number: 83
Number: 28
Identifier: 'aeB2VWw'
Number: 77
Number: 65
'<='
'bool'
Identifier: 'ak93'
Number: 39
'/='
Identifier: 'bbtj5Nd7PhJ'
String: "L6u8972R"
String: "ywOxCCY"
String: " JDIxNs0HLGgLWdM"
'or'
String: "zRCUgOvFxTdzU3pxFM"
'and'
Identifier: 'a36jH5'
']'
','
'output'
']'
Identifier: 'aNKas2GF'
'rem'
'output'
'let'
String: "MMtK8zia"
String: "Sdw3OmwJLYT80XCn"
'while'
'<='
Identifier: 'deN0AG1Oq'
Identifier: 'ayi'
Number: 55
Number: 88
Number: 81
'>='
String: "PDqn x06d1gbfi"
'/='
String: "m"
String: "LxYOyZxIg"
Number: 70
Identifier: 'bWjwEKMW'
'+'
String: "CBFL6viGiZPgQFqa7x"
Identifier: 'aPJ'
Number: 69
String: "50QwYpchv8Nw9"
String: "dapzbT"
'if'
Number: 80
'+'
Number: 57
'<'
String: "Z CfnG"
'else'
'elif'
Number: 51
Number: 16
']'
'/='
String: "q9RW3tjHpXO"
Identifier: '_VzYL4K'
Number: 42
Identifier: '_pdQUYRYw'
Number: 15
Identifier: 'duavqWnEKD'
Number: 13
'and'
'if'
String: "j2e0eMiuqC3x"
Identifier: '_GhT0'
String: "8YZ3TUP"
String: "p9JDtL9 zWYN"
Identifier: 'arOSaDDqb'
'*'
String: "mD3YzkicEfWAqAGjY"
Number: 23
Identifier: 'bs0'
String: "UwldnwKDdqY"
Number: 9
'*'
'while'
'/'
String: "K"
String: "4EEYlO2"
Identifier: 'auH0'
String: "Ktgo2"
Identifier: 'bOX7'
String: "Dz"
';'
Identifier: '_mW4oU'
Number: 19
Identifier: '_4qSg'
