Identifier: 'brr'
Identifier: 'cPKTPmer'
String: "QwNCKxwCiE0Svamfs"
Number: 57
String: "aphbviYep"
Number: 98
Number: 5
'int'
Identifier: '_Q8ICP'
')'
String: "WEzHjU4jtrNO60hUt"
String: "KrV"
Identifier: 'bcn'
String: "h05KFiK"
String: "TGqPiCZ0We"
Identifier: '_10'
Identifier: 'de8ZwORWVeW'
String: "biPU1p3AedkK3DJC0jDa"
Number: 95
String: "qHKl"
'not'
Identifier: 'alRUITNja'
String: "ADOYqMG fQoCr"
String: "U8tKMjZvAY8vl9WqdH"
Identifier: 'c5'
'('
Number: 85
Number: 11
Number: 70
Identifier: 'bi8t9VsTv7v'
'>'
'['
