'/='
String: "Z9hF5"
')'
String: "s"
String: "jnNb sYe"
String: "41Q"
Identifier: 'aB5'
String: "wNySKyqgjNH"
Identifier: '_5'
Identifier: '_dplF'
String: "G"
String: "bzIeAz0ZJhQrRB6ar"
'<'
'false'
String: "goRyZL"
'or'
'input'
'end'
'<'
String: "esdZMHidw"
'while'
'>'
'true'
'<='
String: "OPgnS1Uh"
Number: 98
Identifier: 'dRpmrQirTF'
Number: 37
'<='
Identifier: '_r9jebbs5'
Identifier: 'bIx3OWKN'
'program'
Number: 43
String: "QTonPAfvpRq"
'else'
Number: 83
'>'
String: "aRCLhMWt5U3d"
Number: 10
Identifier: 'bkzvh23fx'
';'
'<'
Identifier: 'cD'
Identifier: '_xbptjen'
String: "zE"
'['
String: "QkTdp"
'int'
Identifier: 'cpqXKachI9H'
','
'output'
Number: 9
'bool'
'['
Identifier: 'dBFlp'
Number: 82
']'
String: "uFvQ"
Number: 52
String: "l3CK5Mlb c"
Number: 96
'input'
Identifier: 'a0iS5'
'<='
'/='
String: "9qzrANAlaRAOmIeRg5s"
String: "LYEHhZO"
String: "waJXmfOBpw4B"
'else'
'false'
Number: 84
String: "CF"
