Number: 52
'rem'
Identifier: '_y37xu5JX'
Identifier: 'b1VRAJrP9vl'
'not'
Identifier: 'dWB2R1KTYoU'
'>'
'='
Identifier: 'cHQpBn920CA'
Identifier: 'cGM'
'='
'>='
'if'
Identifier: '_fTITQRM'
'('
Identifier: 'bF1MSE'
'int'
Number: 26
Identifier: 'aZ9'
String: "Ooz"
String: "SByZy3zfhsJlwH7"
'return'
']'
'output'
String: "5BOnH"
'*'
'+'
'<='
String: "H4pjLzNsca"
')'
Number: 47
'input'
'input'
String: "fCbAuj1kClMF"
')'
'let'
Number: 36
Identifier: 'cUBtJM'
String: "P"
'-'
Number: 43
'int'
'not'
Number: 59
Number: 14
'input'
'end'
'or'
Identifier: 'bP9EQ6'
'/'
Number: 56
Number: 54
'and'
Number: 92
Number: 97
Number: 71
'end'
Identifier: 'bYyKS'
String: "LY9f7aZy7gD6r0sH"
Number: 87
Identifier: 'cU8MYeKm'
Identifier: 'c0Pk'
String: "zL"
')'
Identifier: '_ftr1p6ZX6'
Number: 35
String: "1wDWhAegh2hzxdjBE"
'return'
String: "TDeQIn"
Number: 49
Identifier: 'aEgFIa60vF'
Number: 10
'/'
String: "Q55fgLezN j"
Identifier: 'dhq0qh5b'
'false'
Number: 19
'rem'
String: "uEVMXhg81phMUsnjV4Sb"
'-'
'or'
Number: 23
String: "I"
String: "oEzAAaTKnMK1"
Identifier: '_I9bVVUmP'
String: "EI"
Number: 72
Identifier: 'cadhdKy'
String: "mDsdJEhp1vfr"
Identifier: '_7Hdd'
String: "ZE6"
'while'
'<='
Number: 2
'>'
String: "8sE"
Number: 24
Number: 58
Identifier: 'cCXmbBOI'
String: "Dpjwvms5"
Identifier: 'cK'
Number: 59
','
String: "vC UAEtUGTqIHPKV1d7"
Identifier: '_4rdjhs7'
'and'
Number: 52
Number: 66
'/'
Identifier: '_pPY'
Number: 6
String: " O8"
Identifier: 'aJkwV84ass'
Number: 95
Number: 55
'let'
'('
'chillax'
'output'
Identifier: 'bvXhHyq3b'
String: " lWaF1RM96"
String: "P0UuRMVDdHg1b3"
Number: 81
'not'
'return'
'elif'
'bool'
'-'
Identifier: 'b0Xd'
String: "H3DMVN3P3V"
