Number: 72
Number: 27
'main'
Identifier: 'aVi3O'
Identifier: 'dlfo'
'/='
String: "JkoqNk9I657VDb6L8rVT"
Number: 87
'/'
Number: 5
'rem'
String: "il"
String: "8zZchuGp7bkqbAE"
Identifier: 'co0d0KcTsEH'
Identifier: 'bj'
'not'
'['
Identifier: 'bMbC3J2f0'
Number: 12
Identifier: '_C82V3c5Hix'
','
String: "4H5Off8LBEiZwB"
Identifier: 'dz'
'>'
'*'
'while'
Number: 89
Identifier: 'a9Ym'
String: "HEQebjetI2r"
Number: 45
'*'
':'
Number: 95
']'
Identifier: '_bEd6'
'int'
String: "o2J76qAGK09bOWjlUd"
Identifier: 'csCpLt'
String: "ELCYCIio0"
String: "LNEhwXvr1HQbDJZ"
'*'
String: " 9"
Identifier: '_g'
Number: 53
'rem'
'+'
Number: 86
'*'
Identifier: 'dvz'
Identifier: 'cmH7xqM'
Number: 57
Number: 95
Identifier: '_k'
Number: 37
'+'
Identifier: 'cbhk'
String: "8uwO08PL7a9"
Number: 75
'not'
'false'
'false'
';'
Number: 32
Number: 66
String: "MapvYgw HsGaOTYomb"
String: "QrsQ5xYSlSkubSgs3W9"
String: "T8diX"
