Number: 31
String: "aOXsInSrMUp5zPS5EsER"
'let'
Number: 96
String: "1uomIlXf"
Number: 12
Number: 55
String: "2zqc6 PA x6g"
Identifier: 'avT4mk'
'input'
Number: 21
Identifier: 'daNzWbJr'
Number: 16
'or'
String: "16M8Q7JCSpjsxQX0TG"
Number: 75
'chillax'
'input'
')'
Identifier: '_V'
Number: 7
Number: 81
String: "pKuUvb"
Number: 65
'='
'let'
'+'
Identifier: 'bvBQGV'
String: "YCs3jRHQoQo3P8kP5UO"
Identifier: 'aPIiv'
Number: 45
Number: 26
Identifier: 'cPztOOdRZ5'
':'
Number: 13
'..'
'let'
Identifier: 'bGNrMiO5GD'
Identifier: '_JAoMfkoz6Q'
String: "uJ5iitG1czp4yZh"
Identifier: '_n6talMpZf'
Identifier: 'aQt'
String: "hJO1Lye"
String: "nw1H0DN"
'main'
String: "TL2JZqUDXYU"
Identifier: '_YbZO'
String: "OBAkISOyIFdDPf"
String: "yKHAI"
Number: 49
'true'
'output'
'*'
Identifier: 'cK'
'while'
Number: 93
Number: 98
String: "VDoNSVfbIxa"
Identifier: 'a36DltN51'
Number: 72
String: "MXTZKnLOLuVBOUb"
'return'
Number: 43
','
Identifier: 'bQXq6Z'
String: "XVcvasPlJHcn4iML"
Number: 35
'false'
Number: 61
Identifier: '_41LF'
'program'
'-'
'let'
Number: 67
'or'
'bool'
'main'
