Identifier: 'd5uc2'
String: "8ocJkNDmC0bI"
']'
Number: 53
Identifier: 'd6A'
Identifier: 'a6f'
Number: 62
'<='
String: "PQSfyV ivJxMIeV"
String: "uHpHVX"
Identifier: 'bNYWJwFohd'
Identifier: '_0La3mgbl'
Identifier: 'calz'
'bool'
'bool'
'let'
Number: 41
'rem'
String: "4ShiWCS"
Number: 82
Number: 48
Identifier: 'd0pijFBTZT'
Identifier: '_azzkSQf1'
Identifier: 'aTMeI0'
'>='
Number: 96
'/'
'='
Number: 71
Identifier: 'aeslsmr'
'false'
String: "4MTq0XakD"
String: "PWSslhCMwCrvnzTK"
String: "534WsYQB5tTxO5"
Identifier: 'dWMP2Q'
Identifier: 'blPBTcn'
String: "e"
Number: 48
Identifier: 'cJXIDc'
String: "Sv9EhDtpndo6"
Identifier: 'acFDU5'
Identifier: 'dmEIsiwMBTD'
Identifier: 'bgnPpeUyiQs'
Identifier: 'aJ'
'/='
Identifier: '_40uS6LIWb'
'..'
'bool'
'>='
Identifier: 'aZy'
'['
Identifier: 'cjmKEpJXhC'
'array'
String: "d"
'main'
String: "BqiKga4u 8fpqrqHnhq"
String: "xJHDg r pRJ0PTA"
String: "n1"
'-'
'*'
Number: 58
String: " S76wSAgo6"
Number: 96
String: "yy3Mv5vJO"
Number: 58
'<'
Number: 87
'output'
'bool'
'or'
'output'
