'return'
Identifier: 'd8E'
Number: 48
'<'
Identifier: 'aLYHLD0QJb'
String: "8SwGgKfaxTdnwQgT"
Identifier: 'crwfVB38m'
Identifier: '_w'
'else'
String: "7FOZL03H"
'/='
'rem'
Number: 4
Number: 99
'program'
Number: 10
'*'
Identifier: 'bLUVE'
Number: 27
String: "mNmNc"
Identifier: 'dcYuq7PBD'
'while'
'not'
String: "KPKThqk"
'chillax'
';'
'('
String: "BmkBhdSSjJUrtxDMs"
'not'
String: "KXPY"
Identifier: '_McldH'
Identifier: 'ag7'
Identifier: 'aSk9di'
Number: 81
Number: 20
'input'
Identifier: 'do'
String: "Ul2SUFzR77tvE"
Number: 26
String: "8ftcO"
Identifier: 'agk'
'bool'
String: "n ikLeI"
String: "wDIFpDsRuiY"
Number: 90
