Identifier: 'cTKlCCkl'
String: "Rq4jyogBHbV1wjFKyZ"
Number: 72
String: "S"
'<'
Identifier: 'a1EGzuT2Q'
Number: 70
'if'
String: "I4vwpaDUMtqqI3b Eak"
Number: 85
'/'
Number: 89
String: "j9WNT7yk"
'end'
Identifier: 'aD'
String: "FQAR0IBVxgovnJjUw"
'/'
'rem'
Identifier: 'cmB'
Identifier: 'aaCcU0OBs'
Identifier: 'bLoT'
Number: 41
String: "JodLiw"
'/='
String: "4G"
Identifier: 'atse93Nsx'
Number: 49
'int'
'true'
Identifier: 'b5EhV'
Identifier: 'dBfukrJKf'
Identifier: '_F'
Number: 11
String: "8t"
String: "UCNBSxoiTI3XwwxJ0ZMb"
Number: 22
'/='
Identifier: 'bj'
'<'
'='
String: "qO03"
'while'
'='
String: "pKexJml5bzhBRWhn"
Number: 84
String: "JQLaTeNW GT"
']'
String: "SuU77jLLwS"
Identifier: '_xAtHnsU'
Identifier: '_hGI'
'bool'
String: "PiAfItRiCRNRK"
Identifier: 'bXalXN8Fq'
Identifier: '_SQY'
Number: 5
Number: 12
String: "6MP"
Identifier: 'dp6v'
