Identifier: '_e7aIv'
'<'
Number: 86
Number: 62
']'
String: "r"
'false'
Identifier: 'dR'
Number: 56
String: "PO2VedUWI"
';'
'false'
Number: 65
Identifier: '_KkJDLXs'
'['
'rem'
String: "ADGyID584B1"
'['
String: "HvGyQrwNLJ 4Mmg9IuX"
'-'
Number: 4
String: "uv9708ZBircwrd"
Identifier: '_bvQa6'
Number: 89
Number: 73
Identifier: '_4'
Number: 100
','
Number: 29
Identifier: 'dfcd'
Number: 61
String: "D"
Identifier: '_lOv9'
Number: 15
'rem'
Identifier: 'cQhGHm'
String: "41nYJHixJyo2jBna"
Identifier: 'b9uqr'
Identifier: '_fm'
'input'
Number: 29
String: "55jL"
'else'
Number: 77
','
Identifier: 'btP80eMRir'
String: "7Qzjki nCinu1"
'<'
Number: 17
Identifier: '_oOz'
String: "FSB"
Identifier: 'ccR1Pwrjmlh'
Number: 6
Identifier: 'bgrRaWe2C2I'
String: "jK1  pVS2xk51ZiL"
Number: 45
Number: 10
String: "kHKy7z5qkJpguWWT"
Identifier: '_kuBg'
String: "t1LYF9JWJhO9OV"
'/='
'..'
Identifier: 'dJ7'
Identifier: 'b3HfVnHGD4f'
'while'
'/'
Number: 57
String: "dN7r"
'array'
String: "pCSM4hekOuRvFXHjMY"
Identifier: 'aPLMhB'
Identifier: 'd8IH27AcH'
Identifier: 'dRvHl8FgmW'
'+'
'array'
'>'
','
String: "INIMXaPqPXYOurr3i"
Identifier: 'cxPH'
'end'
';'
Number: 37
String: "K"
Identifier: 'cqYN'
Identifier: 'aV2EsETcwBb'
'else'
String: "nn"
'input'
String: "OlTB1jyLdwF"
'input'
Identifier: 'bzT'
Identifier: '_qfq'
'elif'
'false'
