String: "q4cV53t"
String: "FhBx4blVXoZe6U3De59Y"
'program'
String: "PHbVn7M4kPV01g"
Number: 74
'rem'
'<='
String: "Jge7ZK5ibLevD"
'<'
'+'
String: "ui93X"
Number: 99
Identifier: 'cJpYNpsaIM'
Number: 21
String: "Fun9vpG"
'+'
'>='
String: "6UixwQJ Iy3f"
'main'
'else'
'>='
')'
Number: 11
Number: 32
String: "jx6"
Number: 51
Number: 37
String: "IaR3UMn3A3VsmIL"
'<='
String: "BArF"
'='
Number: 27
Number: 69
'let'
'output'
String: "DNoSAfMeOqe1Ut P"
'let'
'>='
'and'
Number: 12
')'
String: "OdM5khOMM"
'/'
Identifier: 'b6'
Identifier: 'b3aOshMuoR'
'let'
'elif'
String: "sYKH64K2J1Vo6l0rKLl"
Number: 7
Identifier: '_oAn'
']'
Number: 34
Number: 76
String: "JooeXsN"
Number: 64
'rem'
'..'
Number: 18
Identifier: 'dPs'
Number: 45
'rem'
