Identifier: '_qSCOYRN3'
'and'
']'
String: "OzVwc"
Number: 38
String: "N6Rda"
','
Identifier: 'ditdPL9W6'
'-'
Number: 88
'<='
'input'
Identifier: 'dIynsK'
'array'
String: "dqT1ce3HNm"
Number: 33
Number: 61
String: "0P"
'true'
String: "bal0BexT2AZ2yUT"
'*'
'true'
Identifier: 'cDF8G'
'='
Number: 34
Number: 59
Number: 59
Number: 70
'>'
Number: 77
Number: 72
Identifier: 'adYkRZ9p'
Number: 56
')'
'/='
'['
Identifier: 'bZH'
String: "c5nK odmsHkTmS6"
String: "EH"
'false'
'return'
Identifier: 'bw6I'
Identifier: 'apUi6xDp9v'
'bool'
'int'
Identifier: '_W4bpQDBXk'
String: " oSIHi3a"
String: "Grlfz77Dv8HwYizjN42b"
'*'
Number: 59
'>='
'else'
'elif'
Identifier: '_j3D3ve'
Number: 61
'chillax'
Number: 84
Number: 91
'..'
Identifier: 'dT4bA'
'='
']'
'rem'
String: "Mz"
'-'
Identifier: 'dGCI'
Identifier: 'a1cWRDcg'
Number: 18
String: "8oB0V8q0rLiZpUnj"
String: "iO"
')'
';'
String: "crg7Vha9j7LQ8lRQ2WgK"
String: "uFYeLDclcrw1y4xer4jF"
Number: 24
String: "lQx8G2H0se7QC"
']'
String: "g5PVXOoP"
Identifier: 'daoTX2DaSYV'
Number: 11
