Number: 31
Identifier: 'bEPPcXR'
Identifier: 'cWaDou'
'*'
'true'
'/'
Number: 97
Number: 32
'*'
'or'
';'
'while'
'main'
'chillax'
String: "n9"
Identifier: '_13ZOVA'
'chillax'
')'
Number: 7
Identifier: 'dkh'
'output'
'['
String: " KCuT60R"
Identifier: 'cm'
Identifier: '_lJ'
Number: 50
String: "K5EShw8fo 7"
'true'
String: "S"
String: "x2"
Number: 21
Identifier: 'bOv9M3'
String: "7p4kTd5N"
Identifier: 'b2cJ2NngJFx'
'>='
Identifier: 'awM'
'if'
Number: 5
'false'
'<'
'chillax'
String: "oSyi V62zWIl6"
String: "IiO5rl78yfeleW"
Number: 8
Identifier: 'aqO'
String: "g7FtOV"
'return'
Number: 39
Number: 64
';'
