'let'
'>'
'chillax'
'<='
Number: 61
Identifier: '_TSTi1xftl'
'if'
String: "Og"
'or'
Identifier: 'c4fO'
'['
Number: 77
')'
String: "Qh1PjHnOrW"
Number: 94
String: "XZ7bOcEy0EV"
Identifier: 'cY0NIgGfs'
String: "IwhgJhlYkvRb"
'<='
String: "b9opoJmgXg3T4RVffo"
'<'
Identifier: 'c4xkb'
Identifier: 'dN'
']'
Identifier: 'c6ve0s'
'program'
'input'
':'
'='
Number: 51
'while'
'/'
'end'
Number: 93
Number: 63
String: "49I 1RzRxrJ1ddPB84MR"
Number: 9
String: "QX lkywJvF9"
'let'
'input'
'true'
String: "22a5LGVPzTJXmrz"
String: "3D"
'false'
String: "pn2T"
Identifier: '_0A'
'chillax'
','
']'
String: "Ia1Ve0wvMKZdltS"
Identifier: '_jX'
'*'
'*'
'int'
String: "q4vYp1F2c "
Number: 100
String: "sKrizBIqmnJp7 P4Rd"
String: "oT6FexOJ"
'chillax'
String: "iDIzy48i4jH"
Identifier: 'cnv0Pa'
Number: 12
Identifier: 'azmNbvEAtbf'
String: "Ug jX"
Number: 86
'end'
Number: 66
'='
String: "NMWZTNxLXs M33q"
'output'
'int'
'or'
Identifier: 'c5A'
String: "VWMjp8"
String: "zv2S6reBb1tasX3Z4"
Identifier: 'cFhoj17G'
Identifier: 'aNVhiU'
Identifier: 'dMI1io'
':'
'array'
String: "3ep11Aw9ktOypyu"
'int'
Identifier: 'cy0s'
Identifier: 'bRdPpyWw'
Identifier: 'ckYQS1eRE'
'if'
Identifier: 'dT9DeSdpGz'
String: "JzlGkzz"
Number: 63
