String: "b2tr78HpbJ0HHpesTR"
String: "uyzDi4VNAfpx7"
'..'
Number: 94
String: "lWz1"
String: "CWk1aDt3"
Identifier: 'cd'
'else'
Number: 24
Number: 7
Number: 32
'input'
'/='
Number: 1
'*'
Identifier: 'ch'
'program'
'int'
String: "XId"
'bool'
'chillax'
String: "DpPFhDx8NjrR"
')'
'else'
Number: 85
Identifier: '_YLvbcb'
Identifier: '_1y4BrYAwt'
'if'
Number: 5
Number: 95
String: "a2"
Number: 2
String: "S8Ti67f"
Number: 55
Identifier: '_kq6ERQe'
'bool'
String: "7PH5rRcutvn3v"
Identifier: '_2GMU'
'output'
Number: 55
Identifier: '_7pfJGa38qD'
':'
Number: 36
'+'
Identifier: 'cpI'
String: "Ftz7NO5W"
Number: 8
Number: 49
String: "TH6EToZ0YXbM2ph7z"
'array'
Number: 13
'-'
Number: 79
String: "j"
String: "bTyNa5aKj"
Identifier: '_T'
Identifier: '_X'
Identifier: 'a0yyQpx'
Number: 26
Number: 61
'('
'chillax'
String: "n03UznbLBKrCzDf"
'rem'
Identifier: '_Ildsh'
Number: 44
Number: 83
Identifier: 'dqLHlpIh1'
String: "fnPs5i"
String: "wMcXTTMS5"
Identifier: 'c4BomJ'
String: "2yzHURL9Q552Je"
'='
Identifier: 'cC'
Number: 50
')'
String: "T"
'not'
'true'
